[0.230s] DEBUG:colcon:Command line arguments: ['/usr/bin/colcon', 'build', '--symlink-install']
[0.230s] DEBUG:colcon:Parsed command line arguments: Namespace(allow_overriding=[], ament_cmake_args=None, base_paths=['.'], build_base='build', catkin_cmake_args=None, catkin_skip_building_tests=False, cmake_args=None, cmake_clean_cache=False, cmake_clean_first=False, cmake_force_configure=False, cmake_target=None, cmake_target_skip_unavailable=False, continue_on_error=False, event_handlers=None, executor='parallel', ignore_user_meta=False, install_base='install', log_base=None, log_level=None, main=<bound method BuildVerb.main of <colcon_core.verb.build.BuildVerb object at 0x7f7fa7f53df0>>, merge_install=False, metas=['./colcon.meta'], packages_above=None, packages_above_and_dependencies=None, packages_above_depth=None, packages_end=None, packages_ignore=None, packages_ignore_regex=None, packages_select=None, packages_select_build_failed=False, packages_select_by_dep=None, packages_select_regex=None, packages_select_test_failures=False, packages_skip=None, packages_skip_build_finished=False, packages_skip_by_dep=None, packages_skip_regex=None, packages_skip_test_passed=False, packages_skip_up_to=None, packages_start=None, packages_up_to=None, packages_up_to_regex=None, parallel_workers=6, paths=None, symlink_install=True, test_result_base=None, verb_extension=<colcon_core.verb.build.BuildVerb object at 0x7f7fa7f53df0>, verb_name='build', verb_parser=<colcon_defaults.argument_parser.defaults.DefaultArgumentsDecorator object at 0x7f7fa7f5e3a0>)
[0.272s] Level 1:colcon.colcon_core.package_discovery:discover_packages(colcon_meta) check parameters
[0.272s] Level 1:colcon.colcon_core.package_discovery:discover_packages(recursive) check parameters
[0.272s] Level 1:colcon.colcon_core.package_discovery:discover_packages(ignore) check parameters
[0.272s] Level 1:colcon.colcon_core.package_discovery:discover_packages(path) check parameters
[0.272s] Level 1:colcon.colcon_core.package_discovery:discover_packages(colcon_meta) discover
[0.272s] Level 1:colcon.colcon_core.package_discovery:discover_packages(recursive) discover
[0.272s] INFO:colcon.colcon_core.package_discovery:Crawling recursively for packages in '/home/paranavision/ros2_ws/QPath_ROS2_ws'
[0.272s] Level 1:colcon.colcon_core.package_identification:_identify(.) by extensions ['ignore', 'ignore_ament_install']
[0.273s] Level 1:colcon.colcon_core.package_identification:_identify(.) by extension 'ignore'
[0.273s] Level 1:colcon.colcon_core.package_identification:_identify(.) by extension 'ignore_ament_install'
[0.273s] Level 1:colcon.colcon_core.package_identification:_identify(.) by extensions ['colcon_pkg']
[0.273s] Level 1:colcon.colcon_core.package_identification:_identify(.) by extension 'colcon_pkg'
[0.273s] Level 1:colcon.colcon_core.package_identification:_identify(.) by extensions ['colcon_meta']
[0.273s] Level 1:colcon.colcon_core.package_identification:_identify(.) by extension 'colcon_meta'
[0.273s] Level 1:colcon.colcon_core.package_identification:_identify(.) by extensions ['ros']
[0.273s] Level 1:colcon.colcon_core.package_identification:_identify(.) by extension 'ros'
[0.286s] Level 1:colcon.colcon_core.package_identification:_identify(.) by extensions ['cmake', 'python']
[0.286s] Level 1:colcon.colcon_core.package_identification:_identify(.) by extension 'cmake'
[0.286s] Level 1:colcon.colcon_core.package_identification:_identify(.) by extension 'python'
[0.286s] Level 1:colcon.colcon_core.package_identification:_identify(.) by extensions ['python_setup_py']
[0.286s] Level 1:colcon.colcon_core.package_identification:_identify(.) by extension 'python_setup_py'
[0.286s] Level 1:colcon.colcon_core.package_identification:_identify(build) by extensions ['ignore', 'ignore_ament_install']
[0.286s] Level 1:colcon.colcon_core.package_identification:_identify(build) by extension 'ignore'
[0.286s] Level 1:colcon.colcon_core.package_identification:_identify(build) ignored
[0.286s] Level 1:colcon.colcon_core.package_identification:_identify(install) by extensions ['ignore', 'ignore_ament_install']
[0.286s] Level 1:colcon.colcon_core.package_identification:_identify(install) by extension 'ignore'
[0.286s] Level 1:colcon.colcon_core.package_identification:_identify(install) ignored
[0.286s] Level 1:colcon.colcon_core.package_identification:_identify(log) by extensions ['ignore', 'ignore_ament_install']
[0.286s] Level 1:colcon.colcon_core.package_identification:_identify(log) by extension 'ignore'
[0.286s] Level 1:colcon.colcon_core.package_identification:_identify(log) ignored
[0.287s] Level 1:colcon.colcon_core.package_identification:_identify(src) by extensions ['ignore', 'ignore_ament_install']
[0.287s] Level 1:colcon.colcon_core.package_identification:_identify(src) by extension 'ignore'
[0.287s] Level 1:colcon.colcon_core.package_identification:_identify(src) by extension 'ignore_ament_install'
[0.287s] Level 1:colcon.colcon_core.package_identification:_identify(src) by extensions ['colcon_pkg']
[0.287s] Level 1:colcon.colcon_core.package_identification:_identify(src) by extension 'colcon_pkg'
[0.287s] Level 1:colcon.colcon_core.package_identification:_identify(src) by extensions ['colcon_meta']
[0.287s] Level 1:colcon.colcon_core.package_identification:_identify(src) by extension 'colcon_meta'
[0.287s] Level 1:colcon.colcon_core.package_identification:_identify(src) by extensions ['ros']
[0.287s] Level 1:colcon.colcon_core.package_identification:_identify(src) by extension 'ros'
[0.287s] Level 1:colcon.colcon_core.package_identification:_identify(src) by extensions ['cmake', 'python']
[0.287s] Level 1:colcon.colcon_core.package_identification:_identify(src) by extension 'cmake'
[0.287s] Level 1:colcon.colcon_core.package_identification:_identify(src) by extension 'python'
[0.287s] Level 1:colcon.colcon_core.package_identification:_identify(src) by extensions ['python_setup_py']
[0.287s] Level 1:colcon.colcon_core.package_identification:_identify(src) by extension 'python_setup_py'
[0.287s] Level 1:colcon.colcon_core.package_identification:_identify(src/anomaly_detector) by extensions ['ignore', 'ignore_ament_install']
[0.287s] Level 1:colcon.colcon_core.package_identification:_identify(src/anomaly_detector) by extension 'ignore'
[0.287s] Level 1:colcon.colcon_core.package_identification:_identify(src/anomaly_detector) by extension 'ignore_ament_install'
[0.287s] Level 1:colcon.colcon_core.package_identification:_identify(src/anomaly_detector) by extensions ['colcon_pkg']
[0.287s] Level 1:colcon.colcon_core.package_identification:_identify(src/anomaly_detector) by extension 'colcon_pkg'
[0.287s] Level 1:colcon.colcon_core.package_identification:_identify(src/anomaly_detector) by extensions ['colcon_meta']
[0.287s] Level 1:colcon.colcon_core.package_identification:_identify(src/anomaly_detector) by extension 'colcon_meta'
[0.287s] Level 1:colcon.colcon_core.package_identification:_identify(src/anomaly_detector) by extensions ['ros']
[0.288s] Level 1:colcon.colcon_core.package_identification:_identify(src/anomaly_detector) by extension 'ros'
[0.290s] DEBUG:colcon.colcon_core.package_identification:Package 'src/anomaly_detector' with type 'ros.ament_python' and name 'anomaly_detector'
[0.290s] Level 1:colcon.colcon_core.package_identification:_identify(src/build) by extensions ['ignore', 'ignore_ament_install']
[0.290s] Level 1:colcon.colcon_core.package_identification:_identify(src/build) by extension 'ignore'
[0.290s] Level 1:colcon.colcon_core.package_identification:_identify(src/build) ignored
[0.290s] Level 1:colcon.colcon_core.package_identification:_identify(src/camera_control) by extensions ['ignore', 'ignore_ament_install']
[0.290s] Level 1:colcon.colcon_core.package_identification:_identify(src/camera_control) by extension 'ignore'
[0.290s] Level 1:colcon.colcon_core.package_identification:_identify(src/camera_control) by extension 'ignore_ament_install'
[0.290s] Level 1:colcon.colcon_core.package_identification:_identify(src/camera_control) by extensions ['colcon_pkg']
[0.290s] Level 1:colcon.colcon_core.package_identification:_identify(src/camera_control) by extension 'colcon_pkg'
[0.290s] Level 1:colcon.colcon_core.package_identification:_identify(src/camera_control) by extensions ['colcon_meta']
[0.290s] Level 1:colcon.colcon_core.package_identification:_identify(src/camera_control) by extension 'colcon_meta'
[0.291s] Level 1:colcon.colcon_core.package_identification:_identify(src/camera_control) by extensions ['ros']
[0.291s] Level 1:colcon.colcon_core.package_identification:_identify(src/camera_control) by extension 'ros'
[0.291s] DEBUG:colcon.colcon_core.package_identification:Package 'src/camera_control' with type 'ros.ament_python' and name 'camera_control'
[0.291s] Level 1:colcon.colcon_core.package_identification:_identify(src/install) by extensions ['ignore', 'ignore_ament_install']
[0.291s] Level 1:colcon.colcon_core.package_identification:_identify(src/install) by extension 'ignore'
[0.291s] Level 1:colcon.colcon_core.package_identification:_identify(src/install) ignored
[0.291s] Level 1:colcon.colcon_core.package_identification:_identify(src/live_analysis_ros2) by extensions ['ignore', 'ignore_ament_install']
[0.291s] Level 1:colcon.colcon_core.package_identification:_identify(src/live_analysis_ros2) by extension 'ignore'
[0.291s] Level 1:colcon.colcon_core.package_identification:_identify(src/live_analysis_ros2) by extension 'ignore_ament_install'
[0.292s] Level 1:colcon.colcon_core.package_identification:_identify(src/live_analysis_ros2) by extensions ['colcon_pkg']
[0.292s] Level 1:colcon.colcon_core.package_identification:_identify(src/live_analysis_ros2) by extension 'colcon_pkg'
[0.292s] Level 1:colcon.colcon_core.package_identification:_identify(src/live_analysis_ros2) by extensions ['colcon_meta']
[0.292s] Level 1:colcon.colcon_core.package_identification:_identify(src/live_analysis_ros2) by extension 'colcon_meta'
[0.292s] Level 1:colcon.colcon_core.package_identification:_identify(src/live_analysis_ros2) by extensions ['ros']
[0.292s] Level 1:colcon.colcon_core.package_identification:_identify(src/live_analysis_ros2) by extension 'ros'
[0.293s] DEBUG:colcon.colcon_core.package_identification:Package 'src/live_analysis_ros2' with type 'ros.ament_python' and name 'live_analysis_ros2'
[0.293s] Level 1:colcon.colcon_core.package_identification:_identify(src/liver_analysis_interfaces) by extensions ['ignore', 'ignore_ament_install']
[0.293s] Level 1:colcon.colcon_core.package_identification:_identify(src/liver_analysis_interfaces) by extension 'ignore'
[0.293s] Level 1:colcon.colcon_core.package_identification:_identify(src/liver_analysis_interfaces) by extension 'ignore_ament_install'
[0.293s] Level 1:colcon.colcon_core.package_identification:_identify(src/liver_analysis_interfaces) by extensions ['colcon_pkg']
[0.293s] Level 1:colcon.colcon_core.package_identification:_identify(src/liver_analysis_interfaces) by extension 'colcon_pkg'
[0.293s] Level 1:colcon.colcon_core.package_identification:_identify(src/liver_analysis_interfaces) by extensions ['colcon_meta']
[0.293s] Level 1:colcon.colcon_core.package_identification:_identify(src/liver_analysis_interfaces) by extension 'colcon_meta'
[0.293s] Level 1:colcon.colcon_core.package_identification:_identify(src/liver_analysis_interfaces) by extensions ['ros']
[0.293s] Level 1:colcon.colcon_core.package_identification:_identify(src/liver_analysis_interfaces) by extension 'ros'
[0.294s] DEBUG:colcon.colcon_core.package_identification:Package 'src/liver_analysis_interfaces' with type 'ros.ament_cmake' and name 'live_analysis_interfaces'
[0.294s] Level 1:colcon.colcon_core.package_identification:_identify(src/log) by extensions ['ignore', 'ignore_ament_install']
[0.294s] Level 1:colcon.colcon_core.package_identification:_identify(src/log) by extension 'ignore'
[0.294s] Level 1:colcon.colcon_core.package_identification:_identify(src/log) ignored
[0.294s] Level 1:colcon.colcon_core.package_identification:_identify(src/my_cpp_server_tools) by extensions ['ignore', 'ignore_ament_install']
[0.294s] Level 1:colcon.colcon_core.package_identification:_identify(src/my_cpp_server_tools) by extension 'ignore'
[0.294s] Level 1:colcon.colcon_core.package_identification:_identify(src/my_cpp_server_tools) by extension 'ignore_ament_install'
[0.294s] Level 1:colcon.colcon_core.package_identification:_identify(src/my_cpp_server_tools) by extensions ['colcon_pkg']
[0.294s] Level 1:colcon.colcon_core.package_identification:_identify(src/my_cpp_server_tools) by extension 'colcon_pkg'
[0.294s] Level 1:colcon.colcon_core.package_identification:_identify(src/my_cpp_server_tools) by extensions ['colcon_meta']
[0.294s] Level 1:colcon.colcon_core.package_identification:_identify(src/my_cpp_server_tools) by extension 'colcon_meta'
[0.294s] Level 1:colcon.colcon_core.package_identification:_identify(src/my_cpp_server_tools) by extensions ['ros']
[0.294s] Level 1:colcon.colcon_core.package_identification:_identify(src/my_cpp_server_tools) by extension 'ros'
[0.295s] DEBUG:colcon.colcon_core.package_identification:Package 'src/my_cpp_server_tools' with type 'ros.ament_cmake' and name 'my_cpp_server_tools'
[0.295s] Level 1:colcon.colcon_core.package_identification:_identify(src/server_tools) by extensions ['ignore', 'ignore_ament_install']
[0.295s] Level 1:colcon.colcon_core.package_identification:_identify(src/server_tools) by extension 'ignore'
[0.295s] Level 1:colcon.colcon_core.package_identification:_identify(src/server_tools) by extension 'ignore_ament_install'
[0.295s] Level 1:colcon.colcon_core.package_identification:_identify(src/server_tools) by extensions ['colcon_pkg']
[0.295s] Level 1:colcon.colcon_core.package_identification:_identify(src/server_tools) by extension 'colcon_pkg'
[0.295s] Level 1:colcon.colcon_core.package_identification:_identify(src/server_tools) by extensions ['colcon_meta']
[0.295s] Level 1:colcon.colcon_core.package_identification:_identify(src/server_tools) by extension 'colcon_meta'
[0.295s] Level 1:colcon.colcon_core.package_identification:_identify(src/server_tools) by extensions ['ros']
[0.295s] Level 1:colcon.colcon_core.package_identification:_identify(src/server_tools) by extension 'ros'
[0.296s] DEBUG:colcon.colcon_core.package_identification:Package 'src/server_tools' with type 'ros.ament_python' and name 'server_tools'
[0.296s] Level 1:colcon.colcon_core.package_discovery:discover_packages(recursive) using defaults
[0.296s] Level 1:colcon.colcon_core.package_discovery:discover_packages(ignore) discover
[0.296s] Level 1:colcon.colcon_core.package_discovery:discover_packages(ignore) using defaults
[0.296s] Level 1:colcon.colcon_core.package_discovery:discover_packages(path) discover
[0.296s] Level 1:colcon.colcon_core.package_discovery:discover_packages(path) using defaults
[0.314s] Level 1:colcon.colcon_core.package_discovery:discover_packages(prefix_path) check parameters
[0.314s] Level 1:colcon.colcon_core.package_discovery:discover_packages(prefix_path) discover
[0.316s] DEBUG:colcon.colcon_installed_package_information.package_discovery:Found 269 installed packages in /opt/ros/rolling
[0.318s] Level 1:colcon.colcon_core.package_discovery:discover_packages(prefix_path) using defaults
[0.367s] Level 5:colcon.colcon_core.verb:set package 'camera_control' build argument 'cmake_args' from command line to 'None'
[0.367s] Level 5:colcon.colcon_core.verb:set package 'camera_control' build argument 'cmake_target' from command line to 'None'
[0.367s] Level 5:colcon.colcon_core.verb:set package 'camera_control' build argument 'cmake_target_skip_unavailable' from command line to 'False'
[0.367s] Level 5:colcon.colcon_core.verb:set package 'camera_control' build argument 'cmake_clean_cache' from command line to 'False'
[0.367s] Level 5:colcon.colcon_core.verb:set package 'camera_control' build argument 'cmake_clean_first' from command line to 'False'
[0.367s] Level 5:colcon.colcon_core.verb:set package 'camera_control' build argument 'cmake_force_configure' from command line to 'False'
[0.367s] Level 5:colcon.colcon_core.verb:set package 'camera_control' build argument 'ament_cmake_args' from command line to 'None'
[0.367s] Level 5:colcon.colcon_core.verb:set package 'camera_control' build argument 'catkin_cmake_args' from command line to 'None'
[0.367s] Level 5:colcon.colcon_core.verb:set package 'camera_control' build argument 'catkin_skip_building_tests' from command line to 'False'
[0.367s] DEBUG:colcon.colcon_core.verb:Building package 'camera_control' with the following arguments: {'ament_cmake_args': None, 'build_base': '/home/paranavision/ros2_ws/QPath_ROS2_ws/build/camera_control', 'catkin_cmake_args': None, 'catkin_skip_building_tests': False, 'cmake_args': None, 'cmake_clean_cache': False, 'cmake_clean_first': False, 'cmake_force_configure': False, 'cmake_target': None, 'cmake_target_skip_unavailable': False, 'install_base': '/home/paranavision/ros2_ws/QPath_ROS2_ws/install/camera_control', 'merge_install': False, 'path': '/home/paranavision/ros2_ws/QPath_ROS2_ws/src/camera_control', 'symlink_install': True, 'test_result_base': None}
[0.367s] Level 5:colcon.colcon_core.verb:set package 'live_analysis_interfaces' build argument 'cmake_args' from command line to 'None'
[0.367s] Level 5:colcon.colcon_core.verb:set package 'live_analysis_interfaces' build argument 'cmake_target' from command line to 'None'
[0.367s] Level 5:colcon.colcon_core.verb:set package 'live_analysis_interfaces' build argument 'cmake_target_skip_unavailable' from command line to 'False'
[0.367s] Level 5:colcon.colcon_core.verb:set package 'live_analysis_interfaces' build argument 'cmake_clean_cache' from command line to 'False'
[0.367s] Level 5:colcon.colcon_core.verb:set package 'live_analysis_interfaces' build argument 'cmake_clean_first' from command line to 'False'
[0.367s] Level 5:colcon.colcon_core.verb:set package 'live_analysis_interfaces' build argument 'cmake_force_configure' from command line to 'False'
[0.367s] Level 5:colcon.colcon_core.verb:set package 'live_analysis_interfaces' build argument 'ament_cmake_args' from command line to 'None'
[0.367s] Level 5:colcon.colcon_core.verb:set package 'live_analysis_interfaces' build argument 'catkin_cmake_args' from command line to 'None'
[0.367s] Level 5:colcon.colcon_core.verb:set package 'live_analysis_interfaces' build argument 'catkin_skip_building_tests' from command line to 'False'
[0.367s] DEBUG:colcon.colcon_core.verb:Building package 'live_analysis_interfaces' with the following arguments: {'ament_cmake_args': None, 'build_base': '/home/paranavision/ros2_ws/QPath_ROS2_ws/build/live_analysis_interfaces', 'catkin_cmake_args': None, 'catkin_skip_building_tests': False, 'cmake_args': None, 'cmake_clean_cache': False, 'cmake_clean_first': False, 'cmake_force_configure': False, 'cmake_target': None, 'cmake_target_skip_unavailable': False, 'install_base': '/home/paranavision/ros2_ws/QPath_ROS2_ws/install/live_analysis_interfaces', 'merge_install': False, 'path': '/home/paranavision/ros2_ws/QPath_ROS2_ws/src/liver_analysis_interfaces', 'symlink_install': True, 'test_result_base': None}
[0.368s] Level 5:colcon.colcon_core.verb:set package 'my_cpp_server_tools' build argument 'cmake_args' from command line to 'None'
[0.368s] Level 5:colcon.colcon_core.verb:set package 'my_cpp_server_tools' build argument 'cmake_target' from command line to 'None'
[0.368s] Level 5:colcon.colcon_core.verb:set package 'my_cpp_server_tools' build argument 'cmake_target_skip_unavailable' from command line to 'False'
[0.368s] Level 5:colcon.colcon_core.verb:set package 'my_cpp_server_tools' build argument 'cmake_clean_cache' from command line to 'False'
[0.368s] Level 5:colcon.colcon_core.verb:set package 'my_cpp_server_tools' build argument 'cmake_clean_first' from command line to 'False'
[0.368s] Level 5:colcon.colcon_core.verb:set package 'my_cpp_server_tools' build argument 'cmake_force_configure' from command line to 'False'
[0.368s] Level 5:colcon.colcon_core.verb:set package 'my_cpp_server_tools' build argument 'ament_cmake_args' from command line to 'None'
[0.368s] Level 5:colcon.colcon_core.verb:set package 'my_cpp_server_tools' build argument 'catkin_cmake_args' from command line to 'None'
[0.368s] Level 5:colcon.colcon_core.verb:set package 'my_cpp_server_tools' build argument 'catkin_skip_building_tests' from command line to 'False'
[0.368s] DEBUG:colcon.colcon_core.verb:Building package 'my_cpp_server_tools' with the following arguments: {'ament_cmake_args': None, 'build_base': '/home/paranavision/ros2_ws/QPath_ROS2_ws/build/my_cpp_server_tools', 'catkin_cmake_args': None, 'catkin_skip_building_tests': False, 'cmake_args': None, 'cmake_clean_cache': False, 'cmake_clean_first': False, 'cmake_force_configure': False, 'cmake_target': None, 'cmake_target_skip_unavailable': False, 'install_base': '/home/paranavision/ros2_ws/QPath_ROS2_ws/install/my_cpp_server_tools', 'merge_install': False, 'path': '/home/paranavision/ros2_ws/QPath_ROS2_ws/src/my_cpp_server_tools', 'symlink_install': True, 'test_result_base': None}
[0.368s] Level 5:colcon.colcon_core.verb:set package 'anomaly_detector' build argument 'cmake_args' from command line to 'None'
[0.368s] Level 5:colcon.colcon_core.verb:set package 'anomaly_detector' build argument 'cmake_target' from command line to 'None'
[0.368s] Level 5:colcon.colcon_core.verb:set package 'anomaly_detector' build argument 'cmake_target_skip_unavailable' from command line to 'False'
[0.368s] Level 5:colcon.colcon_core.verb:set package 'anomaly_detector' build argument 'cmake_clean_cache' from command line to 'False'
[0.368s] Level 5:colcon.colcon_core.verb:set package 'anomaly_detector' build argument 'cmake_clean_first' from command line to 'False'
[0.368s] Level 5:colcon.colcon_core.verb:set package 'anomaly_detector' build argument 'cmake_force_configure' from command line to 'False'
[0.368s] Level 5:colcon.colcon_core.verb:set package 'anomaly_detector' build argument 'ament_cmake_args' from command line to 'None'
[0.368s] Level 5:colcon.colcon_core.verb:set package 'anomaly_detector' build argument 'catkin_cmake_args' from command line to 'None'
[0.368s] Level 5:colcon.colcon_core.verb:set package 'anomaly_detector' build argument 'catkin_skip_building_tests' from command line to 'False'
[0.369s] DEBUG:colcon.colcon_core.verb:Building package 'anomaly_detector' with the following arguments: {'ament_cmake_args': None, 'build_base': '/home/paranavision/ros2_ws/QPath_ROS2_ws/build/anomaly_detector', 'catkin_cmake_args': None, 'catkin_skip_building_tests': False, 'cmake_args': None, 'cmake_clean_cache': False, 'cmake_clean_first': False, 'cmake_force_configure': False, 'cmake_target': None, 'cmake_target_skip_unavailable': False, 'install_base': '/home/paranavision/ros2_ws/QPath_ROS2_ws/install/anomaly_detector', 'merge_install': False, 'path': '/home/paranavision/ros2_ws/QPath_ROS2_ws/src/anomaly_detector', 'symlink_install': True, 'test_result_base': None}
[0.369s] Level 5:colcon.colcon_core.verb:set package 'live_analysis_ros2' build argument 'cmake_args' from command line to 'None'
[0.369s] Level 5:colcon.colcon_core.verb:set package 'live_analysis_ros2' build argument 'cmake_target' from command line to 'None'
[0.369s] Level 5:colcon.colcon_core.verb:set package 'live_analysis_ros2' build argument 'cmake_target_skip_unavailable' from command line to 'False'
[0.369s] Level 5:colcon.colcon_core.verb:set package 'live_analysis_ros2' build argument 'cmake_clean_cache' from command line to 'False'
[0.369s] Level 5:colcon.colcon_core.verb:set package 'live_analysis_ros2' build argument 'cmake_clean_first' from command line to 'False'
[0.369s] Level 5:colcon.colcon_core.verb:set package 'live_analysis_ros2' build argument 'cmake_force_configure' from command line to 'False'
[0.369s] Level 5:colcon.colcon_core.verb:set package 'live_analysis_ros2' build argument 'ament_cmake_args' from command line to 'None'
[0.369s] Level 5:colcon.colcon_core.verb:set package 'live_analysis_ros2' build argument 'catkin_cmake_args' from command line to 'None'
[0.369s] Level 5:colcon.colcon_core.verb:set package 'live_analysis_ros2' build argument 'catkin_skip_building_tests' from command line to 'False'
[0.369s] DEBUG:colcon.colcon_core.verb:Building package 'live_analysis_ros2' with the following arguments: {'ament_cmake_args': None, 'build_base': '/home/paranavision/ros2_ws/QPath_ROS2_ws/build/live_analysis_ros2', 'catkin_cmake_args': None, 'catkin_skip_building_tests': False, 'cmake_args': None, 'cmake_clean_cache': False, 'cmake_clean_first': False, 'cmake_force_configure': False, 'cmake_target': None, 'cmake_target_skip_unavailable': False, 'install_base': '/home/paranavision/ros2_ws/QPath_ROS2_ws/install/live_analysis_ros2', 'merge_install': False, 'path': '/home/paranavision/ros2_ws/QPath_ROS2_ws/src/live_analysis_ros2', 'symlink_install': True, 'test_result_base': None}
[0.369s] Level 5:colcon.colcon_core.verb:set package 'server_tools' build argument 'cmake_args' from command line to 'None'
[0.369s] Level 5:colcon.colcon_core.verb:set package 'server_tools' build argument 'cmake_target' from command line to 'None'
[0.369s] Level 5:colcon.colcon_core.verb:set package 'server_tools' build argument 'cmake_target_skip_unavailable' from command line to 'False'
[0.369s] Level 5:colcon.colcon_core.verb:set package 'server_tools' build argument 'cmake_clean_cache' from command line to 'False'
[0.369s] Level 5:colcon.colcon_core.verb:set package 'server_tools' build argument 'cmake_clean_first' from command line to 'False'
[0.369s] Level 5:colcon.colcon_core.verb:set package 'server_tools' build argument 'cmake_force_configure' from command line to 'False'
[0.370s] Level 5:colcon.colcon_core.verb:set package 'server_tools' build argument 'ament_cmake_args' from command line to 'None'
[0.370s] Level 5:colcon.colcon_core.verb:set package 'server_tools' build argument 'catkin_cmake_args' from command line to 'None'
[0.370s] Level 5:colcon.colcon_core.verb:set package 'server_tools' build argument 'catkin_skip_building_tests' from command line to 'False'
[0.370s] DEBUG:colcon.colcon_core.verb:Building package 'server_tools' with the following arguments: {'ament_cmake_args': None, 'build_base': '/home/paranavision/ros2_ws/QPath_ROS2_ws/build/server_tools', 'catkin_cmake_args': None, 'catkin_skip_building_tests': False, 'cmake_args': None, 'cmake_clean_cache': False, 'cmake_clean_first': False, 'cmake_force_configure': False, 'cmake_target': None, 'cmake_target_skip_unavailable': False, 'install_base': '/home/paranavision/ros2_ws/QPath_ROS2_ws/install/server_tools', 'merge_install': False, 'path': '/home/paranavision/ros2_ws/QPath_ROS2_ws/src/server_tools', 'symlink_install': True, 'test_result_base': None}
[0.370s] INFO:colcon.colcon_core.executor:Executing jobs using 'parallel' executor
[0.370s] DEBUG:colcon.colcon_parallel_executor.executor.parallel:run_until_complete
[0.371s] INFO:colcon.colcon_ros.task.ament_cmake.build:Building ROS package in '/home/paranavision/ros2_ws/QPath_ROS2_ws/src/liver_analysis_interfaces' with build type 'ament_cmake'
[0.371s] INFO:colcon.colcon_cmake.task.cmake.build:Building CMake package in '/home/paranavision/ros2_ws/QPath_ROS2_ws/src/liver_analysis_interfaces'
[0.373s] INFO:colcon.colcon_core.plugin_system:Skipping extension 'colcon_core.shell.bat': Not used on non-Windows systems
[0.373s] INFO:colcon.colcon_core.shell:Skip shell extension 'powershell' for command environment: Not usable outside of PowerShell
[0.373s] DEBUG:colcon.colcon_core.shell:Skip shell extension 'dsv' for command environment
[0.376s] INFO:colcon.colcon_ros.task.ament_python.build:Building ROS package in '/home/paranavision/ros2_ws/QPath_ROS2_ws/src/camera_control' with build type 'ament_python'
[0.377s] Level 1:colcon.colcon_core.shell:create_environment_hook('camera_control', 'ament_prefix_path')
[0.377s] INFO:colcon.colcon_core.shell:Creating environment hook '/home/paranavision/ros2_ws/QPath_ROS2_ws/install/camera_control/share/camera_control/hook/ament_prefix_path.ps1'
[0.378s] INFO:colcon.colcon_core.shell:Creating environment descriptor '/home/paranavision/ros2_ws/QPath_ROS2_ws/install/camera_control/share/camera_control/hook/ament_prefix_path.dsv'
[0.379s] INFO:colcon.colcon_core.shell:Creating environment hook '/home/paranavision/ros2_ws/QPath_ROS2_ws/install/camera_control/share/camera_control/hook/ament_prefix_path.sh'
[0.379s] INFO:colcon.colcon_core.shell:Skip shell extension 'powershell' for command environment: Not usable outside of PowerShell
[0.379s] DEBUG:colcon.colcon_core.shell:Skip shell extension 'dsv' for command environment
[0.383s] INFO:colcon.colcon_ros.task.ament_cmake.build:Building ROS package in '/home/paranavision/ros2_ws/QPath_ROS2_ws/src/my_cpp_server_tools' with build type 'ament_cmake'
[0.384s] INFO:colcon.colcon_cmake.task.cmake.build:Building CMake package in '/home/paranavision/ros2_ws/QPath_ROS2_ws/src/my_cpp_server_tools'
[0.384s] INFO:colcon.colcon_core.shell:Skip shell extension 'powershell' for command environment: Not usable outside of PowerShell
[0.384s] DEBUG:colcon.colcon_core.shell:Skip shell extension 'dsv' for command environment
[0.395s] DEBUG:colcon.colcon_core.event_handler.log_command:Invoking command in '/home/paranavision/ros2_ws/QPath_ROS2_ws/build/live_analysis_interfaces': CMAKE_PREFIX_PATH=/opt/ros/rolling /usr/bin/cmake --build /home/paranavision/ros2_ws/QPath_ROS2_ws/build/live_analysis_interfaces -- -j6 -l6
[0.602s] WARNING:colcon.colcon_ros.task.ament_python.build:Package 'camera_control' doesn't explicitly install a marker in the package index (colcon-ros currently does it implicitly but that fallback will be removed in the future)
[0.602s] INFO:colcon.colcon_core.task.python.build:Building Python package in '/home/paranavision/ros2_ws/QPath_ROS2_ws/src/camera_control'
[0.603s] INFO:colcon.colcon_core.shell:Skip shell extension 'powershell' for command environment: Not usable outside of PowerShell
[0.603s] DEBUG:colcon.colcon_core.shell:Skip shell extension 'dsv' for command environment
[0.611s] DEBUG:colcon.colcon_core.event_handler.log_command:Invoking command in '/home/paranavision/ros2_ws/QPath_ROS2_ws/build/my_cpp_server_tools': CMAKE_PREFIX_PATH=/opt/ros/rolling /usr/bin/cmake --build /home/paranavision/ros2_ws/QPath_ROS2_ws/build/my_cpp_server_tools -- -j6 -l6
[0.681s] DEBUG:colcon.colcon_core.event_handler.log_command:Invoked command in '/home/paranavision/ros2_ws/QPath_ROS2_ws/build/my_cpp_server_tools' returned '0': CMAKE_PREFIX_PATH=/opt/ros/rolling /usr/bin/cmake --build /home/paranavision/ros2_ws/QPath_ROS2_ws/build/my_cpp_server_tools -- -j6 -l6
[0.692s] DEBUG:colcon.colcon_core.event_handler.log_command:Invoking command in '/home/paranavision/ros2_ws/QPath_ROS2_ws/build/my_cpp_server_tools': CMAKE_PREFIX_PATH=/opt/ros/rolling /usr/bin/cmake --install /home/paranavision/ros2_ws/QPath_ROS2_ws/build/my_cpp_server_tools
[0.712s] Level 1:colcon.colcon_core.environment:create_environment_scripts_only(my_cpp_server_tools)
[0.713s] DEBUG:colcon.colcon_core.event_handler.log_command:Invoked command in '/home/paranavision/ros2_ws/QPath_ROS2_ws/build/my_cpp_server_tools' returned '0': CMAKE_PREFIX_PATH=/opt/ros/rolling /usr/bin/cmake --install /home/paranavision/ros2_ws/QPath_ROS2_ws/build/my_cpp_server_tools
[0.715s] Level 1:colcon.colcon_core.environment:checking '/home/paranavision/ros2_ws/QPath_ROS2_ws/install/my_cpp_server_tools' for CMake module files
[0.715s] Level 1:colcon.colcon_core.environment:checking '/home/paranavision/ros2_ws/QPath_ROS2_ws/install/my_cpp_server_tools' for CMake config files
[0.716s] Level 1:colcon.colcon_core.shell:create_environment_hook('my_cpp_server_tools', 'cmake_prefix_path')
[0.716s] INFO:colcon.colcon_core.shell:Creating environment hook '/home/paranavision/ros2_ws/QPath_ROS2_ws/install/my_cpp_server_tools/share/my_cpp_server_tools/hook/cmake_prefix_path.ps1'
[0.716s] INFO:colcon.colcon_core.shell:Creating environment descriptor '/home/paranavision/ros2_ws/QPath_ROS2_ws/install/my_cpp_server_tools/share/my_cpp_server_tools/hook/cmake_prefix_path.dsv'
[0.717s] INFO:colcon.colcon_core.shell:Creating environment hook '/home/paranavision/ros2_ws/QPath_ROS2_ws/install/my_cpp_server_tools/share/my_cpp_server_tools/hook/cmake_prefix_path.sh'
[0.717s] Level 1:colcon.colcon_core.environment:checking '/home/paranavision/ros2_ws/QPath_ROS2_ws/install/my_cpp_server_tools/lib'
[0.718s] Level 1:colcon.colcon_core.environment:checking '/home/paranavision/ros2_ws/QPath_ROS2_ws/install/my_cpp_server_tools/bin'
[0.718s] Level 1:colcon.colcon_core.environment:checking '/home/paranavision/ros2_ws/QPath_ROS2_ws/install/my_cpp_server_tools/lib/pkgconfig/my_cpp_server_tools.pc'
[0.718s] Level 1:colcon.colcon_core.environment:checking '/home/paranavision/ros2_ws/QPath_ROS2_ws/install/my_cpp_server_tools/lib/python3.8/site-packages'
[0.718s] Level 1:colcon.colcon_core.environment:checking '/home/paranavision/ros2_ws/QPath_ROS2_ws/install/my_cpp_server_tools/bin'
[0.718s] INFO:colcon.colcon_core.shell:Creating package script '/home/paranavision/ros2_ws/QPath_ROS2_ws/install/my_cpp_server_tools/share/my_cpp_server_tools/package.ps1'
[0.719s] INFO:colcon.colcon_core.shell:Creating package descriptor '/home/paranavision/ros2_ws/QPath_ROS2_ws/install/my_cpp_server_tools/share/my_cpp_server_tools/package.dsv'
[0.719s] INFO:colcon.colcon_core.shell:Creating package script '/home/paranavision/ros2_ws/QPath_ROS2_ws/install/my_cpp_server_tools/share/my_cpp_server_tools/package.sh'
[0.720s] INFO:colcon.colcon_core.shell:Creating package script '/home/paranavision/ros2_ws/QPath_ROS2_ws/install/my_cpp_server_tools/share/my_cpp_server_tools/package.bash'
[0.721s] INFO:colcon.colcon_core.shell:Creating package script '/home/paranavision/ros2_ws/QPath_ROS2_ws/install/my_cpp_server_tools/share/my_cpp_server_tools/package.zsh'
[0.721s] Level 1:colcon.colcon_core.environment:create_file_with_runtime_dependencies(/home/paranavision/ros2_ws/QPath_ROS2_ws/install/my_cpp_server_tools/share/colcon-core/packages/my_cpp_server_tools)
[0.722s] Level 1:colcon.colcon_core.environment:create_environment_scripts_only(my_cpp_server_tools)
[0.722s] Level 1:colcon.colcon_core.environment:checking '/home/paranavision/ros2_ws/QPath_ROS2_ws/install/my_cpp_server_tools' for CMake module files
[0.732s] Level 1:colcon.colcon_core.environment:checking '/home/paranavision/ros2_ws/QPath_ROS2_ws/install/my_cpp_server_tools' for CMake config files
[0.732s] Level 1:colcon.colcon_core.shell:create_environment_hook('my_cpp_server_tools', 'cmake_prefix_path')
[0.732s] INFO:colcon.colcon_core.shell:Creating environment hook '/home/paranavision/ros2_ws/QPath_ROS2_ws/install/my_cpp_server_tools/share/my_cpp_server_tools/hook/cmake_prefix_path.ps1'
[0.733s] INFO:colcon.colcon_core.shell:Creating environment descriptor '/home/paranavision/ros2_ws/QPath_ROS2_ws/install/my_cpp_server_tools/share/my_cpp_server_tools/hook/cmake_prefix_path.dsv'
[0.733s] INFO:colcon.colcon_core.shell:Creating environment hook '/home/paranavision/ros2_ws/QPath_ROS2_ws/install/my_cpp_server_tools/share/my_cpp_server_tools/hook/cmake_prefix_path.sh'
[0.734s] Level 1:colcon.colcon_core.environment:checking '/home/paranavision/ros2_ws/QPath_ROS2_ws/install/my_cpp_server_tools/lib'
[0.734s] Level 1:colcon.colcon_core.environment:checking '/home/paranavision/ros2_ws/QPath_ROS2_ws/install/my_cpp_server_tools/bin'
[0.734s] Level 1:colcon.colcon_core.environment:checking '/home/paranavision/ros2_ws/QPath_ROS2_ws/install/my_cpp_server_tools/lib/pkgconfig/my_cpp_server_tools.pc'
[0.734s] Level 1:colcon.colcon_core.environment:checking '/home/paranavision/ros2_ws/QPath_ROS2_ws/install/my_cpp_server_tools/lib/python3.8/site-packages'
[0.734s] Level 1:colcon.colcon_core.environment:checking '/home/paranavision/ros2_ws/QPath_ROS2_ws/install/my_cpp_server_tools/bin'
[0.734s] INFO:colcon.colcon_core.shell:Creating package script '/home/paranavision/ros2_ws/QPath_ROS2_ws/install/my_cpp_server_tools/share/my_cpp_server_tools/package.ps1'
[0.735s] INFO:colcon.colcon_core.shell:Creating package descriptor '/home/paranavision/ros2_ws/QPath_ROS2_ws/install/my_cpp_server_tools/share/my_cpp_server_tools/package.dsv'
[0.735s] INFO:colcon.colcon_core.shell:Creating package script '/home/paranavision/ros2_ws/QPath_ROS2_ws/install/my_cpp_server_tools/share/my_cpp_server_tools/package.sh'
[0.735s] INFO:colcon.colcon_core.shell:Creating package script '/home/paranavision/ros2_ws/QPath_ROS2_ws/install/my_cpp_server_tools/share/my_cpp_server_tools/package.bash'
[0.736s] INFO:colcon.colcon_core.shell:Creating package script '/home/paranavision/ros2_ws/QPath_ROS2_ws/install/my_cpp_server_tools/share/my_cpp_server_tools/package.zsh'
[0.736s] Level 1:colcon.colcon_core.environment:create_file_with_runtime_dependencies(/home/paranavision/ros2_ws/QPath_ROS2_ws/install/my_cpp_server_tools/share/colcon-core/packages/my_cpp_server_tools)
[1.244s] DEBUG:colcon.colcon_core.event_handler.log_command:Invoking command in '/home/paranavision/ros2_ws/QPath_ROS2_ws/build/camera_control': PYTHONPATH=/home/paranavision/ros2_ws/QPath_ROS2_ws/build/camera_control/prefix_override:/usr/lib/python3/dist-packages/colcon_core/task/python/colcon_distutils_commands:/home/paranavision/ros2_ws/QPath_ROS2_ws/install/camera_control/lib/python3.8/site-packages:${PYTHONPATH} /usr/bin/python3 -W ignore:setup.py install is deprecated -W ignore:easy_install command is deprecated setup.py develop --editable --build-directory /home/paranavision/ros2_ws/QPath_ROS2_ws/build/camera_control/build --no-deps symlink_data
[2.010s] Level 1:colcon.colcon_core.shell:create_environment_hook('camera_control', 'pythonpath_develop')
[2.010s] INFO:colcon.colcon_core.shell:Creating environment hook '/home/paranavision/ros2_ws/QPath_ROS2_ws/build/camera_control/share/camera_control/hook/pythonpath_develop.ps1'
[2.011s] DEBUG:colcon.colcon_core.event_handler.log_command:Invoked command in '/home/paranavision/ros2_ws/QPath_ROS2_ws/build/camera_control' returned '0': PYTHONPATH=/home/paranavision/ros2_ws/QPath_ROS2_ws/build/camera_control/prefix_override:/usr/lib/python3/dist-packages/colcon_core/task/python/colcon_distutils_commands:/home/paranavision/ros2_ws/QPath_ROS2_ws/install/camera_control/lib/python3.8/site-packages:${PYTHONPATH} /usr/bin/python3 -W ignore:setup.py install is deprecated -W ignore:easy_install command is deprecated setup.py develop --editable --build-directory /home/paranavision/ros2_ws/QPath_ROS2_ws/build/camera_control/build --no-deps symlink_data
[2.011s] INFO:colcon.colcon_core.shell:Creating environment descriptor '/home/paranavision/ros2_ws/QPath_ROS2_ws/build/camera_control/share/camera_control/hook/pythonpath_develop.dsv'
[2.012s] INFO:colcon.colcon_core.shell:Creating environment hook '/home/paranavision/ros2_ws/QPath_ROS2_ws/build/camera_control/share/camera_control/hook/pythonpath_develop.sh'
[2.012s] Level 1:colcon.colcon_core.environment:checking '/home/paranavision/ros2_ws/QPath_ROS2_ws/install/camera_control' for CMake module files
[2.012s] Level 1:colcon.colcon_core.environment:checking '/home/paranavision/ros2_ws/QPath_ROS2_ws/install/camera_control' for CMake config files
[2.013s] Level 1:colcon.colcon_core.environment:checking '/home/paranavision/ros2_ws/QPath_ROS2_ws/install/camera_control/lib'
[2.013s] Level 1:colcon.colcon_core.environment:checking '/home/paranavision/ros2_ws/QPath_ROS2_ws/install/camera_control/bin'
[2.013s] Level 1:colcon.colcon_core.environment:checking '/home/paranavision/ros2_ws/QPath_ROS2_ws/install/camera_control/lib/pkgconfig/camera_control.pc'
[2.013s] Level 1:colcon.colcon_core.environment:checking '/home/paranavision/ros2_ws/QPath_ROS2_ws/install/camera_control/lib/python3.8/site-packages'
[2.013s] Level 1:colcon.colcon_core.shell:create_environment_hook('camera_control', 'pythonpath')
[2.013s] INFO:colcon.colcon_core.shell:Creating environment hook '/home/paranavision/ros2_ws/QPath_ROS2_ws/install/camera_control/share/camera_control/hook/pythonpath.ps1'
[2.014s] INFO:colcon.colcon_core.shell:Creating environment descriptor '/home/paranavision/ros2_ws/QPath_ROS2_ws/install/camera_control/share/camera_control/hook/pythonpath.dsv'
[2.014s] INFO:colcon.colcon_core.shell:Creating environment hook '/home/paranavision/ros2_ws/QPath_ROS2_ws/install/camera_control/share/camera_control/hook/pythonpath.sh'
[2.015s] Level 1:colcon.colcon_core.environment:checking '/home/paranavision/ros2_ws/QPath_ROS2_ws/install/camera_control/bin'
[2.015s] Level 1:colcon.colcon_core.environment:create_environment_scripts_only(camera_control)
[2.015s] INFO:colcon.colcon_core.shell:Creating package script '/home/paranavision/ros2_ws/QPath_ROS2_ws/install/camera_control/share/camera_control/package.ps1'
[2.015s] INFO:colcon.colcon_core.shell:Creating package descriptor '/home/paranavision/ros2_ws/QPath_ROS2_ws/install/camera_control/share/camera_control/package.dsv'
[2.016s] INFO:colcon.colcon_core.shell:Creating package script '/home/paranavision/ros2_ws/QPath_ROS2_ws/install/camera_control/share/camera_control/package.sh'
[2.016s] INFO:colcon.colcon_core.shell:Creating package script '/home/paranavision/ros2_ws/QPath_ROS2_ws/install/camera_control/share/camera_control/package.bash'
[2.017s] INFO:colcon.colcon_core.shell:Creating package script '/home/paranavision/ros2_ws/QPath_ROS2_ws/install/camera_control/share/camera_control/package.zsh'
[2.017s] Level 1:colcon.colcon_core.environment:create_file_with_runtime_dependencies(/home/paranavision/ros2_ws/QPath_ROS2_ws/install/camera_control/share/colcon-core/packages/camera_control)
[9.408s] DEBUG:colcon.colcon_core.event_handler.log_command:Invoked command in '/home/paranavision/ros2_ws/QPath_ROS2_ws/build/live_analysis_interfaces' returned '0': CMAKE_PREFIX_PATH=/opt/ros/rolling /usr/bin/cmake --build /home/paranavision/ros2_ws/QPath_ROS2_ws/build/live_analysis_interfaces -- -j6 -l6
[9.409s] DEBUG:colcon.colcon_core.event_handler.log_command:Invoking command in '/home/paranavision/ros2_ws/QPath_ROS2_ws/build/live_analysis_interfaces': CMAKE_PREFIX_PATH=/opt/ros/rolling /usr/bin/cmake --install /home/paranavision/ros2_ws/QPath_ROS2_ws/build/live_analysis_interfaces
[9.742s] Level 1:colcon.colcon_core.environment:create_environment_scripts_only(live_analysis_interfaces)
[9.742s] DEBUG:colcon.colcon_core.event_handler.log_command:Invoked command in '/home/paranavision/ros2_ws/QPath_ROS2_ws/build/live_analysis_interfaces' returned '0': CMAKE_PREFIX_PATH=/opt/ros/rolling /usr/bin/cmake --install /home/paranavision/ros2_ws/QPath_ROS2_ws/build/live_analysis_interfaces
[9.743s] Level 1:colcon.colcon_core.environment:checking '/home/paranavision/ros2_ws/QPath_ROS2_ws/install/live_analysis_interfaces' for CMake module files
[9.743s] Level 1:colcon.colcon_core.environment:checking '/home/paranavision/ros2_ws/QPath_ROS2_ws/install/live_analysis_interfaces' for CMake config files
[9.745s] Level 1:colcon.colcon_core.shell:create_environment_hook('live_analysis_interfaces', 'cmake_prefix_path')
[9.745s] INFO:colcon.colcon_core.shell:Creating environment hook '/home/paranavision/ros2_ws/QPath_ROS2_ws/install/live_analysis_interfaces/share/live_analysis_interfaces/hook/cmake_prefix_path.ps1'
[9.745s] INFO:colcon.colcon_core.shell:Creating environment descriptor '/home/paranavision/ros2_ws/QPath_ROS2_ws/install/live_analysis_interfaces/share/live_analysis_interfaces/hook/cmake_prefix_path.dsv'
[9.746s] INFO:colcon.colcon_core.shell:Creating environment hook '/home/paranavision/ros2_ws/QPath_ROS2_ws/install/live_analysis_interfaces/share/live_analysis_interfaces/hook/cmake_prefix_path.sh'
[9.746s] Level 1:colcon.colcon_core.environment:checking '/home/paranavision/ros2_ws/QPath_ROS2_ws/install/live_analysis_interfaces/lib'
[9.746s] Level 1:colcon.colcon_core.shell:create_environment_hook('live_analysis_interfaces', 'ld_library_path_lib')
[9.747s] INFO:colcon.colcon_core.shell:Creating environment hook '/home/paranavision/ros2_ws/QPath_ROS2_ws/install/live_analysis_interfaces/share/live_analysis_interfaces/hook/ld_library_path_lib.ps1'
[9.747s] INFO:colcon.colcon_core.shell:Creating environment descriptor '/home/paranavision/ros2_ws/QPath_ROS2_ws/install/live_analysis_interfaces/share/live_analysis_interfaces/hook/ld_library_path_lib.dsv'
[9.747s] INFO:colcon.colcon_core.shell:Creating environment hook '/home/paranavision/ros2_ws/QPath_ROS2_ws/install/live_analysis_interfaces/share/live_analysis_interfaces/hook/ld_library_path_lib.sh'
[9.747s] Level 1:colcon.colcon_core.environment:checking '/home/paranavision/ros2_ws/QPath_ROS2_ws/install/live_analysis_interfaces/bin'
[9.747s] Level 1:colcon.colcon_core.environment:checking '/home/paranavision/ros2_ws/QPath_ROS2_ws/install/live_analysis_interfaces/lib/pkgconfig/live_analysis_interfaces.pc'
[9.748s] Level 1:colcon.colcon_core.environment:checking '/home/paranavision/ros2_ws/QPath_ROS2_ws/install/live_analysis_interfaces/lib/python3.8/site-packages'
[9.748s] Level 1:colcon.colcon_core.environment:checking '/home/paranavision/ros2_ws/QPath_ROS2_ws/install/live_analysis_interfaces/bin'
[9.748s] INFO:colcon.colcon_core.shell:Creating package script '/home/paranavision/ros2_ws/QPath_ROS2_ws/install/live_analysis_interfaces/share/live_analysis_interfaces/package.ps1'
[9.749s] INFO:colcon.colcon_core.shell:Creating package descriptor '/home/paranavision/ros2_ws/QPath_ROS2_ws/install/live_analysis_interfaces/share/live_analysis_interfaces/package.dsv'
[9.749s] INFO:colcon.colcon_core.shell:Creating package script '/home/paranavision/ros2_ws/QPath_ROS2_ws/install/live_analysis_interfaces/share/live_analysis_interfaces/package.sh'
[9.749s] INFO:colcon.colcon_core.shell:Creating package script '/home/paranavision/ros2_ws/QPath_ROS2_ws/install/live_analysis_interfaces/share/live_analysis_interfaces/package.bash'
[9.750s] INFO:colcon.colcon_core.shell:Creating package script '/home/paranavision/ros2_ws/QPath_ROS2_ws/install/live_analysis_interfaces/share/live_analysis_interfaces/package.zsh'
[9.750s] Level 1:colcon.colcon_core.environment:create_file_with_runtime_dependencies(/home/paranavision/ros2_ws/QPath_ROS2_ws/install/live_analysis_interfaces/share/colcon-core/packages/live_analysis_interfaces)
[9.750s] Level 1:colcon.colcon_core.environment:create_environment_scripts_only(live_analysis_interfaces)
[9.751s] Level 1:colcon.colcon_core.environment:checking '/home/paranavision/ros2_ws/QPath_ROS2_ws/install/live_analysis_interfaces' for CMake module files
[9.751s] Level 1:colcon.colcon_core.environment:checking '/home/paranavision/ros2_ws/QPath_ROS2_ws/install/live_analysis_interfaces' for CMake config files
[9.752s] Level 1:colcon.colcon_core.shell:create_environment_hook('live_analysis_interfaces', 'cmake_prefix_path')
[9.753s] INFO:colcon.colcon_core.shell:Creating environment hook '/home/paranavision/ros2_ws/QPath_ROS2_ws/install/live_analysis_interfaces/share/live_analysis_interfaces/hook/cmake_prefix_path.ps1'
[9.753s] INFO:colcon.colcon_core.shell:Creating environment descriptor '/home/paranavision/ros2_ws/QPath_ROS2_ws/install/live_analysis_interfaces/share/live_analysis_interfaces/hook/cmake_prefix_path.dsv'
[9.753s] INFO:colcon.colcon_core.shell:Creating environment hook '/home/paranavision/ros2_ws/QPath_ROS2_ws/install/live_analysis_interfaces/share/live_analysis_interfaces/hook/cmake_prefix_path.sh'
[9.754s] Level 1:colcon.colcon_core.environment:checking '/home/paranavision/ros2_ws/QPath_ROS2_ws/install/live_analysis_interfaces/lib'
[9.754s] Level 1:colcon.colcon_core.shell:create_environment_hook('live_analysis_interfaces', 'ld_library_path_lib')
[9.754s] INFO:colcon.colcon_core.shell:Creating environment hook '/home/paranavision/ros2_ws/QPath_ROS2_ws/install/live_analysis_interfaces/share/live_analysis_interfaces/hook/ld_library_path_lib.ps1'
[9.754s] INFO:colcon.colcon_core.shell:Creating environment descriptor '/home/paranavision/ros2_ws/QPath_ROS2_ws/install/live_analysis_interfaces/share/live_analysis_interfaces/hook/ld_library_path_lib.dsv'
[9.755s] INFO:colcon.colcon_core.shell:Creating environment hook '/home/paranavision/ros2_ws/QPath_ROS2_ws/install/live_analysis_interfaces/share/live_analysis_interfaces/hook/ld_library_path_lib.sh'
[9.755s] Level 1:colcon.colcon_core.environment:checking '/home/paranavision/ros2_ws/QPath_ROS2_ws/install/live_analysis_interfaces/bin'
[9.755s] Level 1:colcon.colcon_core.environment:checking '/home/paranavision/ros2_ws/QPath_ROS2_ws/install/live_analysis_interfaces/lib/pkgconfig/live_analysis_interfaces.pc'
[9.755s] Level 1:colcon.colcon_core.environment:checking '/home/paranavision/ros2_ws/QPath_ROS2_ws/install/live_analysis_interfaces/lib/python3.8/site-packages'
[9.755s] Level 1:colcon.colcon_core.environment:checking '/home/paranavision/ros2_ws/QPath_ROS2_ws/install/live_analysis_interfaces/bin'
[9.756s] INFO:colcon.colcon_core.shell:Creating package script '/home/paranavision/ros2_ws/QPath_ROS2_ws/install/live_analysis_interfaces/share/live_analysis_interfaces/package.ps1'
[9.756s] INFO:colcon.colcon_core.shell:Creating package descriptor '/home/paranavision/ros2_ws/QPath_ROS2_ws/install/live_analysis_interfaces/share/live_analysis_interfaces/package.dsv'
[9.756s] INFO:colcon.colcon_core.shell:Creating package script '/home/paranavision/ros2_ws/QPath_ROS2_ws/install/live_analysis_interfaces/share/live_analysis_interfaces/package.sh'
[9.757s] INFO:colcon.colcon_core.shell:Creating package script '/home/paranavision/ros2_ws/QPath_ROS2_ws/install/live_analysis_interfaces/share/live_analysis_interfaces/package.bash'
[9.757s] INFO:colcon.colcon_core.shell:Creating package script '/home/paranavision/ros2_ws/QPath_ROS2_ws/install/live_analysis_interfaces/share/live_analysis_interfaces/package.zsh'
[9.758s] Level 1:colcon.colcon_core.environment:create_file_with_runtime_dependencies(/home/paranavision/ros2_ws/QPath_ROS2_ws/install/live_analysis_interfaces/share/colcon-core/packages/live_analysis_interfaces)
[9.758s] INFO:colcon.colcon_ros.task.ament_python.build:Building ROS package in '/home/paranavision/ros2_ws/QPath_ROS2_ws/src/anomaly_detector' with build type 'ament_python'
[9.758s] Level 1:colcon.colcon_core.shell:create_environment_hook('anomaly_detector', 'ament_prefix_path')
[9.758s] INFO:colcon.colcon_core.shell:Creating environment hook '/home/paranavision/ros2_ws/QPath_ROS2_ws/install/anomaly_detector/share/anomaly_detector/hook/ament_prefix_path.ps1'
[9.759s] INFO:colcon.colcon_core.shell:Creating environment descriptor '/home/paranavision/ros2_ws/QPath_ROS2_ws/install/anomaly_detector/share/anomaly_detector/hook/ament_prefix_path.dsv'
[9.759s] INFO:colcon.colcon_core.shell:Creating environment hook '/home/paranavision/ros2_ws/QPath_ROS2_ws/install/anomaly_detector/share/anomaly_detector/hook/ament_prefix_path.sh'
[9.760s] INFO:colcon.colcon_core.shell:Skip shell extension 'powershell' for command environment: Not usable outside of PowerShell
[9.760s] DEBUG:colcon.colcon_core.shell:Skip shell extension 'dsv' for command environment
[9.763s] INFO:colcon.colcon_ros.task.ament_python.build:Building ROS package in '/home/paranavision/ros2_ws/QPath_ROS2_ws/src/live_analysis_ros2' with build type 'ament_python'
[9.763s] Level 1:colcon.colcon_core.shell:create_environment_hook('live_analysis_ros2', 'ament_prefix_path')
[9.763s] INFO:colcon.colcon_core.shell:Creating environment hook '/home/paranavision/ros2_ws/QPath_ROS2_ws/install/live_analysis_ros2/share/live_analysis_ros2/hook/ament_prefix_path.ps1'
[9.764s] INFO:colcon.colcon_core.shell:Creating environment descriptor '/home/paranavision/ros2_ws/QPath_ROS2_ws/install/live_analysis_ros2/share/live_analysis_ros2/hook/ament_prefix_path.dsv'
[9.764s] INFO:colcon.colcon_core.shell:Creating environment hook '/home/paranavision/ros2_ws/QPath_ROS2_ws/install/live_analysis_ros2/share/live_analysis_ros2/hook/ament_prefix_path.sh'
[9.765s] INFO:colcon.colcon_core.shell:Skip shell extension 'powershell' for command environment: Not usable outside of PowerShell
[9.765s] DEBUG:colcon.colcon_core.shell:Skip shell extension 'dsv' for command environment
[9.769s] INFO:colcon.colcon_ros.task.ament_python.build:Building ROS package in '/home/paranavision/ros2_ws/QPath_ROS2_ws/src/server_tools' with build type 'ament_python'
[9.769s] Level 1:colcon.colcon_core.shell:create_environment_hook('server_tools', 'ament_prefix_path')
[9.769s] INFO:colcon.colcon_core.shell:Creating environment hook '/home/paranavision/ros2_ws/QPath_ROS2_ws/install/server_tools/share/server_tools/hook/ament_prefix_path.ps1'
[9.770s] INFO:colcon.colcon_core.shell:Creating environment descriptor '/home/paranavision/ros2_ws/QPath_ROS2_ws/install/server_tools/share/server_tools/hook/ament_prefix_path.dsv'
[9.771s] INFO:colcon.colcon_core.shell:Creating environment hook '/home/paranavision/ros2_ws/QPath_ROS2_ws/install/server_tools/share/server_tools/hook/ament_prefix_path.sh'
[9.771s] INFO:colcon.colcon_core.shell:Skip shell extension 'powershell' for command environment: Not usable outside of PowerShell
[9.771s] DEBUG:colcon.colcon_core.shell:Skip shell extension 'dsv' for command environment
[9.974s] WARNING:colcon.colcon_ros.task.ament_python.build:Package 'anomaly_detector' doesn't explicitly install a marker in the package index (colcon-ros currently does it implicitly but that fallback will be removed in the future)
[9.975s] INFO:colcon.colcon_core.task.python.build:Building Python package in '/home/paranavision/ros2_ws/QPath_ROS2_ws/src/anomaly_detector'
[9.975s] INFO:colcon.colcon_core.shell:Skip shell extension 'powershell' for command environment: Not usable outside of PowerShell
[9.975s] DEBUG:colcon.colcon_core.shell:Skip shell extension 'dsv' for command environment
[10.175s] WARNING:colcon.colcon_ros.task.ament_python.build:Package 'live_analysis_ros2' doesn't explicitly install a marker in the package index (colcon-ros currently does it implicitly but that fallback will be removed in the future)
[10.175s] INFO:colcon.colcon_core.task.python.build:Building Python package in '/home/paranavision/ros2_ws/QPath_ROS2_ws/src/live_analysis_ros2'
[10.176s] INFO:colcon.colcon_core.shell:Skip shell extension 'powershell' for command environment: Not usable outside of PowerShell
[10.176s] DEBUG:colcon.colcon_core.shell:Skip shell extension 'dsv' for command environment
[10.381s] WARNING:colcon.colcon_ros.task.ament_python.build:Package 'server_tools' doesn't explicitly install a marker in the package index (colcon-ros currently does it implicitly but that fallback will be removed in the future)
[10.381s] INFO:colcon.colcon_core.task.python.build:Building Python package in '/home/paranavision/ros2_ws/QPath_ROS2_ws/src/server_tools'
[10.382s] INFO:colcon.colcon_core.shell:Skip shell extension 'powershell' for command environment: Not usable outside of PowerShell
[10.382s] DEBUG:colcon.colcon_core.shell:Skip shell extension 'dsv' for command environment
[11.033s] DEBUG:colcon.colcon_core.event_handler.log_command:Invoking command in '/home/paranavision/ros2_ws/QPath_ROS2_ws/build/anomaly_detector': AMENT_PREFIX_PATH=/home/paranavision/ros2_ws/QPath_ROS2_ws/install/live_analysis_interfaces:${AMENT_PREFIX_PATH} CMAKE_PREFIX_PATH=/home/paranavision/ros2_ws/QPath_ROS2_ws/install/live_analysis_interfaces LD_LIBRARY_PATH=/home/paranavision/ros2_ws/QPath_ROS2_ws/install/live_analysis_interfaces/lib:${LD_LIBRARY_PATH} PYTHONPATH=/home/paranavision/ros2_ws/QPath_ROS2_ws/build/anomaly_detector/prefix_override:/usr/lib/python3/dist-packages/colcon_core/task/python/colcon_distutils_commands:/home/paranavision/ros2_ws/QPath_ROS2_ws/install/anomaly_detector/lib/python3.8/site-packages:/home/paranavision/ros2_ws/QPath_ROS2_ws/install/live_analysis_interfaces/lib/python3.9/site-packages:${PYTHONPATH} /usr/bin/python3 -W ignore:setup.py install is deprecated -W ignore:easy_install command is deprecated setup.py develop --editable --build-directory /home/paranavision/ros2_ws/QPath_ROS2_ws/build/anomaly_detector/build --no-deps symlink_data
[11.048s] DEBUG:colcon.colcon_core.event_handler.log_command:Invoking command in '/home/paranavision/ros2_ws/QPath_ROS2_ws/build/server_tools': AMENT_PREFIX_PATH=/home/paranavision/ros2_ws/QPath_ROS2_ws/install/live_analysis_interfaces:${AMENT_PREFIX_PATH} CMAKE_PREFIX_PATH=/home/paranavision/ros2_ws/QPath_ROS2_ws/install/live_analysis_interfaces LD_LIBRARY_PATH=/home/paranavision/ros2_ws/QPath_ROS2_ws/install/live_analysis_interfaces/lib:${LD_LIBRARY_PATH} PYTHONPATH=/home/paranavision/ros2_ws/QPath_ROS2_ws/build/server_tools/prefix_override:/usr/lib/python3/dist-packages/colcon_core/task/python/colcon_distutils_commands:/home/paranavision/ros2_ws/QPath_ROS2_ws/install/server_tools/lib/python3.8/site-packages:/home/paranavision/ros2_ws/QPath_ROS2_ws/install/live_analysis_interfaces/lib/python3.9/site-packages:${PYTHONPATH} /usr/bin/python3 -W ignore:setup.py install is deprecated -W ignore:easy_install command is deprecated setup.py develop --editable --build-directory /home/paranavision/ros2_ws/QPath_ROS2_ws/build/server_tools/build --no-deps symlink_data
[11.052s] DEBUG:colcon.colcon_core.event_handler.log_command:Invoking command in '/home/paranavision/ros2_ws/QPath_ROS2_ws/build/live_analysis_ros2': AMENT_PREFIX_PATH=/home/paranavision/ros2_ws/QPath_ROS2_ws/install/live_analysis_interfaces:${AMENT_PREFIX_PATH} CMAKE_PREFIX_PATH=/home/paranavision/ros2_ws/QPath_ROS2_ws/install/live_analysis_interfaces LD_LIBRARY_PATH=/home/paranavision/ros2_ws/QPath_ROS2_ws/install/live_analysis_interfaces/lib:${LD_LIBRARY_PATH} PYTHONPATH=/home/paranavision/ros2_ws/QPath_ROS2_ws/build/live_analysis_ros2/prefix_override:/usr/lib/python3/dist-packages/colcon_core/task/python/colcon_distutils_commands:/home/paranavision/ros2_ws/QPath_ROS2_ws/install/live_analysis_ros2/lib/python3.8/site-packages:/home/paranavision/ros2_ws/QPath_ROS2_ws/install/live_analysis_interfaces/lib/python3.9/site-packages:${PYTHONPATH} /usr/bin/python3 -W ignore:setup.py install is deprecated -W ignore:easy_install command is deprecated setup.py develop --editable --build-directory /home/paranavision/ros2_ws/QPath_ROS2_ws/build/live_analysis_ros2/build --no-deps symlink_data
[11.797s] Level 1:colcon.colcon_core.shell:create_environment_hook('anomaly_detector', 'pythonpath_develop')
[11.797s] DEBUG:colcon.colcon_core.event_handler.log_command:Invoked command in '/home/paranavision/ros2_ws/QPath_ROS2_ws/build/anomaly_detector' returned '0': AMENT_PREFIX_PATH=/home/paranavision/ros2_ws/QPath_ROS2_ws/install/live_analysis_interfaces:${AMENT_PREFIX_PATH} CMAKE_PREFIX_PATH=/home/paranavision/ros2_ws/QPath_ROS2_ws/install/live_analysis_interfaces LD_LIBRARY_PATH=/home/paranavision/ros2_ws/QPath_ROS2_ws/install/live_analysis_interfaces/lib:${LD_LIBRARY_PATH} PYTHONPATH=/home/paranavision/ros2_ws/QPath_ROS2_ws/build/anomaly_detector/prefix_override:/usr/lib/python3/dist-packages/colcon_core/task/python/colcon_distutils_commands:/home/paranavision/ros2_ws/QPath_ROS2_ws/install/anomaly_detector/lib/python3.8/site-packages:/home/paranavision/ros2_ws/QPath_ROS2_ws/install/live_analysis_interfaces/lib/python3.9/site-packages:${PYTHONPATH} /usr/bin/python3 -W ignore:setup.py install is deprecated -W ignore:easy_install command is deprecated setup.py develop --editable --build-directory /home/paranavision/ros2_ws/QPath_ROS2_ws/build/anomaly_detector/build --no-deps symlink_data
[11.797s] INFO:colcon.colcon_core.shell:Creating environment hook '/home/paranavision/ros2_ws/QPath_ROS2_ws/build/anomaly_detector/share/anomaly_detector/hook/pythonpath_develop.ps1'
[11.798s] INFO:colcon.colcon_core.shell:Creating environment descriptor '/home/paranavision/ros2_ws/QPath_ROS2_ws/build/anomaly_detector/share/anomaly_detector/hook/pythonpath_develop.dsv'
[11.799s] INFO:colcon.colcon_core.shell:Creating environment hook '/home/paranavision/ros2_ws/QPath_ROS2_ws/build/anomaly_detector/share/anomaly_detector/hook/pythonpath_develop.sh'
[11.799s] Level 1:colcon.colcon_core.environment:checking '/home/paranavision/ros2_ws/QPath_ROS2_ws/install/anomaly_detector' for CMake module files
[11.800s] Level 1:colcon.colcon_core.environment:checking '/home/paranavision/ros2_ws/QPath_ROS2_ws/install/anomaly_detector' for CMake config files
[11.800s] Level 1:colcon.colcon_core.environment:checking '/home/paranavision/ros2_ws/QPath_ROS2_ws/install/anomaly_detector/lib'
[11.800s] Level 1:colcon.colcon_core.environment:checking '/home/paranavision/ros2_ws/QPath_ROS2_ws/install/anomaly_detector/bin'
[11.800s] Level 1:colcon.colcon_core.environment:checking '/home/paranavision/ros2_ws/QPath_ROS2_ws/install/anomaly_detector/lib/pkgconfig/anomaly_detector.pc'
[11.801s] Level 1:colcon.colcon_core.environment:checking '/home/paranavision/ros2_ws/QPath_ROS2_ws/install/anomaly_detector/lib/python3.8/site-packages'
[11.801s] Level 1:colcon.colcon_core.shell:create_environment_hook('anomaly_detector', 'pythonpath')
[11.801s] INFO:colcon.colcon_core.shell:Creating environment hook '/home/paranavision/ros2_ws/QPath_ROS2_ws/install/anomaly_detector/share/anomaly_detector/hook/pythonpath.ps1'
[11.801s] INFO:colcon.colcon_core.shell:Creating environment descriptor '/home/paranavision/ros2_ws/QPath_ROS2_ws/install/anomaly_detector/share/anomaly_detector/hook/pythonpath.dsv'
[11.802s] INFO:colcon.colcon_core.shell:Creating environment hook '/home/paranavision/ros2_ws/QPath_ROS2_ws/install/anomaly_detector/share/anomaly_detector/hook/pythonpath.sh'
[11.802s] Level 1:colcon.colcon_core.environment:checking '/home/paranavision/ros2_ws/QPath_ROS2_ws/install/anomaly_detector/bin'
[11.802s] Level 1:colcon.colcon_core.environment:create_environment_scripts_only(anomaly_detector)
[11.803s] INFO:colcon.colcon_core.shell:Creating package script '/home/paranavision/ros2_ws/QPath_ROS2_ws/install/anomaly_detector/share/anomaly_detector/package.ps1'
[11.803s] INFO:colcon.colcon_core.shell:Creating package descriptor '/home/paranavision/ros2_ws/QPath_ROS2_ws/install/anomaly_detector/share/anomaly_detector/package.dsv'
[11.804s] INFO:colcon.colcon_core.shell:Creating package script '/home/paranavision/ros2_ws/QPath_ROS2_ws/install/anomaly_detector/share/anomaly_detector/package.sh'
[11.805s] INFO:colcon.colcon_core.shell:Creating package script '/home/paranavision/ros2_ws/QPath_ROS2_ws/install/anomaly_detector/share/anomaly_detector/package.bash'
[11.805s] INFO:colcon.colcon_core.shell:Creating package script '/home/paranavision/ros2_ws/QPath_ROS2_ws/install/anomaly_detector/share/anomaly_detector/package.zsh'
[11.806s] Level 1:colcon.colcon_core.environment:create_file_with_runtime_dependencies(/home/paranavision/ros2_ws/QPath_ROS2_ws/install/anomaly_detector/share/colcon-core/packages/anomaly_detector)
[11.818s] Level 1:colcon.colcon_core.shell:create_environment_hook('live_analysis_ros2', 'pythonpath_develop')
[11.819s] INFO:colcon.colcon_core.shell:Creating environment hook '/home/paranavision/ros2_ws/QPath_ROS2_ws/build/live_analysis_ros2/share/live_analysis_ros2/hook/pythonpath_develop.ps1'
[11.819s] DEBUG:colcon.colcon_core.event_handler.log_command:Invoked command in '/home/paranavision/ros2_ws/QPath_ROS2_ws/build/live_analysis_ros2' returned '0': AMENT_PREFIX_PATH=/home/paranavision/ros2_ws/QPath_ROS2_ws/install/live_analysis_interfaces:${AMENT_PREFIX_PATH} CMAKE_PREFIX_PATH=/home/paranavision/ros2_ws/QPath_ROS2_ws/install/live_analysis_interfaces LD_LIBRARY_PATH=/home/paranavision/ros2_ws/QPath_ROS2_ws/install/live_analysis_interfaces/lib:${LD_LIBRARY_PATH} PYTHONPATH=/home/paranavision/ros2_ws/QPath_ROS2_ws/build/live_analysis_ros2/prefix_override:/usr/lib/python3/dist-packages/colcon_core/task/python/colcon_distutils_commands:/home/paranavision/ros2_ws/QPath_ROS2_ws/install/live_analysis_ros2/lib/python3.8/site-packages:/home/paranavision/ros2_ws/QPath_ROS2_ws/install/live_analysis_interfaces/lib/python3.9/site-packages:${PYTHONPATH} /usr/bin/python3 -W ignore:setup.py install is deprecated -W ignore:easy_install command is deprecated setup.py develop --editable --build-directory /home/paranavision/ros2_ws/QPath_ROS2_ws/build/live_analysis_ros2/build --no-deps symlink_data
[11.819s] INFO:colcon.colcon_core.shell:Creating environment descriptor '/home/paranavision/ros2_ws/QPath_ROS2_ws/build/live_analysis_ros2/share/live_analysis_ros2/hook/pythonpath_develop.dsv'
[11.820s] INFO:colcon.colcon_core.shell:Creating environment hook '/home/paranavision/ros2_ws/QPath_ROS2_ws/build/live_analysis_ros2/share/live_analysis_ros2/hook/pythonpath_develop.sh'
[11.820s] Level 1:colcon.colcon_core.environment:checking '/home/paranavision/ros2_ws/QPath_ROS2_ws/install/live_analysis_ros2' for CMake module files
[11.821s] Level 1:colcon.colcon_core.environment:checking '/home/paranavision/ros2_ws/QPath_ROS2_ws/install/live_analysis_ros2' for CMake config files
[11.821s] Level 1:colcon.colcon_core.environment:checking '/home/paranavision/ros2_ws/QPath_ROS2_ws/install/live_analysis_ros2/lib'
[11.821s] Level 1:colcon.colcon_core.environment:checking '/home/paranavision/ros2_ws/QPath_ROS2_ws/install/live_analysis_ros2/bin'
[11.821s] Level 1:colcon.colcon_core.environment:checking '/home/paranavision/ros2_ws/QPath_ROS2_ws/install/live_analysis_ros2/lib/pkgconfig/live_analysis_ros2.pc'
[11.822s] Level 1:colcon.colcon_core.environment:checking '/home/paranavision/ros2_ws/QPath_ROS2_ws/install/live_analysis_ros2/lib/python3.8/site-packages'
[11.822s] Level 1:colcon.colcon_core.shell:create_environment_hook('live_analysis_ros2', 'pythonpath')
[11.822s] INFO:colcon.colcon_core.shell:Creating environment hook '/home/paranavision/ros2_ws/QPath_ROS2_ws/install/live_analysis_ros2/share/live_analysis_ros2/hook/pythonpath.ps1'
[11.822s] INFO:colcon.colcon_core.shell:Creating environment descriptor '/home/paranavision/ros2_ws/QPath_ROS2_ws/install/live_analysis_ros2/share/live_analysis_ros2/hook/pythonpath.dsv'
[11.823s] INFO:colcon.colcon_core.shell:Creating environment hook '/home/paranavision/ros2_ws/QPath_ROS2_ws/install/live_analysis_ros2/share/live_analysis_ros2/hook/pythonpath.sh'
[11.823s] Level 1:colcon.colcon_core.environment:checking '/home/paranavision/ros2_ws/QPath_ROS2_ws/install/live_analysis_ros2/bin'
[11.823s] Level 1:colcon.colcon_core.environment:create_environment_scripts_only(live_analysis_ros2)
[11.823s] INFO:colcon.colcon_core.shell:Creating package script '/home/paranavision/ros2_ws/QPath_ROS2_ws/install/live_analysis_ros2/share/live_analysis_ros2/package.ps1'
[11.824s] INFO:colcon.colcon_core.shell:Creating package descriptor '/home/paranavision/ros2_ws/QPath_ROS2_ws/install/live_analysis_ros2/share/live_analysis_ros2/package.dsv'
[11.824s] INFO:colcon.colcon_core.shell:Creating package script '/home/paranavision/ros2_ws/QPath_ROS2_ws/install/live_analysis_ros2/share/live_analysis_ros2/package.sh'
[11.825s] INFO:colcon.colcon_core.shell:Creating package script '/home/paranavision/ros2_ws/QPath_ROS2_ws/install/live_analysis_ros2/share/live_analysis_ros2/package.bash'
[11.825s] INFO:colcon.colcon_core.shell:Creating package script '/home/paranavision/ros2_ws/QPath_ROS2_ws/install/live_analysis_ros2/share/live_analysis_ros2/package.zsh'
[11.825s] Level 1:colcon.colcon_core.environment:create_file_with_runtime_dependencies(/home/paranavision/ros2_ws/QPath_ROS2_ws/install/live_analysis_ros2/share/colcon-core/packages/live_analysis_ros2)
[11.828s] Level 1:colcon.colcon_core.shell:create_environment_hook('server_tools', 'pythonpath_develop')
[11.828s] INFO:colcon.colcon_core.shell:Creating environment hook '/home/paranavision/ros2_ws/QPath_ROS2_ws/build/server_tools/share/server_tools/hook/pythonpath_develop.ps1'
[11.829s] DEBUG:colcon.colcon_core.event_handler.log_command:Invoked command in '/home/paranavision/ros2_ws/QPath_ROS2_ws/build/server_tools' returned '0': AMENT_PREFIX_PATH=/home/paranavision/ros2_ws/QPath_ROS2_ws/install/live_analysis_interfaces:${AMENT_PREFIX_PATH} CMAKE_PREFIX_PATH=/home/paranavision/ros2_ws/QPath_ROS2_ws/install/live_analysis_interfaces LD_LIBRARY_PATH=/home/paranavision/ros2_ws/QPath_ROS2_ws/install/live_analysis_interfaces/lib:${LD_LIBRARY_PATH} PYTHONPATH=/home/paranavision/ros2_ws/QPath_ROS2_ws/build/server_tools/prefix_override:/usr/lib/python3/dist-packages/colcon_core/task/python/colcon_distutils_commands:/home/paranavision/ros2_ws/QPath_ROS2_ws/install/server_tools/lib/python3.8/site-packages:/home/paranavision/ros2_ws/QPath_ROS2_ws/install/live_analysis_interfaces/lib/python3.9/site-packages:${PYTHONPATH} /usr/bin/python3 -W ignore:setup.py install is deprecated -W ignore:easy_install command is deprecated setup.py develop --editable --build-directory /home/paranavision/ros2_ws/QPath_ROS2_ws/build/server_tools/build --no-deps symlink_data
[11.829s] INFO:colcon.colcon_core.shell:Creating environment descriptor '/home/paranavision/ros2_ws/QPath_ROS2_ws/build/server_tools/share/server_tools/hook/pythonpath_develop.dsv'
[11.829s] INFO:colcon.colcon_core.shell:Creating environment hook '/home/paranavision/ros2_ws/QPath_ROS2_ws/build/server_tools/share/server_tools/hook/pythonpath_develop.sh'
[11.830s] Level 1:colcon.colcon_core.environment:checking '/home/paranavision/ros2_ws/QPath_ROS2_ws/install/server_tools' for CMake module files
[11.830s] Level 1:colcon.colcon_core.environment:checking '/home/paranavision/ros2_ws/QPath_ROS2_ws/install/server_tools' for CMake config files
[11.830s] Level 1:colcon.colcon_core.environment:checking '/home/paranavision/ros2_ws/QPath_ROS2_ws/install/server_tools/lib'
[11.830s] Level 1:colcon.colcon_core.environment:checking '/home/paranavision/ros2_ws/QPath_ROS2_ws/install/server_tools/bin'
[11.831s] Level 1:colcon.colcon_core.environment:checking '/home/paranavision/ros2_ws/QPath_ROS2_ws/install/server_tools/lib/pkgconfig/server_tools.pc'
[11.831s] Level 1:colcon.colcon_core.environment:checking '/home/paranavision/ros2_ws/QPath_ROS2_ws/install/server_tools/lib/python3.8/site-packages'
[11.831s] Level 1:colcon.colcon_core.shell:create_environment_hook('server_tools', 'pythonpath')
[11.831s] INFO:colcon.colcon_core.shell:Creating environment hook '/home/paranavision/ros2_ws/QPath_ROS2_ws/install/server_tools/share/server_tools/hook/pythonpath.ps1'
[11.831s] INFO:colcon.colcon_core.shell:Creating environment descriptor '/home/paranavision/ros2_ws/QPath_ROS2_ws/install/server_tools/share/server_tools/hook/pythonpath.dsv'
[11.832s] INFO:colcon.colcon_core.shell:Creating environment hook '/home/paranavision/ros2_ws/QPath_ROS2_ws/install/server_tools/share/server_tools/hook/pythonpath.sh'
[11.832s] Level 1:colcon.colcon_core.environment:checking '/home/paranavision/ros2_ws/QPath_ROS2_ws/install/server_tools/bin'
[11.832s] Level 1:colcon.colcon_core.environment:create_environment_scripts_only(server_tools)
[11.832s] INFO:colcon.colcon_core.shell:Creating package script '/home/paranavision/ros2_ws/QPath_ROS2_ws/install/server_tools/share/server_tools/package.ps1'
[11.833s] INFO:colcon.colcon_core.shell:Creating package descriptor '/home/paranavision/ros2_ws/QPath_ROS2_ws/install/server_tools/share/server_tools/package.dsv'
[11.833s] INFO:colcon.colcon_core.shell:Creating package script '/home/paranavision/ros2_ws/QPath_ROS2_ws/install/server_tools/share/server_tools/package.sh'
[11.834s] INFO:colcon.colcon_core.shell:Creating package script '/home/paranavision/ros2_ws/QPath_ROS2_ws/install/server_tools/share/server_tools/package.bash'
[11.834s] INFO:colcon.colcon_core.shell:Creating package script '/home/paranavision/ros2_ws/QPath_ROS2_ws/install/server_tools/share/server_tools/package.zsh'
[11.834s] Level 1:colcon.colcon_core.environment:create_file_with_runtime_dependencies(/home/paranavision/ros2_ws/QPath_ROS2_ws/install/server_tools/share/colcon-core/packages/server_tools)
[11.835s] DEBUG:colcon.colcon_parallel_executor.executor.parallel:closing loop
[11.835s] DEBUG:colcon.colcon_parallel_executor.executor.parallel:loop closed
[11.835s] DEBUG:colcon.colcon_parallel_executor.executor.parallel:run_until_complete finished with '0'
[11.835s] DEBUG:colcon.colcon_core.event_reactor:joining thread
[11.839s] INFO:colcon.colcon_core.plugin_system:Skipping extension 'colcon_notification.desktop_notification.terminal_notifier': Not used on non-Darwin systems
[11.840s] INFO:colcon.colcon_core.plugin_system:Skipping extension 'colcon_notification.desktop_notification.win32': Not used on non-Windows systems
[11.840s] INFO:colcon.colcon_notification.desktop_notification:Sending desktop notification using 'notify2'
[11.852s] DEBUG:colcon.colcon_core.event_reactor:joined thread
[11.852s] INFO:colcon.colcon_core.shell:Creating prefix script '/home/paranavision/ros2_ws/QPath_ROS2_ws/install/local_setup.ps1'
[11.853s] INFO:colcon.colcon_core.shell:Creating prefix util module '/home/paranavision/ros2_ws/QPath_ROS2_ws/install/_local_setup_util_ps1.py'
[11.855s] INFO:colcon.colcon_core.shell:Creating prefix chain script '/home/paranavision/ros2_ws/QPath_ROS2_ws/install/setup.ps1'
[11.855s] INFO:colcon.colcon_core.shell:Creating prefix script '/home/paranavision/ros2_ws/QPath_ROS2_ws/install/local_setup.sh'
[11.856s] INFO:colcon.colcon_core.shell:Creating prefix util module '/home/paranavision/ros2_ws/QPath_ROS2_ws/install/_local_setup_util_sh.py'
[11.856s] INFO:colcon.colcon_core.shell:Creating prefix chain script '/home/paranavision/ros2_ws/QPath_ROS2_ws/install/setup.sh'
[11.857s] INFO:colcon.colcon_core.shell:Creating prefix script '/home/paranavision/ros2_ws/QPath_ROS2_ws/install/local_setup.bash'
[11.858s] INFO:colcon.colcon_core.shell:Creating prefix chain script '/home/paranavision/ros2_ws/QPath_ROS2_ws/install/setup.bash'
[11.858s] INFO:colcon.colcon_core.shell:Creating prefix script '/home/paranavision/ros2_ws/QPath_ROS2_ws/install/local_setup.zsh'
[11.859s] INFO:colcon.colcon_core.shell:Creating prefix chain script '/home/paranavision/ros2_ws/QPath_ROS2_ws/install/setup.zsh'
