-- Found ament_cmake: 1.2.1 (/opt/ros/rolling/share/ament_cmake/cmake)
-- Override CMake install command with custom implementation using symlinks instead of copying resources
-- Found rosidl_default_generators: 1.1.1 (/opt/ros/rolling/share/rosidl_default_generators/cmake)
-- Using all available rosidl_typesupport_c: rosidl_typesupport_fastrtps_c;rosidl_typesupport_introspection_c
-- Found rosidl_adapter: 3.0.1 (/opt/ros/rolling/share/rosidl_adapter/cmake)
-- Using all available rosidl_typesupport_cpp: rosidl_typesupport_fastrtps_cpp;rosidl_typesupport_introspection_cpp
-- Found std_msgs: 4.0.0 (/opt/ros/rolling/share/std_msgs/cmake)
-- Found sensor_msgs: 4.0.0 (/opt/ros/rolling/share/sensor_msgs/cmake)
-- Found ament_cmake_ros: 0.10.0 (/opt/ros/rolling/share/ament_cmake_ros/cmake)
-- Using all available rosidl_typesupport_c: rosidl_typesupport_fastrtps_c;rosidl_typesupport_introspection_c
-- Using all available rosidl_typesupport_cpp: rosidl_typesupport_fastrtps_cpp;rosidl_typesupport_introspection_cpp
-- Found python_cmake_module: 0.8.1 (/opt/ros/rolling/share/python_cmake_module/cmake)
-- Using PYTHON_EXECUTABLE: /usr/bin/python3
-- Using PYTHON_INCLUDE_DIRS: /usr/include/python3.8
-- Using PYTHON_LIBRARIES: /usr/lib/x86_64-linux-gnu/libpython3.8.so
-- Configuring done
-- Generating done
-- Build files have been written to: /home/paranavision/ros2_ws/QPath_ROS2_ws/build/live_analysis_interfaces
[35m[1mScanning dependencies of target live_analysis_interfaces__cpp[0m
[  1%] [34m[1mGenerating C code for ROS interfaces[0m
[  1%] [34m[1mGenerating C++ code for ROS interfaces[0m
[  1%] Built target ament_cmake_python_symlink_live_analysis_interfaces
running egg_info
writing live_analysis_interfaces.egg-info/PKG-INFO
writing dependency_links to live_analysis_interfaces.egg-info/dependency_links.txt
writing top-level names to live_analysis_interfaces.egg-info/top_level.txt
reading manifest file 'live_analysis_interfaces.egg-info/SOURCES.txt'
writing manifest file 'live_analysis_interfaces.egg-info/SOURCES.txt'
[  1%] Built target ament_cmake_python_build_live_analysis_interfaces_egg
[35m[1mScanning dependencies of target live_analysis_interfaces__rosidl_generator_c[0m
[  2%] [32mBuilding C object CMakeFiles/live_analysis_interfaces__rosidl_generator_c.dir/rosidl_generator_c/live_analysis_interfaces/msg/detail/test_request__functions.c.o[0m
[  3%] [32mBuilding C object CMakeFiles/live_analysis_interfaces__rosidl_generator_c.dir/rosidl_generator_c/live_analysis_interfaces/msg/detail/test_request_client__functions.c.o[0m
[  4%] [32mBuilding C object CMakeFiles/live_analysis_interfaces__rosidl_generator_c.dir/rosidl_generator_c/live_analysis_interfaces/msg/detail/train_request__functions.c.o[0m
[  5%] [32mBuilding C object CMakeFiles/live_analysis_interfaces__rosidl_generator_c.dir/rosidl_generator_c/live_analysis_interfaces/msg/detail/train_request_client__functions.c.o[0m
[  6%] [32mBuilding C object CMakeFiles/live_analysis_interfaces__rosidl_generator_c.dir/rosidl_generator_c/live_analysis_interfaces/msg/detail/test_result__functions.c.o[0m
[  6%] Built target live_analysis_interfaces__cpp
[  7%] [32mBuilding C object CMakeFiles/live_analysis_interfaces__rosidl_generator_c.dir/rosidl_generator_c/live_analysis_interfaces/msg/detail/training_result__functions.c.o[0m
[  8%] [34m[1mGenerating C++ type support dispatch for ROS interfaces[0m
[  9%] [32mBuilding C object CMakeFiles/live_analysis_interfaces__rosidl_generator_c.dir/rosidl_generator_c/live_analysis_interfaces/msg/detail/test_done__functions.c.o[0m
[ 10%] [32mBuilding C object CMakeFiles/live_analysis_interfaces__rosidl_generator_c.dir/rosidl_generator_c/live_analysis_interfaces/msg/detail/test_progress__functions.c.o[0m
[ 11%] [34m[1mGenerating C++ introspection for ROS interfaces[0m
[ 12%] [34m[1mGenerating C++ type support for eProsima Fast-RTPS[0m
[ 13%] [32mBuilding C object CMakeFiles/live_analysis_interfaces__rosidl_generator_c.dir/rosidl_generator_c/live_analysis_interfaces/msg/detail/stop_testing_request__functions.c.o[0m
[ 14%] [32mBuilding C object CMakeFiles/live_analysis_interfaces__rosidl_generator_c.dir/rosidl_generator_c/live_analysis_interfaces/msg/detail/stop_training_request__functions.c.o[0m
[ 15%] [32m[1mLinking C shared library liblive_analysis_interfaces__rosidl_generator_c.so[0m
[ 15%] Built target live_analysis_interfaces__rosidl_generator_c
[ 16%] [34m[1mGenerating C type support dispatch for ROS interfaces[0m
[ 17%] [34m[1mGenerating C introspection for ROS interfaces[0m
[35m[1mScanning dependencies of target live_analysis_interfaces__rosidl_typesupport_cpp[0m
[ 18%] [32mBuilding CXX object CMakeFiles/live_analysis_interfaces__rosidl_typesupport_cpp.dir/rosidl_typesupport_cpp/live_analysis_interfaces/msg/test_request_client__type_support.cpp.o[0m
[ 19%] [32mBuilding CXX object CMakeFiles/live_analysis_interfaces__rosidl_typesupport_cpp.dir/rosidl_typesupport_cpp/live_analysis_interfaces/msg/test_request__type_support.cpp.o[0m
[35m[1mScanning dependencies of target live_analysis_interfaces__rosidl_typesupport_c[0m
[ 20%] [32mBuilding CXX object CMakeFiles/live_analysis_interfaces__rosidl_typesupport_c.dir/rosidl_typesupport_c/live_analysis_interfaces/msg/test_request__type_support.cpp.o[0m
[35m[1mScanning dependencies of target live_analysis_interfaces__rosidl_typesupport_introspection_cpp[0m
[ 21%] [32mBuilding CXX object CMakeFiles/live_analysis_interfaces__rosidl_typesupport_cpp.dir/rosidl_typesupport_cpp/live_analysis_interfaces/msg/test_result__type_support.cpp.o[0m
[ 22%] [32mBuilding CXX object CMakeFiles/live_analysis_interfaces__rosidl_typesupport_introspection_cpp.dir/rosidl_typesupport_introspection_cpp/live_analysis_interfaces/msg/detail/test_request__type_support.cpp.o[0m
[ 23%] [32mBuilding CXX object CMakeFiles/live_analysis_interfaces__rosidl_typesupport_c.dir/rosidl_typesupport_c/live_analysis_interfaces/msg/test_request_client__type_support.cpp.o[0m
[ 24%] [32mBuilding CXX object CMakeFiles/live_analysis_interfaces__rosidl_typesupport_c.dir/rosidl_typesupport_c/live_analysis_interfaces/msg/test_result__type_support.cpp.o[0m
[ 25%] [32mBuilding CXX object CMakeFiles/live_analysis_interfaces__rosidl_typesupport_cpp.dir/rosidl_typesupport_cpp/live_analysis_interfaces/msg/train_request__type_support.cpp.o[0m
[ 26%] [32mBuilding CXX object CMakeFiles/live_analysis_interfaces__rosidl_typesupport_c.dir/rosidl_typesupport_c/live_analysis_interfaces/msg/train_request__type_support.cpp.o[0m
[ 27%] [32mBuilding CXX object CMakeFiles/live_analysis_interfaces__rosidl_typesupport_c.dir/rosidl_typesupport_c/live_analysis_interfaces/msg/train_request_client__type_support.cpp.o[0m
[ 28%] [32mBuilding CXX object CMakeFiles/live_analysis_interfaces__rosidl_typesupport_c.dir/rosidl_typesupport_c/live_analysis_interfaces/msg/training_result__type_support.cpp.o[0m
[35m[1mScanning dependencies of target live_analysis_interfaces__rosidl_typesupport_fastrtps_cpp[0m
[35m[1mScanning dependencies of target live_analysis_interfaces__rosidl_typesupport_introspection_c[0m
[ 29%] [32mBuilding CXX object CMakeFiles/live_analysis_interfaces__rosidl_typesupport_fastrtps_cpp.dir/rosidl_typesupport_fastrtps_cpp/live_analysis_interfaces/msg/detail/dds_fastrtps/test_request__type_support.cpp.o[0m
[ 30%] [32mBuilding C object CMakeFiles/live_analysis_interfaces__rosidl_typesupport_introspection_c.dir/rosidl_typesupport_introspection_c/live_analysis_interfaces/msg/detail/test_request__type_support.c.o[0m
[ 31%] [32mBuilding C object CMakeFiles/live_analysis_interfaces__rosidl_typesupport_introspection_c.dir/rosidl_typesupport_introspection_c/live_analysis_interfaces/msg/detail/test_request_client__type_support.c.o[0m
[ 32%] [32mBuilding C object CMakeFiles/live_analysis_interfaces__rosidl_typesupport_introspection_c.dir/rosidl_typesupport_introspection_c/live_analysis_interfaces/msg/detail/test_result__type_support.c.o[0m
[ 33%] [32mBuilding CXX object CMakeFiles/live_analysis_interfaces__rosidl_typesupport_c.dir/rosidl_typesupport_c/live_analysis_interfaces/msg/test_done__type_support.cpp.o[0m
[ 34%] [32mBuilding C object CMakeFiles/live_analysis_interfaces__rosidl_typesupport_introspection_c.dir/rosidl_typesupport_introspection_c/live_analysis_interfaces/msg/detail/train_request__type_support.c.o[0m
[ 35%] [32mBuilding C object CMakeFiles/live_analysis_interfaces__rosidl_typesupport_introspection_c.dir/rosidl_typesupport_introspection_c/live_analysis_interfaces/msg/detail/train_request_client__type_support.c.o[0m
[ 36%] [32mBuilding CXX object CMakeFiles/live_analysis_interfaces__rosidl_typesupport_c.dir/rosidl_typesupport_c/live_analysis_interfaces/msg/test_progress__type_support.cpp.o[0m
[ 36%] [32mBuilding CXX object CMakeFiles/live_analysis_interfaces__rosidl_typesupport_c.dir/rosidl_typesupport_c/live_analysis_interfaces/msg/stop_training_request__type_support.cpp.o[0m
[ 37%] [32mBuilding CXX object CMakeFiles/live_analysis_interfaces__rosidl_typesupport_fastrtps_cpp.dir/rosidl_typesupport_fastrtps_cpp/live_analysis_interfaces/msg/detail/dds_fastrtps/test_request_client__type_support.cpp.o[0m
[ 38%] [32mBuilding C object CMakeFiles/live_analysis_interfaces__rosidl_typesupport_introspection_c.dir/rosidl_typesupport_introspection_c/live_analysis_interfaces/msg/detail/training_result__type_support.c.o[0m
[ 39%] [32mBuilding CXX object CMakeFiles/live_analysis_interfaces__rosidl_typesupport_c.dir/rosidl_typesupport_c/live_analysis_interfaces/msg/stop_testing_request__type_support.cpp.o[0m
[ 40%] [32mBuilding CXX object CMakeFiles/live_analysis_interfaces__rosidl_typesupport_cpp.dir/rosidl_typesupport_cpp/live_analysis_interfaces/msg/train_request_client__type_support.cpp.o[0m
[ 41%] [32mBuilding C object CMakeFiles/live_analysis_interfaces__rosidl_typesupport_introspection_c.dir/rosidl_typesupport_introspection_c/live_analysis_interfaces/msg/detail/test_done__type_support.c.o[0m
[ 42%] [32m[1mLinking CXX shared library liblive_analysis_interfaces__rosidl_typesupport_c.so[0m
[ 43%] [32mBuilding C object CMakeFiles/live_analysis_interfaces__rosidl_typesupport_introspection_c.dir/rosidl_typesupport_introspection_c/live_analysis_interfaces/msg/detail/test_progress__type_support.c.o[0m
[ 43%] Built target live_analysis_interfaces__rosidl_typesupport_c
[ 44%] [32mBuilding C object CMakeFiles/live_analysis_interfaces__rosidl_typesupport_introspection_c.dir/rosidl_typesupport_introspection_c/live_analysis_interfaces/msg/detail/stop_training_request__type_support.c.o[0m
[ 45%] [32mBuilding C object CMakeFiles/live_analysis_interfaces__rosidl_typesupport_introspection_c.dir/rosidl_typesupport_introspection_c/live_analysis_interfaces/msg/detail/stop_testing_request__type_support.c.o[0m
[ 46%] [32mBuilding CXX object CMakeFiles/live_analysis_interfaces__rosidl_typesupport_cpp.dir/rosidl_typesupport_cpp/live_analysis_interfaces/msg/training_result__type_support.cpp.o[0m
[ 47%] [32mBuilding CXX object CMakeFiles/live_analysis_interfaces__rosidl_typesupport_introspection_cpp.dir/rosidl_typesupport_introspection_cpp/live_analysis_interfaces/msg/detail/test_request_client__type_support.cpp.o[0m
[ 48%] [32m[1mLinking C shared library liblive_analysis_interfaces__rosidl_typesupport_introspection_c.so[0m
[ 48%] Built target live_analysis_interfaces__rosidl_typesupport_introspection_c
[ 49%] [32mBuilding CXX object CMakeFiles/live_analysis_interfaces__rosidl_typesupport_introspection_cpp.dir/rosidl_typesupport_introspection_cpp/live_analysis_interfaces/msg/detail/test_result__type_support.cpp.o[0m
[ 49%] [32mBuilding CXX object CMakeFiles/live_analysis_interfaces__rosidl_typesupport_fastrtps_cpp.dir/rosidl_typesupport_fastrtps_cpp/live_analysis_interfaces/msg/detail/dds_fastrtps/test_result__type_support.cpp.o[0m
[ 50%] [32mBuilding CXX object CMakeFiles/live_analysis_interfaces__rosidl_typesupport_cpp.dir/rosidl_typesupport_cpp/live_analysis_interfaces/msg/test_done__type_support.cpp.o[0m
[ 51%] [32mBuilding CXX object CMakeFiles/live_analysis_interfaces__rosidl_typesupport_cpp.dir/rosidl_typesupport_cpp/live_analysis_interfaces/msg/test_progress__type_support.cpp.o[0m
[ 52%] [32mBuilding CXX object CMakeFiles/live_analysis_interfaces__rosidl_typesupport_fastrtps_cpp.dir/rosidl_typesupport_fastrtps_cpp/live_analysis_interfaces/msg/detail/dds_fastrtps/train_request__type_support.cpp.o[0m
[ 53%] [32mBuilding CXX object CMakeFiles/live_analysis_interfaces__rosidl_typesupport_introspection_cpp.dir/rosidl_typesupport_introspection_cpp/live_analysis_interfaces/msg/detail/train_request__type_support.cpp.o[0m
[ 54%] [32mBuilding CXX object CMakeFiles/live_analysis_interfaces__rosidl_typesupport_cpp.dir/rosidl_typesupport_cpp/live_analysis_interfaces/msg/stop_training_request__type_support.cpp.o[0m
[ 55%] [32mBuilding CXX object CMakeFiles/live_analysis_interfaces__rosidl_typesupport_cpp.dir/rosidl_typesupport_cpp/live_analysis_interfaces/msg/stop_testing_request__type_support.cpp.o[0m
[ 56%] [32mBuilding CXX object CMakeFiles/live_analysis_interfaces__rosidl_typesupport_introspection_cpp.dir/rosidl_typesupport_introspection_cpp/live_analysis_interfaces/msg/detail/train_request_client__type_support.cpp.o[0m
[ 57%] [32mBuilding CXX object CMakeFiles/live_analysis_interfaces__rosidl_typesupport_fastrtps_cpp.dir/rosidl_typesupport_fastrtps_cpp/live_analysis_interfaces/msg/detail/dds_fastrtps/train_request_client__type_support.cpp.o[0m
[ 58%] [32mBuilding CXX object CMakeFiles/live_analysis_interfaces__rosidl_typesupport_fastrtps_cpp.dir/rosidl_typesupport_fastrtps_cpp/live_analysis_interfaces/msg/detail/dds_fastrtps/training_result__type_support.cpp.o[0m
[ 59%] [32m[1mLinking CXX shared library liblive_analysis_interfaces__rosidl_typesupport_cpp.so[0m
[ 59%] Built target live_analysis_interfaces__rosidl_typesupport_cpp
[ 60%] [32mBuilding CXX object CMakeFiles/live_analysis_interfaces__rosidl_typesupport_fastrtps_cpp.dir/rosidl_typesupport_fastrtps_cpp/live_analysis_interfaces/msg/detail/dds_fastrtps/test_done__type_support.cpp.o[0m
[ 61%] [32mBuilding CXX object CMakeFiles/live_analysis_interfaces__rosidl_typesupport_fastrtps_cpp.dir/rosidl_typesupport_fastrtps_cpp/live_analysis_interfaces/msg/detail/dds_fastrtps/test_progress__type_support.cpp.o[0m
[ 62%] [32mBuilding CXX object CMakeFiles/live_analysis_interfaces__rosidl_typesupport_introspection_cpp.dir/rosidl_typesupport_introspection_cpp/live_analysis_interfaces/msg/detail/training_result__type_support.cpp.o[0m
[ 63%] [32mBuilding CXX object CMakeFiles/live_analysis_interfaces__rosidl_typesupport_fastrtps_cpp.dir/rosidl_typesupport_fastrtps_cpp/live_analysis_interfaces/msg/detail/dds_fastrtps/stop_training_request__type_support.cpp.o[0m
[ 64%] [32mBuilding CXX object CMakeFiles/live_analysis_interfaces__rosidl_typesupport_introspection_cpp.dir/rosidl_typesupport_introspection_cpp/live_analysis_interfaces/msg/detail/test_done__type_support.cpp.o[0m
[ 65%] [32mBuilding CXX object CMakeFiles/live_analysis_interfaces__rosidl_typesupport_fastrtps_cpp.dir/rosidl_typesupport_fastrtps_cpp/live_analysis_interfaces/msg/detail/dds_fastrtps/stop_testing_request__type_support.cpp.o[0m
[ 66%] [32mBuilding CXX object CMakeFiles/live_analysis_interfaces__rosidl_typesupport_introspection_cpp.dir/rosidl_typesupport_introspection_cpp/live_analysis_interfaces/msg/detail/test_progress__type_support.cpp.o[0m
[ 67%] [32mBuilding CXX object CMakeFiles/live_analysis_interfaces__rosidl_typesupport_introspection_cpp.dir/rosidl_typesupport_introspection_cpp/live_analysis_interfaces/msg/detail/stop_training_request__type_support.cpp.o[0m
[ 68%] [32mBuilding CXX object CMakeFiles/live_analysis_interfaces__rosidl_typesupport_introspection_cpp.dir/rosidl_typesupport_introspection_cpp/live_analysis_interfaces/msg/detail/stop_testing_request__type_support.cpp.o[0m
[ 69%] [32m[1mLinking CXX shared library liblive_analysis_interfaces__rosidl_typesupport_fastrtps_cpp.so[0m
[ 70%] [32m[1mLinking CXX shared library liblive_analysis_interfaces__rosidl_typesupport_introspection_cpp.so[0m
[ 70%] Built target live_analysis_interfaces__rosidl_typesupport_fastrtps_cpp
[ 71%] [34m[1mGenerating C type support for eProsima Fast-RTPS[0m
[ 71%] Built target live_analysis_interfaces__rosidl_typesupport_introspection_cpp
[35m[1mScanning dependencies of target live_analysis_interfaces__rosidl_typesupport_fastrtps_c[0m
[ 73%] [32mBuilding CXX object CMakeFiles/live_analysis_interfaces__rosidl_typesupport_fastrtps_c.dir/rosidl_typesupport_fastrtps_c/live_analysis_interfaces/msg/detail/test_request__type_support_c.cpp.o[0m
[ 73%] [32mBuilding CXX object CMakeFiles/live_analysis_interfaces__rosidl_typesupport_fastrtps_c.dir/rosidl_typesupport_fastrtps_c/live_analysis_interfaces/msg/detail/test_result__type_support_c.cpp.o[0m
[ 74%] [32mBuilding CXX object CMakeFiles/live_analysis_interfaces__rosidl_typesupport_fastrtps_c.dir/rosidl_typesupport_fastrtps_c/live_analysis_interfaces/msg/detail/train_request__type_support_c.cpp.o[0m
[ 75%] [32mBuilding CXX object CMakeFiles/live_analysis_interfaces__rosidl_typesupport_fastrtps_c.dir/rosidl_typesupport_fastrtps_c/live_analysis_interfaces/msg/detail/test_request_client__type_support_c.cpp.o[0m
[ 76%] [32mBuilding CXX object CMakeFiles/live_analysis_interfaces__rosidl_typesupport_fastrtps_c.dir/rosidl_typesupport_fastrtps_c/live_analysis_interfaces/msg/detail/train_request_client__type_support_c.cpp.o[0m
[ 77%] [32mBuilding CXX object CMakeFiles/live_analysis_interfaces__rosidl_typesupport_fastrtps_c.dir/rosidl_typesupport_fastrtps_c/live_analysis_interfaces/msg/detail/training_result__type_support_c.cpp.o[0m
[ 78%] [32mBuilding CXX object CMakeFiles/live_analysis_interfaces__rosidl_typesupport_fastrtps_c.dir/rosidl_typesupport_fastrtps_c/live_analysis_interfaces/msg/detail/test_done__type_support_c.cpp.o[0m
[ 79%] [32mBuilding CXX object CMakeFiles/live_analysis_interfaces__rosidl_typesupport_fastrtps_c.dir/rosidl_typesupport_fastrtps_c/live_analysis_interfaces/msg/detail/test_progress__type_support_c.cpp.o[0m
[ 80%] [32mBuilding CXX object CMakeFiles/live_analysis_interfaces__rosidl_typesupport_fastrtps_c.dir/rosidl_typesupport_fastrtps_c/live_analysis_interfaces/msg/detail/stop_training_request__type_support_c.cpp.o[0m
[ 81%] [32mBuilding CXX object CMakeFiles/live_analysis_interfaces__rosidl_typesupport_fastrtps_c.dir/rosidl_typesupport_fastrtps_c/live_analysis_interfaces/msg/detail/stop_testing_request__type_support_c.cpp.o[0m
[ 82%] [32m[1mLinking CXX shared library liblive_analysis_interfaces__rosidl_typesupport_fastrtps_c.so[0m
[ 82%] Built target live_analysis_interfaces__rosidl_typesupport_fastrtps_c
[ 82%] Built target live_analysis_interfaces
[35m[1mScanning dependencies of target live_analysis_interfaces__py[0m
[ 83%] [34m[1mGenerating Python code for ROS interfaces[0m
[ 83%] Built target live_analysis_interfaces__py
[35m[1mScanning dependencies of target live_analysis_interfaces__rosidl_generator_py[0m
[ 86%] [32mBuilding C object CMakeFiles/live_analysis_interfaces__rosidl_generator_py.dir/rosidl_generator_py/live_analysis_interfaces/msg/_test_result_s.c.o[0m
[ 86%] [32mBuilding C object CMakeFiles/live_analysis_interfaces__rosidl_generator_py.dir/rosidl_generator_py/live_analysis_interfaces/msg/_test_request_client_s.c.o[0m
[ 86%] [32mBuilding C object CMakeFiles/live_analysis_interfaces__rosidl_generator_py.dir/rosidl_generator_py/live_analysis_interfaces/msg/_test_request_s.c.o[0m
[ 87%] [32mBuilding C object CMakeFiles/live_analysis_interfaces__rosidl_generator_py.dir/rosidl_generator_py/live_analysis_interfaces/msg/_train_request_s.c.o[0m
[ 89%] [32mBuilding C object CMakeFiles/live_analysis_interfaces__rosidl_generator_py.dir/rosidl_generator_py/live_analysis_interfaces/msg/_train_request_client_s.c.o[0m
[ 89%] [32mBuilding C object CMakeFiles/live_analysis_interfaces__rosidl_generator_py.dir/rosidl_generator_py/live_analysis_interfaces/msg/_training_result_s.c.o[0m
[ 90%] [32mBuilding C object CMakeFiles/live_analysis_interfaces__rosidl_generator_py.dir/rosidl_generator_py/live_analysis_interfaces/msg/_test_done_s.c.o[0m
[ 91%] [32mBuilding C object CMakeFiles/live_analysis_interfaces__rosidl_generator_py.dir/rosidl_generator_py/live_analysis_interfaces/msg/_test_progress_s.c.o[0m
[ 92%] [32mBuilding C object CMakeFiles/live_analysis_interfaces__rosidl_generator_py.dir/rosidl_generator_py/live_analysis_interfaces/msg/_stop_training_request_s.c.o[0m
[ 93%] [32mBuilding C object CMakeFiles/live_analysis_interfaces__rosidl_generator_py.dir/rosidl_generator_py/live_analysis_interfaces/msg/_stop_testing_request_s.c.o[0m
[ 94%] [32m[1mLinking C shared library rosidl_generator_py/live_analysis_interfaces/liblive_analysis_interfaces__rosidl_generator_py.so[0m
[ 94%] Built target live_analysis_interfaces__rosidl_generator_py
[35m[1mScanning dependencies of target live_analysis_interfaces__rosidl_typesupport_fastrtps_c__pyext[0m
[35m[1mScanning dependencies of target live_analysis_interfaces__rosidl_typesupport_introspection_c__pyext[0m
[35m[1mScanning dependencies of target live_analysis_interfaces__rosidl_typesupport_c__pyext[0m
[ 95%] [32mBuilding C object CMakeFiles/live_analysis_interfaces__rosidl_typesupport_introspection_c__pyext.dir/rosidl_generator_py/live_analysis_interfaces/_live_analysis_interfaces_s.ep.rosidl_typesupport_introspection_c.c.o[0m
[ 96%] [32mBuilding C object CMakeFiles/live_analysis_interfaces__rosidl_typesupport_fastrtps_c__pyext.dir/rosidl_generator_py/live_analysis_interfaces/_live_analysis_interfaces_s.ep.rosidl_typesupport_fastrtps_c.c.o[0m
[ 97%] [32mBuilding C object CMakeFiles/live_analysis_interfaces__rosidl_typesupport_c__pyext.dir/rosidl_generator_py/live_analysis_interfaces/_live_analysis_interfaces_s.ep.rosidl_typesupport_c.c.o[0m
[ 99%] [32m[1mLinking C shared library rosidl_generator_py/live_analysis_interfaces/live_analysis_interfaces_s__rosidl_typesupport_introspection_c.cpython-38-x86_64-linux-gnu.so[0m
[100%] [32m[1mLinking C shared library rosidl_generator_py/live_analysis_interfaces/live_analysis_interfaces_s__rosidl_typesupport_c.cpython-38-x86_64-linux-gnu.so[0m
[ 99%] [32m[1mLinking C shared library rosidl_generator_py/live_analysis_interfaces/live_analysis_interfaces_s__rosidl_typesupport_fastrtps_c.cpython-38-x86_64-linux-gnu.so[0m
[100%] Built target live_analysis_interfaces__rosidl_typesupport_introspection_c__pyext
[100%] Built target live_analysis_interfaces__rosidl_typesupport_c__pyext
[100%] Built target live_analysis_interfaces__rosidl_typesupport_fastrtps_c__pyext
-- Install configuration: ""
-- Execute custom install script
-- Up-to-date symlink: /home/paranavision/ros2_ws/QPath_ROS2_ws/install/live_analysis_interfaces/share/ament_index/resource_index/rosidl_interfaces/live_analysis_interfaces
-- Symlinking: /home/paranavision/ros2_ws/QPath_ROS2_ws/install/live_analysis_interfaces/include/live_analysis_interfaces/msg/detail/stop_testing_request__functions.h
-- Symlinking: /home/paranavision/ros2_ws/QPath_ROS2_ws/install/live_analysis_interfaces/include/live_analysis_interfaces/msg/detail/stop_testing_request__struct.h
-- Symlinking: /home/paranavision/ros2_ws/QPath_ROS2_ws/install/live_analysis_interfaces/include/live_analysis_interfaces/msg/detail/stop_testing_request__type_support.h
-- Symlinking: /home/paranavision/ros2_ws/QPath_ROS2_ws/install/live_analysis_interfaces/include/live_analysis_interfaces/msg/detail/stop_training_request__functions.h
-- Symlinking: /home/paranavision/ros2_ws/QPath_ROS2_ws/install/live_analysis_interfaces/include/live_analysis_interfaces/msg/detail/stop_training_request__struct.h
-- Symlinking: /home/paranavision/ros2_ws/QPath_ROS2_ws/install/live_analysis_interfaces/include/live_analysis_interfaces/msg/detail/stop_training_request__type_support.h
-- Up-to-date symlink: /home/paranavision/ros2_ws/QPath_ROS2_ws/install/live_analysis_interfaces/include/live_analysis_interfaces/msg/detail/test_done__functions.h
-- Up-to-date symlink: /home/paranavision/ros2_ws/QPath_ROS2_ws/install/live_analysis_interfaces/include/live_analysis_interfaces/msg/detail/test_done__struct.h
-- Up-to-date symlink: /home/paranavision/ros2_ws/QPath_ROS2_ws/install/live_analysis_interfaces/include/live_analysis_interfaces/msg/detail/test_done__type_support.h
-- Up-to-date symlink: /home/paranavision/ros2_ws/QPath_ROS2_ws/install/live_analysis_interfaces/include/live_analysis_interfaces/msg/detail/test_progress__functions.h
-- Up-to-date symlink: /home/paranavision/ros2_ws/QPath_ROS2_ws/install/live_analysis_interfaces/include/live_analysis_interfaces/msg/detail/test_progress__struct.h
-- Up-to-date symlink: /home/paranavision/ros2_ws/QPath_ROS2_ws/install/live_analysis_interfaces/include/live_analysis_interfaces/msg/detail/test_progress__type_support.h
-- Up-to-date symlink: /home/paranavision/ros2_ws/QPath_ROS2_ws/install/live_analysis_interfaces/include/live_analysis_interfaces/msg/detail/test_request__functions.h
-- Up-to-date symlink: /home/paranavision/ros2_ws/QPath_ROS2_ws/install/live_analysis_interfaces/include/live_analysis_interfaces/msg/detail/test_request__struct.h
-- Up-to-date symlink: /home/paranavision/ros2_ws/QPath_ROS2_ws/install/live_analysis_interfaces/include/live_analysis_interfaces/msg/detail/test_request__type_support.h
-- Up-to-date symlink: /home/paranavision/ros2_ws/QPath_ROS2_ws/install/live_analysis_interfaces/include/live_analysis_interfaces/msg/detail/test_request_client__functions.h
-- Up-to-date symlink: /home/paranavision/ros2_ws/QPath_ROS2_ws/install/live_analysis_interfaces/include/live_analysis_interfaces/msg/detail/test_request_client__struct.h
-- Up-to-date symlink: /home/paranavision/ros2_ws/QPath_ROS2_ws/install/live_analysis_interfaces/include/live_analysis_interfaces/msg/detail/test_request_client__type_support.h
-- Up-to-date symlink: /home/paranavision/ros2_ws/QPath_ROS2_ws/install/live_analysis_interfaces/include/live_analysis_interfaces/msg/detail/test_result__functions.h
-- Up-to-date symlink: /home/paranavision/ros2_ws/QPath_ROS2_ws/install/live_analysis_interfaces/include/live_analysis_interfaces/msg/detail/test_result__struct.h
-- Up-to-date symlink: /home/paranavision/ros2_ws/QPath_ROS2_ws/install/live_analysis_interfaces/include/live_analysis_interfaces/msg/detail/test_result__type_support.h
-- Up-to-date symlink: /home/paranavision/ros2_ws/QPath_ROS2_ws/install/live_analysis_interfaces/include/live_analysis_interfaces/msg/detail/train_request__functions.h
-- Up-to-date symlink: /home/paranavision/ros2_ws/QPath_ROS2_ws/install/live_analysis_interfaces/include/live_analysis_interfaces/msg/detail/train_request__struct.h
-- Up-to-date symlink: /home/paranavision/ros2_ws/QPath_ROS2_ws/install/live_analysis_interfaces/include/live_analysis_interfaces/msg/detail/train_request__type_support.h
-- Up-to-date symlink: /home/paranavision/ros2_ws/QPath_ROS2_ws/install/live_analysis_interfaces/include/live_analysis_interfaces/msg/detail/train_request_client__functions.h
-- Up-to-date symlink: /home/paranavision/ros2_ws/QPath_ROS2_ws/install/live_analysis_interfaces/include/live_analysis_interfaces/msg/detail/train_request_client__struct.h
-- Up-to-date symlink: /home/paranavision/ros2_ws/QPath_ROS2_ws/install/live_analysis_interfaces/include/live_analysis_interfaces/msg/detail/train_request_client__type_support.h
-- Up-to-date symlink: /home/paranavision/ros2_ws/QPath_ROS2_ws/install/live_analysis_interfaces/include/live_analysis_interfaces/msg/detail/training_result__functions.h
-- Up-to-date symlink: /home/paranavision/ros2_ws/QPath_ROS2_ws/install/live_analysis_interfaces/include/live_analysis_interfaces/msg/detail/training_result__struct.h
-- Up-to-date symlink: /home/paranavision/ros2_ws/QPath_ROS2_ws/install/live_analysis_interfaces/include/live_analysis_interfaces/msg/detail/training_result__type_support.h
-- Up-to-date symlink: /home/paranavision/ros2_ws/QPath_ROS2_ws/install/live_analysis_interfaces/include/live_analysis_interfaces/msg/rosidl_generator_c__visibility_control.h
-- Symlinking: /home/paranavision/ros2_ws/QPath_ROS2_ws/install/live_analysis_interfaces/include/live_analysis_interfaces/msg/stop_testing_request.h
-- Symlinking: /home/paranavision/ros2_ws/QPath_ROS2_ws/install/live_analysis_interfaces/include/live_analysis_interfaces/msg/stop_training_request.h
-- Up-to-date symlink: /home/paranavision/ros2_ws/QPath_ROS2_ws/install/live_analysis_interfaces/include/live_analysis_interfaces/msg/test_done.h
-- Up-to-date symlink: /home/paranavision/ros2_ws/QPath_ROS2_ws/install/live_analysis_interfaces/include/live_analysis_interfaces/msg/test_progress.h
-- Up-to-date symlink: /home/paranavision/ros2_ws/QPath_ROS2_ws/install/live_analysis_interfaces/include/live_analysis_interfaces/msg/test_request.h
-- Up-to-date symlink: /home/paranavision/ros2_ws/QPath_ROS2_ws/install/live_analysis_interfaces/include/live_analysis_interfaces/msg/test_request_client.h
-- Up-to-date symlink: /home/paranavision/ros2_ws/QPath_ROS2_ws/install/live_analysis_interfaces/include/live_analysis_interfaces/msg/test_result.h
-- Up-to-date symlink: /home/paranavision/ros2_ws/QPath_ROS2_ws/install/live_analysis_interfaces/include/live_analysis_interfaces/msg/train_request.h
-- Up-to-date symlink: /home/paranavision/ros2_ws/QPath_ROS2_ws/install/live_analysis_interfaces/include/live_analysis_interfaces/msg/train_request_client.h
-- Up-to-date symlink: /home/paranavision/ros2_ws/QPath_ROS2_ws/install/live_analysis_interfaces/include/live_analysis_interfaces/msg/training_result.h
-- Up-to-date symlink: /home/paranavision/ros2_ws/QPath_ROS2_ws/install/live_analysis_interfaces/share/live_analysis_interfaces/environment/library_path.sh
-- Up-to-date symlink: /home/paranavision/ros2_ws/QPath_ROS2_ws/install/live_analysis_interfaces/share/live_analysis_interfaces/environment/library_path.dsv
-- Symlinking: /home/paranavision/ros2_ws/QPath_ROS2_ws/install/live_analysis_interfaces/include/live_analysis_interfaces/msg/detail/stop_testing_request__rosidl_typesupport_fastrtps_c.h
-- Symlinking: /home/paranavision/ros2_ws/QPath_ROS2_ws/install/live_analysis_interfaces/include/live_analysis_interfaces/msg/detail/stop_training_request__rosidl_typesupport_fastrtps_c.h
-- Up-to-date symlink: /home/paranavision/ros2_ws/QPath_ROS2_ws/install/live_analysis_interfaces/include/live_analysis_interfaces/msg/detail/test_done__rosidl_typesupport_fastrtps_c.h
-- Up-to-date symlink: /home/paranavision/ros2_ws/QPath_ROS2_ws/install/live_analysis_interfaces/include/live_analysis_interfaces/msg/detail/test_progress__rosidl_typesupport_fastrtps_c.h
-- Up-to-date symlink: /home/paranavision/ros2_ws/QPath_ROS2_ws/install/live_analysis_interfaces/include/live_analysis_interfaces/msg/detail/test_request__rosidl_typesupport_fastrtps_c.h
-- Up-to-date symlink: /home/paranavision/ros2_ws/QPath_ROS2_ws/install/live_analysis_interfaces/include/live_analysis_interfaces/msg/detail/test_request_client__rosidl_typesupport_fastrtps_c.h
-- Up-to-date symlink: /home/paranavision/ros2_ws/QPath_ROS2_ws/install/live_analysis_interfaces/include/live_analysis_interfaces/msg/detail/test_result__rosidl_typesupport_fastrtps_c.h
-- Up-to-date symlink: /home/paranavision/ros2_ws/QPath_ROS2_ws/install/live_analysis_interfaces/include/live_analysis_interfaces/msg/detail/train_request__rosidl_typesupport_fastrtps_c.h
-- Up-to-date symlink: /home/paranavision/ros2_ws/QPath_ROS2_ws/install/live_analysis_interfaces/include/live_analysis_interfaces/msg/detail/train_request_client__rosidl_typesupport_fastrtps_c.h
-- Up-to-date symlink: /home/paranavision/ros2_ws/QPath_ROS2_ws/install/live_analysis_interfaces/include/live_analysis_interfaces/msg/detail/training_result__rosidl_typesupport_fastrtps_c.h
-- Up-to-date symlink: /home/paranavision/ros2_ws/QPath_ROS2_ws/install/live_analysis_interfaces/include/live_analysis_interfaces/msg/rosidl_typesupport_fastrtps_c__visibility_control.h
-- Up-to-date symlink: /home/paranavision/ros2_ws/QPath_ROS2_ws/install/live_analysis_interfaces/lib/liblive_analysis_interfaces__rosidl_typesupport_fastrtps_c.so
-- Symlinking: /home/paranavision/ros2_ws/QPath_ROS2_ws/install/live_analysis_interfaces/include/live_analysis_interfaces/msg/detail/stop_testing_request__rosidl_typesupport_fastrtps_cpp.hpp
-- Symlinking: /home/paranavision/ros2_ws/QPath_ROS2_ws/install/live_analysis_interfaces/include/live_analysis_interfaces/msg/detail/stop_training_request__rosidl_typesupport_fastrtps_cpp.hpp
-- Up-to-date symlink: /home/paranavision/ros2_ws/QPath_ROS2_ws/install/live_analysis_interfaces/include/live_analysis_interfaces/msg/detail/test_done__rosidl_typesupport_fastrtps_cpp.hpp
-- Up-to-date symlink: /home/paranavision/ros2_ws/QPath_ROS2_ws/install/live_analysis_interfaces/include/live_analysis_interfaces/msg/detail/test_progress__rosidl_typesupport_fastrtps_cpp.hpp
-- Up-to-date symlink: /home/paranavision/ros2_ws/QPath_ROS2_ws/install/live_analysis_interfaces/include/live_analysis_interfaces/msg/detail/test_request__rosidl_typesupport_fastrtps_cpp.hpp
-- Up-to-date symlink: /home/paranavision/ros2_ws/QPath_ROS2_ws/install/live_analysis_interfaces/include/live_analysis_interfaces/msg/detail/test_request_client__rosidl_typesupport_fastrtps_cpp.hpp
-- Up-to-date symlink: /home/paranavision/ros2_ws/QPath_ROS2_ws/install/live_analysis_interfaces/include/live_analysis_interfaces/msg/detail/test_result__rosidl_typesupport_fastrtps_cpp.hpp
-- Up-to-date symlink: /home/paranavision/ros2_ws/QPath_ROS2_ws/install/live_analysis_interfaces/include/live_analysis_interfaces/msg/detail/train_request__rosidl_typesupport_fastrtps_cpp.hpp
-- Up-to-date symlink: /home/paranavision/ros2_ws/QPath_ROS2_ws/install/live_analysis_interfaces/include/live_analysis_interfaces/msg/detail/train_request_client__rosidl_typesupport_fastrtps_cpp.hpp
-- Up-to-date symlink: /home/paranavision/ros2_ws/QPath_ROS2_ws/install/live_analysis_interfaces/include/live_analysis_interfaces/msg/detail/training_result__rosidl_typesupport_fastrtps_cpp.hpp
-- Up-to-date symlink: /home/paranavision/ros2_ws/QPath_ROS2_ws/install/live_analysis_interfaces/include/live_analysis_interfaces/msg/rosidl_typesupport_fastrtps_cpp__visibility_control.h
-- Up-to-date symlink: /home/paranavision/ros2_ws/QPath_ROS2_ws/install/live_analysis_interfaces/lib/liblive_analysis_interfaces__rosidl_typesupport_fastrtps_cpp.so
-- Symlinking: /home/paranavision/ros2_ws/QPath_ROS2_ws/install/live_analysis_interfaces/include/live_analysis_interfaces/msg/detail/stop_testing_request__rosidl_typesupport_introspection_c.h
-- Symlinking: /home/paranavision/ros2_ws/QPath_ROS2_ws/install/live_analysis_interfaces/include/live_analysis_interfaces/msg/detail/stop_training_request__rosidl_typesupport_introspection_c.h
-- Up-to-date symlink: /home/paranavision/ros2_ws/QPath_ROS2_ws/install/live_analysis_interfaces/include/live_analysis_interfaces/msg/detail/test_done__rosidl_typesupport_introspection_c.h
-- Up-to-date symlink: /home/paranavision/ros2_ws/QPath_ROS2_ws/install/live_analysis_interfaces/include/live_analysis_interfaces/msg/detail/test_progress__rosidl_typesupport_introspection_c.h
-- Up-to-date symlink: /home/paranavision/ros2_ws/QPath_ROS2_ws/install/live_analysis_interfaces/include/live_analysis_interfaces/msg/detail/test_request__rosidl_typesupport_introspection_c.h
-- Up-to-date symlink: /home/paranavision/ros2_ws/QPath_ROS2_ws/install/live_analysis_interfaces/include/live_analysis_interfaces/msg/detail/test_request_client__rosidl_typesupport_introspection_c.h
-- Up-to-date symlink: /home/paranavision/ros2_ws/QPath_ROS2_ws/install/live_analysis_interfaces/include/live_analysis_interfaces/msg/detail/test_result__rosidl_typesupport_introspection_c.h
-- Up-to-date symlink: /home/paranavision/ros2_ws/QPath_ROS2_ws/install/live_analysis_interfaces/include/live_analysis_interfaces/msg/detail/train_request__rosidl_typesupport_introspection_c.h
-- Up-to-date symlink: /home/paranavision/ros2_ws/QPath_ROS2_ws/install/live_analysis_interfaces/include/live_analysis_interfaces/msg/detail/train_request_client__rosidl_typesupport_introspection_c.h
-- Up-to-date symlink: /home/paranavision/ros2_ws/QPath_ROS2_ws/install/live_analysis_interfaces/include/live_analysis_interfaces/msg/detail/training_result__rosidl_typesupport_introspection_c.h
-- Up-to-date symlink: /home/paranavision/ros2_ws/QPath_ROS2_ws/install/live_analysis_interfaces/include/live_analysis_interfaces/msg/rosidl_typesupport_introspection_c__visibility_control.h
-- Symlinking: /home/paranavision/ros2_ws/QPath_ROS2_ws/install/live_analysis_interfaces/include/live_analysis_interfaces/msg/detail/stop_testing_request__builder.hpp
-- Symlinking: /home/paranavision/ros2_ws/QPath_ROS2_ws/install/live_analysis_interfaces/include/live_analysis_interfaces/msg/detail/stop_testing_request__struct.hpp
-- Symlinking: /home/paranavision/ros2_ws/QPath_ROS2_ws/install/live_analysis_interfaces/include/live_analysis_interfaces/msg/detail/stop_testing_request__traits.hpp
-- Symlinking: /home/paranavision/ros2_ws/QPath_ROS2_ws/install/live_analysis_interfaces/include/live_analysis_interfaces/msg/detail/stop_training_request__builder.hpp
-- Symlinking: /home/paranavision/ros2_ws/QPath_ROS2_ws/install/live_analysis_interfaces/include/live_analysis_interfaces/msg/detail/stop_training_request__struct.hpp
-- Symlinking: /home/paranavision/ros2_ws/QPath_ROS2_ws/install/live_analysis_interfaces/include/live_analysis_interfaces/msg/detail/stop_training_request__traits.hpp
-- Up-to-date symlink: /home/paranavision/ros2_ws/QPath_ROS2_ws/install/live_analysis_interfaces/include/live_analysis_interfaces/msg/detail/test_done__builder.hpp
-- Up-to-date symlink: /home/paranavision/ros2_ws/QPath_ROS2_ws/install/live_analysis_interfaces/include/live_analysis_interfaces/msg/detail/test_done__struct.hpp
-- Up-to-date symlink: /home/paranavision/ros2_ws/QPath_ROS2_ws/install/live_analysis_interfaces/include/live_analysis_interfaces/msg/detail/test_done__traits.hpp
-- Up-to-date symlink: /home/paranavision/ros2_ws/QPath_ROS2_ws/install/live_analysis_interfaces/include/live_analysis_interfaces/msg/detail/test_progress__builder.hpp
-- Up-to-date symlink: /home/paranavision/ros2_ws/QPath_ROS2_ws/install/live_analysis_interfaces/include/live_analysis_interfaces/msg/detail/test_progress__struct.hpp
-- Up-to-date symlink: /home/paranavision/ros2_ws/QPath_ROS2_ws/install/live_analysis_interfaces/include/live_analysis_interfaces/msg/detail/test_progress__traits.hpp
-- Up-to-date symlink: /home/paranavision/ros2_ws/QPath_ROS2_ws/install/live_analysis_interfaces/include/live_analysis_interfaces/msg/detail/test_request__builder.hpp
-- Up-to-date symlink: /home/paranavision/ros2_ws/QPath_ROS2_ws/install/live_analysis_interfaces/include/live_analysis_interfaces/msg/detail/test_request__struct.hpp
-- Up-to-date symlink: /home/paranavision/ros2_ws/QPath_ROS2_ws/install/live_analysis_interfaces/include/live_analysis_interfaces/msg/detail/test_request__traits.hpp
-- Up-to-date symlink: /home/paranavision/ros2_ws/QPath_ROS2_ws/install/live_analysis_interfaces/include/live_analysis_interfaces/msg/detail/test_request_client__builder.hpp
-- Up-to-date symlink: /home/paranavision/ros2_ws/QPath_ROS2_ws/install/live_analysis_interfaces/include/live_analysis_interfaces/msg/detail/test_request_client__struct.hpp
-- Up-to-date symlink: /home/paranavision/ros2_ws/QPath_ROS2_ws/install/live_analysis_interfaces/include/live_analysis_interfaces/msg/detail/test_request_client__traits.hpp
-- Up-to-date symlink: /home/paranavision/ros2_ws/QPath_ROS2_ws/install/live_analysis_interfaces/include/live_analysis_interfaces/msg/detail/test_result__builder.hpp
-- Up-to-date symlink: /home/paranavision/ros2_ws/QPath_ROS2_ws/install/live_analysis_interfaces/include/live_analysis_interfaces/msg/detail/test_result__struct.hpp
-- Up-to-date symlink: /home/paranavision/ros2_ws/QPath_ROS2_ws/install/live_analysis_interfaces/include/live_analysis_interfaces/msg/detail/test_result__traits.hpp
-- Up-to-date symlink: /home/paranavision/ros2_ws/QPath_ROS2_ws/install/live_analysis_interfaces/include/live_analysis_interfaces/msg/detail/train_request__builder.hpp
-- Up-to-date symlink: /home/paranavision/ros2_ws/QPath_ROS2_ws/install/live_analysis_interfaces/include/live_analysis_interfaces/msg/detail/train_request__struct.hpp
-- Up-to-date symlink: /home/paranavision/ros2_ws/QPath_ROS2_ws/install/live_analysis_interfaces/include/live_analysis_interfaces/msg/detail/train_request__traits.hpp
-- Up-to-date symlink: /home/paranavision/ros2_ws/QPath_ROS2_ws/install/live_analysis_interfaces/include/live_analysis_interfaces/msg/detail/train_request_client__builder.hpp
-- Up-to-date symlink: /home/paranavision/ros2_ws/QPath_ROS2_ws/install/live_analysis_interfaces/include/live_analysis_interfaces/msg/detail/train_request_client__struct.hpp
-- Up-to-date symlink: /home/paranavision/ros2_ws/QPath_ROS2_ws/install/live_analysis_interfaces/include/live_analysis_interfaces/msg/detail/train_request_client__traits.hpp
-- Up-to-date symlink: /home/paranavision/ros2_ws/QPath_ROS2_ws/install/live_analysis_interfaces/include/live_analysis_interfaces/msg/detail/training_result__builder.hpp
-- Up-to-date symlink: /home/paranavision/ros2_ws/QPath_ROS2_ws/install/live_analysis_interfaces/include/live_analysis_interfaces/msg/detail/training_result__struct.hpp
-- Up-to-date symlink: /home/paranavision/ros2_ws/QPath_ROS2_ws/install/live_analysis_interfaces/include/live_analysis_interfaces/msg/detail/training_result__traits.hpp
-- Symlinking: /home/paranavision/ros2_ws/QPath_ROS2_ws/install/live_analysis_interfaces/include/live_analysis_interfaces/msg/stop_testing_request.hpp
-- Symlinking: /home/paranavision/ros2_ws/QPath_ROS2_ws/install/live_analysis_interfaces/include/live_analysis_interfaces/msg/stop_training_request.hpp
-- Up-to-date symlink: /home/paranavision/ros2_ws/QPath_ROS2_ws/install/live_analysis_interfaces/include/live_analysis_interfaces/msg/test_done.hpp
-- Up-to-date symlink: /home/paranavision/ros2_ws/QPath_ROS2_ws/install/live_analysis_interfaces/include/live_analysis_interfaces/msg/test_progress.hpp
-- Up-to-date symlink: /home/paranavision/ros2_ws/QPath_ROS2_ws/install/live_analysis_interfaces/include/live_analysis_interfaces/msg/test_request.hpp
-- Up-to-date symlink: /home/paranavision/ros2_ws/QPath_ROS2_ws/install/live_analysis_interfaces/include/live_analysis_interfaces/msg/test_request_client.hpp
-- Up-to-date symlink: /home/paranavision/ros2_ws/QPath_ROS2_ws/install/live_analysis_interfaces/include/live_analysis_interfaces/msg/test_result.hpp
-- Up-to-date symlink: /home/paranavision/ros2_ws/QPath_ROS2_ws/install/live_analysis_interfaces/include/live_analysis_interfaces/msg/train_request.hpp
-- Up-to-date symlink: /home/paranavision/ros2_ws/QPath_ROS2_ws/install/live_analysis_interfaces/include/live_analysis_interfaces/msg/train_request_client.hpp
-- Up-to-date symlink: /home/paranavision/ros2_ws/QPath_ROS2_ws/install/live_analysis_interfaces/include/live_analysis_interfaces/msg/training_result.hpp
-- Symlinking: /home/paranavision/ros2_ws/QPath_ROS2_ws/install/live_analysis_interfaces/include/live_analysis_interfaces/msg/detail/stop_testing_request__rosidl_typesupport_introspection_cpp.hpp
-- Symlinking: /home/paranavision/ros2_ws/QPath_ROS2_ws/install/live_analysis_interfaces/include/live_analysis_interfaces/msg/detail/stop_training_request__rosidl_typesupport_introspection_cpp.hpp
-- Up-to-date symlink: /home/paranavision/ros2_ws/QPath_ROS2_ws/install/live_analysis_interfaces/include/live_analysis_interfaces/msg/detail/test_done__rosidl_typesupport_introspection_cpp.hpp
-- Up-to-date symlink: /home/paranavision/ros2_ws/QPath_ROS2_ws/install/live_analysis_interfaces/include/live_analysis_interfaces/msg/detail/test_progress__rosidl_typesupport_introspection_cpp.hpp
-- Up-to-date symlink: /home/paranavision/ros2_ws/QPath_ROS2_ws/install/live_analysis_interfaces/include/live_analysis_interfaces/msg/detail/test_request__rosidl_typesupport_introspection_cpp.hpp
-- Up-to-date symlink: /home/paranavision/ros2_ws/QPath_ROS2_ws/install/live_analysis_interfaces/include/live_analysis_interfaces/msg/detail/test_request_client__rosidl_typesupport_introspection_cpp.hpp
-- Up-to-date symlink: /home/paranavision/ros2_ws/QPath_ROS2_ws/install/live_analysis_interfaces/include/live_analysis_interfaces/msg/detail/test_result__rosidl_typesupport_introspection_cpp.hpp
-- Up-to-date symlink: /home/paranavision/ros2_ws/QPath_ROS2_ws/install/live_analysis_interfaces/include/live_analysis_interfaces/msg/detail/train_request__rosidl_typesupport_introspection_cpp.hpp
-- Up-to-date symlink: /home/paranavision/ros2_ws/QPath_ROS2_ws/install/live_analysis_interfaces/include/live_analysis_interfaces/msg/detail/train_request_client__rosidl_typesupport_introspection_cpp.hpp
-- Up-to-date symlink: /home/paranavision/ros2_ws/QPath_ROS2_ws/install/live_analysis_interfaces/include/live_analysis_interfaces/msg/detail/training_result__rosidl_typesupport_introspection_cpp.hpp
-- Up-to-date symlink: /home/paranavision/ros2_ws/QPath_ROS2_ws/install/live_analysis_interfaces/share/live_analysis_interfaces/environment/pythonpath.sh
-- Up-to-date symlink: /home/paranavision/ros2_ws/QPath_ROS2_ws/install/live_analysis_interfaces/share/live_analysis_interfaces/environment/pythonpath.dsv
-- Up-to-date symlink: /home/paranavision/ros2_ws/QPath_ROS2_ws/install/live_analysis_interfaces/lib/python3.9/site-packages/live_analysis_interfaces-0.1.0-py3.9.egg-info/PKG-INFO
-- Up-to-date symlink: /home/paranavision/ros2_ws/QPath_ROS2_ws/install/live_analysis_interfaces/lib/python3.9/site-packages/live_analysis_interfaces-0.1.0-py3.9.egg-info/SOURCES.txt
-- Up-to-date symlink: /home/paranavision/ros2_ws/QPath_ROS2_ws/install/live_analysis_interfaces/lib/python3.9/site-packages/live_analysis_interfaces-0.1.0-py3.9.egg-info/dependency_links.txt
-- Up-to-date symlink: /home/paranavision/ros2_ws/QPath_ROS2_ws/install/live_analysis_interfaces/lib/python3.9/site-packages/live_analysis_interfaces-0.1.0-py3.9.egg-info/top_level.txt
-- Up-to-date symlink: /home/paranavision/ros2_ws/QPath_ROS2_ws/install/live_analysis_interfaces/lib/python3.9/site-packages/live_analysis_interfaces/__init__.py
-- Up-to-date symlink: /home/paranavision/ros2_ws/QPath_ROS2_ws/install/live_analysis_interfaces/lib/python3.9/site-packages/live_analysis_interfaces/_live_analysis_interfaces_s.ep.rosidl_typesupport_c.c
-- Up-to-date symlink: /home/paranavision/ros2_ws/QPath_ROS2_ws/install/live_analysis_interfaces/lib/python3.9/site-packages/live_analysis_interfaces/_live_analysis_interfaces_s.ep.rosidl_typesupport_fastrtps_c.c
-- Up-to-date symlink: /home/paranavision/ros2_ws/QPath_ROS2_ws/install/live_analysis_interfaces/lib/python3.9/site-packages/live_analysis_interfaces/_live_analysis_interfaces_s.ep.rosidl_typesupport_introspection_c.c
-- Up-to-date symlink: /home/paranavision/ros2_ws/QPath_ROS2_ws/install/live_analysis_interfaces/lib/python3.9/site-packages/live_analysis_interfaces/liblive_analysis_interfaces__rosidl_generator_py.so
-- Up-to-date symlink: /home/paranavision/ros2_ws/QPath_ROS2_ws/install/live_analysis_interfaces/lib/python3.9/site-packages/live_analysis_interfaces/live_analysis_interfaces_s__rosidl_typesupport_c.cpython-38-x86_64-linux-gnu.so
-- Up-to-date symlink: /home/paranavision/ros2_ws/QPath_ROS2_ws/install/live_analysis_interfaces/lib/python3.9/site-packages/live_analysis_interfaces/live_analysis_interfaces_s__rosidl_typesupport_fastrtps_c.cpython-38-x86_64-linux-gnu.so
-- Up-to-date symlink: /home/paranavision/ros2_ws/QPath_ROS2_ws/install/live_analysis_interfaces/lib/python3.9/site-packages/live_analysis_interfaces/live_analysis_interfaces_s__rosidl_typesupport_introspection_c.cpython-38-x86_64-linux-gnu.so
-- Up-to-date symlink: /home/paranavision/ros2_ws/QPath_ROS2_ws/install/live_analysis_interfaces/lib/python3.9/site-packages/live_analysis_interfaces/msg/__init__.py
-- Symlinking: /home/paranavision/ros2_ws/QPath_ROS2_ws/install/live_analysis_interfaces/lib/python3.9/site-packages/live_analysis_interfaces/msg/_stop_testing_request.py
-- Symlinking: /home/paranavision/ros2_ws/QPath_ROS2_ws/install/live_analysis_interfaces/lib/python3.9/site-packages/live_analysis_interfaces/msg/_stop_testing_request_s.c
-- Symlinking: /home/paranavision/ros2_ws/QPath_ROS2_ws/install/live_analysis_interfaces/lib/python3.9/site-packages/live_analysis_interfaces/msg/_stop_training_request.py
-- Symlinking: /home/paranavision/ros2_ws/QPath_ROS2_ws/install/live_analysis_interfaces/lib/python3.9/site-packages/live_analysis_interfaces/msg/_stop_training_request_s.c
-- Up-to-date symlink: /home/paranavision/ros2_ws/QPath_ROS2_ws/install/live_analysis_interfaces/lib/python3.9/site-packages/live_analysis_interfaces/msg/_test_done.py
-- Up-to-date symlink: /home/paranavision/ros2_ws/QPath_ROS2_ws/install/live_analysis_interfaces/lib/python3.9/site-packages/live_analysis_interfaces/msg/_test_done_s.c
-- Up-to-date symlink: /home/paranavision/ros2_ws/QPath_ROS2_ws/install/live_analysis_interfaces/lib/python3.9/site-packages/live_analysis_interfaces/msg/_test_progress.py
-- Up-to-date symlink: /home/paranavision/ros2_ws/QPath_ROS2_ws/install/live_analysis_interfaces/lib/python3.9/site-packages/live_analysis_interfaces/msg/_test_progress_s.c
-- Up-to-date symlink: /home/paranavision/ros2_ws/QPath_ROS2_ws/install/live_analysis_interfaces/lib/python3.9/site-packages/live_analysis_interfaces/msg/_test_request.py
-- Up-to-date symlink: /home/paranavision/ros2_ws/QPath_ROS2_ws/install/live_analysis_interfaces/lib/python3.9/site-packages/live_analysis_interfaces/msg/_test_request_client.py
-- Up-to-date symlink: /home/paranavision/ros2_ws/QPath_ROS2_ws/install/live_analysis_interfaces/lib/python3.9/site-packages/live_analysis_interfaces/msg/_test_request_client_s.c
-- Up-to-date symlink: /home/paranavision/ros2_ws/QPath_ROS2_ws/install/live_analysis_interfaces/lib/python3.9/site-packages/live_analysis_interfaces/msg/_test_request_s.c
-- Up-to-date symlink: /home/paranavision/ros2_ws/QPath_ROS2_ws/install/live_analysis_interfaces/lib/python3.9/site-packages/live_analysis_interfaces/msg/_test_result.py
-- Up-to-date symlink: /home/paranavision/ros2_ws/QPath_ROS2_ws/install/live_analysis_interfaces/lib/python3.9/site-packages/live_analysis_interfaces/msg/_test_result_s.c
-- Up-to-date symlink: /home/paranavision/ros2_ws/QPath_ROS2_ws/install/live_analysis_interfaces/lib/python3.9/site-packages/live_analysis_interfaces/msg/_train_request.py
-- Up-to-date symlink: /home/paranavision/ros2_ws/QPath_ROS2_ws/install/live_analysis_interfaces/lib/python3.9/site-packages/live_analysis_interfaces/msg/_train_request_client.py
-- Up-to-date symlink: /home/paranavision/ros2_ws/QPath_ROS2_ws/install/live_analysis_interfaces/lib/python3.9/site-packages/live_analysis_interfaces/msg/_train_request_client_s.c
-- Up-to-date symlink: /home/paranavision/ros2_ws/QPath_ROS2_ws/install/live_analysis_interfaces/lib/python3.9/site-packages/live_analysis_interfaces/msg/_train_request_s.c
-- Up-to-date symlink: /home/paranavision/ros2_ws/QPath_ROS2_ws/install/live_analysis_interfaces/lib/python3.9/site-packages/live_analysis_interfaces/msg/_training_result.py
-- Up-to-date symlink: /home/paranavision/ros2_ws/QPath_ROS2_ws/install/live_analysis_interfaces/lib/python3.9/site-packages/live_analysis_interfaces/msg/_training_result_s.c
-- Up-to-date symlink: /home/paranavision/ros2_ws/QPath_ROS2_ws/install/live_analysis_interfaces/lib/python3.9/site-packages/live_analysis_interfaces/live_analysis_interfaces_s__rosidl_typesupport_fastrtps_c.cpython-38-x86_64-linux-gnu.so
-- Up-to-date symlink: /home/paranavision/ros2_ws/QPath_ROS2_ws/install/live_analysis_interfaces/lib/python3.9/site-packages/live_analysis_interfaces/live_analysis_interfaces_s__rosidl_typesupport_introspection_c.cpython-38-x86_64-linux-gnu.so
-- Up-to-date symlink: /home/paranavision/ros2_ws/QPath_ROS2_ws/install/live_analysis_interfaces/lib/python3.9/site-packages/live_analysis_interfaces/live_analysis_interfaces_s__rosidl_typesupport_c.cpython-38-x86_64-linux-gnu.so
-- Up-to-date symlink: /home/paranavision/ros2_ws/QPath_ROS2_ws/install/live_analysis_interfaces/share/live_analysis_interfaces/msg/TestRequest.idl
-- Up-to-date symlink: /home/paranavision/ros2_ws/QPath_ROS2_ws/install/live_analysis_interfaces/share/live_analysis_interfaces/msg/TestRequestClient.idl
-- Up-to-date symlink: /home/paranavision/ros2_ws/QPath_ROS2_ws/install/live_analysis_interfaces/share/live_analysis_interfaces/msg/TestResult.idl
-- Up-to-date symlink: /home/paranavision/ros2_ws/QPath_ROS2_ws/install/live_analysis_interfaces/share/live_analysis_interfaces/msg/TrainRequest.idl
-- Up-to-date symlink: /home/paranavision/ros2_ws/QPath_ROS2_ws/install/live_analysis_interfaces/share/live_analysis_interfaces/msg/TrainRequestClient.idl
-- Up-to-date symlink: /home/paranavision/ros2_ws/QPath_ROS2_ws/install/live_analysis_interfaces/share/live_analysis_interfaces/msg/TrainingResult.idl
-- Up-to-date symlink: /home/paranavision/ros2_ws/QPath_ROS2_ws/install/live_analysis_interfaces/share/live_analysis_interfaces/msg/TestDone.idl
-- Up-to-date symlink: /home/paranavision/ros2_ws/QPath_ROS2_ws/install/live_analysis_interfaces/share/live_analysis_interfaces/msg/TestProgress.idl
-- Symlinking: /home/paranavision/ros2_ws/QPath_ROS2_ws/install/live_analysis_interfaces/share/live_analysis_interfaces/msg/StopTrainingRequest.idl
-- Symlinking: /home/paranavision/ros2_ws/QPath_ROS2_ws/install/live_analysis_interfaces/share/live_analysis_interfaces/msg/StopTestingRequest.idl
-- Up-to-date symlink: /home/paranavision/ros2_ws/QPath_ROS2_ws/install/live_analysis_interfaces/share/live_analysis_interfaces/msg/TestRequest.msg
-- Up-to-date symlink: /home/paranavision/ros2_ws/QPath_ROS2_ws/install/live_analysis_interfaces/share/live_analysis_interfaces/msg/TestRequestClient.msg
-- Up-to-date symlink: /home/paranavision/ros2_ws/QPath_ROS2_ws/install/live_analysis_interfaces/share/live_analysis_interfaces/msg/TestResult.msg
-- Up-to-date symlink: /home/paranavision/ros2_ws/QPath_ROS2_ws/install/live_analysis_interfaces/share/live_analysis_interfaces/msg/TrainRequest.msg
-- Up-to-date symlink: /home/paranavision/ros2_ws/QPath_ROS2_ws/install/live_analysis_interfaces/share/live_analysis_interfaces/msg/TrainRequestClient.msg
-- Up-to-date symlink: /home/paranavision/ros2_ws/QPath_ROS2_ws/install/live_analysis_interfaces/share/live_analysis_interfaces/msg/TrainingResult.msg
-- Up-to-date symlink: /home/paranavision/ros2_ws/QPath_ROS2_ws/install/live_analysis_interfaces/share/live_analysis_interfaces/msg/TestDone.msg
-- Up-to-date symlink: /home/paranavision/ros2_ws/QPath_ROS2_ws/install/live_analysis_interfaces/share/live_analysis_interfaces/msg/TestProgress.msg
-- Symlinking: /home/paranavision/ros2_ws/QPath_ROS2_ws/install/live_analysis_interfaces/share/live_analysis_interfaces/msg/StopTrainingRequest.msg
-- Symlinking: /home/paranavision/ros2_ws/QPath_ROS2_ws/install/live_analysis_interfaces/share/live_analysis_interfaces/msg/StopTestingRequest.msg
-- Up-to-date symlink: /home/paranavision/ros2_ws/QPath_ROS2_ws/install/live_analysis_interfaces/share/ament_index/resource_index/package_run_dependencies/live_analysis_interfaces
-- Up-to-date symlink: /home/paranavision/ros2_ws/QPath_ROS2_ws/install/live_analysis_interfaces/share/ament_index/resource_index/parent_prefix_path/live_analysis_interfaces
-- Up-to-date symlink: /home/paranavision/ros2_ws/QPath_ROS2_ws/install/live_analysis_interfaces/share/live_analysis_interfaces/environment/ament_prefix_path.sh
-- Up-to-date symlink: /home/paranavision/ros2_ws/QPath_ROS2_ws/install/live_analysis_interfaces/share/live_analysis_interfaces/environment/ament_prefix_path.dsv
-- Up-to-date symlink: /home/paranavision/ros2_ws/QPath_ROS2_ws/install/live_analysis_interfaces/share/live_analysis_interfaces/environment/path.sh
-- Up-to-date symlink: /home/paranavision/ros2_ws/QPath_ROS2_ws/install/live_analysis_interfaces/share/live_analysis_interfaces/environment/path.dsv
-- Up-to-date symlink: /home/paranavision/ros2_ws/QPath_ROS2_ws/install/live_analysis_interfaces/share/live_analysis_interfaces/local_setup.bash
-- Up-to-date symlink: /home/paranavision/ros2_ws/QPath_ROS2_ws/install/live_analysis_interfaces/share/live_analysis_interfaces/local_setup.sh
-- Up-to-date symlink: /home/paranavision/ros2_ws/QPath_ROS2_ws/install/live_analysis_interfaces/share/live_analysis_interfaces/local_setup.zsh
-- Up-to-date symlink: /home/paranavision/ros2_ws/QPath_ROS2_ws/install/live_analysis_interfaces/share/live_analysis_interfaces/local_setup.dsv
-- Symlinking: /home/paranavision/ros2_ws/QPath_ROS2_ws/install/live_analysis_interfaces/share/live_analysis_interfaces/package.dsv
-- Up-to-date symlink: /home/paranavision/ros2_ws/QPath_ROS2_ws/install/live_analysis_interfaces/share/ament_index/resource_index/packages/live_analysis_interfaces
-- Up-to-date symlink: /home/paranavision/ros2_ws/QPath_ROS2_ws/install/live_analysis_interfaces/share/live_analysis_interfaces/cmake/rosidl_cmake-extras.cmake
-- Up-to-date symlink: /home/paranavision/ros2_ws/QPath_ROS2_ws/install/live_analysis_interfaces/share/live_analysis_interfaces/cmake/ament_cmake_export_dependencies-extras.cmake
-- Up-to-date symlink: /home/paranavision/ros2_ws/QPath_ROS2_ws/install/live_analysis_interfaces/share/live_analysis_interfaces/cmake/ament_cmake_export_libraries-extras.cmake
-- Up-to-date symlink: /home/paranavision/ros2_ws/QPath_ROS2_ws/install/live_analysis_interfaces/share/live_analysis_interfaces/cmake/ament_cmake_export_targets-extras.cmake
-- Up-to-date symlink: /home/paranavision/ros2_ws/QPath_ROS2_ws/install/live_analysis_interfaces/share/live_analysis_interfaces/cmake/ament_cmake_export_include_directories-extras.cmake
-- Up-to-date symlink: /home/paranavision/ros2_ws/QPath_ROS2_ws/install/live_analysis_interfaces/share/live_analysis_interfaces/cmake/rosidl_cmake_export_typesupport_libraries-extras.cmake
-- Up-to-date symlink: /home/paranavision/ros2_ws/QPath_ROS2_ws/install/live_analysis_interfaces/share/live_analysis_interfaces/cmake/rosidl_cmake_export_typesupport_targets-extras.cmake
-- Up-to-date symlink: /home/paranavision/ros2_ws/QPath_ROS2_ws/install/live_analysis_interfaces/share/live_analysis_interfaces/cmake/live_analysis_interfacesConfig.cmake
-- Up-to-date symlink: /home/paranavision/ros2_ws/QPath_ROS2_ws/install/live_analysis_interfaces/share/live_analysis_interfaces/cmake/live_analysis_interfacesConfig-version.cmake
-- Up-to-date symlink: /home/paranavision/ros2_ws/QPath_ROS2_ws/install/live_analysis_interfaces/share/live_analysis_interfaces/package.xml
-- Installing: /home/paranavision/ros2_ws/QPath_ROS2_ws/install/live_analysis_interfaces/lib/liblive_analysis_interfaces__rosidl_generator_c.so
-- Set runtime path of "/home/paranavision/ros2_ws/QPath_ROS2_ws/install/live_analysis_interfaces/lib/liblive_analysis_interfaces__rosidl_generator_c.so" to ""
-- Installing: /home/paranavision/ros2_ws/QPath_ROS2_ws/install/live_analysis_interfaces/lib/liblive_analysis_interfaces__rosidl_typesupport_introspection_c.so
-- Set runtime path of "/home/paranavision/ros2_ws/QPath_ROS2_ws/install/live_analysis_interfaces/lib/liblive_analysis_interfaces__rosidl_typesupport_introspection_c.so" to ""
-- Installing: /home/paranavision/ros2_ws/QPath_ROS2_ws/install/live_analysis_interfaces/lib/liblive_analysis_interfaces__rosidl_typesupport_c.so
-- Set runtime path of "/home/paranavision/ros2_ws/QPath_ROS2_ws/install/live_analysis_interfaces/lib/liblive_analysis_interfaces__rosidl_typesupport_c.so" to ""
-- Installing: /home/paranavision/ros2_ws/QPath_ROS2_ws/install/live_analysis_interfaces/lib/liblive_analysis_interfaces__rosidl_typesupport_introspection_cpp.so
-- Set runtime path of "/home/paranavision/ros2_ws/QPath_ROS2_ws/install/live_analysis_interfaces/lib/liblive_analysis_interfaces__rosidl_typesupport_introspection_cpp.so" to ""
-- Installing: /home/paranavision/ros2_ws/QPath_ROS2_ws/install/live_analysis_interfaces/lib/liblive_analysis_interfaces__rosidl_typesupport_cpp.so
-- Set runtime path of "/home/paranavision/ros2_ws/QPath_ROS2_ws/install/live_analysis_interfaces/lib/liblive_analysis_interfaces__rosidl_typesupport_cpp.so" to ""
Listing '/home/paranavision/ros2_ws/QPath_ROS2_ws/install/live_analysis_interfaces/lib/python3.9/site-packages/live_analysis_interfaces'...
Compiling '/home/paranavision/ros2_ws/QPath_ROS2_ws/install/live_analysis_interfaces/lib/python3.9/site-packages/live_analysis_interfaces/__init__.py'...
Listing '/home/paranavision/ros2_ws/QPath_ROS2_ws/install/live_analysis_interfaces/lib/python3.9/site-packages/live_analysis_interfaces/msg'...
Compiling '/home/paranavision/ros2_ws/QPath_ROS2_ws/install/live_analysis_interfaces/lib/python3.9/site-packages/live_analysis_interfaces/msg/__init__.py'...
Compiling '/home/paranavision/ros2_ws/QPath_ROS2_ws/install/live_analysis_interfaces/lib/python3.9/site-packages/live_analysis_interfaces/msg/_stop_testing_request.py'...
Compiling '/home/paranavision/ros2_ws/QPath_ROS2_ws/install/live_analysis_interfaces/lib/python3.9/site-packages/live_analysis_interfaces/msg/_stop_training_request.py'...
Compiling '/home/paranavision/ros2_ws/QPath_ROS2_ws/install/live_analysis_interfaces/lib/python3.9/site-packages/live_analysis_interfaces/msg/_test_done.py'...
Compiling '/home/paranavision/ros2_ws/QPath_ROS2_ws/install/live_analysis_interfaces/lib/python3.9/site-packages/live_analysis_interfaces/msg/_test_progress.py'...
Compiling '/home/paranavision/ros2_ws/QPath_ROS2_ws/install/live_analysis_interfaces/lib/python3.9/site-packages/live_analysis_interfaces/msg/_test_request.py'...
Compiling '/home/paranavision/ros2_ws/QPath_ROS2_ws/install/live_analysis_interfaces/lib/python3.9/site-packages/live_analysis_interfaces/msg/_test_request_client.py'...
Compiling '/home/paranavision/ros2_ws/QPath_ROS2_ws/install/live_analysis_interfaces/lib/python3.9/site-packages/live_analysis_interfaces/msg/_test_result.py'...
Compiling '/home/paranavision/ros2_ws/QPath_ROS2_ws/install/live_analysis_interfaces/lib/python3.9/site-packages/live_analysis_interfaces/msg/_train_request.py'...
Compiling '/home/paranavision/ros2_ws/QPath_ROS2_ws/install/live_analysis_interfaces/lib/python3.9/site-packages/live_analysis_interfaces/msg/_train_request_client.py'...
Compiling '/home/paranavision/ros2_ws/QPath_ROS2_ws/install/live_analysis_interfaces/lib/python3.9/site-packages/live_analysis_interfaces/msg/_training_result.py'...
-- Installing: /home/paranavision/ros2_ws/QPath_ROS2_ws/install/live_analysis_interfaces/lib/liblive_analysis_interfaces__rosidl_generator_py.so
-- Set runtime path of "/home/paranavision/ros2_ws/QPath_ROS2_ws/install/live_analysis_interfaces/lib/liblive_analysis_interfaces__rosidl_generator_py.so" to ""
-- Up-to-date: /home/paranavision/ros2_ws/QPath_ROS2_ws/install/live_analysis_interfaces/share/live_analysis_interfaces/cmake/live_analysis_interfaces__rosidl_generator_cExport.cmake
-- Installing: /home/paranavision/ros2_ws/QPath_ROS2_ws/install/live_analysis_interfaces/share/live_analysis_interfaces/cmake/live_analysis_interfaces__rosidl_generator_cExport-noconfig.cmake
-- Up-to-date: /home/paranavision/ros2_ws/QPath_ROS2_ws/install/live_analysis_interfaces/share/live_analysis_interfaces/cmake/live_analysis_interfaces__rosidl_typesupport_introspection_cExport.cmake
-- Installing: /home/paranavision/ros2_ws/QPath_ROS2_ws/install/live_analysis_interfaces/share/live_analysis_interfaces/cmake/live_analysis_interfaces__rosidl_typesupport_introspection_cExport-noconfig.cmake
-- Up-to-date: /home/paranavision/ros2_ws/QPath_ROS2_ws/install/live_analysis_interfaces/share/live_analysis_interfaces/cmake/live_analysis_interfaces__rosidl_typesupport_cExport.cmake
-- Installing: /home/paranavision/ros2_ws/QPath_ROS2_ws/install/live_analysis_interfaces/share/live_analysis_interfaces/cmake/live_analysis_interfaces__rosidl_typesupport_cExport-noconfig.cmake
-- Up-to-date: /home/paranavision/ros2_ws/QPath_ROS2_ws/install/live_analysis_interfaces/share/live_analysis_interfaces/cmake/live_analysis_interfaces__rosidl_generator_cppExport.cmake
-- Up-to-date: /home/paranavision/ros2_ws/QPath_ROS2_ws/install/live_analysis_interfaces/share/live_analysis_interfaces/cmake/live_analysis_interfaces__rosidl_typesupport_introspection_cppExport.cmake
-- Installing: /home/paranavision/ros2_ws/QPath_ROS2_ws/install/live_analysis_interfaces/share/live_analysis_interfaces/cmake/live_analysis_interfaces__rosidl_typesupport_introspection_cppExport-noconfig.cmake
-- Up-to-date: /home/paranavision/ros2_ws/QPath_ROS2_ws/install/live_analysis_interfaces/share/live_analysis_interfaces/cmake/live_analysis_interfaces__rosidl_typesupport_cppExport.cmake
-- Installing: /home/paranavision/ros2_ws/QPath_ROS2_ws/install/live_analysis_interfaces/share/live_analysis_interfaces/cmake/live_analysis_interfaces__rosidl_typesupport_cppExport-noconfig.cmake
-- Up-to-date: /home/paranavision/ros2_ws/QPath_ROS2_ws/install/live_analysis_interfaces/share/live_analysis_interfaces/cmake/export_live_analysis_interfaces__rosidl_generator_pyExport.cmake
-- Installing: /home/paranavision/ros2_ws/QPath_ROS2_ws/install/live_analysis_interfaces/share/live_analysis_interfaces/cmake/export_live_analysis_interfaces__rosidl_generator_pyExport-noconfig.cmake
