[0.024s] Invoking command in '/home/paranavision/ros2_ws/QPath_ROS2_ws/build/live_analysis_interfaces': CMAKE_PREFIX_PATH=/opt/ros/rolling /usr/bin/cmake --build /home/paranavision/ros2_ws/QPath_ROS2_ws/build/live_analysis_interfaces -- -j6 -l6
[0.237s] -- Found ament_cmake: 1.2.1 (/opt/ros/rolling/share/ament_cmake/cmake)
[0.237s] -- Override CMake install command with custom implementation using symlinks instead of copying resources
[0.237s] -- Found rosidl_default_generators: 1.1.1 (/opt/ros/rolling/share/rosidl_default_generators/cmake)
[0.237s] -- Using all available rosidl_typesupport_c: rosidl_typesupport_fastrtps_c;rosidl_typesupport_introspection_c
[0.237s] -- Found rosidl_adapter: 3.0.1 (/opt/ros/rolling/share/rosidl_adapter/cmake)
[0.282s] -- Using all available rosidl_typesupport_cpp: rosidl_typesupport_fastrtps_cpp;rosidl_typesupport_introspection_cpp
[0.303s] -- Found std_msgs: 4.0.0 (/opt/ros/rolling/share/std_msgs/cmake)
[0.334s] -- Found sensor_msgs: 4.0.0 (/opt/ros/rolling/share/sensor_msgs/cmake)
[0.936s] -- Found ament_cmake_ros: 0.10.0 (/opt/ros/rolling/share/ament_cmake_ros/cmake)
[1.523s] -- Using all available rosidl_typesupport_c: rosidl_typesupport_fastrtps_c;rosidl_typesupport_introspection_c
[1.957s] -- Using all available rosidl_typesupport_cpp: rosidl_typesupport_fastrtps_cpp;rosidl_typesupport_introspection_cpp
[1.980s] -- Found python_cmake_module: 0.8.1 (/opt/ros/rolling/share/python_cmake_module/cmake)
[2.000s] -- Using PYTHON_EXECUTABLE: /usr/bin/python3
[2.000s] -- Using PYTHON_INCLUDE_DIRS: /usr/include/python3.8
[2.000s] -- Using PYTHON_LIBRARIES: /usr/lib/x86_64-linux-gnu/libpython3.8.so
[2.076s] -- Configuring done
[2.153s] -- Generating done
[2.175s] -- Build files have been written to: /home/paranavision/ros2_ws/QPath_ROS2_ws/build/live_analysis_interfaces
[2.196s] [35m[1mScanning dependencies of target live_analysis_interfaces__cpp[0m
[2.197s] [  1%] [34m[1mGenerating C code for ROS interfaces[0m
[2.206s] [  1%] [34m[1mGenerating C++ code for ROS interfaces[0m
[2.211s] [  1%] Built target ament_cmake_python_symlink_live_analysis_interfaces
[2.522s] running egg_info
[2.522s] writing live_analysis_interfaces.egg-info/PKG-INFO
[2.522s] writing dependency_links to live_analysis_interfaces.egg-info/dependency_links.txt
[2.523s] writing top-level names to live_analysis_interfaces.egg-info/top_level.txt
[2.573s] reading manifest file 'live_analysis_interfaces.egg-info/SOURCES.txt'
[2.574s] writing manifest file 'live_analysis_interfaces.egg-info/SOURCES.txt'
[2.595s] [  1%] Built target ament_cmake_python_build_live_analysis_interfaces_egg
[2.927s] [35m[1mScanning dependencies of target live_analysis_interfaces__rosidl_generator_c[0m
[2.936s] [  2%] [32mBuilding C object CMakeFiles/live_analysis_interfaces__rosidl_generator_c.dir/rosidl_generator_c/live_analysis_interfaces/msg/detail/test_request__functions.c.o[0m
[2.979s] [  3%] [32mBuilding C object CMakeFiles/live_analysis_interfaces__rosidl_generator_c.dir/rosidl_generator_c/live_analysis_interfaces/msg/detail/test_request_client__functions.c.o[0m
[2.979s] [  4%] [32mBuilding C object CMakeFiles/live_analysis_interfaces__rosidl_generator_c.dir/rosidl_generator_c/live_analysis_interfaces/msg/detail/train_request__functions.c.o[0m
[2.979s] [  5%] [32mBuilding C object CMakeFiles/live_analysis_interfaces__rosidl_generator_c.dir/rosidl_generator_c/live_analysis_interfaces/msg/detail/train_request_client__functions.c.o[0m
[2.981s] [  6%] [32mBuilding C object CMakeFiles/live_analysis_interfaces__rosidl_generator_c.dir/rosidl_generator_c/live_analysis_interfaces/msg/detail/test_result__functions.c.o[0m
[3.022s] [  6%] Built target live_analysis_interfaces__cpp
[3.043s] [  7%] [32mBuilding C object CMakeFiles/live_analysis_interfaces__rosidl_generator_c.dir/rosidl_generator_c/live_analysis_interfaces/msg/detail/training_result__functions.c.o[0m
[3.046s] [  8%] [34m[1mGenerating C++ type support dispatch for ROS interfaces[0m
[3.057s] [  9%] [32mBuilding C object CMakeFiles/live_analysis_interfaces__rosidl_generator_c.dir/rosidl_generator_c/live_analysis_interfaces/msg/detail/test_done__functions.c.o[0m
[3.064s] [ 10%] [32mBuilding C object CMakeFiles/live_analysis_interfaces__rosidl_generator_c.dir/rosidl_generator_c/live_analysis_interfaces/msg/detail/test_progress__functions.c.o[0m
[3.067s] [ 11%] [34m[1mGenerating C++ introspection for ROS interfaces[0m
[3.073s] [ 12%] [34m[1mGenerating C++ type support for eProsima Fast-RTPS[0m
[3.094s] [ 13%] [32mBuilding C object CMakeFiles/live_analysis_interfaces__rosidl_generator_c.dir/rosidl_generator_c/live_analysis_interfaces/msg/detail/stop_testing_request__functions.c.o[0m
[3.102s] [ 14%] [32mBuilding C object CMakeFiles/live_analysis_interfaces__rosidl_generator_c.dir/rosidl_generator_c/live_analysis_interfaces/msg/detail/stop_training_request__functions.c.o[0m
[3.150s] [ 15%] [32m[1mLinking C shared library liblive_analysis_interfaces__rosidl_generator_c.so[0m
[3.189s] [ 15%] Built target live_analysis_interfaces__rosidl_generator_c
[3.200s] [ 16%] [34m[1mGenerating C type support dispatch for ROS interfaces[0m
[3.200s] [ 17%] [34m[1mGenerating C introspection for ROS interfaces[0m
[3.546s] [35m[1mScanning dependencies of target live_analysis_interfaces__rosidl_typesupport_cpp[0m
[3.563s] [ 18%] [32mBuilding CXX object CMakeFiles/live_analysis_interfaces__rosidl_typesupport_cpp.dir/rosidl_typesupport_cpp/live_analysis_interfaces/msg/test_request_client__type_support.cpp.o[0m
[3.570s] [ 19%] [32mBuilding CXX object CMakeFiles/live_analysis_interfaces__rosidl_typesupport_cpp.dir/rosidl_typesupport_cpp/live_analysis_interfaces/msg/test_request__type_support.cpp.o[0m
[3.754s] [35m[1mScanning dependencies of target live_analysis_interfaces__rosidl_typesupport_c[0m
[3.792s] [ 20%] [32mBuilding CXX object CMakeFiles/live_analysis_interfaces__rosidl_typesupport_c.dir/rosidl_typesupport_c/live_analysis_interfaces/msg/test_request__type_support.cpp.o[0m
[3.810s] [35m[1mScanning dependencies of target live_analysis_interfaces__rosidl_typesupport_introspection_cpp[0m
[3.820s] [ 21%] [32mBuilding CXX object CMakeFiles/live_analysis_interfaces__rosidl_typesupport_cpp.dir/rosidl_typesupport_cpp/live_analysis_interfaces/msg/test_result__type_support.cpp.o[0m
[3.835s] [ 22%] [32mBuilding CXX object CMakeFiles/live_analysis_interfaces__rosidl_typesupport_introspection_cpp.dir/rosidl_typesupport_introspection_cpp/live_analysis_interfaces/msg/detail/test_request__type_support.cpp.o[0m
[3.837s] [ 23%] [32mBuilding CXX object CMakeFiles/live_analysis_interfaces__rosidl_typesupport_c.dir/rosidl_typesupport_c/live_analysis_interfaces/msg/test_request_client__type_support.cpp.o[0m
[3.864s] [ 24%] [32mBuilding CXX object CMakeFiles/live_analysis_interfaces__rosidl_typesupport_c.dir/rosidl_typesupport_c/live_analysis_interfaces/msg/test_result__type_support.cpp.o[0m
[3.872s] [ 25%] [32mBuilding CXX object CMakeFiles/live_analysis_interfaces__rosidl_typesupport_cpp.dir/rosidl_typesupport_cpp/live_analysis_interfaces/msg/train_request__type_support.cpp.o[0m
[3.892s] [ 26%] [32mBuilding CXX object CMakeFiles/live_analysis_interfaces__rosidl_typesupport_c.dir/rosidl_typesupport_c/live_analysis_interfaces/msg/train_request__type_support.cpp.o[0m
[3.920s] [ 27%] [32mBuilding CXX object CMakeFiles/live_analysis_interfaces__rosidl_typesupport_c.dir/rosidl_typesupport_c/live_analysis_interfaces/msg/train_request_client__type_support.cpp.o[0m
[3.948s] [ 28%] [32mBuilding CXX object CMakeFiles/live_analysis_interfaces__rosidl_typesupport_c.dir/rosidl_typesupport_c/live_analysis_interfaces/msg/training_result__type_support.cpp.o[0m
[3.950s] [35m[1mScanning dependencies of target live_analysis_interfaces__rosidl_typesupport_fastrtps_cpp[0m
[3.953s] [35m[1mScanning dependencies of target live_analysis_interfaces__rosidl_typesupport_introspection_c[0m
[3.968s] [ 29%] [32mBuilding CXX object CMakeFiles/live_analysis_interfaces__rosidl_typesupport_fastrtps_cpp.dir/rosidl_typesupport_fastrtps_cpp/live_analysis_interfaces/msg/detail/dds_fastrtps/test_request__type_support.cpp.o[0m
[3.970s] [ 30%] [32mBuilding C object CMakeFiles/live_analysis_interfaces__rosidl_typesupport_introspection_c.dir/rosidl_typesupport_introspection_c/live_analysis_interfaces/msg/detail/test_request__type_support.c.o[0m
[3.999s] [ 31%] [32mBuilding C object CMakeFiles/live_analysis_interfaces__rosidl_typesupport_introspection_c.dir/rosidl_typesupport_introspection_c/live_analysis_interfaces/msg/detail/test_request_client__type_support.c.o[0m
[4.031s] [ 32%] [32mBuilding C object CMakeFiles/live_analysis_interfaces__rosidl_typesupport_introspection_c.dir/rosidl_typesupport_introspection_c/live_analysis_interfaces/msg/detail/test_result__type_support.c.o[0m
[4.040s] [ 33%] [32mBuilding CXX object CMakeFiles/live_analysis_interfaces__rosidl_typesupport_c.dir/rosidl_typesupport_c/live_analysis_interfaces/msg/test_done__type_support.cpp.o[0m
[4.070s] [ 34%] [32mBuilding C object CMakeFiles/live_analysis_interfaces__rosidl_typesupport_introspection_c.dir/rosidl_typesupport_introspection_c/live_analysis_interfaces/msg/detail/train_request__type_support.c.o[0m
[4.106s] [ 35%] [32mBuilding C object CMakeFiles/live_analysis_interfaces__rosidl_typesupport_introspection_c.dir/rosidl_typesupport_introspection_c/live_analysis_interfaces/msg/detail/train_request_client__type_support.c.o[0m
[4.116s] [ 36%] [32mBuilding CXX object CMakeFiles/live_analysis_interfaces__rosidl_typesupport_c.dir/rosidl_typesupport_c/live_analysis_interfaces/msg/test_progress__type_support.cpp.o[0m
[4.144s] [ 36%] [32mBuilding CXX object CMakeFiles/live_analysis_interfaces__rosidl_typesupport_c.dir/rosidl_typesupport_c/live_analysis_interfaces/msg/stop_training_request__type_support.cpp.o[0m
[4.152s] [ 37%] [32mBuilding CXX object CMakeFiles/live_analysis_interfaces__rosidl_typesupport_fastrtps_cpp.dir/rosidl_typesupport_fastrtps_cpp/live_analysis_interfaces/msg/detail/dds_fastrtps/test_request_client__type_support.cpp.o[0m
[4.171s] [ 38%] [32mBuilding C object CMakeFiles/live_analysis_interfaces__rosidl_typesupport_introspection_c.dir/rosidl_typesupport_introspection_c/live_analysis_interfaces/msg/detail/training_result__type_support.c.o[0m
[4.182s] [ 39%] [32mBuilding CXX object CMakeFiles/live_analysis_interfaces__rosidl_typesupport_c.dir/rosidl_typesupport_c/live_analysis_interfaces/msg/stop_testing_request__type_support.cpp.o[0m
[4.184s] [ 40%] [32mBuilding CXX object CMakeFiles/live_analysis_interfaces__rosidl_typesupport_cpp.dir/rosidl_typesupport_cpp/live_analysis_interfaces/msg/train_request_client__type_support.cpp.o[0m
[4.204s] [ 41%] [32mBuilding C object CMakeFiles/live_analysis_interfaces__rosidl_typesupport_introspection_c.dir/rosidl_typesupport_introspection_c/live_analysis_interfaces/msg/detail/test_done__type_support.c.o[0m
[4.216s] [ 42%] [32m[1mLinking CXX shared library liblive_analysis_interfaces__rosidl_typesupport_c.so[0m
[4.237s] [ 43%] [32mBuilding C object CMakeFiles/live_analysis_interfaces__rosidl_typesupport_introspection_c.dir/rosidl_typesupport_introspection_c/live_analysis_interfaces/msg/detail/test_progress__type_support.c.o[0m
[4.263s] [ 43%] Built target live_analysis_interfaces__rosidl_typesupport_c
[4.268s] [ 44%] [32mBuilding C object CMakeFiles/live_analysis_interfaces__rosidl_typesupport_introspection_c.dir/rosidl_typesupport_introspection_c/live_analysis_interfaces/msg/detail/stop_training_request__type_support.c.o[0m
[4.276s] [ 45%] [32mBuilding C object CMakeFiles/live_analysis_interfaces__rosidl_typesupport_introspection_c.dir/rosidl_typesupport_introspection_c/live_analysis_interfaces/msg/detail/stop_testing_request__type_support.c.o[0m
[4.301s] [ 46%] [32mBuilding CXX object CMakeFiles/live_analysis_interfaces__rosidl_typesupport_cpp.dir/rosidl_typesupport_cpp/live_analysis_interfaces/msg/training_result__type_support.cpp.o[0m
[4.303s] [ 47%] [32mBuilding CXX object CMakeFiles/live_analysis_interfaces__rosidl_typesupport_introspection_cpp.dir/rosidl_typesupport_introspection_cpp/live_analysis_interfaces/msg/detail/test_request_client__type_support.cpp.o[0m
[4.308s] [ 48%] [32m[1mLinking C shared library liblive_analysis_interfaces__rosidl_typesupport_introspection_c.so[0m
[4.349s] [ 48%] Built target live_analysis_interfaces__rosidl_typesupport_introspection_c
[4.359s] [ 49%] [32mBuilding CXX object CMakeFiles/live_analysis_interfaces__rosidl_typesupport_introspection_cpp.dir/rosidl_typesupport_introspection_cpp/live_analysis_interfaces/msg/detail/test_result__type_support.cpp.o[0m
[4.469s] [ 49%] [32mBuilding CXX object CMakeFiles/live_analysis_interfaces__rosidl_typesupport_fastrtps_cpp.dir/rosidl_typesupport_fastrtps_cpp/live_analysis_interfaces/msg/detail/dds_fastrtps/test_result__type_support.cpp.o[0m
[4.492s] [ 50%] [32mBuilding CXX object CMakeFiles/live_analysis_interfaces__rosidl_typesupport_cpp.dir/rosidl_typesupport_cpp/live_analysis_interfaces/msg/test_done__type_support.cpp.o[0m
[4.576s] [ 51%] [32mBuilding CXX object CMakeFiles/live_analysis_interfaces__rosidl_typesupport_cpp.dir/rosidl_typesupport_cpp/live_analysis_interfaces/msg/test_progress__type_support.cpp.o[0m
[4.724s] [ 52%] [32mBuilding CXX object CMakeFiles/live_analysis_interfaces__rosidl_typesupport_fastrtps_cpp.dir/rosidl_typesupport_fastrtps_cpp/live_analysis_interfaces/msg/detail/dds_fastrtps/train_request__type_support.cpp.o[0m
[4.767s] [ 53%] [32mBuilding CXX object CMakeFiles/live_analysis_interfaces__rosidl_typesupport_introspection_cpp.dir/rosidl_typesupport_introspection_cpp/live_analysis_interfaces/msg/detail/train_request__type_support.cpp.o[0m
[4.771s] [ 54%] [32mBuilding CXX object CMakeFiles/live_analysis_interfaces__rosidl_typesupport_cpp.dir/rosidl_typesupport_cpp/live_analysis_interfaces/msg/stop_training_request__type_support.cpp.o[0m
[4.842s] [ 55%] [32mBuilding CXX object CMakeFiles/live_analysis_interfaces__rosidl_typesupport_cpp.dir/rosidl_typesupport_cpp/live_analysis_interfaces/msg/stop_testing_request__type_support.cpp.o[0m
[4.885s] [ 56%] [32mBuilding CXX object CMakeFiles/live_analysis_interfaces__rosidl_typesupport_introspection_cpp.dir/rosidl_typesupport_introspection_cpp/live_analysis_interfaces/msg/detail/train_request_client__type_support.cpp.o[0m
[4.981s] [ 57%] [32mBuilding CXX object CMakeFiles/live_analysis_interfaces__rosidl_typesupport_fastrtps_cpp.dir/rosidl_typesupport_fastrtps_cpp/live_analysis_interfaces/msg/detail/dds_fastrtps/train_request_client__type_support.cpp.o[0m
[5.027s] [ 58%] [32mBuilding CXX object CMakeFiles/live_analysis_interfaces__rosidl_typesupport_fastrtps_cpp.dir/rosidl_typesupport_fastrtps_cpp/live_analysis_interfaces/msg/detail/dds_fastrtps/training_result__type_support.cpp.o[0m
[5.092s] [ 59%] [32m[1mLinking CXX shared library liblive_analysis_interfaces__rosidl_typesupport_cpp.so[0m
[5.140s] [ 59%] Built target live_analysis_interfaces__rosidl_typesupport_cpp
[5.148s] [ 60%] [32mBuilding CXX object CMakeFiles/live_analysis_interfaces__rosidl_typesupport_fastrtps_cpp.dir/rosidl_typesupport_fastrtps_cpp/live_analysis_interfaces/msg/detail/dds_fastrtps/test_done__type_support.cpp.o[0m
[5.150s] [ 61%] [32mBuilding CXX object CMakeFiles/live_analysis_interfaces__rosidl_typesupport_fastrtps_cpp.dir/rosidl_typesupport_fastrtps_cpp/live_analysis_interfaces/msg/detail/dds_fastrtps/test_progress__type_support.cpp.o[0m
[5.184s] [ 62%] [32mBuilding CXX object CMakeFiles/live_analysis_interfaces__rosidl_typesupport_introspection_cpp.dir/rosidl_typesupport_introspection_cpp/live_analysis_interfaces/msg/detail/training_result__type_support.cpp.o[0m
[5.413s] [ 63%] [32mBuilding CXX object CMakeFiles/live_analysis_interfaces__rosidl_typesupport_fastrtps_cpp.dir/rosidl_typesupport_fastrtps_cpp/live_analysis_interfaces/msg/detail/dds_fastrtps/stop_training_request__type_support.cpp.o[0m
[5.421s] [ 64%] [32mBuilding CXX object CMakeFiles/live_analysis_interfaces__rosidl_typesupport_introspection_cpp.dir/rosidl_typesupport_introspection_cpp/live_analysis_interfaces/msg/detail/test_done__type_support.cpp.o[0m
[5.528s] [ 65%] [32mBuilding CXX object CMakeFiles/live_analysis_interfaces__rosidl_typesupport_fastrtps_cpp.dir/rosidl_typesupport_fastrtps_cpp/live_analysis_interfaces/msg/detail/dds_fastrtps/stop_testing_request__type_support.cpp.o[0m
[5.539s] [ 66%] [32mBuilding CXX object CMakeFiles/live_analysis_interfaces__rosidl_typesupport_introspection_cpp.dir/rosidl_typesupport_introspection_cpp/live_analysis_interfaces/msg/detail/test_progress__type_support.cpp.o[0m
[5.550s] [ 67%] [32mBuilding CXX object CMakeFiles/live_analysis_interfaces__rosidl_typesupport_introspection_cpp.dir/rosidl_typesupport_introspection_cpp/live_analysis_interfaces/msg/detail/stop_training_request__type_support.cpp.o[0m
[5.589s] [ 68%] [32mBuilding CXX object CMakeFiles/live_analysis_interfaces__rosidl_typesupport_introspection_cpp.dir/rosidl_typesupport_introspection_cpp/live_analysis_interfaces/msg/detail/stop_testing_request__type_support.cpp.o[0m
[5.892s] [ 69%] [32m[1mLinking CXX shared library liblive_analysis_interfaces__rosidl_typesupport_fastrtps_cpp.so[0m
[5.964s] [ 70%] [32m[1mLinking CXX shared library liblive_analysis_interfaces__rosidl_typesupport_introspection_cpp.so[0m
[5.979s] [ 70%] Built target live_analysis_interfaces__rosidl_typesupport_fastrtps_cpp
[5.990s] [ 71%] [34m[1mGenerating C type support for eProsima Fast-RTPS[0m
[6.046s] [ 71%] Built target live_analysis_interfaces__rosidl_typesupport_introspection_cpp
[6.585s] [35m[1mScanning dependencies of target live_analysis_interfaces__rosidl_typesupport_fastrtps_c[0m
[6.608s] [ 73%] [32mBuilding CXX object CMakeFiles/live_analysis_interfaces__rosidl_typesupport_fastrtps_c.dir/rosidl_typesupport_fastrtps_c/live_analysis_interfaces/msg/detail/test_request__type_support_c.cpp.o[0m
[6.608s] [ 73%] [32mBuilding CXX object CMakeFiles/live_analysis_interfaces__rosidl_typesupport_fastrtps_c.dir/rosidl_typesupport_fastrtps_c/live_analysis_interfaces/msg/detail/test_result__type_support_c.cpp.o[0m
[6.608s] [ 74%] [32mBuilding CXX object CMakeFiles/live_analysis_interfaces__rosidl_typesupport_fastrtps_c.dir/rosidl_typesupport_fastrtps_c/live_analysis_interfaces/msg/detail/train_request__type_support_c.cpp.o[0m
[6.608s] [ 75%] [32mBuilding CXX object CMakeFiles/live_analysis_interfaces__rosidl_typesupport_fastrtps_c.dir/rosidl_typesupport_fastrtps_c/live_analysis_interfaces/msg/detail/test_request_client__type_support_c.cpp.o[0m
[6.610s] [ 76%] [32mBuilding CXX object CMakeFiles/live_analysis_interfaces__rosidl_typesupport_fastrtps_c.dir/rosidl_typesupport_fastrtps_c/live_analysis_interfaces/msg/detail/train_request_client__type_support_c.cpp.o[0m
[6.610s] [ 77%] [32mBuilding CXX object CMakeFiles/live_analysis_interfaces__rosidl_typesupport_fastrtps_c.dir/rosidl_typesupport_fastrtps_c/live_analysis_interfaces/msg/detail/training_result__type_support_c.cpp.o[0m
[6.931s] [ 78%] [32mBuilding CXX object CMakeFiles/live_analysis_interfaces__rosidl_typesupport_fastrtps_c.dir/rosidl_typesupport_fastrtps_c/live_analysis_interfaces/msg/detail/test_done__type_support_c.cpp.o[0m
[6.935s] [ 79%] [32mBuilding CXX object CMakeFiles/live_analysis_interfaces__rosidl_typesupport_fastrtps_c.dir/rosidl_typesupport_fastrtps_c/live_analysis_interfaces/msg/detail/test_progress__type_support_c.cpp.o[0m
[6.956s] [ 80%] [32mBuilding CXX object CMakeFiles/live_analysis_interfaces__rosidl_typesupport_fastrtps_c.dir/rosidl_typesupport_fastrtps_c/live_analysis_interfaces/msg/detail/stop_training_request__type_support_c.cpp.o[0m
[6.965s] [ 81%] [32mBuilding CXX object CMakeFiles/live_analysis_interfaces__rosidl_typesupport_fastrtps_c.dir/rosidl_typesupport_fastrtps_c/live_analysis_interfaces/msg/detail/stop_testing_request__type_support_c.cpp.o[0m
[7.274s] [ 82%] [32m[1mLinking CXX shared library liblive_analysis_interfaces__rosidl_typesupport_fastrtps_c.so[0m
[7.343s] [ 82%] Built target live_analysis_interfaces__rosidl_typesupport_fastrtps_c
[7.360s] [ 82%] Built target live_analysis_interfaces
[7.369s] [35m[1mScanning dependencies of target live_analysis_interfaces__py[0m
[7.378s] [ 83%] [34m[1mGenerating Python code for ROS interfaces[0m
[8.554s] [ 83%] Built target live_analysis_interfaces__py
[8.566s] [35m[1mScanning dependencies of target live_analysis_interfaces__rosidl_generator_py[0m
[8.593s] [ 86%] [32mBuilding C object CMakeFiles/live_analysis_interfaces__rosidl_generator_py.dir/rosidl_generator_py/live_analysis_interfaces/msg/_test_result_s.c.o[0m
[8.593s] [ 86%] [32mBuilding C object CMakeFiles/live_analysis_interfaces__rosidl_generator_py.dir/rosidl_generator_py/live_analysis_interfaces/msg/_test_request_client_s.c.o[0m
[8.593s] [ 86%] [32mBuilding C object CMakeFiles/live_analysis_interfaces__rosidl_generator_py.dir/rosidl_generator_py/live_analysis_interfaces/msg/_test_request_s.c.o[0m
[8.593s] [ 87%] [32mBuilding C object CMakeFiles/live_analysis_interfaces__rosidl_generator_py.dir/rosidl_generator_py/live_analysis_interfaces/msg/_train_request_s.c.o[0m
[8.600s] [ 89%] [32mBuilding C object CMakeFiles/live_analysis_interfaces__rosidl_generator_py.dir/rosidl_generator_py/live_analysis_interfaces/msg/_train_request_client_s.c.o[0m
[8.600s] [ 89%] [32mBuilding C object CMakeFiles/live_analysis_interfaces__rosidl_generator_py.dir/rosidl_generator_py/live_analysis_interfaces/msg/_training_result_s.c.o[0m
[8.688s] [ 90%] [32mBuilding C object CMakeFiles/live_analysis_interfaces__rosidl_generator_py.dir/rosidl_generator_py/live_analysis_interfaces/msg/_test_done_s.c.o[0m
[8.689s] [ 91%] [32mBuilding C object CMakeFiles/live_analysis_interfaces__rosidl_generator_py.dir/rosidl_generator_py/live_analysis_interfaces/msg/_test_progress_s.c.o[0m
[8.697s] [ 92%] [32mBuilding C object CMakeFiles/live_analysis_interfaces__rosidl_generator_py.dir/rosidl_generator_py/live_analysis_interfaces/msg/_stop_training_request_s.c.o[0m
[8.721s] [ 93%] [32mBuilding C object CMakeFiles/live_analysis_interfaces__rosidl_generator_py.dir/rosidl_generator_py/live_analysis_interfaces/msg/_stop_testing_request_s.c.o[0m
[8.822s] [ 94%] [32m[1mLinking C shared library rosidl_generator_py/live_analysis_interfaces/liblive_analysis_interfaces__rosidl_generator_py.so[0m
[8.864s] [ 94%] Built target live_analysis_interfaces__rosidl_generator_py
[8.874s] [35m[1mScanning dependencies of target live_analysis_interfaces__rosidl_typesupport_fastrtps_c__pyext[0m
[8.874s] [35m[1mScanning dependencies of target live_analysis_interfaces__rosidl_typesupport_introspection_c__pyext[0m
[8.874s] [35m[1mScanning dependencies of target live_analysis_interfaces__rosidl_typesupport_c__pyext[0m
[8.890s] [ 95%] [32mBuilding C object CMakeFiles/live_analysis_interfaces__rosidl_typesupport_introspection_c__pyext.dir/rosidl_generator_py/live_analysis_interfaces/_live_analysis_interfaces_s.ep.rosidl_typesupport_introspection_c.c.o[0m
[8.890s] [ 96%] [32mBuilding C object CMakeFiles/live_analysis_interfaces__rosidl_typesupport_fastrtps_c__pyext.dir/rosidl_generator_py/live_analysis_interfaces/_live_analysis_interfaces_s.ep.rosidl_typesupport_fastrtps_c.c.o[0m
[8.891s] [ 97%] [32mBuilding C object CMakeFiles/live_analysis_interfaces__rosidl_typesupport_c__pyext.dir/rosidl_generator_py/live_analysis_interfaces/_live_analysis_interfaces_s.ep.rosidl_typesupport_c.c.o[0m
[8.984s] [ 99%] [32m[1mLinking C shared library rosidl_generator_py/live_analysis_interfaces/live_analysis_interfaces_s__rosidl_typesupport_introspection_c.cpython-38-x86_64-linux-gnu.so[0m
[8.984s] [100%] [32m[1mLinking C shared library rosidl_generator_py/live_analysis_interfaces/live_analysis_interfaces_s__rosidl_typesupport_c.cpython-38-x86_64-linux-gnu.so[0m
[8.984s] [ 99%] [32m[1mLinking C shared library rosidl_generator_py/live_analysis_interfaces/live_analysis_interfaces_s__rosidl_typesupport_fastrtps_c.cpython-38-x86_64-linux-gnu.so[0m
[9.022s] [100%] Built target live_analysis_interfaces__rosidl_typesupport_introspection_c__pyext
[9.023s] [100%] Built target live_analysis_interfaces__rosidl_typesupport_c__pyext
[9.026s] [100%] Built target live_analysis_interfaces__rosidl_typesupport_fastrtps_c__pyext
[9.037s] Invoked command in '/home/paranavision/ros2_ws/QPath_ROS2_ws/build/live_analysis_interfaces' returned '0': CMAKE_PREFIX_PATH=/opt/ros/rolling /usr/bin/cmake --build /home/paranavision/ros2_ws/QPath_ROS2_ws/build/live_analysis_interfaces -- -j6 -l6
[9.037s] Invoking command in '/home/paranavision/ros2_ws/QPath_ROS2_ws/build/live_analysis_interfaces': CMAKE_PREFIX_PATH=/opt/ros/rolling /usr/bin/cmake --install /home/paranavision/ros2_ws/QPath_ROS2_ws/build/live_analysis_interfaces
[9.046s] -- Install configuration: ""
[9.047s] -- Execute custom install script
[9.047s] -- Up-to-date symlink: /home/paranavision/ros2_ws/QPath_ROS2_ws/install/live_analysis_interfaces/share/ament_index/resource_index/rosidl_interfaces/live_analysis_interfaces
[9.048s] -- Symlinking: /home/paranavision/ros2_ws/QPath_ROS2_ws/install/live_analysis_interfaces/include/live_analysis_interfaces/msg/detail/stop_testing_request__functions.h
[9.055s] -- Symlinking: /home/paranavision/ros2_ws/QPath_ROS2_ws/install/live_analysis_interfaces/include/live_analysis_interfaces/msg/detail/stop_testing_request__struct.h
[9.062s] -- Symlinking: /home/paranavision/ros2_ws/QPath_ROS2_ws/install/live_analysis_interfaces/include/live_analysis_interfaces/msg/detail/stop_testing_request__type_support.h
[9.069s] -- Symlinking: /home/paranavision/ros2_ws/QPath_ROS2_ws/install/live_analysis_interfaces/include/live_analysis_interfaces/msg/detail/stop_training_request__functions.h
[9.076s] -- Symlinking: /home/paranavision/ros2_ws/QPath_ROS2_ws/install/live_analysis_interfaces/include/live_analysis_interfaces/msg/detail/stop_training_request__struct.h
[9.083s] -- Symlinking: /home/paranavision/ros2_ws/QPath_ROS2_ws/install/live_analysis_interfaces/include/live_analysis_interfaces/msg/detail/stop_training_request__type_support.h
[9.090s] -- Up-to-date symlink: /home/paranavision/ros2_ws/QPath_ROS2_ws/install/live_analysis_interfaces/include/live_analysis_interfaces/msg/detail/test_done__functions.h
[9.090s] -- Up-to-date symlink: /home/paranavision/ros2_ws/QPath_ROS2_ws/install/live_analysis_interfaces/include/live_analysis_interfaces/msg/detail/test_done__struct.h
[9.091s] -- Up-to-date symlink: /home/paranavision/ros2_ws/QPath_ROS2_ws/install/live_analysis_interfaces/include/live_analysis_interfaces/msg/detail/test_done__type_support.h
[9.091s] -- Up-to-date symlink: /home/paranavision/ros2_ws/QPath_ROS2_ws/install/live_analysis_interfaces/include/live_analysis_interfaces/msg/detail/test_progress__functions.h
[9.091s] -- Up-to-date symlink: /home/paranavision/ros2_ws/QPath_ROS2_ws/install/live_analysis_interfaces/include/live_analysis_interfaces/msg/detail/test_progress__struct.h
[9.091s] -- Up-to-date symlink: /home/paranavision/ros2_ws/QPath_ROS2_ws/install/live_analysis_interfaces/include/live_analysis_interfaces/msg/detail/test_progress__type_support.h
[9.091s] -- Up-to-date symlink: /home/paranavision/ros2_ws/QPath_ROS2_ws/install/live_analysis_interfaces/include/live_analysis_interfaces/msg/detail/test_request__functions.h
[9.091s] -- Up-to-date symlink: /home/paranavision/ros2_ws/QPath_ROS2_ws/install/live_analysis_interfaces/include/live_analysis_interfaces/msg/detail/test_request__struct.h
[9.091s] -- Up-to-date symlink: /home/paranavision/ros2_ws/QPath_ROS2_ws/install/live_analysis_interfaces/include/live_analysis_interfaces/msg/detail/test_request__type_support.h
[9.091s] -- Up-to-date symlink: /home/paranavision/ros2_ws/QPath_ROS2_ws/install/live_analysis_interfaces/include/live_analysis_interfaces/msg/detail/test_request_client__functions.h
[9.092s] -- Up-to-date symlink: /home/paranavision/ros2_ws/QPath_ROS2_ws/install/live_analysis_interfaces/include/live_analysis_interfaces/msg/detail/test_request_client__struct.h
[9.092s] -- Up-to-date symlink: /home/paranavision/ros2_ws/QPath_ROS2_ws/install/live_analysis_interfaces/include/live_analysis_interfaces/msg/detail/test_request_client__type_support.h
[9.092s] -- Up-to-date symlink: /home/paranavision/ros2_ws/QPath_ROS2_ws/install/live_analysis_interfaces/include/live_analysis_interfaces/msg/detail/test_result__functions.h
[9.092s] -- Up-to-date symlink: /home/paranavision/ros2_ws/QPath_ROS2_ws/install/live_analysis_interfaces/include/live_analysis_interfaces/msg/detail/test_result__struct.h
[9.092s] -- Up-to-date symlink: /home/paranavision/ros2_ws/QPath_ROS2_ws/install/live_analysis_interfaces/include/live_analysis_interfaces/msg/detail/test_result__type_support.h
[9.092s] -- Up-to-date symlink: /home/paranavision/ros2_ws/QPath_ROS2_ws/install/live_analysis_interfaces/include/live_analysis_interfaces/msg/detail/train_request__functions.h
[9.093s] -- Up-to-date symlink: /home/paranavision/ros2_ws/QPath_ROS2_ws/install/live_analysis_interfaces/include/live_analysis_interfaces/msg/detail/train_request__struct.h
[9.093s] -- Up-to-date symlink: /home/paranavision/ros2_ws/QPath_ROS2_ws/install/live_analysis_interfaces/include/live_analysis_interfaces/msg/detail/train_request__type_support.h
[9.093s] -- Up-to-date symlink: /home/paranavision/ros2_ws/QPath_ROS2_ws/install/live_analysis_interfaces/include/live_analysis_interfaces/msg/detail/train_request_client__functions.h
[9.093s] -- Up-to-date symlink: /home/paranavision/ros2_ws/QPath_ROS2_ws/install/live_analysis_interfaces/include/live_analysis_interfaces/msg/detail/train_request_client__struct.h
[9.093s] -- Up-to-date symlink: /home/paranavision/ros2_ws/QPath_ROS2_ws/install/live_analysis_interfaces/include/live_analysis_interfaces/msg/detail/train_request_client__type_support.h
[9.093s] -- Up-to-date symlink: /home/paranavision/ros2_ws/QPath_ROS2_ws/install/live_analysis_interfaces/include/live_analysis_interfaces/msg/detail/training_result__functions.h
[9.094s] -- Up-to-date symlink: /home/paranavision/ros2_ws/QPath_ROS2_ws/install/live_analysis_interfaces/include/live_analysis_interfaces/msg/detail/training_result__struct.h
[9.094s] -- Up-to-date symlink: /home/paranavision/ros2_ws/QPath_ROS2_ws/install/live_analysis_interfaces/include/live_analysis_interfaces/msg/detail/training_result__type_support.h
[9.094s] -- Up-to-date symlink: /home/paranavision/ros2_ws/QPath_ROS2_ws/install/live_analysis_interfaces/include/live_analysis_interfaces/msg/rosidl_generator_c__visibility_control.h
[9.094s] -- Symlinking: /home/paranavision/ros2_ws/QPath_ROS2_ws/install/live_analysis_interfaces/include/live_analysis_interfaces/msg/stop_testing_request.h
[9.101s] -- Symlinking: /home/paranavision/ros2_ws/QPath_ROS2_ws/install/live_analysis_interfaces/include/live_analysis_interfaces/msg/stop_training_request.h
[9.108s] -- Up-to-date symlink: /home/paranavision/ros2_ws/QPath_ROS2_ws/install/live_analysis_interfaces/include/live_analysis_interfaces/msg/test_done.h
[9.108s] -- Up-to-date symlink: /home/paranavision/ros2_ws/QPath_ROS2_ws/install/live_analysis_interfaces/include/live_analysis_interfaces/msg/test_progress.h
[9.109s] -- Up-to-date symlink: /home/paranavision/ros2_ws/QPath_ROS2_ws/install/live_analysis_interfaces/include/live_analysis_interfaces/msg/test_request.h
[9.109s] -- Up-to-date symlink: /home/paranavision/ros2_ws/QPath_ROS2_ws/install/live_analysis_interfaces/include/live_analysis_interfaces/msg/test_request_client.h
[9.109s] -- Up-to-date symlink: /home/paranavision/ros2_ws/QPath_ROS2_ws/install/live_analysis_interfaces/include/live_analysis_interfaces/msg/test_result.h
[9.109s] -- Up-to-date symlink: /home/paranavision/ros2_ws/QPath_ROS2_ws/install/live_analysis_interfaces/include/live_analysis_interfaces/msg/train_request.h
[9.109s] -- Up-to-date symlink: /home/paranavision/ros2_ws/QPath_ROS2_ws/install/live_analysis_interfaces/include/live_analysis_interfaces/msg/train_request_client.h
[9.109s] -- Up-to-date symlink: /home/paranavision/ros2_ws/QPath_ROS2_ws/install/live_analysis_interfaces/include/live_analysis_interfaces/msg/training_result.h
[9.109s] -- Up-to-date symlink: /home/paranavision/ros2_ws/QPath_ROS2_ws/install/live_analysis_interfaces/share/live_analysis_interfaces/environment/library_path.sh
[9.110s] -- Up-to-date symlink: /home/paranavision/ros2_ws/QPath_ROS2_ws/install/live_analysis_interfaces/share/live_analysis_interfaces/environment/library_path.dsv
[9.111s] -- Symlinking: /home/paranavision/ros2_ws/QPath_ROS2_ws/install/live_analysis_interfaces/include/live_analysis_interfaces/msg/detail/stop_testing_request__rosidl_typesupport_fastrtps_c.h
[9.118s] -- Symlinking: /home/paranavision/ros2_ws/QPath_ROS2_ws/install/live_analysis_interfaces/include/live_analysis_interfaces/msg/detail/stop_training_request__rosidl_typesupport_fastrtps_c.h
[9.125s] -- Up-to-date symlink: /home/paranavision/ros2_ws/QPath_ROS2_ws/install/live_analysis_interfaces/include/live_analysis_interfaces/msg/detail/test_done__rosidl_typesupport_fastrtps_c.h
[9.125s] -- Up-to-date symlink: /home/paranavision/ros2_ws/QPath_ROS2_ws/install/live_analysis_interfaces/include/live_analysis_interfaces/msg/detail/test_progress__rosidl_typesupport_fastrtps_c.h
[9.125s] -- Up-to-date symlink: /home/paranavision/ros2_ws/QPath_ROS2_ws/install/live_analysis_interfaces/include/live_analysis_interfaces/msg/detail/test_request__rosidl_typesupport_fastrtps_c.h
[9.125s] -- Up-to-date symlink: /home/paranavision/ros2_ws/QPath_ROS2_ws/install/live_analysis_interfaces/include/live_analysis_interfaces/msg/detail/test_request_client__rosidl_typesupport_fastrtps_c.h
[9.125s] -- Up-to-date symlink: /home/paranavision/ros2_ws/QPath_ROS2_ws/install/live_analysis_interfaces/include/live_analysis_interfaces/msg/detail/test_result__rosidl_typesupport_fastrtps_c.h
[9.125s] -- Up-to-date symlink: /home/paranavision/ros2_ws/QPath_ROS2_ws/install/live_analysis_interfaces/include/live_analysis_interfaces/msg/detail/train_request__rosidl_typesupport_fastrtps_c.h
[9.126s] -- Up-to-date symlink: /home/paranavision/ros2_ws/QPath_ROS2_ws/install/live_analysis_interfaces/include/live_analysis_interfaces/msg/detail/train_request_client__rosidl_typesupport_fastrtps_c.h
[9.126s] -- Up-to-date symlink: /home/paranavision/ros2_ws/QPath_ROS2_ws/install/live_analysis_interfaces/include/live_analysis_interfaces/msg/detail/training_result__rosidl_typesupport_fastrtps_c.h
[9.126s] -- Up-to-date symlink: /home/paranavision/ros2_ws/QPath_ROS2_ws/install/live_analysis_interfaces/include/live_analysis_interfaces/msg/rosidl_typesupport_fastrtps_c__visibility_control.h
[9.126s] -- Up-to-date symlink: /home/paranavision/ros2_ws/QPath_ROS2_ws/install/live_analysis_interfaces/lib/liblive_analysis_interfaces__rosidl_typesupport_fastrtps_c.so
[9.127s] -- Symlinking: /home/paranavision/ros2_ws/QPath_ROS2_ws/install/live_analysis_interfaces/include/live_analysis_interfaces/msg/detail/stop_testing_request__rosidl_typesupport_fastrtps_cpp.hpp
[9.135s] -- Symlinking: /home/paranavision/ros2_ws/QPath_ROS2_ws/install/live_analysis_interfaces/include/live_analysis_interfaces/msg/detail/stop_training_request__rosidl_typesupport_fastrtps_cpp.hpp
[9.142s] -- Up-to-date symlink: /home/paranavision/ros2_ws/QPath_ROS2_ws/install/live_analysis_interfaces/include/live_analysis_interfaces/msg/detail/test_done__rosidl_typesupport_fastrtps_cpp.hpp
[9.142s] -- Up-to-date symlink: /home/paranavision/ros2_ws/QPath_ROS2_ws/install/live_analysis_interfaces/include/live_analysis_interfaces/msg/detail/test_progress__rosidl_typesupport_fastrtps_cpp.hpp
[9.142s] -- Up-to-date symlink: /home/paranavision/ros2_ws/QPath_ROS2_ws/install/live_analysis_interfaces/include/live_analysis_interfaces/msg/detail/test_request__rosidl_typesupport_fastrtps_cpp.hpp
[9.143s] -- Up-to-date symlink: /home/paranavision/ros2_ws/QPath_ROS2_ws/install/live_analysis_interfaces/include/live_analysis_interfaces/msg/detail/test_request_client__rosidl_typesupport_fastrtps_cpp.hpp
[9.143s] -- Up-to-date symlink: /home/paranavision/ros2_ws/QPath_ROS2_ws/install/live_analysis_interfaces/include/live_analysis_interfaces/msg/detail/test_result__rosidl_typesupport_fastrtps_cpp.hpp
[9.143s] -- Up-to-date symlink: /home/paranavision/ros2_ws/QPath_ROS2_ws/install/live_analysis_interfaces/include/live_analysis_interfaces/msg/detail/train_request__rosidl_typesupport_fastrtps_cpp.hpp
[9.143s] -- Up-to-date symlink: /home/paranavision/ros2_ws/QPath_ROS2_ws/install/live_analysis_interfaces/include/live_analysis_interfaces/msg/detail/train_request_client__rosidl_typesupport_fastrtps_cpp.hpp
[9.143s] -- Up-to-date symlink: /home/paranavision/ros2_ws/QPath_ROS2_ws/install/live_analysis_interfaces/include/live_analysis_interfaces/msg/detail/training_result__rosidl_typesupport_fastrtps_cpp.hpp
[9.143s] -- Up-to-date symlink: /home/paranavision/ros2_ws/QPath_ROS2_ws/install/live_analysis_interfaces/include/live_analysis_interfaces/msg/rosidl_typesupport_fastrtps_cpp__visibility_control.h
[9.144s] -- Up-to-date symlink: /home/paranavision/ros2_ws/QPath_ROS2_ws/install/live_analysis_interfaces/lib/liblive_analysis_interfaces__rosidl_typesupport_fastrtps_cpp.so
[9.144s] -- Symlinking: /home/paranavision/ros2_ws/QPath_ROS2_ws/install/live_analysis_interfaces/include/live_analysis_interfaces/msg/detail/stop_testing_request__rosidl_typesupport_introspection_c.h
[9.152s] -- Symlinking: /home/paranavision/ros2_ws/QPath_ROS2_ws/install/live_analysis_interfaces/include/live_analysis_interfaces/msg/detail/stop_training_request__rosidl_typesupport_introspection_c.h
[9.159s] -- Up-to-date symlink: /home/paranavision/ros2_ws/QPath_ROS2_ws/install/live_analysis_interfaces/include/live_analysis_interfaces/msg/detail/test_done__rosidl_typesupport_introspection_c.h
[9.159s] -- Up-to-date symlink: /home/paranavision/ros2_ws/QPath_ROS2_ws/install/live_analysis_interfaces/include/live_analysis_interfaces/msg/detail/test_progress__rosidl_typesupport_introspection_c.h
[9.159s] -- Up-to-date symlink: /home/paranavision/ros2_ws/QPath_ROS2_ws/install/live_analysis_interfaces/include/live_analysis_interfaces/msg/detail/test_request__rosidl_typesupport_introspection_c.h
[9.159s] -- Up-to-date symlink: /home/paranavision/ros2_ws/QPath_ROS2_ws/install/live_analysis_interfaces/include/live_analysis_interfaces/msg/detail/test_request_client__rosidl_typesupport_introspection_c.h
[9.159s] -- Up-to-date symlink: /home/paranavision/ros2_ws/QPath_ROS2_ws/install/live_analysis_interfaces/include/live_analysis_interfaces/msg/detail/test_result__rosidl_typesupport_introspection_c.h
[9.160s] -- Up-to-date symlink: /home/paranavision/ros2_ws/QPath_ROS2_ws/install/live_analysis_interfaces/include/live_analysis_interfaces/msg/detail/train_request__rosidl_typesupport_introspection_c.h
[9.160s] -- Up-to-date symlink: /home/paranavision/ros2_ws/QPath_ROS2_ws/install/live_analysis_interfaces/include/live_analysis_interfaces/msg/detail/train_request_client__rosidl_typesupport_introspection_c.h
[9.160s] -- Up-to-date symlink: /home/paranavision/ros2_ws/QPath_ROS2_ws/install/live_analysis_interfaces/include/live_analysis_interfaces/msg/detail/training_result__rosidl_typesupport_introspection_c.h
[9.160s] -- Up-to-date symlink: /home/paranavision/ros2_ws/QPath_ROS2_ws/install/live_analysis_interfaces/include/live_analysis_interfaces/msg/rosidl_typesupport_introspection_c__visibility_control.h
[9.161s] -- Symlinking: /home/paranavision/ros2_ws/QPath_ROS2_ws/install/live_analysis_interfaces/include/live_analysis_interfaces/msg/detail/stop_testing_request__builder.hpp
[9.168s] -- Symlinking: /home/paranavision/ros2_ws/QPath_ROS2_ws/install/live_analysis_interfaces/include/live_analysis_interfaces/msg/detail/stop_testing_request__struct.hpp
[9.175s] -- Symlinking: /home/paranavision/ros2_ws/QPath_ROS2_ws/install/live_analysis_interfaces/include/live_analysis_interfaces/msg/detail/stop_testing_request__traits.hpp
[9.182s] -- Symlinking: /home/paranavision/ros2_ws/QPath_ROS2_ws/install/live_analysis_interfaces/include/live_analysis_interfaces/msg/detail/stop_training_request__builder.hpp
[9.188s] -- Symlinking: /home/paranavision/ros2_ws/QPath_ROS2_ws/install/live_analysis_interfaces/include/live_analysis_interfaces/msg/detail/stop_training_request__struct.hpp
[9.195s] -- Symlinking: /home/paranavision/ros2_ws/QPath_ROS2_ws/install/live_analysis_interfaces/include/live_analysis_interfaces/msg/detail/stop_training_request__traits.hpp
[9.202s] -- Up-to-date symlink: /home/paranavision/ros2_ws/QPath_ROS2_ws/install/live_analysis_interfaces/include/live_analysis_interfaces/msg/detail/test_done__builder.hpp
[9.202s] -- Up-to-date symlink: /home/paranavision/ros2_ws/QPath_ROS2_ws/install/live_analysis_interfaces/include/live_analysis_interfaces/msg/detail/test_done__struct.hpp
[9.202s] -- Up-to-date symlink: /home/paranavision/ros2_ws/QPath_ROS2_ws/install/live_analysis_interfaces/include/live_analysis_interfaces/msg/detail/test_done__traits.hpp
[9.203s] -- Up-to-date symlink: /home/paranavision/ros2_ws/QPath_ROS2_ws/install/live_analysis_interfaces/include/live_analysis_interfaces/msg/detail/test_progress__builder.hpp
[9.203s] -- Up-to-date symlink: /home/paranavision/ros2_ws/QPath_ROS2_ws/install/live_analysis_interfaces/include/live_analysis_interfaces/msg/detail/test_progress__struct.hpp
[9.203s] -- Up-to-date symlink: /home/paranavision/ros2_ws/QPath_ROS2_ws/install/live_analysis_interfaces/include/live_analysis_interfaces/msg/detail/test_progress__traits.hpp
[9.203s] -- Up-to-date symlink: /home/paranavision/ros2_ws/QPath_ROS2_ws/install/live_analysis_interfaces/include/live_analysis_interfaces/msg/detail/test_request__builder.hpp
[9.203s] -- Up-to-date symlink: /home/paranavision/ros2_ws/QPath_ROS2_ws/install/live_analysis_interfaces/include/live_analysis_interfaces/msg/detail/test_request__struct.hpp
[9.203s] -- Up-to-date symlink: /home/paranavision/ros2_ws/QPath_ROS2_ws/install/live_analysis_interfaces/include/live_analysis_interfaces/msg/detail/test_request__traits.hpp
[9.203s] -- Up-to-date symlink: /home/paranavision/ros2_ws/QPath_ROS2_ws/install/live_analysis_interfaces/include/live_analysis_interfaces/msg/detail/test_request_client__builder.hpp
[9.204s] -- Up-to-date symlink: /home/paranavision/ros2_ws/QPath_ROS2_ws/install/live_analysis_interfaces/include/live_analysis_interfaces/msg/detail/test_request_client__struct.hpp
[9.204s] -- Up-to-date symlink: /home/paranavision/ros2_ws/QPath_ROS2_ws/install/live_analysis_interfaces/include/live_analysis_interfaces/msg/detail/test_request_client__traits.hpp
[9.204s] -- Up-to-date symlink: /home/paranavision/ros2_ws/QPath_ROS2_ws/install/live_analysis_interfaces/include/live_analysis_interfaces/msg/detail/test_result__builder.hpp
[9.204s] -- Up-to-date symlink: /home/paranavision/ros2_ws/QPath_ROS2_ws/install/live_analysis_interfaces/include/live_analysis_interfaces/msg/detail/test_result__struct.hpp
[9.204s] -- Up-to-date symlink: /home/paranavision/ros2_ws/QPath_ROS2_ws/install/live_analysis_interfaces/include/live_analysis_interfaces/msg/detail/test_result__traits.hpp
[9.204s] -- Up-to-date symlink: /home/paranavision/ros2_ws/QPath_ROS2_ws/install/live_analysis_interfaces/include/live_analysis_interfaces/msg/detail/train_request__builder.hpp
[9.204s] -- Up-to-date symlink: /home/paranavision/ros2_ws/QPath_ROS2_ws/install/live_analysis_interfaces/include/live_analysis_interfaces/msg/detail/train_request__struct.hpp
[9.205s] -- Up-to-date symlink: /home/paranavision/ros2_ws/QPath_ROS2_ws/install/live_analysis_interfaces/include/live_analysis_interfaces/msg/detail/train_request__traits.hpp
[9.205s] -- Up-to-date symlink: /home/paranavision/ros2_ws/QPath_ROS2_ws/install/live_analysis_interfaces/include/live_analysis_interfaces/msg/detail/train_request_client__builder.hpp
[9.205s] -- Up-to-date symlink: /home/paranavision/ros2_ws/QPath_ROS2_ws/install/live_analysis_interfaces/include/live_analysis_interfaces/msg/detail/train_request_client__struct.hpp
[9.205s] -- Up-to-date symlink: /home/paranavision/ros2_ws/QPath_ROS2_ws/install/live_analysis_interfaces/include/live_analysis_interfaces/msg/detail/train_request_client__traits.hpp
[9.205s] -- Up-to-date symlink: /home/paranavision/ros2_ws/QPath_ROS2_ws/install/live_analysis_interfaces/include/live_analysis_interfaces/msg/detail/training_result__builder.hpp
[9.205s] -- Up-to-date symlink: /home/paranavision/ros2_ws/QPath_ROS2_ws/install/live_analysis_interfaces/include/live_analysis_interfaces/msg/detail/training_result__struct.hpp
[9.206s] -- Up-to-date symlink: /home/paranavision/ros2_ws/QPath_ROS2_ws/install/live_analysis_interfaces/include/live_analysis_interfaces/msg/detail/training_result__traits.hpp
[9.206s] -- Symlinking: /home/paranavision/ros2_ws/QPath_ROS2_ws/install/live_analysis_interfaces/include/live_analysis_interfaces/msg/stop_testing_request.hpp
[9.213s] -- Symlinking: /home/paranavision/ros2_ws/QPath_ROS2_ws/install/live_analysis_interfaces/include/live_analysis_interfaces/msg/stop_training_request.hpp
[9.220s] -- Up-to-date symlink: /home/paranavision/ros2_ws/QPath_ROS2_ws/install/live_analysis_interfaces/include/live_analysis_interfaces/msg/test_done.hpp
[9.220s] -- Up-to-date symlink: /home/paranavision/ros2_ws/QPath_ROS2_ws/install/live_analysis_interfaces/include/live_analysis_interfaces/msg/test_progress.hpp
[9.220s] -- Up-to-date symlink: /home/paranavision/ros2_ws/QPath_ROS2_ws/install/live_analysis_interfaces/include/live_analysis_interfaces/msg/test_request.hpp
[9.220s] -- Up-to-date symlink: /home/paranavision/ros2_ws/QPath_ROS2_ws/install/live_analysis_interfaces/include/live_analysis_interfaces/msg/test_request_client.hpp
[9.220s] -- Up-to-date symlink: /home/paranavision/ros2_ws/QPath_ROS2_ws/install/live_analysis_interfaces/include/live_analysis_interfaces/msg/test_result.hpp
[9.220s] -- Up-to-date symlink: /home/paranavision/ros2_ws/QPath_ROS2_ws/install/live_analysis_interfaces/include/live_analysis_interfaces/msg/train_request.hpp
[9.220s] -- Up-to-date symlink: /home/paranavision/ros2_ws/QPath_ROS2_ws/install/live_analysis_interfaces/include/live_analysis_interfaces/msg/train_request_client.hpp
[9.221s] -- Up-to-date symlink: /home/paranavision/ros2_ws/QPath_ROS2_ws/install/live_analysis_interfaces/include/live_analysis_interfaces/msg/training_result.hpp
[9.221s] -- Symlinking: /home/paranavision/ros2_ws/QPath_ROS2_ws/install/live_analysis_interfaces/include/live_analysis_interfaces/msg/detail/stop_testing_request__rosidl_typesupport_introspection_cpp.hpp
[9.228s] -- Symlinking: /home/paranavision/ros2_ws/QPath_ROS2_ws/install/live_analysis_interfaces/include/live_analysis_interfaces/msg/detail/stop_training_request__rosidl_typesupport_introspection_cpp.hpp
[9.236s] -- Up-to-date symlink: /home/paranavision/ros2_ws/QPath_ROS2_ws/install/live_analysis_interfaces/include/live_analysis_interfaces/msg/detail/test_done__rosidl_typesupport_introspection_cpp.hpp
[9.236s] -- Up-to-date symlink: /home/paranavision/ros2_ws/QPath_ROS2_ws/install/live_analysis_interfaces/include/live_analysis_interfaces/msg/detail/test_progress__rosidl_typesupport_introspection_cpp.hpp
[9.236s] -- Up-to-date symlink: /home/paranavision/ros2_ws/QPath_ROS2_ws/install/live_analysis_interfaces/include/live_analysis_interfaces/msg/detail/test_request__rosidl_typesupport_introspection_cpp.hpp
[9.236s] -- Up-to-date symlink: /home/paranavision/ros2_ws/QPath_ROS2_ws/install/live_analysis_interfaces/include/live_analysis_interfaces/msg/detail/test_request_client__rosidl_typesupport_introspection_cpp.hpp
[9.236s] -- Up-to-date symlink: /home/paranavision/ros2_ws/QPath_ROS2_ws/install/live_analysis_interfaces/include/live_analysis_interfaces/msg/detail/test_result__rosidl_typesupport_introspection_cpp.hpp
[9.237s] -- Up-to-date symlink: /home/paranavision/ros2_ws/QPath_ROS2_ws/install/live_analysis_interfaces/include/live_analysis_interfaces/msg/detail/train_request__rosidl_typesupport_introspection_cpp.hpp
[9.237s] -- Up-to-date symlink: /home/paranavision/ros2_ws/QPath_ROS2_ws/install/live_analysis_interfaces/include/live_analysis_interfaces/msg/detail/train_request_client__rosidl_typesupport_introspection_cpp.hpp
[9.237s] -- Up-to-date symlink: /home/paranavision/ros2_ws/QPath_ROS2_ws/install/live_analysis_interfaces/include/live_analysis_interfaces/msg/detail/training_result__rosidl_typesupport_introspection_cpp.hpp
[9.237s] -- Up-to-date symlink: /home/paranavision/ros2_ws/QPath_ROS2_ws/install/live_analysis_interfaces/share/live_analysis_interfaces/environment/pythonpath.sh
[9.237s] -- Up-to-date symlink: /home/paranavision/ros2_ws/QPath_ROS2_ws/install/live_analysis_interfaces/share/live_analysis_interfaces/environment/pythonpath.dsv
[9.238s] -- Up-to-date symlink: /home/paranavision/ros2_ws/QPath_ROS2_ws/install/live_analysis_interfaces/lib/python3.9/site-packages/live_analysis_interfaces-0.1.0-py3.9.egg-info/PKG-INFO
[9.238s] -- Up-to-date symlink: /home/paranavision/ros2_ws/QPath_ROS2_ws/install/live_analysis_interfaces/lib/python3.9/site-packages/live_analysis_interfaces-0.1.0-py3.9.egg-info/SOURCES.txt
[9.238s] -- Up-to-date symlink: /home/paranavision/ros2_ws/QPath_ROS2_ws/install/live_analysis_interfaces/lib/python3.9/site-packages/live_analysis_interfaces-0.1.0-py3.9.egg-info/dependency_links.txt
[9.239s] -- Up-to-date symlink: /home/paranavision/ros2_ws/QPath_ROS2_ws/install/live_analysis_interfaces/lib/python3.9/site-packages/live_analysis_interfaces-0.1.0-py3.9.egg-info/top_level.txt
[9.240s] -- Up-to-date symlink: /home/paranavision/ros2_ws/QPath_ROS2_ws/install/live_analysis_interfaces/lib/python3.9/site-packages/live_analysis_interfaces/__init__.py
[9.240s] -- Up-to-date symlink: /home/paranavision/ros2_ws/QPath_ROS2_ws/install/live_analysis_interfaces/lib/python3.9/site-packages/live_analysis_interfaces/_live_analysis_interfaces_s.ep.rosidl_typesupport_c.c
[9.240s] -- Up-to-date symlink: /home/paranavision/ros2_ws/QPath_ROS2_ws/install/live_analysis_interfaces/lib/python3.9/site-packages/live_analysis_interfaces/_live_analysis_interfaces_s.ep.rosidl_typesupport_fastrtps_c.c
[9.240s] -- Up-to-date symlink: /home/paranavision/ros2_ws/QPath_ROS2_ws/install/live_analysis_interfaces/lib/python3.9/site-packages/live_analysis_interfaces/_live_analysis_interfaces_s.ep.rosidl_typesupport_introspection_c.c
[9.240s] -- Up-to-date symlink: /home/paranavision/ros2_ws/QPath_ROS2_ws/install/live_analysis_interfaces/lib/python3.9/site-packages/live_analysis_interfaces/liblive_analysis_interfaces__rosidl_generator_py.so
[9.240s] -- Up-to-date symlink: /home/paranavision/ros2_ws/QPath_ROS2_ws/install/live_analysis_interfaces/lib/python3.9/site-packages/live_analysis_interfaces/live_analysis_interfaces_s__rosidl_typesupport_c.cpython-38-x86_64-linux-gnu.so
[9.240s] -- Up-to-date symlink: /home/paranavision/ros2_ws/QPath_ROS2_ws/install/live_analysis_interfaces/lib/python3.9/site-packages/live_analysis_interfaces/live_analysis_interfaces_s__rosidl_typesupport_fastrtps_c.cpython-38-x86_64-linux-gnu.so
[9.241s] -- Up-to-date symlink: /home/paranavision/ros2_ws/QPath_ROS2_ws/install/live_analysis_interfaces/lib/python3.9/site-packages/live_analysis_interfaces/live_analysis_interfaces_s__rosidl_typesupport_introspection_c.cpython-38-x86_64-linux-gnu.so
[9.241s] -- Up-to-date symlink: /home/paranavision/ros2_ws/QPath_ROS2_ws/install/live_analysis_interfaces/lib/python3.9/site-packages/live_analysis_interfaces/msg/__init__.py
[9.241s] -- Symlinking: /home/paranavision/ros2_ws/QPath_ROS2_ws/install/live_analysis_interfaces/lib/python3.9/site-packages/live_analysis_interfaces/msg/_stop_testing_request.py
[9.248s] -- Symlinking: /home/paranavision/ros2_ws/QPath_ROS2_ws/install/live_analysis_interfaces/lib/python3.9/site-packages/live_analysis_interfaces/msg/_stop_testing_request_s.c
[9.255s] -- Symlinking: /home/paranavision/ros2_ws/QPath_ROS2_ws/install/live_analysis_interfaces/lib/python3.9/site-packages/live_analysis_interfaces/msg/_stop_training_request.py
[9.262s] -- Symlinking: /home/paranavision/ros2_ws/QPath_ROS2_ws/install/live_analysis_interfaces/lib/python3.9/site-packages/live_analysis_interfaces/msg/_stop_training_request_s.c
[9.269s] -- Up-to-date symlink: /home/paranavision/ros2_ws/QPath_ROS2_ws/install/live_analysis_interfaces/lib/python3.9/site-packages/live_analysis_interfaces/msg/_test_done.py
[9.269s] -- Up-to-date symlink: /home/paranavision/ros2_ws/QPath_ROS2_ws/install/live_analysis_interfaces/lib/python3.9/site-packages/live_analysis_interfaces/msg/_test_done_s.c
[9.269s] -- Up-to-date symlink: /home/paranavision/ros2_ws/QPath_ROS2_ws/install/live_analysis_interfaces/lib/python3.9/site-packages/live_analysis_interfaces/msg/_test_progress.py
[9.269s] -- Up-to-date symlink: /home/paranavision/ros2_ws/QPath_ROS2_ws/install/live_analysis_interfaces/lib/python3.9/site-packages/live_analysis_interfaces/msg/_test_progress_s.c
[9.269s] -- Up-to-date symlink: /home/paranavision/ros2_ws/QPath_ROS2_ws/install/live_analysis_interfaces/lib/python3.9/site-packages/live_analysis_interfaces/msg/_test_request.py
[9.270s] -- Up-to-date symlink: /home/paranavision/ros2_ws/QPath_ROS2_ws/install/live_analysis_interfaces/lib/python3.9/site-packages/live_analysis_interfaces/msg/_test_request_client.py
[9.270s] -- Up-to-date symlink: /home/paranavision/ros2_ws/QPath_ROS2_ws/install/live_analysis_interfaces/lib/python3.9/site-packages/live_analysis_interfaces/msg/_test_request_client_s.c
[9.270s] -- Up-to-date symlink: /home/paranavision/ros2_ws/QPath_ROS2_ws/install/live_analysis_interfaces/lib/python3.9/site-packages/live_analysis_interfaces/msg/_test_request_s.c
[9.270s] -- Up-to-date symlink: /home/paranavision/ros2_ws/QPath_ROS2_ws/install/live_analysis_interfaces/lib/python3.9/site-packages/live_analysis_interfaces/msg/_test_result.py
[9.270s] -- Up-to-date symlink: /home/paranavision/ros2_ws/QPath_ROS2_ws/install/live_analysis_interfaces/lib/python3.9/site-packages/live_analysis_interfaces/msg/_test_result_s.c
[9.270s] -- Up-to-date symlink: /home/paranavision/ros2_ws/QPath_ROS2_ws/install/live_analysis_interfaces/lib/python3.9/site-packages/live_analysis_interfaces/msg/_train_request.py
[9.271s] -- Up-to-date symlink: /home/paranavision/ros2_ws/QPath_ROS2_ws/install/live_analysis_interfaces/lib/python3.9/site-packages/live_analysis_interfaces/msg/_train_request_client.py
[9.271s] -- Up-to-date symlink: /home/paranavision/ros2_ws/QPath_ROS2_ws/install/live_analysis_interfaces/lib/python3.9/site-packages/live_analysis_interfaces/msg/_train_request_client_s.c
[9.271s] -- Up-to-date symlink: /home/paranavision/ros2_ws/QPath_ROS2_ws/install/live_analysis_interfaces/lib/python3.9/site-packages/live_analysis_interfaces/msg/_train_request_s.c
[9.271s] -- Up-to-date symlink: /home/paranavision/ros2_ws/QPath_ROS2_ws/install/live_analysis_interfaces/lib/python3.9/site-packages/live_analysis_interfaces/msg/_training_result.py
[9.271s] -- Up-to-date symlink: /home/paranavision/ros2_ws/QPath_ROS2_ws/install/live_analysis_interfaces/lib/python3.9/site-packages/live_analysis_interfaces/msg/_training_result_s.c
[9.272s] -- Up-to-date symlink: /home/paranavision/ros2_ws/QPath_ROS2_ws/install/live_analysis_interfaces/lib/python3.9/site-packages/live_analysis_interfaces/live_analysis_interfaces_s__rosidl_typesupport_fastrtps_c.cpython-38-x86_64-linux-gnu.so
[9.272s] -- Up-to-date symlink: /home/paranavision/ros2_ws/QPath_ROS2_ws/install/live_analysis_interfaces/lib/python3.9/site-packages/live_analysis_interfaces/live_analysis_interfaces_s__rosidl_typesupport_introspection_c.cpython-38-x86_64-linux-gnu.so
[9.272s] -- Up-to-date symlink: /home/paranavision/ros2_ws/QPath_ROS2_ws/install/live_analysis_interfaces/lib/python3.9/site-packages/live_analysis_interfaces/live_analysis_interfaces_s__rosidl_typesupport_c.cpython-38-x86_64-linux-gnu.so
[9.273s] -- Up-to-date symlink: /home/paranavision/ros2_ws/QPath_ROS2_ws/install/live_analysis_interfaces/share/live_analysis_interfaces/msg/TestRequest.idl
[9.273s] -- Up-to-date symlink: /home/paranavision/ros2_ws/QPath_ROS2_ws/install/live_analysis_interfaces/share/live_analysis_interfaces/msg/TestRequestClient.idl
[9.273s] -- Up-to-date symlink: /home/paranavision/ros2_ws/QPath_ROS2_ws/install/live_analysis_interfaces/share/live_analysis_interfaces/msg/TestResult.idl
[9.273s] -- Up-to-date symlink: /home/paranavision/ros2_ws/QPath_ROS2_ws/install/live_analysis_interfaces/share/live_analysis_interfaces/msg/TrainRequest.idl
[9.274s] -- Up-to-date symlink: /home/paranavision/ros2_ws/QPath_ROS2_ws/install/live_analysis_interfaces/share/live_analysis_interfaces/msg/TrainRequestClient.idl
[9.274s] -- Up-to-date symlink: /home/paranavision/ros2_ws/QPath_ROS2_ws/install/live_analysis_interfaces/share/live_analysis_interfaces/msg/TrainingResult.idl
[9.274s] -- Up-to-date symlink: /home/paranavision/ros2_ws/QPath_ROS2_ws/install/live_analysis_interfaces/share/live_analysis_interfaces/msg/TestDone.idl
[9.274s] -- Up-to-date symlink: /home/paranavision/ros2_ws/QPath_ROS2_ws/install/live_analysis_interfaces/share/live_analysis_interfaces/msg/TestProgress.idl
[9.275s] -- Symlinking: /home/paranavision/ros2_ws/QPath_ROS2_ws/install/live_analysis_interfaces/share/live_analysis_interfaces/msg/StopTrainingRequest.idl
[9.282s] -- Symlinking: /home/paranavision/ros2_ws/QPath_ROS2_ws/install/live_analysis_interfaces/share/live_analysis_interfaces/msg/StopTestingRequest.idl
[9.289s] -- Up-to-date symlink: /home/paranavision/ros2_ws/QPath_ROS2_ws/install/live_analysis_interfaces/share/live_analysis_interfaces/msg/TestRequest.msg
[9.289s] -- Up-to-date symlink: /home/paranavision/ros2_ws/QPath_ROS2_ws/install/live_analysis_interfaces/share/live_analysis_interfaces/msg/TestRequestClient.msg
[9.289s] -- Up-to-date symlink: /home/paranavision/ros2_ws/QPath_ROS2_ws/install/live_analysis_interfaces/share/live_analysis_interfaces/msg/TestResult.msg
[9.290s] -- Up-to-date symlink: /home/paranavision/ros2_ws/QPath_ROS2_ws/install/live_analysis_interfaces/share/live_analysis_interfaces/msg/TrainRequest.msg
[9.290s] -- Up-to-date symlink: /home/paranavision/ros2_ws/QPath_ROS2_ws/install/live_analysis_interfaces/share/live_analysis_interfaces/msg/TrainRequestClient.msg
[9.290s] -- Up-to-date symlink: /home/paranavision/ros2_ws/QPath_ROS2_ws/install/live_analysis_interfaces/share/live_analysis_interfaces/msg/TrainingResult.msg
[9.290s] -- Up-to-date symlink: /home/paranavision/ros2_ws/QPath_ROS2_ws/install/live_analysis_interfaces/share/live_analysis_interfaces/msg/TestDone.msg
[9.291s] -- Up-to-date symlink: /home/paranavision/ros2_ws/QPath_ROS2_ws/install/live_analysis_interfaces/share/live_analysis_interfaces/msg/TestProgress.msg
[9.291s] -- Symlinking: /home/paranavision/ros2_ws/QPath_ROS2_ws/install/live_analysis_interfaces/share/live_analysis_interfaces/msg/StopTrainingRequest.msg
[9.298s] -- Symlinking: /home/paranavision/ros2_ws/QPath_ROS2_ws/install/live_analysis_interfaces/share/live_analysis_interfaces/msg/StopTestingRequest.msg
[9.305s] -- Up-to-date symlink: /home/paranavision/ros2_ws/QPath_ROS2_ws/install/live_analysis_interfaces/share/ament_index/resource_index/package_run_dependencies/live_analysis_interfaces
[9.305s] -- Up-to-date symlink: /home/paranavision/ros2_ws/QPath_ROS2_ws/install/live_analysis_interfaces/share/ament_index/resource_index/parent_prefix_path/live_analysis_interfaces
[9.305s] -- Up-to-date symlink: /home/paranavision/ros2_ws/QPath_ROS2_ws/install/live_analysis_interfaces/share/live_analysis_interfaces/environment/ament_prefix_path.sh
[9.306s] -- Up-to-date symlink: /home/paranavision/ros2_ws/QPath_ROS2_ws/install/live_analysis_interfaces/share/live_analysis_interfaces/environment/ament_prefix_path.dsv
[9.306s] -- Up-to-date symlink: /home/paranavision/ros2_ws/QPath_ROS2_ws/install/live_analysis_interfaces/share/live_analysis_interfaces/environment/path.sh
[9.306s] -- Up-to-date symlink: /home/paranavision/ros2_ws/QPath_ROS2_ws/install/live_analysis_interfaces/share/live_analysis_interfaces/environment/path.dsv
[9.306s] -- Up-to-date symlink: /home/paranavision/ros2_ws/QPath_ROS2_ws/install/live_analysis_interfaces/share/live_analysis_interfaces/local_setup.bash
[9.306s] -- Up-to-date symlink: /home/paranavision/ros2_ws/QPath_ROS2_ws/install/live_analysis_interfaces/share/live_analysis_interfaces/local_setup.sh
[9.307s] -- Up-to-date symlink: /home/paranavision/ros2_ws/QPath_ROS2_ws/install/live_analysis_interfaces/share/live_analysis_interfaces/local_setup.zsh
[9.307s] -- Up-to-date symlink: /home/paranavision/ros2_ws/QPath_ROS2_ws/install/live_analysis_interfaces/share/live_analysis_interfaces/local_setup.dsv
[9.307s] -- Symlinking: /home/paranavision/ros2_ws/QPath_ROS2_ws/install/live_analysis_interfaces/share/live_analysis_interfaces/package.dsv
[9.314s] -- Up-to-date symlink: /home/paranavision/ros2_ws/QPath_ROS2_ws/install/live_analysis_interfaces/share/ament_index/resource_index/packages/live_analysis_interfaces
[9.314s] -- Up-to-date symlink: /home/paranavision/ros2_ws/QPath_ROS2_ws/install/live_analysis_interfaces/share/live_analysis_interfaces/cmake/rosidl_cmake-extras.cmake
[9.315s] -- Up-to-date symlink: /home/paranavision/ros2_ws/QPath_ROS2_ws/install/live_analysis_interfaces/share/live_analysis_interfaces/cmake/ament_cmake_export_dependencies-extras.cmake
[9.315s] -- Up-to-date symlink: /home/paranavision/ros2_ws/QPath_ROS2_ws/install/live_analysis_interfaces/share/live_analysis_interfaces/cmake/ament_cmake_export_libraries-extras.cmake
[9.315s] -- Up-to-date symlink: /home/paranavision/ros2_ws/QPath_ROS2_ws/install/live_analysis_interfaces/share/live_analysis_interfaces/cmake/ament_cmake_export_targets-extras.cmake
[9.315s] -- Up-to-date symlink: /home/paranavision/ros2_ws/QPath_ROS2_ws/install/live_analysis_interfaces/share/live_analysis_interfaces/cmake/ament_cmake_export_include_directories-extras.cmake
[9.316s] -- Up-to-date symlink: /home/paranavision/ros2_ws/QPath_ROS2_ws/install/live_analysis_interfaces/share/live_analysis_interfaces/cmake/rosidl_cmake_export_typesupport_libraries-extras.cmake
[9.316s] -- Up-to-date symlink: /home/paranavision/ros2_ws/QPath_ROS2_ws/install/live_analysis_interfaces/share/live_analysis_interfaces/cmake/rosidl_cmake_export_typesupport_targets-extras.cmake
[9.316s] -- Up-to-date symlink: /home/paranavision/ros2_ws/QPath_ROS2_ws/install/live_analysis_interfaces/share/live_analysis_interfaces/cmake/live_analysis_interfacesConfig.cmake
[9.316s] -- Up-to-date symlink: /home/paranavision/ros2_ws/QPath_ROS2_ws/install/live_analysis_interfaces/share/live_analysis_interfaces/cmake/live_analysis_interfacesConfig-version.cmake
[9.317s] -- Up-to-date symlink: /home/paranavision/ros2_ws/QPath_ROS2_ws/install/live_analysis_interfaces/share/live_analysis_interfaces/package.xml
[9.317s] -- Installing: /home/paranavision/ros2_ws/QPath_ROS2_ws/install/live_analysis_interfaces/lib/liblive_analysis_interfaces__rosidl_generator_c.so
[9.317s] -- Set runtime path of "/home/paranavision/ros2_ws/QPath_ROS2_ws/install/live_analysis_interfaces/lib/liblive_analysis_interfaces__rosidl_generator_c.so" to ""
[9.317s] -- Installing: /home/paranavision/ros2_ws/QPath_ROS2_ws/install/live_analysis_interfaces/lib/liblive_analysis_interfaces__rosidl_typesupport_introspection_c.so
[9.318s] -- Set runtime path of "/home/paranavision/ros2_ws/QPath_ROS2_ws/install/live_analysis_interfaces/lib/liblive_analysis_interfaces__rosidl_typesupport_introspection_c.so" to ""
[9.318s] -- Installing: /home/paranavision/ros2_ws/QPath_ROS2_ws/install/live_analysis_interfaces/lib/liblive_analysis_interfaces__rosidl_typesupport_c.so
[9.318s] -- Set runtime path of "/home/paranavision/ros2_ws/QPath_ROS2_ws/install/live_analysis_interfaces/lib/liblive_analysis_interfaces__rosidl_typesupport_c.so" to ""
[9.318s] -- Installing: /home/paranavision/ros2_ws/QPath_ROS2_ws/install/live_analysis_interfaces/lib/liblive_analysis_interfaces__rosidl_typesupport_introspection_cpp.so
[9.319s] -- Set runtime path of "/home/paranavision/ros2_ws/QPath_ROS2_ws/install/live_analysis_interfaces/lib/liblive_analysis_interfaces__rosidl_typesupport_introspection_cpp.so" to ""
[9.319s] -- Installing: /home/paranavision/ros2_ws/QPath_ROS2_ws/install/live_analysis_interfaces/lib/liblive_analysis_interfaces__rosidl_typesupport_cpp.so
[9.319s] -- Set runtime path of "/home/paranavision/ros2_ws/QPath_ROS2_ws/install/live_analysis_interfaces/lib/liblive_analysis_interfaces__rosidl_typesupport_cpp.so" to ""
[9.363s] Listing '/home/paranavision/ros2_ws/QPath_ROS2_ws/install/live_analysis_interfaces/lib/python3.9/site-packages/live_analysis_interfaces'...
[9.363s] Compiling '/home/paranavision/ros2_ws/QPath_ROS2_ws/install/live_analysis_interfaces/lib/python3.9/site-packages/live_analysis_interfaces/__init__.py'...
[9.363s] Listing '/home/paranavision/ros2_ws/QPath_ROS2_ws/install/live_analysis_interfaces/lib/python3.9/site-packages/live_analysis_interfaces/msg'...
[9.363s] Compiling '/home/paranavision/ros2_ws/QPath_ROS2_ws/install/live_analysis_interfaces/lib/python3.9/site-packages/live_analysis_interfaces/msg/__init__.py'...
[9.363s] Compiling '/home/paranavision/ros2_ws/QPath_ROS2_ws/install/live_analysis_interfaces/lib/python3.9/site-packages/live_analysis_interfaces/msg/_stop_testing_request.py'...
[9.363s] Compiling '/home/paranavision/ros2_ws/QPath_ROS2_ws/install/live_analysis_interfaces/lib/python3.9/site-packages/live_analysis_interfaces/msg/_stop_training_request.py'...
[9.363s] Compiling '/home/paranavision/ros2_ws/QPath_ROS2_ws/install/live_analysis_interfaces/lib/python3.9/site-packages/live_analysis_interfaces/msg/_test_done.py'...
[9.363s] Compiling '/home/paranavision/ros2_ws/QPath_ROS2_ws/install/live_analysis_interfaces/lib/python3.9/site-packages/live_analysis_interfaces/msg/_test_progress.py'...
[9.363s] Compiling '/home/paranavision/ros2_ws/QPath_ROS2_ws/install/live_analysis_interfaces/lib/python3.9/site-packages/live_analysis_interfaces/msg/_test_request.py'...
[9.363s] Compiling '/home/paranavision/ros2_ws/QPath_ROS2_ws/install/live_analysis_interfaces/lib/python3.9/site-packages/live_analysis_interfaces/msg/_test_request_client.py'...
[9.363s] Compiling '/home/paranavision/ros2_ws/QPath_ROS2_ws/install/live_analysis_interfaces/lib/python3.9/site-packages/live_analysis_interfaces/msg/_test_result.py'...
[9.363s] Compiling '/home/paranavision/ros2_ws/QPath_ROS2_ws/install/live_analysis_interfaces/lib/python3.9/site-packages/live_analysis_interfaces/msg/_train_request.py'...
[9.363s] Compiling '/home/paranavision/ros2_ws/QPath_ROS2_ws/install/live_analysis_interfaces/lib/python3.9/site-packages/live_analysis_interfaces/msg/_train_request_client.py'...
[9.363s] Compiling '/home/paranavision/ros2_ws/QPath_ROS2_ws/install/live_analysis_interfaces/lib/python3.9/site-packages/live_analysis_interfaces/msg/_training_result.py'...
[9.367s] -- Installing: /home/paranavision/ros2_ws/QPath_ROS2_ws/install/live_analysis_interfaces/lib/liblive_analysis_interfaces__rosidl_generator_py.so
[9.367s] -- Set runtime path of "/home/paranavision/ros2_ws/QPath_ROS2_ws/install/live_analysis_interfaces/lib/liblive_analysis_interfaces__rosidl_generator_py.so" to ""
[9.367s] -- Up-to-date: /home/paranavision/ros2_ws/QPath_ROS2_ws/install/live_analysis_interfaces/share/live_analysis_interfaces/cmake/live_analysis_interfaces__rosidl_generator_cExport.cmake
[9.368s] -- Installing: /home/paranavision/ros2_ws/QPath_ROS2_ws/install/live_analysis_interfaces/share/live_analysis_interfaces/cmake/live_analysis_interfaces__rosidl_generator_cExport-noconfig.cmake
[9.368s] -- Up-to-date: /home/paranavision/ros2_ws/QPath_ROS2_ws/install/live_analysis_interfaces/share/live_analysis_interfaces/cmake/live_analysis_interfaces__rosidl_typesupport_introspection_cExport.cmake
[9.368s] -- Installing: /home/paranavision/ros2_ws/QPath_ROS2_ws/install/live_analysis_interfaces/share/live_analysis_interfaces/cmake/live_analysis_interfaces__rosidl_typesupport_introspection_cExport-noconfig.cmake
[9.368s] -- Up-to-date: /home/paranavision/ros2_ws/QPath_ROS2_ws/install/live_analysis_interfaces/share/live_analysis_interfaces/cmake/live_analysis_interfaces__rosidl_typesupport_cExport.cmake
[9.368s] -- Installing: /home/paranavision/ros2_ws/QPath_ROS2_ws/install/live_analysis_interfaces/share/live_analysis_interfaces/cmake/live_analysis_interfaces__rosidl_typesupport_cExport-noconfig.cmake
[9.368s] -- Up-to-date: /home/paranavision/ros2_ws/QPath_ROS2_ws/install/live_analysis_interfaces/share/live_analysis_interfaces/cmake/live_analysis_interfaces__rosidl_generator_cppExport.cmake
[9.368s] -- Up-to-date: /home/paranavision/ros2_ws/QPath_ROS2_ws/install/live_analysis_interfaces/share/live_analysis_interfaces/cmake/live_analysis_interfaces__rosidl_typesupport_introspection_cppExport.cmake
[9.369s] -- Installing: /home/paranavision/ros2_ws/QPath_ROS2_ws/install/live_analysis_interfaces/share/live_analysis_interfaces/cmake/live_analysis_interfaces__rosidl_typesupport_introspection_cppExport-noconfig.cmake
[9.369s] -- Up-to-date: /home/paranavision/ros2_ws/QPath_ROS2_ws/install/live_analysis_interfaces/share/live_analysis_interfaces/cmake/live_analysis_interfaces__rosidl_typesupport_cppExport.cmake
[9.369s] -- Installing: /home/paranavision/ros2_ws/QPath_ROS2_ws/install/live_analysis_interfaces/share/live_analysis_interfaces/cmake/live_analysis_interfaces__rosidl_typesupport_cppExport-noconfig.cmake
[9.369s] -- Up-to-date: /home/paranavision/ros2_ws/QPath_ROS2_ws/install/live_analysis_interfaces/share/live_analysis_interfaces/cmake/export_live_analysis_interfaces__rosidl_generator_pyExport.cmake
[9.369s] -- Installing: /home/paranavision/ros2_ws/QPath_ROS2_ws/install/live_analysis_interfaces/share/live_analysis_interfaces/cmake/export_live_analysis_interfaces__rosidl_generator_pyExport-noconfig.cmake
[9.371s] Invoked command in '/home/paranavision/ros2_ws/QPath_ROS2_ws/build/live_analysis_interfaces' returned '0': CMAKE_PREFIX_PATH=/opt/ros/rolling /usr/bin/cmake --install /home/paranavision/ros2_ws/QPath_ROS2_ws/build/live_analysis_interfaces
