[1.278s] Invoking command in '/home/paranavision/ros2_ws/QPath_ROS2_ws/build/server_tools': AMENT_PREFIX_PATH=/home/paranavision/ros2_ws/QPath_ROS2_ws/install/live_analysis_interfaces:${AMENT_PREFIX_PATH} CMAKE_PREFIX_PATH=/home/paranavision/ros2_ws/QPath_ROS2_ws/install/live_analysis_interfaces LD_LIBRARY_PATH=/home/paranavision/ros2_ws/QPath_ROS2_ws/install/live_analysis_interfaces/lib:${LD_LIBRARY_PATH} PYTHONPATH=/home/paranavision/ros2_ws/QPath_ROS2_ws/build/server_tools/prefix_override:/usr/lib/python3/dist-packages/colcon_core/task/python/colcon_distutils_commands:/home/paranavision/ros2_ws/QPath_ROS2_ws/install/server_tools/lib/python3.8/site-packages:/home/paranavision/ros2_ws/QPath_ROS2_ws/install/live_analysis_interfaces/lib/python3.9/site-packages:${PYTHONPATH} /usr/bin/python3 -W ignore:setup.py install is deprecated -W ignore:easy_install command is deprecated setup.py develop --editable --build-directory /home/paranavision/ros2_ws/QPath_ROS2_ws/build/server_tools/build --no-deps symlink_data
[1.426s] /home/paranavision/.local/lib/python3.8/site-packages/setuptools/_distutils/dist.py:261: UserWarning: Unknown distribution option: 'tests_require'
[1.426s]   warnings.warn(msg)
[1.625s] running develop
[1.874s] running egg_info
[1.893s] creating server_tools.egg-info
[1.896s] writing server_tools.egg-info/PKG-INFO
[1.897s] writing dependency_links to server_tools.egg-info/dependency_links.txt
[1.897s] writing entry points to server_tools.egg-info/entry_points.txt
[1.897s] writing requirements to server_tools.egg-info/requires.txt
[1.897s] writing top-level names to server_tools.egg-info/top_level.txt
[1.897s] writing manifest file 'server_tools.egg-info/SOURCES.txt'
[1.937s] reading manifest file 'server_tools.egg-info/SOURCES.txt'
[1.938s] writing manifest file 'server_tools.egg-info/SOURCES.txt'
[1.993s] running build_ext
[1.993s] Creating /home/paranavision/ros2_ws/QPath_ROS2_ws/install/server_tools/lib/python3.8/site-packages/server-tools.egg-link (link to .)
[2.005s] Installing test_data_loader script to /home/paranavision/ros2_ws/QPath_ROS2_ws/install/server_tools/lib/server_tools
[2.005s] Installing test_result_saver script to /home/paranavision/ros2_ws/QPath_ROS2_ws/install/server_tools/lib/server_tools
[2.005s] Installing training_data_loader script to /home/paranavision/ros2_ws/QPath_ROS2_ws/install/server_tools/lib/server_tools
[2.005s] Installing training_result_listener script to /home/paranavision/ros2_ws/QPath_ROS2_ws/install/server_tools/lib/server_tools
[2.005s] 
[2.005s] Installed /home/paranavision/ros2_ws/QPath_ROS2_ws/build/server_tools
[2.006s] running symlink_data
[2.006s] symbolically linking /home/paranavision/ros2_ws/QPath_ROS2_ws/build/server_tools/package.xml -> /home/paranavision/ros2_ws/QPath_ROS2_ws/install/server_tools/share/server_tools
[2.006s] creating /home/paranavision/ros2_ws/QPath_ROS2_ws/install/server_tools/share/server_tools/launch
[2.006s] symbolically linking /home/paranavision/ros2_ws/QPath_ROS2_ws/build/server_tools/launch/server_tools.launch.py -> /home/paranavision/ros2_ws/QPath_ROS2_ws/install/server_tools/share/server_tools/launch
[2.046s] Invoked command in '/home/paranavision/ros2_ws/QPath_ROS2_ws/build/server_tools' returned '0': AMENT_PREFIX_PATH=/home/paranavision/ros2_ws/QPath_ROS2_ws/install/live_analysis_interfaces:${AMENT_PREFIX_PATH} CMAKE_PREFIX_PATH=/home/paranavision/ros2_ws/QPath_ROS2_ws/install/live_analysis_interfaces LD_LIBRARY_PATH=/home/paranavision/ros2_ws/QPath_ROS2_ws/install/live_analysis_interfaces/lib:${LD_LIBRARY_PATH} PYTHONPATH=/home/paranavision/ros2_ws/QPath_ROS2_ws/build/server_tools/prefix_override:/usr/lib/python3/dist-packages/colcon_core/task/python/colcon_distutils_commands:/home/paranavision/ros2_ws/QPath_ROS2_ws/install/server_tools/lib/python3.8/site-packages:/home/paranavision/ros2_ws/QPath_ROS2_ws/install/live_analysis_interfaces/lib/python3.9/site-packages:${PYTHONPATH} /usr/bin/python3 -W ignore:setup.py install is deprecated -W ignore:easy_install command is deprecated setup.py develop --editable --build-directory /home/paranavision/ros2_ws/QPath_ROS2_ws/build/server_tools/build --no-deps symlink_data
