[0.742s] Invoking command in '/home/burcu/ros2_ws/src/live_analysis_ros2': CMAKE_PREFIX_PATH=/home/burcu/ros2_ws/install/live_analysis_interfaces:/home/burcu/ros2_ws/install/my_cpp_server_tools:/opt/ros/jazzy/opt/gz_math_vendor:/opt/ros/jazzy/opt/gz_utils_vendor:/opt/ros/jazzy/opt/gz_cmake_vendor PYTHONPATH=/home/burcu/ros2_ws/build/live_analysis_ros2/prefix_override:/usr/lib/python3/dist-packages/colcon_core/task/python/colcon_distutils_commands:/home/burcu/ros2_ws/install/live_analysis_ros2/lib/python3.12/site-packages:/home/burcu/ros2_ws/install/live_analysis_interfaces/lib/python3.12/site-packages:/home/burcu/ros2_ws/install/live_analysis_ros2/lib/python3.12/site-packages:/opt/ros/jazzy/lib/python3.12/site-packages VIRTUAL_ENV_PROMPT=(ros2env) /usr/bin/python3 -W ignore:setup.py install is deprecated -W ignore:easy_install command is deprecated setup.py egg_info --egg-base ../../build/live_analysis_ros2 build --build-base /home/burcu/ros2_ws/build/live_analysis_ros2/build install --record /home/burcu/ros2_ws/build/live_analysis_ros2/install.log --single-version-externally-managed install_data
[0.920s] running egg_info
[0.932s] writing ../../build/live_analysis_ros2/live_analysis_ros2.egg-info/PKG-INFO
[0.932s] writing dependency_links to ../../build/live_analysis_ros2/live_analysis_ros2.egg-info/dependency_links.txt
[0.933s] writing entry points to ../../build/live_analysis_ros2/live_analysis_ros2.egg-info/entry_points.txt
[0.933s] writing requirements to ../../build/live_analysis_ros2/live_analysis_ros2.egg-info/requires.txt
[0.933s] writing top-level names to ../../build/live_analysis_ros2/live_analysis_ros2.egg-info/top_level.txt
[0.962s] reading manifest file '../../build/live_analysis_ros2/live_analysis_ros2.egg-info/SOURCES.txt'
[0.963s] writing manifest file '../../build/live_analysis_ros2/live_analysis_ros2.egg-info/SOURCES.txt'
[0.963s] running build
[0.963s] running build_py
[0.963s] running install
[0.967s] running install_lib
[0.979s] running install_data
[0.979s] copying launch/analysis_node.launch.py -> /home/burcu/ros2_ws/install/live_analysis_ros2/share/live_analysis_ros2/launch
[0.979s] running install_egg_info
[0.992s] removing '/home/burcu/ros2_ws/install/live_analysis_ros2/lib/python3.12/site-packages/live_analysis_ros2-0.1.0-py3.12.egg-info' (and everything under it)
[0.992s] Copying ../../build/live_analysis_ros2/live_analysis_ros2.egg-info to /home/burcu/ros2_ws/install/live_analysis_ros2/lib/python3.12/site-packages/live_analysis_ros2-0.1.0-py3.12.egg-info
[0.993s] running install_scripts
[1.089s] Installing analysis_node script to /home/burcu/ros2_ws/install/live_analysis_ros2/lib/live_analysis_ros2
[1.090s] writing list of installed files to '/home/burcu/ros2_ws/build/live_analysis_ros2/install.log'
[1.110s] Invoked command in '/home/burcu/ros2_ws/src/live_analysis_ros2' returned '0': CMAKE_PREFIX_PATH=/home/burcu/ros2_ws/install/live_analysis_interfaces:/home/burcu/ros2_ws/install/my_cpp_server_tools:/opt/ros/jazzy/opt/gz_math_vendor:/opt/ros/jazzy/opt/gz_utils_vendor:/opt/ros/jazzy/opt/gz_cmake_vendor PYTHONPATH=/home/burcu/ros2_ws/build/live_analysis_ros2/prefix_override:/usr/lib/python3/dist-packages/colcon_core/task/python/colcon_distutils_commands:/home/burcu/ros2_ws/install/live_analysis_ros2/lib/python3.12/site-packages:/home/burcu/ros2_ws/install/live_analysis_interfaces/lib/python3.12/site-packages:/home/burcu/ros2_ws/install/live_analysis_ros2/lib/python3.12/site-packages:/opt/ros/jazzy/lib/python3.12/site-packages VIRTUAL_ENV_PROMPT=(ros2env) /usr/bin/python3 -W ignore:setup.py install is deprecated -W ignore:easy_install command is deprecated setup.py egg_info --egg-base ../../build/live_analysis_ros2 build --build-base /home/burcu/ros2_ws/build/live_analysis_ros2/build install --record /home/burcu/ros2_ws/build/live_analysis_ros2/install.log --single-version-externally-managed install_data
