[0.010s] Invoking command in '/home/burcu/ros2_ws/build/my_cpp_server_tools': CMAKE_PREFIX_PATH=${CMAKE_PREFIX_PATH}:/home/burcu/ros2_ws/install/live_analysis_ros2:/opt/ros/jazzy VIRTUAL_ENV_PROMPT=(ros2env) /usr/bin/cmake --build /home/burcu/ros2_ws/build/my_cpp_server_tools -- -j22 -l22
[0.058s] [100%] Built target my_cpp_node
[0.066s] Invoked command in '/home/burcu/ros2_ws/build/my_cpp_server_tools' returned '0': CMAKE_PREFIX_PATH=${CMAKE_PREFIX_PATH}:/home/burcu/ros2_ws/install/live_analysis_ros2:/opt/ros/jazzy VIRTUAL_ENV_PROMPT=(ros2env) /usr/bin/cmake --build /home/burcu/ros2_ws/build/my_cpp_server_tools -- -j22 -l22
[0.073s] Invoking command in '/home/burcu/ros2_ws/build/my_cpp_server_tools': CMAKE_PREFIX_PATH=${CMAKE_PREFIX_PATH}:/home/burcu/ros2_ws/install/live_analysis_ros2:/opt/ros/jazzy VIRTUAL_ENV_PROMPT=(ros2env) /usr/bin/cmake --install /home/burcu/ros2_ws/build/my_cpp_server_tools
[0.080s] -- Install configuration: ""
[0.081s] -- Up-to-date: /home/burcu/ros2_ws/install/my_cpp_server_tools/lib/my_cpp_server_tools/my_cpp_node
[0.081s] -- Up-to-date: /home/burcu/ros2_ws/install/my_cpp_server_tools/share/ament_index/resource_index/package_run_dependencies/my_cpp_server_tools
[0.081s] -- Up-to-date: /home/burcu/ros2_ws/install/my_cpp_server_tools/share/ament_index/resource_index/parent_prefix_path/my_cpp_server_tools
[0.081s] -- Up-to-date: /home/burcu/ros2_ws/install/my_cpp_server_tools/share/my_cpp_server_tools/environment/ament_prefix_path.sh
[0.081s] -- Up-to-date: /home/burcu/ros2_ws/install/my_cpp_server_tools/share/my_cpp_server_tools/environment/ament_prefix_path.dsv
[0.081s] -- Up-to-date: /home/burcu/ros2_ws/install/my_cpp_server_tools/share/my_cpp_server_tools/environment/path.sh
[0.081s] -- Up-to-date: /home/burcu/ros2_ws/install/my_cpp_server_tools/share/my_cpp_server_tools/environment/path.dsv
[0.081s] -- Up-to-date: /home/burcu/ros2_ws/install/my_cpp_server_tools/share/my_cpp_server_tools/local_setup.bash
[0.081s] -- Up-to-date: /home/burcu/ros2_ws/install/my_cpp_server_tools/share/my_cpp_server_tools/local_setup.sh
[0.081s] -- Up-to-date: /home/burcu/ros2_ws/install/my_cpp_server_tools/share/my_cpp_server_tools/local_setup.zsh
[0.081s] -- Up-to-date: /home/burcu/ros2_ws/install/my_cpp_server_tools/share/my_cpp_server_tools/local_setup.dsv
[0.081s] -- Installing: /home/burcu/ros2_ws/install/my_cpp_server_tools/share/my_cpp_server_tools/package.dsv
[0.082s] -- Up-to-date: /home/burcu/ros2_ws/install/my_cpp_server_tools/share/ament_index/resource_index/packages/my_cpp_server_tools
[0.082s] -- Up-to-date: /home/burcu/ros2_ws/install/my_cpp_server_tools/share/my_cpp_server_tools/cmake/ament_cmake_export_dependencies-extras.cmake
[0.082s] -- Up-to-date: /home/burcu/ros2_ws/install/my_cpp_server_tools/share/my_cpp_server_tools/cmake/my_cpp_server_toolsConfig.cmake
[0.082s] -- Up-to-date: /home/burcu/ros2_ws/install/my_cpp_server_tools/share/my_cpp_server_tools/cmake/my_cpp_server_toolsConfig-version.cmake
[0.082s] -- Up-to-date: /home/burcu/ros2_ws/install/my_cpp_server_tools/share/my_cpp_server_tools/package.xml
[0.083s] Invoked command in '/home/burcu/ros2_ws/build/my_cpp_server_tools' returned '0': CMAKE_PREFIX_PATH=${CMAKE_PREFIX_PATH}:/home/burcu/ros2_ws/install/live_analysis_ros2:/opt/ros/jazzy VIRTUAL_ENV_PROMPT=(ros2env) /usr/bin/cmake --install /home/burcu/ros2_ws/build/my_cpp_server_tools
