/home/paranavision/.local/lib/python3.8/site-packages/setuptools/_distutils/dist.py:261: UserWarning: Unknown distribution option: 'tests_require'
  warnings.warn(msg)
running develop
running egg_info
creating anomaly_detector.egg-info
writing anomaly_detector.egg-info/PKG-INFO
writing dependency_links to anomaly_detector.egg-info/dependency_links.txt
writing entry points to anomaly_detector.egg-info/entry_points.txt
writing requirements to anomaly_detector.egg-info/requires.txt
writing top-level names to anomaly_detector.egg-info/top_level.txt
writing manifest file 'anomaly_detector.egg-info/SOURCES.txt'
reading manifest file 'anomaly_detector.egg-info/SOURCES.txt'
writing manifest file 'anomaly_detector.egg-info/SOURCES.txt'
running build_ext
Creating /home/paranavision/ros2_ws/QPath_ROS2_ws/install/anomaly_detector/lib/python3.8/site-packages/anomaly-detector.egg-link (link to .)
Installing anomaly_tester_node script to /home/paranavision/ros2_ws/QPath_ROS2_ws/install/anomaly_detector/lib/anomaly_detector
Installing manager_node script to /home/paranavision/ros2_ws/QPath_ROS2_ws/install/anomaly_detector/lib/anomaly_detector
Installing patch_miner_node script to /home/paranavision/ros2_ws/QPath_ROS2_ws/install/anomaly_detector/lib/anomaly_detector
Installing test_node script to /home/paranavision/ros2_ws/QPath_ROS2_ws/install/anomaly_detector/lib/anomaly_detector
Installing training_node script to /home/paranavision/ros2_ws/QPath_ROS2_ws/install/anomaly_detector/lib/anomaly_detector
Installing yolo_detector_node script to /home/paranavision/ros2_ws/QPath_ROS2_ws/install/anomaly_detector/lib/anomaly_detector

Installed /home/paranavision/ros2_ws/QPath_ROS2_ws/build/anomaly_detector
running symlink_data
symbolically linking /home/paranavision/ros2_ws/QPath_ROS2_ws/build/anomaly_detector/package.xml -> /home/paranavision/ros2_ws/QPath_ROS2_ws/install/anomaly_detector/share/anomaly_detector
creating /home/paranavision/ros2_ws/QPath_ROS2_ws/install/anomaly_detector/share/anomaly_detector/msg
symbolically linking /home/paranavision/ros2_ws/QPath_ROS2_ws/build/anomaly_detector/msg/TrainingStatus.msg -> /home/paranavision/ros2_ws/QPath_ROS2_ws/install/anomaly_detector/share/anomaly_detector/msg
symbolically linking /home/paranavision/ros2_ws/QPath_ROS2_ws/build/anomaly_detector/msg/AnomalyResult.msg -> /home/paranavision/ros2_ws/QPath_ROS2_ws/install/anomaly_detector/share/anomaly_detector/msg
symbolically linking /home/paranavision/ros2_ws/QPath_ROS2_ws/build/anomaly_detector/msg/LabeledImages.msg -> /home/paranavision/ros2_ws/QPath_ROS2_ws/install/anomaly_detector/share/anomaly_detector/msg
creating /home/paranavision/ros2_ws/QPath_ROS2_ws/install/anomaly_detector/share/anomaly_detector/launch
symbolically linking /home/paranavision/ros2_ws/QPath_ROS2_ws/build/anomaly_detector/launch/train.launch.py -> /home/paranavision/ros2_ws/QPath_ROS2_ws/install/anomaly_detector/share/anomaly_detector/launch
symbolically linking /home/paranavision/ros2_ws/QPath_ROS2_ws/build/anomaly_detector/launch/yolo_detector.launch.py -> /home/paranavision/ros2_ws/QPath_ROS2_ws/install/anomaly_detector/share/anomaly_detector/launch
