[1.270s] Invoking command in '/home/paranavision/ros2_ws/QPath_ROS2_ws/build/anomaly_detector': AMENT_PREFIX_PATH=/home/paranavision/ros2_ws/QPath_ROS2_ws/install/live_analysis_interfaces:${AMENT_PREFIX_PATH} CMAKE_PREFIX_PATH=/home/paranavision/ros2_ws/QPath_ROS2_ws/install/live_analysis_interfaces LD_LIBRARY_PATH=/home/paranavision/ros2_ws/QPath_ROS2_ws/install/live_analysis_interfaces/lib:${LD_LIBRARY_PATH} PYTHONPATH=/home/paranavision/ros2_ws/QPath_ROS2_ws/build/anomaly_detector/prefix_override:/usr/lib/python3/dist-packages/colcon_core/task/python/colcon_distutils_commands:/home/paranavision/ros2_ws/QPath_ROS2_ws/install/anomaly_detector/lib/python3.8/site-packages:/home/paranavision/ros2_ws/QPath_ROS2_ws/install/live_analysis_interfaces/lib/python3.9/site-packages:${PYTHONPATH} /usr/bin/python3 -W ignore:setup.py install is deprecated -W ignore:easy_install command is deprecated setup.py develop --editable --build-directory /home/paranavision/ros2_ws/QPath_ROS2_ws/build/anomaly_detector/build --no-deps symlink_data
[1.418s] /home/paranavision/.local/lib/python3.8/site-packages/setuptools/_distutils/dist.py:261: UserWarning: Unknown distribution option: 'tests_require'
[1.418s]   warnings.warn(msg)
[1.613s] running develop
[1.857s] running egg_info
[1.876s] creating anomaly_detector.egg-info
[1.879s] writing anomaly_detector.egg-info/PKG-INFO
[1.879s] writing dependency_links to anomaly_detector.egg-info/dependency_links.txt
[1.879s] writing entry points to anomaly_detector.egg-info/entry_points.txt
[1.880s] writing requirements to anomaly_detector.egg-info/requires.txt
[1.880s] writing top-level names to anomaly_detector.egg-info/top_level.txt
[1.880s] writing manifest file 'anomaly_detector.egg-info/SOURCES.txt'
[1.919s] reading manifest file 'anomaly_detector.egg-info/SOURCES.txt'
[1.920s] writing manifest file 'anomaly_detector.egg-info/SOURCES.txt'
[1.973s] running build_ext
[1.973s] Creating /home/paranavision/ros2_ws/QPath_ROS2_ws/install/anomaly_detector/lib/python3.8/site-packages/anomaly-detector.egg-link (link to .)
[1.982s] Installing anomaly_tester_node script to /home/paranavision/ros2_ws/QPath_ROS2_ws/install/anomaly_detector/lib/anomaly_detector
[1.982s] Installing manager_node script to /home/paranavision/ros2_ws/QPath_ROS2_ws/install/anomaly_detector/lib/anomaly_detector
[1.982s] Installing patch_miner_node script to /home/paranavision/ros2_ws/QPath_ROS2_ws/install/anomaly_detector/lib/anomaly_detector
[1.982s] Installing test_node script to /home/paranavision/ros2_ws/QPath_ROS2_ws/install/anomaly_detector/lib/anomaly_detector
[1.982s] Installing training_node script to /home/paranavision/ros2_ws/QPath_ROS2_ws/install/anomaly_detector/lib/anomaly_detector
[1.982s] Installing yolo_detector_node script to /home/paranavision/ros2_ws/QPath_ROS2_ws/install/anomaly_detector/lib/anomaly_detector
[1.982s] 
[1.982s] Installed /home/paranavision/ros2_ws/QPath_ROS2_ws/build/anomaly_detector
[1.983s] running symlink_data
[1.983s] symbolically linking /home/paranavision/ros2_ws/QPath_ROS2_ws/build/anomaly_detector/package.xml -> /home/paranavision/ros2_ws/QPath_ROS2_ws/install/anomaly_detector/share/anomaly_detector
[1.983s] creating /home/paranavision/ros2_ws/QPath_ROS2_ws/install/anomaly_detector/share/anomaly_detector/msg
[1.983s] symbolically linking /home/paranavision/ros2_ws/QPath_ROS2_ws/build/anomaly_detector/msg/TrainingStatus.msg -> /home/paranavision/ros2_ws/QPath_ROS2_ws/install/anomaly_detector/share/anomaly_detector/msg
[1.983s] symbolically linking /home/paranavision/ros2_ws/QPath_ROS2_ws/build/anomaly_detector/msg/AnomalyResult.msg -> /home/paranavision/ros2_ws/QPath_ROS2_ws/install/anomaly_detector/share/anomaly_detector/msg
[1.983s] symbolically linking /home/paranavision/ros2_ws/QPath_ROS2_ws/build/anomaly_detector/msg/LabeledImages.msg -> /home/paranavision/ros2_ws/QPath_ROS2_ws/install/anomaly_detector/share/anomaly_detector/msg
[1.983s] creating /home/paranavision/ros2_ws/QPath_ROS2_ws/install/anomaly_detector/share/anomaly_detector/launch
[1.984s] symbolically linking /home/paranavision/ros2_ws/QPath_ROS2_ws/build/anomaly_detector/launch/train.launch.py -> /home/paranavision/ros2_ws/QPath_ROS2_ws/install/anomaly_detector/share/anomaly_detector/launch
[1.984s] symbolically linking /home/paranavision/ros2_ws/QPath_ROS2_ws/build/anomaly_detector/launch/yolo_detector.launch.py -> /home/paranavision/ros2_ws/QPath_ROS2_ws/install/anomaly_detector/share/anomaly_detector/launch
[2.021s] Invoked command in '/home/paranavision/ros2_ws/QPath_ROS2_ws/build/anomaly_detector' returned '0': AMENT_PREFIX_PATH=/home/paranavision/ros2_ws/QPath_ROS2_ws/install/live_analysis_interfaces:${AMENT_PREFIX_PATH} CMAKE_PREFIX_PATH=/home/paranavision/ros2_ws/QPath_ROS2_ws/install/live_analysis_interfaces LD_LIBRARY_PATH=/home/paranavision/ros2_ws/QPath_ROS2_ws/install/live_analysis_interfaces/lib:${LD_LIBRARY_PATH} PYTHONPATH=/home/paranavision/ros2_ws/QPath_ROS2_ws/build/anomaly_detector/prefix_override:/usr/lib/python3/dist-packages/colcon_core/task/python/colcon_distutils_commands:/home/paranavision/ros2_ws/QPath_ROS2_ws/install/anomaly_detector/lib/python3.8/site-packages:/home/paranavision/ros2_ws/QPath_ROS2_ws/install/live_analysis_interfaces/lib/python3.9/site-packages:${PYTHONPATH} /usr/bin/python3 -W ignore:setup.py install is deprecated -W ignore:easy_install command is deprecated setup.py develop --editable --build-directory /home/paranavision/ros2_ws/QPath_ROS2_ws/build/anomaly_detector/build --no-deps symlink_data
