/home/paranavision/.local/lib/python3.8/site-packages/setuptools/_distutils/dist.py:261: UserWarning: Unknown distribution option: 'tests_require'
  warnings.warn(msg)
running develop
running egg_info
writing camera_control.egg-info/PKG-INFO
writing dependency_links to camera_control.egg-info/dependency_links.txt
writing entry points to camera_control.egg-info/entry_points.txt
writing requirements to camera_control.egg-info/requires.txt
writing top-level names to camera_control.egg-info/top_level.txt
reading manifest file 'camera_control.egg-info/SOURCES.txt'
writing manifest file 'camera_control.egg-info/SOURCES.txt'
running build_ext
Creating /home/paranavision/ros2_ws/QPath_ROS2_ws/install/camera_control/lib/python3.8/site-packages/camera-control.egg-link (link to .)
Installing ip_capture_node script to /home/paranavision/ros2_ws/QPath_ROS2_ws/install/camera_control/lib/camera_control
Installing ptz_node script to /home/paranavision/ros2_ws/QPath_ROS2_ws/install/camera_control/lib/camera_control

Installed /home/paranavision/ros2_ws/QPath_ROS2_ws/build/camera_control
running symlink_data
symbolically linking /home/paranavision/ros2_ws/QPath_ROS2_ws/build/camera_control/launch/camera_control.launch.py -> /home/paranavision/ros2_ws/QPath_ROS2_ws/install/camera_control/share/camera_control/launch
creating /home/paranavision/ros2_ws/QPath_ROS2_ws/install/camera_control/share/camera_control/resource
error: can't copy '/home/paranavision/ros2_ws/QPath_ROS2_ws/build/camera_control/resource/camera_control': doesn't exist or not a regular file
