[0.985s] Invoking command in '/home/paranavision/ros2_ws/QPath_ROS2_ws/build/camera_control': PYTHONPATH=/home/paranavision/ros2_ws/QPath_ROS2_ws/build/camera_control/prefix_override:/usr/lib/python3/dist-packages/colcon_core/task/python/colcon_distutils_commands:/home/paranavision/ros2_ws/QPath_ROS2_ws/install/camera_control/lib/python3.8/site-packages:${PYTHONPATH} /usr/bin/python3 -W ignore:setup.py install is deprecated -W ignore:easy_install command is deprecated setup.py develop --editable --build-directory /home/paranavision/ros2_ws/QPath_ROS2_ws/build/camera_control/build --no-deps symlink_data
[1.142s] /home/paranavision/.local/lib/python3.8/site-packages/setuptools/_distutils/dist.py:261: UserWarning: Unknown distribution option: 'tests_require'
[1.143s]   warnings.warn(msg)
[1.360s] running develop
[1.631s] running egg_info
[1.660s] writing camera_control.egg-info/PKG-INFO
[1.660s] writing dependency_links to camera_control.egg-info/dependency_links.txt
[1.661s] writing entry points to camera_control.egg-info/entry_points.txt
[1.661s] writing requirements to camera_control.egg-info/requires.txt
[1.661s] writing top-level names to camera_control.egg-info/top_level.txt
[1.703s] reading manifest file 'camera_control.egg-info/SOURCES.txt'
[1.704s] writing manifest file 'camera_control.egg-info/SOURCES.txt'
[1.764s] running build_ext
[1.765s] Creating /home/paranavision/ros2_ws/QPath_ROS2_ws/install/camera_control/lib/python3.8/site-packages/camera-control.egg-link (link to .)
[1.775s] Installing ip_capture_node script to /home/paranavision/ros2_ws/QPath_ROS2_ws/install/camera_control/lib/camera_control
[1.775s] Installing ptz_node script to /home/paranavision/ros2_ws/QPath_ROS2_ws/install/camera_control/lib/camera_control
[1.775s] 
[1.775s] Installed /home/paranavision/ros2_ws/QPath_ROS2_ws/build/camera_control
[1.776s] running symlink_data
[1.776s] symbolically linking /home/paranavision/ros2_ws/QPath_ROS2_ws/build/camera_control/launch/camera_control.launch.py -> /home/paranavision/ros2_ws/QPath_ROS2_ws/install/camera_control/share/camera_control/launch
[1.777s] creating /home/paranavision/ros2_ws/QPath_ROS2_ws/install/camera_control/share/camera_control/resource
[1.777s] error: can't copy '/home/paranavision/ros2_ws/QPath_ROS2_ws/build/camera_control/resource/camera_control': doesn't exist or not a regular file
[1.832s] Invoked command in '/home/paranavision/ros2_ws/QPath_ROS2_ws/build/camera_control' returned '1': PYTHONPATH=/home/paranavision/ros2_ws/QPath_ROS2_ws/build/camera_control/prefix_override:/usr/lib/python3/dist-packages/colcon_core/task/python/colcon_distutils_commands:/home/paranavision/ros2_ws/QPath_ROS2_ws/install/camera_control/lib/python3.8/site-packages:${PYTHONPATH} /usr/bin/python3 -W ignore:setup.py install is deprecated -W ignore:easy_install command is deprecated setup.py develop --editable --build-directory /home/paranavision/ros2_ws/QPath_ROS2_ws/build/camera_control/build --no-deps symlink_data
