[35m[1mScanning dependencies of target live_analysis_interfaces__cpp[0m
[  1%] [34m[1mGenerating C code for ROS interfaces[0m
[35m[1mScanning dependencies of target ament_cmake_python_symlink_live_analysis_interfaces[0m
[  2%] [34m[1mGenerating C++ code for ROS interfaces[0m
[  2%] Built target ament_cmake_python_symlink_live_analysis_interfaces
[35m[1mScanning dependencies of target ament_cmake_python_build_live_analysis_interfaces_egg[0m
running egg_info
creating live_analysis_interfaces.egg-info
writing live_analysis_interfaces.egg-info/PKG-INFO
writing dependency_links to live_analysis_interfaces.egg-info/dependency_links.txt
writing top-level names to live_analysis_interfaces.egg-info/top_level.txt
writing manifest file 'live_analysis_interfaces.egg-info/SOURCES.txt'
reading manifest file 'live_analysis_interfaces.egg-info/SOURCES.txt'
writing manifest file 'live_analysis_interfaces.egg-info/SOURCES.txt'
[  2%] Built target ament_cmake_python_build_live_analysis_interfaces_egg
[35m[1mScanning dependencies of target live_analysis_interfaces__rosidl_generator_c[0m
[  3%] [32mBuilding C object CMakeFiles/live_analysis_interfaces__rosidl_generator_c.dir/rosidl_generator_c/live_analysis_interfaces/msg/detail/test_request_client__functions.c.o[0m
[  4%] [32mBuilding C object CMakeFiles/live_analysis_interfaces__rosidl_generator_c.dir/rosidl_generator_c/live_analysis_interfaces/msg/detail/test_request__functions.c.o[0m
[  5%] [32mBuilding C object CMakeFiles/live_analysis_interfaces__rosidl_generator_c.dir/rosidl_generator_c/live_analysis_interfaces/msg/detail/test_result__functions.c.o[0m
[  6%] [32mBuilding C object CMakeFiles/live_analysis_interfaces__rosidl_generator_c.dir/rosidl_generator_c/live_analysis_interfaces/msg/detail/train_request__functions.c.o[0m
[  8%] [32mBuilding C object CMakeFiles/live_analysis_interfaces__rosidl_generator_c.dir/rosidl_generator_c/live_analysis_interfaces/msg/detail/train_request_client__functions.c.o[0m
[  9%] [32mBuilding C object CMakeFiles/live_analysis_interfaces__rosidl_generator_c.dir/rosidl_generator_c/live_analysis_interfaces/msg/detail/training_result__functions.c.o[0m
[ 10%] [32mBuilding C object CMakeFiles/live_analysis_interfaces__rosidl_generator_c.dir/rosidl_generator_c/live_analysis_interfaces/msg/detail/test_done__functions.c.o[0m
[ 11%] [32mBuilding C object CMakeFiles/live_analysis_interfaces__rosidl_generator_c.dir/rosidl_generator_c/live_analysis_interfaces/msg/detail/test_progress__functions.c.o[0m
[ 11%] Built target live_analysis_interfaces__cpp
[ 12%] [34m[1mGenerating C++ introspection for ROS interfaces[0m
[ 13%] [34m[1mGenerating C++ type support dispatch for ROS interfaces[0m
[ 14%] [34m[1mGenerating C++ type support for eProsima Fast-RTPS[0m
[ 16%] [32m[1mLinking C shared library liblive_analysis_interfaces__rosidl_generator_c.so[0m
[ 16%] Built target live_analysis_interfaces__rosidl_generator_c
[ 18%] [34m[1mGenerating C type support dispatch for ROS interfaces[0m
[ 18%] [34m[1mGenerating C introspection for ROS interfaces[0m
[35m[1mScanning dependencies of target live_analysis_interfaces__rosidl_typesupport_cpp[0m
[ 19%] [32mBuilding CXX object CMakeFiles/live_analysis_interfaces__rosidl_typesupport_cpp.dir/rosidl_typesupport_cpp/live_analysis_interfaces/msg/test_request__type_support.cpp.o[0m
[ 20%] [32mBuilding CXX object CMakeFiles/live_analysis_interfaces__rosidl_typesupport_cpp.dir/rosidl_typesupport_cpp/live_analysis_interfaces/msg/test_request_client__type_support.cpp.o[0m
[35m[1mScanning dependencies of target live_analysis_interfaces__rosidl_typesupport_c[0m
[ 21%] [32mBuilding CXX object CMakeFiles/live_analysis_interfaces__rosidl_typesupport_c.dir/rosidl_typesupport_c/live_analysis_interfaces/msg/test_request__type_support.cpp.o[0m
[ 22%] [32mBuilding CXX object CMakeFiles/live_analysis_interfaces__rosidl_typesupport_c.dir/rosidl_typesupport_c/live_analysis_interfaces/msg/test_request_client__type_support.cpp.o[0m
[35m[1mScanning dependencies of target live_analysis_interfaces__rosidl_typesupport_introspection_cpp[0m
[ 24%] [32mBuilding CXX object CMakeFiles/live_analysis_interfaces__rosidl_typesupport_introspection_cpp.dir/rosidl_typesupport_introspection_cpp/live_analysis_interfaces/msg/detail/test_request__type_support.cpp.o[0m
[ 25%] [32mBuilding CXX object CMakeFiles/live_analysis_interfaces__rosidl_typesupport_c.dir/rosidl_typesupport_c/live_analysis_interfaces/msg/test_result__type_support.cpp.o[0m
[ 26%] [32mBuilding CXX object CMakeFiles/live_analysis_interfaces__rosidl_typesupport_c.dir/rosidl_typesupport_c/live_analysis_interfaces/msg/train_request__type_support.cpp.o[0m
[ 27%] [32mBuilding CXX object CMakeFiles/live_analysis_interfaces__rosidl_typesupport_c.dir/rosidl_typesupport_c/live_analysis_interfaces/msg/train_request_client__type_support.cpp.o[0m
[35m[1mScanning dependencies of target live_analysis_interfaces__rosidl_typesupport_introspection_c[0m
[ 28%] [32mBuilding CXX object CMakeFiles/live_analysis_interfaces__rosidl_typesupport_introspection_cpp.dir/rosidl_typesupport_introspection_cpp/live_analysis_interfaces/msg/detail/test_request_client__type_support.cpp.o[0m
[35m[1mScanning dependencies of target live_analysis_interfaces__rosidl_typesupport_fastrtps_cpp[0m
[ 29%] [32mBuilding C object CMakeFiles/live_analysis_interfaces__rosidl_typesupport_introspection_c.dir/rosidl_typesupport_introspection_c/live_analysis_interfaces/msg/detail/test_request__type_support.c.o[0m
[ 31%] [32mBuilding CXX object CMakeFiles/live_analysis_interfaces__rosidl_typesupport_c.dir/rosidl_typesupport_c/live_analysis_interfaces/msg/training_result__type_support.cpp.o[0m
[ 32%] [32mBuilding CXX object CMakeFiles/live_analysis_interfaces__rosidl_typesupport_fastrtps_cpp.dir/rosidl_typesupport_fastrtps_cpp/live_analysis_interfaces/msg/detail/dds_fastrtps/test_request__type_support.cpp.o[0m
[ 33%] [32mBuilding C object CMakeFiles/live_analysis_interfaces__rosidl_typesupport_introspection_c.dir/rosidl_typesupport_introspection_c/live_analysis_interfaces/msg/detail/test_request_client__type_support.c.o[0m
[ 34%] [32mBuilding CXX object CMakeFiles/live_analysis_interfaces__rosidl_typesupport_c.dir/rosidl_typesupport_c/live_analysis_interfaces/msg/test_done__type_support.cpp.o[0m
[ 35%] [32mBuilding CXX object CMakeFiles/live_analysis_interfaces__rosidl_typesupport_cpp.dir/rosidl_typesupport_cpp/live_analysis_interfaces/msg/test_result__type_support.cpp.o[0m
[ 36%] [32mBuilding C object CMakeFiles/live_analysis_interfaces__rosidl_typesupport_introspection_c.dir/rosidl_typesupport_introspection_c/live_analysis_interfaces/msg/detail/test_result__type_support.c.o[0m
[ 37%] [32mBuilding CXX object CMakeFiles/live_analysis_interfaces__rosidl_typesupport_c.dir/rosidl_typesupport_c/live_analysis_interfaces/msg/test_progress__type_support.cpp.o[0m
[ 39%] [32mBuilding C object CMakeFiles/live_analysis_interfaces__rosidl_typesupport_introspection_c.dir/rosidl_typesupport_introspection_c/live_analysis_interfaces/msg/detail/train_request__type_support.c.o[0m
[ 40%] [32m[1mLinking CXX shared library liblive_analysis_interfaces__rosidl_typesupport_c.so[0m
[ 41%] [32mBuilding C object CMakeFiles/live_analysis_interfaces__rosidl_typesupport_introspection_c.dir/rosidl_typesupport_introspection_c/live_analysis_interfaces/msg/detail/train_request_client__type_support.c.o[0m
[ 41%] Built target live_analysis_interfaces__rosidl_typesupport_c
[ 43%] [32mBuilding C object CMakeFiles/live_analysis_interfaces__rosidl_typesupport_introspection_c.dir/rosidl_typesupport_introspection_c/live_analysis_interfaces/msg/detail/training_result__type_support.c.o[0m
[ 43%] [32mBuilding CXX object CMakeFiles/live_analysis_interfaces__rosidl_typesupport_fastrtps_cpp.dir/rosidl_typesupport_fastrtps_cpp/live_analysis_interfaces/msg/detail/dds_fastrtps/test_request_client__type_support.cpp.o[0m
[ 44%] [32mBuilding C object CMakeFiles/live_analysis_interfaces__rosidl_typesupport_introspection_c.dir/rosidl_typesupport_introspection_c/live_analysis_interfaces/msg/detail/test_done__type_support.c.o[0m
[ 45%] [32mBuilding C object CMakeFiles/live_analysis_interfaces__rosidl_typesupport_introspection_c.dir/rosidl_typesupport_introspection_c/live_analysis_interfaces/msg/detail/test_progress__type_support.c.o[0m
[ 47%] [32mBuilding CXX object CMakeFiles/live_analysis_interfaces__rosidl_typesupport_introspection_cpp.dir/rosidl_typesupport_introspection_cpp/live_analysis_interfaces/msg/detail/test_result__type_support.cpp.o[0m
[ 48%] [32m[1mLinking C shared library liblive_analysis_interfaces__rosidl_typesupport_introspection_c.so[0m
[ 48%] Built target live_analysis_interfaces__rosidl_typesupport_introspection_c
[ 49%] [32mBuilding CXX object CMakeFiles/live_analysis_interfaces__rosidl_typesupport_introspection_cpp.dir/rosidl_typesupport_introspection_cpp/live_analysis_interfaces/msg/detail/train_request__type_support.cpp.o[0m
[ 50%] [32mBuilding CXX object CMakeFiles/live_analysis_interfaces__rosidl_typesupport_cpp.dir/rosidl_typesupport_cpp/live_analysis_interfaces/msg/train_request__type_support.cpp.o[0m
[ 51%] [32mBuilding CXX object CMakeFiles/live_analysis_interfaces__rosidl_typesupport_fastrtps_cpp.dir/rosidl_typesupport_fastrtps_cpp/live_analysis_interfaces/msg/detail/dds_fastrtps/test_result__type_support.cpp.o[0m
[ 52%] [32mBuilding CXX object CMakeFiles/live_analysis_interfaces__rosidl_typesupport_introspection_cpp.dir/rosidl_typesupport_introspection_cpp/live_analysis_interfaces/msg/detail/train_request_client__type_support.cpp.o[0m
[ 54%] [32mBuilding CXX object CMakeFiles/live_analysis_interfaces__rosidl_typesupport_cpp.dir/rosidl_typesupport_cpp/live_analysis_interfaces/msg/train_request_client__type_support.cpp.o[0m
[ 55%] [32mBuilding CXX object CMakeFiles/live_analysis_interfaces__rosidl_typesupport_fastrtps_cpp.dir/rosidl_typesupport_fastrtps_cpp/live_analysis_interfaces/msg/detail/dds_fastrtps/train_request__type_support.cpp.o[0m
[ 56%] [32mBuilding CXX object CMakeFiles/live_analysis_interfaces__rosidl_typesupport_introspection_cpp.dir/rosidl_typesupport_introspection_cpp/live_analysis_interfaces/msg/detail/training_result__type_support.cpp.o[0m
[ 57%] [32mBuilding CXX object CMakeFiles/live_analysis_interfaces__rosidl_typesupport_fastrtps_cpp.dir/rosidl_typesupport_fastrtps_cpp/live_analysis_interfaces/msg/detail/dds_fastrtps/train_request_client__type_support.cpp.o[0m
[ 58%] [32mBuilding CXX object CMakeFiles/live_analysis_interfaces__rosidl_typesupport_cpp.dir/rosidl_typesupport_cpp/live_analysis_interfaces/msg/training_result__type_support.cpp.o[0m
[ 59%] [32mBuilding CXX object CMakeFiles/live_analysis_interfaces__rosidl_typesupport_cpp.dir/rosidl_typesupport_cpp/live_analysis_interfaces/msg/test_done__type_support.cpp.o[0m
[ 60%] [32mBuilding CXX object CMakeFiles/live_analysis_interfaces__rosidl_typesupport_introspection_cpp.dir/rosidl_typesupport_introspection_cpp/live_analysis_interfaces/msg/detail/test_done__type_support.cpp.o[0m
[ 62%] [32mBuilding CXX object CMakeFiles/live_analysis_interfaces__rosidl_typesupport_introspection_cpp.dir/rosidl_typesupport_introspection_cpp/live_analysis_interfaces/msg/detail/test_progress__type_support.cpp.o[0m
[ 63%] [32mBuilding CXX object CMakeFiles/live_analysis_interfaces__rosidl_typesupport_cpp.dir/rosidl_typesupport_cpp/live_analysis_interfaces/msg/test_progress__type_support.cpp.o[0m
[ 64%] [32mBuilding CXX object CMakeFiles/live_analysis_interfaces__rosidl_typesupport_fastrtps_cpp.dir/rosidl_typesupport_fastrtps_cpp/live_analysis_interfaces/msg/detail/dds_fastrtps/training_result__type_support.cpp.o[0m
[ 65%] [32mBuilding CXX object CMakeFiles/live_analysis_interfaces__rosidl_typesupport_fastrtps_cpp.dir/rosidl_typesupport_fastrtps_cpp/live_analysis_interfaces/msg/detail/dds_fastrtps/test_done__type_support.cpp.o[0m
[ 66%] [32mBuilding CXX object CMakeFiles/live_analysis_interfaces__rosidl_typesupport_fastrtps_cpp.dir/rosidl_typesupport_fastrtps_cpp/live_analysis_interfaces/msg/detail/dds_fastrtps/test_progress__type_support.cpp.o[0m
[ 67%] [32m[1mLinking CXX shared library liblive_analysis_interfaces__rosidl_typesupport_cpp.so[0m
[ 67%] Built target live_analysis_interfaces__rosidl_typesupport_cpp
[ 68%] [32m[1mLinking CXX shared library liblive_analysis_interfaces__rosidl_typesupport_introspection_cpp.so[0m
[ 68%] Built target live_analysis_interfaces__rosidl_typesupport_introspection_cpp
[ 70%] [32m[1mLinking CXX shared library liblive_analysis_interfaces__rosidl_typesupport_fastrtps_cpp.so[0m
[ 70%] Built target live_analysis_interfaces__rosidl_typesupport_fastrtps_cpp
[ 71%] [34m[1mGenerating C type support for eProsima Fast-RTPS[0m
[35m[1mScanning dependencies of target live_analysis_interfaces__rosidl_typesupport_fastrtps_c[0m
[ 73%] [32mBuilding CXX object CMakeFiles/live_analysis_interfaces__rosidl_typesupport_fastrtps_c.dir/rosidl_typesupport_fastrtps_c/live_analysis_interfaces/msg/detail/test_request__type_support_c.cpp.o[0m
[ 73%] [32mBuilding CXX object CMakeFiles/live_analysis_interfaces__rosidl_typesupport_fastrtps_c.dir/rosidl_typesupport_fastrtps_c/live_analysis_interfaces/msg/detail/test_request_client__type_support_c.cpp.o[0m
[ 74%] [32mBuilding CXX object CMakeFiles/live_analysis_interfaces__rosidl_typesupport_fastrtps_c.dir/rosidl_typesupport_fastrtps_c/live_analysis_interfaces/msg/detail/test_result__type_support_c.cpp.o[0m
[ 75%] [32mBuilding CXX object CMakeFiles/live_analysis_interfaces__rosidl_typesupport_fastrtps_c.dir/rosidl_typesupport_fastrtps_c/live_analysis_interfaces/msg/detail/train_request__type_support_c.cpp.o[0m
[ 77%] [32mBuilding CXX object CMakeFiles/live_analysis_interfaces__rosidl_typesupport_fastrtps_c.dir/rosidl_typesupport_fastrtps_c/live_analysis_interfaces/msg/detail/train_request_client__type_support_c.cpp.o[0m
[ 78%] [32mBuilding CXX object CMakeFiles/live_analysis_interfaces__rosidl_typesupport_fastrtps_c.dir/rosidl_typesupport_fastrtps_c/live_analysis_interfaces/msg/detail/training_result__type_support_c.cpp.o[0m
[ 79%] [32mBuilding CXX object CMakeFiles/live_analysis_interfaces__rosidl_typesupport_fastrtps_c.dir/rosidl_typesupport_fastrtps_c/live_analysis_interfaces/msg/detail/test_done__type_support_c.cpp.o[0m
[ 80%] [32mBuilding CXX object CMakeFiles/live_analysis_interfaces__rosidl_typesupport_fastrtps_c.dir/rosidl_typesupport_fastrtps_c/live_analysis_interfaces/msg/detail/test_progress__type_support_c.cpp.o[0m
[ 81%] [32m[1mLinking CXX shared library liblive_analysis_interfaces__rosidl_typesupport_fastrtps_c.so[0m
[ 81%] Built target live_analysis_interfaces__rosidl_typesupport_fastrtps_c
[35m[1mScanning dependencies of target live_analysis_interfaces[0m
[ 81%] Built target live_analysis_interfaces
[35m[1mScanning dependencies of target live_analysis_interfaces__py[0m
[ 82%] [34m[1mGenerating Python code for ROS interfaces[0m
[ 82%] Built target live_analysis_interfaces__py
[35m[1mScanning dependencies of target live_analysis_interfaces__rosidl_generator_py[0m
[ 83%] [32mBuilding C object CMakeFiles/live_analysis_interfaces__rosidl_generator_py.dir/rosidl_generator_py/live_analysis_interfaces/msg/_test_request_client_s.c.o[0m
[ 85%] [32mBuilding C object CMakeFiles/live_analysis_interfaces__rosidl_generator_py.dir/rosidl_generator_py/live_analysis_interfaces/msg/_test_request_s.c.o[0m
[ 86%] [32mBuilding C object CMakeFiles/live_analysis_interfaces__rosidl_generator_py.dir/rosidl_generator_py/live_analysis_interfaces/msg/_test_result_s.c.o[0m
[ 87%] [32mBuilding C object CMakeFiles/live_analysis_interfaces__rosidl_generator_py.dir/rosidl_generator_py/live_analysis_interfaces/msg/_train_request_s.c.o[0m
[ 88%] [32mBuilding C object CMakeFiles/live_analysis_interfaces__rosidl_generator_py.dir/rosidl_generator_py/live_analysis_interfaces/msg/_training_result_s.c.o[0m
[ 89%] [32mBuilding C object CMakeFiles/live_analysis_interfaces__rosidl_generator_py.dir/rosidl_generator_py/live_analysis_interfaces/msg/_train_request_client_s.c.o[0m
[ 90%] [32mBuilding C object CMakeFiles/live_analysis_interfaces__rosidl_generator_py.dir/rosidl_generator_py/live_analysis_interfaces/msg/_test_done_s.c.o[0m
[ 91%] [32mBuilding C object CMakeFiles/live_analysis_interfaces__rosidl_generator_py.dir/rosidl_generator_py/live_analysis_interfaces/msg/_test_progress_s.c.o[0m
[ 93%] [32m[1mLinking C shared library rosidl_generator_py/live_analysis_interfaces/liblive_analysis_interfaces__rosidl_generator_py.so[0m
[ 93%] Built target live_analysis_interfaces__rosidl_generator_py
[35m[1mScanning dependencies of target live_analysis_interfaces__rosidl_typesupport_introspection_c__pyext[0m
[35m[1mScanning dependencies of target live_analysis_interfaces__rosidl_typesupport_fastrtps_c__pyext[0m
[35m[1mScanning dependencies of target live_analysis_interfaces__rosidl_typesupport_c__pyext[0m
[ 95%] [32mBuilding C object CMakeFiles/live_analysis_interfaces__rosidl_typesupport_c__pyext.dir/rosidl_generator_py/live_analysis_interfaces/_live_analysis_interfaces_s.ep.rosidl_typesupport_c.c.o[0m
[ 95%] [32mBuilding C object CMakeFiles/live_analysis_interfaces__rosidl_typesupport_introspection_c__pyext.dir/rosidl_generator_py/live_analysis_interfaces/_live_analysis_interfaces_s.ep.rosidl_typesupport_introspection_c.c.o[0m
[ 96%] [32mBuilding C object CMakeFiles/live_analysis_interfaces__rosidl_typesupport_fastrtps_c__pyext.dir/rosidl_generator_py/live_analysis_interfaces/_live_analysis_interfaces_s.ep.rosidl_typesupport_fastrtps_c.c.o[0m
[ 98%] [32m[1mLinking C shared library rosidl_generator_py/live_analysis_interfaces/live_analysis_interfaces_s__rosidl_typesupport_c.cpython-38-x86_64-linux-gnu.so[0m
[ 98%] [32m[1mLinking C shared library rosidl_generator_py/live_analysis_interfaces/live_analysis_interfaces_s__rosidl_typesupport_introspection_c.cpython-38-x86_64-linux-gnu.so[0m
[100%] [32m[1mLinking C shared library rosidl_generator_py/live_analysis_interfaces/live_analysis_interfaces_s__rosidl_typesupport_fastrtps_c.cpython-38-x86_64-linux-gnu.so[0m
[100%] Built target live_analysis_interfaces__rosidl_typesupport_c__pyext
[100%] Built target live_analysis_interfaces__rosidl_typesupport_introspection_c__pyext
[100%] Built target live_analysis_interfaces__rosidl_typesupport_fastrtps_c__pyext
