[0.021s] Invoking command in '/home/paranavision/ros2_ws/QPath_ROS2_ws/build/live_analysis_interfaces': CMAKE_PREFIX_PATH=/opt/ros/rolling /usr/bin/cmake --build /home/paranavision/ros2_ws/QPath_ROS2_ws/build/live_analysis_interfaces -- -j6 -l6
[0.248s] [35m[1mScanning dependencies of target live_analysis_interfaces__cpp[0m
[0.248s] [  1%] [34m[1mGenerating C code for ROS interfaces[0m
[0.248s] [35m[1mScanning dependencies of target ament_cmake_python_symlink_live_analysis_interfaces[0m
[0.248s] [  2%] [34m[1mGenerating C++ code for ROS interfaces[0m
[0.248s] [  2%] Built target ament_cmake_python_symlink_live_analysis_interfaces
[0.248s] [35m[1mScanning dependencies of target ament_cmake_python_build_live_analysis_interfaces_egg[0m
[0.438s] running egg_info
[0.439s] creating live_analysis_interfaces.egg-info
[0.439s] writing live_analysis_interfaces.egg-info/PKG-INFO
[0.439s] writing dependency_links to live_analysis_interfaces.egg-info/dependency_links.txt
[0.439s] writing top-level names to live_analysis_interfaces.egg-info/top_level.txt
[0.445s] writing manifest file 'live_analysis_interfaces.egg-info/SOURCES.txt'
[0.507s] reading manifest file 'live_analysis_interfaces.egg-info/SOURCES.txt'
[0.507s] writing manifest file 'live_analysis_interfaces.egg-info/SOURCES.txt'
[0.540s] [  2%] Built target ament_cmake_python_build_live_analysis_interfaces_egg
[0.758s] [35m[1mScanning dependencies of target live_analysis_interfaces__rosidl_generator_c[0m
[0.794s] [  3%] [32mBuilding C object CMakeFiles/live_analysis_interfaces__rosidl_generator_c.dir/rosidl_generator_c/live_analysis_interfaces/msg/detail/test_request_client__functions.c.o[0m
[0.794s] [  4%] [32mBuilding C object CMakeFiles/live_analysis_interfaces__rosidl_generator_c.dir/rosidl_generator_c/live_analysis_interfaces/msg/detail/test_request__functions.c.o[0m
[0.806s] [  5%] [32mBuilding C object CMakeFiles/live_analysis_interfaces__rosidl_generator_c.dir/rosidl_generator_c/live_analysis_interfaces/msg/detail/test_result__functions.c.o[0m
[0.813s] [  6%] [32mBuilding C object CMakeFiles/live_analysis_interfaces__rosidl_generator_c.dir/rosidl_generator_c/live_analysis_interfaces/msg/detail/train_request__functions.c.o[0m
[0.824s] [  8%] [32mBuilding C object CMakeFiles/live_analysis_interfaces__rosidl_generator_c.dir/rosidl_generator_c/live_analysis_interfaces/msg/detail/train_request_client__functions.c.o[0m
[0.850s] [  9%] [32mBuilding C object CMakeFiles/live_analysis_interfaces__rosidl_generator_c.dir/rosidl_generator_c/live_analysis_interfaces/msg/detail/training_result__functions.c.o[0m
[0.859s] [ 10%] [32mBuilding C object CMakeFiles/live_analysis_interfaces__rosidl_generator_c.dir/rosidl_generator_c/live_analysis_interfaces/msg/detail/test_done__functions.c.o[0m
[0.861s] [ 11%] [32mBuilding C object CMakeFiles/live_analysis_interfaces__rosidl_generator_c.dir/rosidl_generator_c/live_analysis_interfaces/msg/detail/test_progress__functions.c.o[0m
[0.867s] [ 11%] Built target live_analysis_interfaces__cpp
[0.882s] [ 12%] [34m[1mGenerating C++ introspection for ROS interfaces[0m
[0.886s] [ 13%] [34m[1mGenerating C++ type support dispatch for ROS interfaces[0m
[0.888s] [ 14%] [34m[1mGenerating C++ type support for eProsima Fast-RTPS[0m
[0.908s] [ 16%] [32m[1mLinking C shared library liblive_analysis_interfaces__rosidl_generator_c.so[0m
[0.966s] [ 16%] Built target live_analysis_interfaces__rosidl_generator_c
[0.978s] [ 18%] [34m[1mGenerating C type support dispatch for ROS interfaces[0m
[0.979s] [ 18%] [34m[1mGenerating C introspection for ROS interfaces[0m
[1.382s] [35m[1mScanning dependencies of target live_analysis_interfaces__rosidl_typesupport_cpp[0m
[1.419s] [ 19%] [32mBuilding CXX object CMakeFiles/live_analysis_interfaces__rosidl_typesupport_cpp.dir/rosidl_typesupport_cpp/live_analysis_interfaces/msg/test_request__type_support.cpp.o[0m
[1.427s] [ 20%] [32mBuilding CXX object CMakeFiles/live_analysis_interfaces__rosidl_typesupport_cpp.dir/rosidl_typesupport_cpp/live_analysis_interfaces/msg/test_request_client__type_support.cpp.o[0m
[1.447s] [35m[1mScanning dependencies of target live_analysis_interfaces__rosidl_typesupport_c[0m
[1.498s] [ 21%] [32mBuilding CXX object CMakeFiles/live_analysis_interfaces__rosidl_typesupport_c.dir/rosidl_typesupport_c/live_analysis_interfaces/msg/test_request__type_support.cpp.o[0m
[1.551s] [ 22%] [32mBuilding CXX object CMakeFiles/live_analysis_interfaces__rosidl_typesupport_c.dir/rosidl_typesupport_c/live_analysis_interfaces/msg/test_request_client__type_support.cpp.o[0m
[1.560s] [35m[1mScanning dependencies of target live_analysis_interfaces__rosidl_typesupport_introspection_cpp[0m
[1.589s] [ 24%] [32mBuilding CXX object CMakeFiles/live_analysis_interfaces__rosidl_typesupport_introspection_cpp.dir/rosidl_typesupport_introspection_cpp/live_analysis_interfaces/msg/detail/test_request__type_support.cpp.o[0m
[1.590s] [ 25%] [32mBuilding CXX object CMakeFiles/live_analysis_interfaces__rosidl_typesupport_c.dir/rosidl_typesupport_c/live_analysis_interfaces/msg/test_result__type_support.cpp.o[0m
[1.638s] [ 26%] [32mBuilding CXX object CMakeFiles/live_analysis_interfaces__rosidl_typesupport_c.dir/rosidl_typesupport_c/live_analysis_interfaces/msg/train_request__type_support.cpp.o[0m
[1.676s] [ 27%] [32mBuilding CXX object CMakeFiles/live_analysis_interfaces__rosidl_typesupport_c.dir/rosidl_typesupport_c/live_analysis_interfaces/msg/train_request_client__type_support.cpp.o[0m
[1.690s] [35m[1mScanning dependencies of target live_analysis_interfaces__rosidl_typesupport_introspection_c[0m
[1.699s] [ 28%] [32mBuilding CXX object CMakeFiles/live_analysis_interfaces__rosidl_typesupport_introspection_cpp.dir/rosidl_typesupport_introspection_cpp/live_analysis_interfaces/msg/detail/test_request_client__type_support.cpp.o[0m
[1.707s] [35m[1mScanning dependencies of target live_analysis_interfaces__rosidl_typesupport_fastrtps_cpp[0m
[1.716s] [ 29%] [32mBuilding C object CMakeFiles/live_analysis_interfaces__rosidl_typesupport_introspection_c.dir/rosidl_typesupport_introspection_c/live_analysis_interfaces/msg/detail/test_request__type_support.c.o[0m
[1.724s] [ 31%] [32mBuilding CXX object CMakeFiles/live_analysis_interfaces__rosidl_typesupport_c.dir/rosidl_typesupport_c/live_analysis_interfaces/msg/training_result__type_support.cpp.o[0m
[1.752s] [ 32%] [32mBuilding CXX object CMakeFiles/live_analysis_interfaces__rosidl_typesupport_fastrtps_cpp.dir/rosidl_typesupport_fastrtps_cpp/live_analysis_interfaces/msg/detail/dds_fastrtps/test_request__type_support.cpp.o[0m
[1.768s] [ 33%] [32mBuilding C object CMakeFiles/live_analysis_interfaces__rosidl_typesupport_introspection_c.dir/rosidl_typesupport_introspection_c/live_analysis_interfaces/msg/detail/test_request_client__type_support.c.o[0m
[1.793s] [ 34%] [32mBuilding CXX object CMakeFiles/live_analysis_interfaces__rosidl_typesupport_c.dir/rosidl_typesupport_c/live_analysis_interfaces/msg/test_done__type_support.cpp.o[0m
[1.806s] [ 35%] [32mBuilding CXX object CMakeFiles/live_analysis_interfaces__rosidl_typesupport_cpp.dir/rosidl_typesupport_cpp/live_analysis_interfaces/msg/test_result__type_support.cpp.o[0m
[1.837s] [ 36%] [32mBuilding C object CMakeFiles/live_analysis_interfaces__rosidl_typesupport_introspection_c.dir/rosidl_typesupport_introspection_c/live_analysis_interfaces/msg/detail/test_result__type_support.c.o[0m
[1.842s] [ 37%] [32mBuilding CXX object CMakeFiles/live_analysis_interfaces__rosidl_typesupport_c.dir/rosidl_typesupport_c/live_analysis_interfaces/msg/test_progress__type_support.cpp.o[0m
[1.873s] [ 39%] [32mBuilding C object CMakeFiles/live_analysis_interfaces__rosidl_typesupport_introspection_c.dir/rosidl_typesupport_introspection_c/live_analysis_interfaces/msg/detail/train_request__type_support.c.o[0m
[1.889s] [ 40%] [32m[1mLinking CXX shared library liblive_analysis_interfaces__rosidl_typesupport_c.so[0m
[1.903s] [ 41%] [32mBuilding C object CMakeFiles/live_analysis_interfaces__rosidl_typesupport_introspection_c.dir/rosidl_typesupport_introspection_c/live_analysis_interfaces/msg/detail/train_request_client__type_support.c.o[0m
[1.933s] [ 41%] Built target live_analysis_interfaces__rosidl_typesupport_c
[1.941s] [ 43%] [32mBuilding C object CMakeFiles/live_analysis_interfaces__rosidl_typesupport_introspection_c.dir/rosidl_typesupport_introspection_c/live_analysis_interfaces/msg/detail/training_result__type_support.c.o[0m
[1.941s] [ 43%] [32mBuilding CXX object CMakeFiles/live_analysis_interfaces__rosidl_typesupport_fastrtps_cpp.dir/rosidl_typesupport_fastrtps_cpp/live_analysis_interfaces/msg/detail/dds_fastrtps/test_request_client__type_support.cpp.o[0m
[1.972s] [ 44%] [32mBuilding C object CMakeFiles/live_analysis_interfaces__rosidl_typesupport_introspection_c.dir/rosidl_typesupport_introspection_c/live_analysis_interfaces/msg/detail/test_done__type_support.c.o[0m
[2.004s] [ 45%] [32mBuilding C object CMakeFiles/live_analysis_interfaces__rosidl_typesupport_introspection_c.dir/rosidl_typesupport_introspection_c/live_analysis_interfaces/msg/detail/test_progress__type_support.c.o[0m
[2.022s] [ 47%] [32mBuilding CXX object CMakeFiles/live_analysis_interfaces__rosidl_typesupport_introspection_cpp.dir/rosidl_typesupport_introspection_cpp/live_analysis_interfaces/msg/detail/test_result__type_support.cpp.o[0m
[2.034s] [ 48%] [32m[1mLinking C shared library liblive_analysis_interfaces__rosidl_typesupport_introspection_c.so[0m
[2.070s] [ 48%] Built target live_analysis_interfaces__rosidl_typesupport_introspection_c
[2.078s] [ 49%] [32mBuilding CXX object CMakeFiles/live_analysis_interfaces__rosidl_typesupport_introspection_cpp.dir/rosidl_typesupport_introspection_cpp/live_analysis_interfaces/msg/detail/train_request__type_support.cpp.o[0m
[2.090s] [ 50%] [32mBuilding CXX object CMakeFiles/live_analysis_interfaces__rosidl_typesupport_cpp.dir/rosidl_typesupport_cpp/live_analysis_interfaces/msg/train_request__type_support.cpp.o[0m
[2.291s] [ 51%] [32mBuilding CXX object CMakeFiles/live_analysis_interfaces__rosidl_typesupport_fastrtps_cpp.dir/rosidl_typesupport_fastrtps_cpp/live_analysis_interfaces/msg/detail/dds_fastrtps/test_result__type_support.cpp.o[0m
[2.312s] [ 52%] [32mBuilding CXX object CMakeFiles/live_analysis_interfaces__rosidl_typesupport_introspection_cpp.dir/rosidl_typesupport_introspection_cpp/live_analysis_interfaces/msg/detail/train_request_client__type_support.cpp.o[0m
[2.364s] [ 54%] [32mBuilding CXX object CMakeFiles/live_analysis_interfaces__rosidl_typesupport_cpp.dir/rosidl_typesupport_cpp/live_analysis_interfaces/msg/train_request_client__type_support.cpp.o[0m
[2.440s] [ 55%] [32mBuilding CXX object CMakeFiles/live_analysis_interfaces__rosidl_typesupport_fastrtps_cpp.dir/rosidl_typesupport_fastrtps_cpp/live_analysis_interfaces/msg/detail/dds_fastrtps/train_request__type_support.cpp.o[0m
[2.523s] [ 56%] [32mBuilding CXX object CMakeFiles/live_analysis_interfaces__rosidl_typesupport_introspection_cpp.dir/rosidl_typesupport_introspection_cpp/live_analysis_interfaces/msg/detail/training_result__type_support.cpp.o[0m
[2.527s] [ 57%] [32mBuilding CXX object CMakeFiles/live_analysis_interfaces__rosidl_typesupport_fastrtps_cpp.dir/rosidl_typesupport_fastrtps_cpp/live_analysis_interfaces/msg/detail/dds_fastrtps/train_request_client__type_support.cpp.o[0m
[2.627s] [ 58%] [32mBuilding CXX object CMakeFiles/live_analysis_interfaces__rosidl_typesupport_cpp.dir/rosidl_typesupport_cpp/live_analysis_interfaces/msg/training_result__type_support.cpp.o[0m
[2.813s] [ 59%] [32mBuilding CXX object CMakeFiles/live_analysis_interfaces__rosidl_typesupport_cpp.dir/rosidl_typesupport_cpp/live_analysis_interfaces/msg/test_done__type_support.cpp.o[0m
[2.818s] [ 60%] [32mBuilding CXX object CMakeFiles/live_analysis_interfaces__rosidl_typesupport_introspection_cpp.dir/rosidl_typesupport_introspection_cpp/live_analysis_interfaces/msg/detail/test_done__type_support.cpp.o[0m
[2.842s] [ 62%] [32mBuilding CXX object CMakeFiles/live_analysis_interfaces__rosidl_typesupport_introspection_cpp.dir/rosidl_typesupport_introspection_cpp/live_analysis_interfaces/msg/detail/test_progress__type_support.cpp.o[0m
[2.883s] [ 63%] [32mBuilding CXX object CMakeFiles/live_analysis_interfaces__rosidl_typesupport_cpp.dir/rosidl_typesupport_cpp/live_analysis_interfaces/msg/test_progress__type_support.cpp.o[0m
[2.899s] [ 64%] [32mBuilding CXX object CMakeFiles/live_analysis_interfaces__rosidl_typesupport_fastrtps_cpp.dir/rosidl_typesupport_fastrtps_cpp/live_analysis_interfaces/msg/detail/dds_fastrtps/training_result__type_support.cpp.o[0m
[3.069s] [ 65%] [32mBuilding CXX object CMakeFiles/live_analysis_interfaces__rosidl_typesupport_fastrtps_cpp.dir/rosidl_typesupport_fastrtps_cpp/live_analysis_interfaces/msg/detail/dds_fastrtps/test_done__type_support.cpp.o[0m
[3.099s] [ 66%] [32mBuilding CXX object CMakeFiles/live_analysis_interfaces__rosidl_typesupport_fastrtps_cpp.dir/rosidl_typesupport_fastrtps_cpp/live_analysis_interfaces/msg/detail/dds_fastrtps/test_progress__type_support.cpp.o[0m
[3.132s] [ 67%] [32m[1mLinking CXX shared library liblive_analysis_interfaces__rosidl_typesupport_cpp.so[0m
[3.182s] [ 67%] Built target live_analysis_interfaces__rosidl_typesupport_cpp
[3.225s] [ 68%] [32m[1mLinking CXX shared library liblive_analysis_interfaces__rosidl_typesupport_introspection_cpp.so[0m
[3.313s] [ 68%] Built target live_analysis_interfaces__rosidl_typesupport_introspection_cpp
[3.448s] [ 70%] [32m[1mLinking CXX shared library liblive_analysis_interfaces__rosidl_typesupport_fastrtps_cpp.so[0m
[3.531s] [ 70%] Built target live_analysis_interfaces__rosidl_typesupport_fastrtps_cpp
[3.541s] [ 71%] [34m[1mGenerating C type support for eProsima Fast-RTPS[0m
[4.068s] [35m[1mScanning dependencies of target live_analysis_interfaces__rosidl_typesupport_fastrtps_c[0m
[4.091s] [ 73%] [32mBuilding CXX object CMakeFiles/live_analysis_interfaces__rosidl_typesupport_fastrtps_c.dir/rosidl_typesupport_fastrtps_c/live_analysis_interfaces/msg/detail/test_request__type_support_c.cpp.o[0m
[4.091s] [ 73%] [32mBuilding CXX object CMakeFiles/live_analysis_interfaces__rosidl_typesupport_fastrtps_c.dir/rosidl_typesupport_fastrtps_c/live_analysis_interfaces/msg/detail/test_request_client__type_support_c.cpp.o[0m
[4.091s] [ 74%] [32mBuilding CXX object CMakeFiles/live_analysis_interfaces__rosidl_typesupport_fastrtps_c.dir/rosidl_typesupport_fastrtps_c/live_analysis_interfaces/msg/detail/test_result__type_support_c.cpp.o[0m
[4.091s] [ 75%] [32mBuilding CXX object CMakeFiles/live_analysis_interfaces__rosidl_typesupport_fastrtps_c.dir/rosidl_typesupport_fastrtps_c/live_analysis_interfaces/msg/detail/train_request__type_support_c.cpp.o[0m
[4.098s] [ 77%] [32mBuilding CXX object CMakeFiles/live_analysis_interfaces__rosidl_typesupport_fastrtps_c.dir/rosidl_typesupport_fastrtps_c/live_analysis_interfaces/msg/detail/train_request_client__type_support_c.cpp.o[0m
[4.104s] [ 78%] [32mBuilding CXX object CMakeFiles/live_analysis_interfaces__rosidl_typesupport_fastrtps_c.dir/rosidl_typesupport_fastrtps_c/live_analysis_interfaces/msg/detail/training_result__type_support_c.cpp.o[0m
[4.411s] [ 79%] [32mBuilding CXX object CMakeFiles/live_analysis_interfaces__rosidl_typesupport_fastrtps_c.dir/rosidl_typesupport_fastrtps_c/live_analysis_interfaces/msg/detail/test_done__type_support_c.cpp.o[0m
[4.444s] [ 80%] [32mBuilding CXX object CMakeFiles/live_analysis_interfaces__rosidl_typesupport_fastrtps_c.dir/rosidl_typesupport_fastrtps_c/live_analysis_interfaces/msg/detail/test_progress__type_support_c.cpp.o[0m
[4.731s] [ 81%] [32m[1mLinking CXX shared library liblive_analysis_interfaces__rosidl_typesupport_fastrtps_c.so[0m
[4.804s] [ 81%] Built target live_analysis_interfaces__rosidl_typesupport_fastrtps_c
[4.830s] [35m[1mScanning dependencies of target live_analysis_interfaces[0m
[4.856s] [ 81%] Built target live_analysis_interfaces
[4.870s] [35m[1mScanning dependencies of target live_analysis_interfaces__py[0m
[4.885s] [ 82%] [34m[1mGenerating Python code for ROS interfaces[0m
[5.928s] [ 82%] Built target live_analysis_interfaces__py
[5.937s] [35m[1mScanning dependencies of target live_analysis_interfaces__rosidl_generator_py[0m
[6.025s] [ 83%] [32mBuilding C object CMakeFiles/live_analysis_interfaces__rosidl_generator_py.dir/rosidl_generator_py/live_analysis_interfaces/msg/_test_request_client_s.c.o[0m
[6.025s] [ 85%] [32mBuilding C object CMakeFiles/live_analysis_interfaces__rosidl_generator_py.dir/rosidl_generator_py/live_analysis_interfaces/msg/_test_request_s.c.o[0m
[6.025s] [ 86%] [32mBuilding C object CMakeFiles/live_analysis_interfaces__rosidl_generator_py.dir/rosidl_generator_py/live_analysis_interfaces/msg/_test_result_s.c.o[0m
[6.026s] [ 87%] [32mBuilding C object CMakeFiles/live_analysis_interfaces__rosidl_generator_py.dir/rosidl_generator_py/live_analysis_interfaces/msg/_train_request_s.c.o[0m
[6.030s] [ 88%] [32mBuilding C object CMakeFiles/live_analysis_interfaces__rosidl_generator_py.dir/rosidl_generator_py/live_analysis_interfaces/msg/_training_result_s.c.o[0m
[6.032s] [ 89%] [32mBuilding C object CMakeFiles/live_analysis_interfaces__rosidl_generator_py.dir/rosidl_generator_py/live_analysis_interfaces/msg/_train_request_client_s.c.o[0m
[6.130s] [ 90%] [32mBuilding C object CMakeFiles/live_analysis_interfaces__rosidl_generator_py.dir/rosidl_generator_py/live_analysis_interfaces/msg/_test_done_s.c.o[0m
[6.141s] [ 91%] [32mBuilding C object CMakeFiles/live_analysis_interfaces__rosidl_generator_py.dir/rosidl_generator_py/live_analysis_interfaces/msg/_test_progress_s.c.o[0m
[6.211s] [ 93%] [32m[1mLinking C shared library rosidl_generator_py/live_analysis_interfaces/liblive_analysis_interfaces__rosidl_generator_py.so[0m
[6.254s] [ 93%] Built target live_analysis_interfaces__rosidl_generator_py
[6.263s] [35m[1mScanning dependencies of target live_analysis_interfaces__rosidl_typesupport_introspection_c__pyext[0m
[6.263s] [35m[1mScanning dependencies of target live_analysis_interfaces__rosidl_typesupport_fastrtps_c__pyext[0m
[6.263s] [35m[1mScanning dependencies of target live_analysis_interfaces__rosidl_typesupport_c__pyext[0m
[6.280s] [ 95%] [32mBuilding C object CMakeFiles/live_analysis_interfaces__rosidl_typesupport_c__pyext.dir/rosidl_generator_py/live_analysis_interfaces/_live_analysis_interfaces_s.ep.rosidl_typesupport_c.c.o[0m
[6.280s] [ 95%] [32mBuilding C object CMakeFiles/live_analysis_interfaces__rosidl_typesupport_introspection_c__pyext.dir/rosidl_generator_py/live_analysis_interfaces/_live_analysis_interfaces_s.ep.rosidl_typesupport_introspection_c.c.o[0m
[6.283s] [ 96%] [32mBuilding C object CMakeFiles/live_analysis_interfaces__rosidl_typesupport_fastrtps_c__pyext.dir/rosidl_generator_py/live_analysis_interfaces/_live_analysis_interfaces_s.ep.rosidl_typesupport_fastrtps_c.c.o[0m
[6.365s] [ 98%] [32m[1mLinking C shared library rosidl_generator_py/live_analysis_interfaces/live_analysis_interfaces_s__rosidl_typesupport_c.cpython-38-x86_64-linux-gnu.so[0m
[6.365s] [ 98%] [32m[1mLinking C shared library rosidl_generator_py/live_analysis_interfaces/live_analysis_interfaces_s__rosidl_typesupport_introspection_c.cpython-38-x86_64-linux-gnu.so[0m
[6.368s] [100%] [32m[1mLinking C shared library rosidl_generator_py/live_analysis_interfaces/live_analysis_interfaces_s__rosidl_typesupport_fastrtps_c.cpython-38-x86_64-linux-gnu.so[0m
[6.402s] [100%] Built target live_analysis_interfaces__rosidl_typesupport_c__pyext
[6.404s] [100%] Built target live_analysis_interfaces__rosidl_typesupport_introspection_c__pyext
[6.413s] [100%] Built target live_analysis_interfaces__rosidl_typesupport_fastrtps_c__pyext
