[0.221s] Invoking command in '/home/paranavision/ros2_ws/QPath_ROS2_ws/build/my_cpp_server_tools': CMAKE_PREFIX_PATH=/opt/ros/rolling /usr/bin/cmake /home/paranavision/ros2_ws/QPath_ROS2_ws/src/my_cpp_server_tools -DAMENT_CMAKE_SYMLINK_INSTALL=1 -DCMAKE_INSTALL_PREFIX=/home/paranavision/ros2_ws/QPath_ROS2_ws/install/my_cpp_server_tools
[0.268s] -- The C compiler identification is GNU 9.4.0
[0.372s] -- The CXX compiler identification is GNU 9.4.0
[0.380s] -- Check for working C compiler: /usr/bin/cc
[0.461s] -- Check for working C compiler: /usr/bin/cc -- works
[0.464s] -- Detecting C compiler ABI info
[0.533s] -- Detecting C compiler ABI info - done
[0.538s] -- Detecting C compile features
[0.539s] -- Detecting C compile features - done
[0.542s] -- Check for working CXX compiler: /usr/bin/c++
[0.607s] -- Check for working CXX compiler: /usr/bin/c++ -- works
[0.608s] -- Detecting CXX compiler ABI info
[0.673s] -- Detecting CXX compiler ABI info - done
[0.684s] -- Detecting CXX compile features
[0.684s] -- Detecting CXX compile features - done
[0.687s] -- Found ament_cmake: 1.2.1 (/opt/ros/rolling/share/ament_cmake/cmake)
[0.820s] -- Found Python3: /usr/bin/python3.9 (found version "3.9.5") found components: Interpreter 
[0.878s] -- Override CMake install command with custom implementation using symlinks instead of copying resources
[0.912s] -- Found rclcpp: 15.0.0 (/opt/ros/rolling/share/rclcpp/cmake)
[0.969s] -- Using all available rosidl_typesupport_c: rosidl_typesupport_fastrtps_c;rosidl_typesupport_introspection_c
[0.974s] -- Found rosidl_adapter: 3.0.1 (/opt/ros/rolling/share/rosidl_adapter/cmake)
[1.010s] -- Using all available rosidl_typesupport_cpp: rosidl_typesupport_fastrtps_cpp;rosidl_typesupport_introspection_cpp
[1.082s] -- Found rmw_implementation_cmake: 5.1.0 (/opt/ros/rolling/share/rmw_implementation_cmake/cmake)
[1.086s] -- Found rmw_cyclonedds_cpp: 1.1.2 (/opt/ros/rolling/share/rmw_cyclonedds_cpp/cmake)
[1.111s] -- Using RMW implementation 'rmw_cyclonedds_cpp' as default
[1.281s] -- Found ament_lint_auto: 0.11.4 (/opt/ros/rolling/share/ament_lint_auto/cmake)
[1.415s] -- Added test 'copyright' to check source files copyright and LICENSE
[1.416s] -- Added test 'cppcheck' to perform static code analysis on C / C++ code
[1.416s] -- Configured cppcheck include dirs: 
[1.417s] -- Configured cppcheck exclude dirs and/or files: 
[1.417s] -- Added test 'cpplint' to check C / C++ code against the Google style
[1.418s] -- Configured cpplint exclude dirs and/or files: 
[1.419s] -- Added test 'lint_cmake' to check CMake code style
[1.420s] -- Added test 'uncrustify' to check C / C++ code style
[1.420s] -- Configured uncrustify additional arguments: 
[1.421s] -- Added test 'xmllint' to check XML markup files
[1.425s] -- Configuring done
[1.432s] -- Generating done
[1.436s] -- Build files have been written to: /home/paranavision/ros2_ws/QPath_ROS2_ws/build/my_cpp_server_tools
[1.441s] Invoked command in '/home/paranavision/ros2_ws/QPath_ROS2_ws/build/my_cpp_server_tools' returned '0': CMAKE_PREFIX_PATH=/opt/ros/rolling /usr/bin/cmake /home/paranavision/ros2_ws/QPath_ROS2_ws/src/my_cpp_server_tools -DAMENT_CMAKE_SYMLINK_INSTALL=1 -DCMAKE_INSTALL_PREFIX=/home/paranavision/ros2_ws/QPath_ROS2_ws/install/my_cpp_server_tools
[1.444s] Invoking command in '/home/paranavision/ros2_ws/QPath_ROS2_ws/build/my_cpp_server_tools': CMAKE_PREFIX_PATH=/opt/ros/rolling /usr/bin/cmake --build /home/paranavision/ros2_ws/QPath_ROS2_ws/build/my_cpp_server_tools -- -j6 -l6
[1.478s] [35m[1mScanning dependencies of target my_cpp_node[0m
[1.610s] [ 50%] [32mBuilding CXX object CMakeFiles/my_cpp_node.dir/src/my_cpp_node.cpp.o[0m
[8.929s] [100%] [32m[1mLinking CXX executable my_cpp_node[0m
[9.279s] [100%] Built target my_cpp_node
