[0.013s] Invoking command in '/home/burcu/ros2_ws/build/my_cpp_server_tools': CMAKE_PREFIX_PATH=${CMAKE_PREFIX_PATH}:/opt/ros/jazzy /usr/bin/cmake /home/burcu/ros2_ws/src/my_cpp_server_tools -DCMAKE_INSTALL_PREFIX=/home/burcu/ros2_ws/install/my_cpp_server_tools
[0.118s] -- The C compiler identification is GNU 13.3.0
[0.510s] -- The CXX compiler identification is GNU 13.3.0
[0.831s] -- Detecting C compiler ABI info
[0.994s] -- Detecting C compiler ABI info - done
[1.000s] -- Check for working C compiler: /usr/bin/cc - skipped
[1.001s] -- Detecting C compile features
[1.001s] -- Detecting C compile features - done
[1.064s] -- Detecting CXX compiler ABI info
[1.255s] -- Detecting CXX compiler ABI info - done
[1.263s] -- Check for working CXX compiler: /usr/bin/c++ - skipped
[1.264s] -- Detecting CXX compile features
[1.265s] -- Detecting CXX compile features - done
[1.268s] -- Found ament_cmake: 2.5.4 (/opt/ros/jazzy/share/ament_cmake/cmake)
[1.407s] -- Found Python3: /usr/bin/python3 (found version "3.12.3") found components: Interpreter 
[1.521s] -- Found rclcpp: 28.1.9 (/opt/ros/jazzy/share/rclcpp/cmake)
[1.641s] -- Found rosidl_generator_c: 4.6.5 (/opt/ros/jazzy/share/rosidl_generator_c/cmake)
[1.652s] -- Found rosidl_generator_cpp: 4.6.5 (/opt/ros/jazzy/share/rosidl_generator_cpp/cmake)
[1.666s] -- Using all available rosidl_typesupport_c: rosidl_typesupport_fastrtps_c;rosidl_typesupport_introspection_c
[1.680s] -- Using all available rosidl_typesupport_cpp: rosidl_typesupport_fastrtps_cpp;rosidl_typesupport_introspection_cpp
[1.753s] -- Found rmw_implementation_cmake: 7.3.2 (/opt/ros/jazzy/share/rmw_implementation_cmake/cmake)
[1.755s] -- Found rmw_fastrtps_cpp: 8.4.2 (/opt/ros/jazzy/share/rmw_fastrtps_cpp/cmake)
[1.833s] -- Found OpenSSL: /usr/lib/x86_64-linux-gnu/libcrypto.so (found version "3.0.13")  
[1.979s] -- Found FastRTPS: /opt/ros/jazzy/include (Required is at least version "2.13") 
[2.070s] -- Using RMW implementation 'rmw_fastrtps_cpp' as default
[2.258s] -- Found std_msgs: 5.3.6 (/opt/ros/jazzy/share/std_msgs/cmake)
[2.274s] -- Found ament_lint_auto: 0.17.2 (/opt/ros/jazzy/share/ament_lint_auto/cmake)
[2.400s] -- Added test 'copyright' to check source files copyright and LICENSE
[2.401s] -- Added test 'cppcheck' to perform static code analysis on C / C++ code
[2.401s] -- Configured cppcheck include dirs: 
[2.401s] -- Configured cppcheck exclude dirs and/or files: 
[2.402s] -- Added test 'cpplint' to check C / C++ code against the Google style
[2.402s] -- Configured cpplint exclude dirs and/or files: 
[2.403s] -- Added test 'lint_cmake' to check CMake code style
[2.405s] -- Added test 'uncrustify' to check C / C++ code style
[2.405s] -- Configured uncrustify additional arguments: 
[2.405s] -- Added test 'xmllint' to check XML markup files
[2.407s] -- Configuring done (2.4s)
[2.423s] -- Generating done (0.0s)
[2.431s] -- Build files have been written to: /home/burcu/ros2_ws/build/my_cpp_server_tools
[2.452s] Invoked command in '/home/burcu/ros2_ws/build/my_cpp_server_tools' returned '0': CMAKE_PREFIX_PATH=${CMAKE_PREFIX_PATH}:/opt/ros/jazzy /usr/bin/cmake /home/burcu/ros2_ws/src/my_cpp_server_tools -DCMAKE_INSTALL_PREFIX=/home/burcu/ros2_ws/install/my_cpp_server_tools
[2.452s] Invoking command in '/home/burcu/ros2_ws/build/my_cpp_server_tools': CMAKE_PREFIX_PATH=${CMAKE_PREFIX_PATH}:/opt/ros/jazzy /usr/bin/cmake --build /home/burcu/ros2_ws/build/my_cpp_server_tools -- -j22 -l22
[2.517s] [ 50%] [32mBuilding CXX object CMakeFiles/my_cpp_node.dir/src/my_cpp_node.cpp.o[0m
[14.711s] [100%] [32m[1mLinking CXX executable my_cpp_node[0m
[15.056s] [100%] Built target my_cpp_node
[15.068s] Invoked command in '/home/burcu/ros2_ws/build/my_cpp_server_tools' returned '0': CMAKE_PREFIX_PATH=${CMAKE_PREFIX_PATH}:/opt/ros/jazzy /usr/bin/cmake --build /home/burcu/ros2_ws/build/my_cpp_server_tools -- -j22 -l22
[15.069s] Invoking command in '/home/burcu/ros2_ws/build/my_cpp_server_tools': CMAKE_PREFIX_PATH=${CMAKE_PREFIX_PATH}:/opt/ros/jazzy /usr/bin/cmake --install /home/burcu/ros2_ws/build/my_cpp_server_tools
[15.076s] -- Install configuration: ""
[15.077s] -- Installing: /home/burcu/ros2_ws/install/my_cpp_server_tools/lib/my_cpp_server_tools/my_cpp_node
[15.080s] -- Set non-toolchain portion of runtime path of "/home/burcu/ros2_ws/install/my_cpp_server_tools/lib/my_cpp_server_tools/my_cpp_node" to ""
[15.082s] -- Installing: /home/burcu/ros2_ws/install/my_cpp_server_tools/share/ament_index/resource_index/package_run_dependencies/my_cpp_server_tools
[15.083s] -- Installing: /home/burcu/ros2_ws/install/my_cpp_server_tools/share/ament_index/resource_index/parent_prefix_path/my_cpp_server_tools
[15.083s] -- Installing: /home/burcu/ros2_ws/install/my_cpp_server_tools/share/my_cpp_server_tools/environment/ament_prefix_path.sh
[15.084s] -- Installing: /home/burcu/ros2_ws/install/my_cpp_server_tools/share/my_cpp_server_tools/environment/ament_prefix_path.dsv
[15.084s] -- Installing: /home/burcu/ros2_ws/install/my_cpp_server_tools/share/my_cpp_server_tools/environment/path.sh
[15.084s] -- Installing: /home/burcu/ros2_ws/install/my_cpp_server_tools/share/my_cpp_server_tools/environment/path.dsv
[15.084s] -- Installing: /home/burcu/ros2_ws/install/my_cpp_server_tools/share/my_cpp_server_tools/local_setup.bash
[15.085s] -- Installing: /home/burcu/ros2_ws/install/my_cpp_server_tools/share/my_cpp_server_tools/local_setup.sh
[15.085s] -- Installing: /home/burcu/ros2_ws/install/my_cpp_server_tools/share/my_cpp_server_tools/local_setup.zsh
[15.085s] -- Installing: /home/burcu/ros2_ws/install/my_cpp_server_tools/share/my_cpp_server_tools/local_setup.dsv
[15.086s] -- Installing: /home/burcu/ros2_ws/install/my_cpp_server_tools/share/my_cpp_server_tools/package.dsv
[15.086s] -- Installing: /home/burcu/ros2_ws/install/my_cpp_server_tools/share/ament_index/resource_index/packages/my_cpp_server_tools
[15.086s] -- Installing: /home/burcu/ros2_ws/install/my_cpp_server_tools/share/my_cpp_server_tools/cmake/ament_cmake_export_dependencies-extras.cmake
[15.086s] -- Installing: /home/burcu/ros2_ws/install/my_cpp_server_tools/share/my_cpp_server_tools/cmake/my_cpp_server_toolsConfig.cmake
[15.087s] -- Installing: /home/burcu/ros2_ws/install/my_cpp_server_tools/share/my_cpp_server_tools/cmake/my_cpp_server_toolsConfig-version.cmake
[15.087s] -- Installing: /home/burcu/ros2_ws/install/my_cpp_server_tools/share/my_cpp_server_tools/package.xml
[15.089s] Invoked command in '/home/burcu/ros2_ws/build/my_cpp_server_tools' returned '0': CMAKE_PREFIX_PATH=${CMAKE_PREFIX_PATH}:/opt/ros/jazzy /usr/bin/cmake --install /home/burcu/ros2_ws/build/my_cpp_server_tools
