[0.127s] DEBUG:colcon:Command line arguments: ['/usr/bin/colcon', 'build']
[0.128s] DEBUG:colcon:Parsed command line arguments: Namespace(log_base=None, log_level=None, verb_name='build', build_base='build', install_base='install', merge_install=False, symlink_install=False, test_result_base=None, continue_on_error=False, executor='parallel', parallel_workers=22, event_handlers=None, ignore_user_meta=False, metas=['./colcon.meta'], base_paths=['.'], packages_ignore=None, packages_ignore_regex=None, paths=None, packages_up_to=None, packages_up_to_regex=None, packages_above=None, packages_above_and_dependencies=None, packages_above_depth=None, packages_select_by_dep=None, packages_skip_by_dep=None, packages_skip_up_to=None, packages_select_build_failed=False, packages_skip_build_finished=False, packages_select_test_failures=False, packages_skip_test_passed=False, packages_select=None, packages_skip=None, packages_select_regex=None, packages_skip_regex=None, packages_start=None, packages_end=None, allow_overriding=[], cmake_args=None, cmake_target=None, cmake_target_skip_unavailable=False, cmake_clean_cache=False, cmake_clean_first=False, cmake_force_configure=False, ament_cmake_args=None, catkin_cmake_args=None, catkin_skip_building_tests=False, verb_parser=<colcon_defaults.argument_parser.defaults.DefaultArgumentsDecorator object at 0x78d5dcd5e9c0>, verb_extension=<colcon_core.verb.build.BuildVerb object at 0x78d5dcd5e090>, main=<bound method BuildVerb.main of <colcon_core.verb.build.BuildVerb object at 0x78d5dcd5e090>>)
[0.178s] Level 1:colcon.colcon_core.package_discovery:discover_packages(colcon_meta) check parameters
[0.179s] Level 1:colcon.colcon_core.package_discovery:discover_packages(recursive) check parameters
[0.179s] Level 1:colcon.colcon_core.package_discovery:discover_packages(ignore) check parameters
[0.179s] Level 1:colcon.colcon_core.package_discovery:discover_packages(path) check parameters
[0.179s] Level 1:colcon.colcon_core.package_discovery:discover_packages(colcon_meta) discover
[0.179s] Level 1:colcon.colcon_core.package_discovery:discover_packages(recursive) discover
[0.179s] INFO:colcon.colcon_core.package_discovery:Crawling recursively for packages in '/home/burcu/ros2_ws'
[0.179s] Level 1:colcon.colcon_core.package_identification:_identify(.) by extensions ['ignore', 'ignore_ament_install']
[0.179s] Level 1:colcon.colcon_core.package_identification:_identify(.) by extension 'ignore'
[0.179s] Level 1:colcon.colcon_core.package_identification:_identify(.) by extension 'ignore_ament_install'
[0.179s] Level 1:colcon.colcon_core.package_identification:_identify(.) by extensions ['colcon_pkg']
[0.179s] Level 1:colcon.colcon_core.package_identification:_identify(.) by extension 'colcon_pkg'
[0.180s] Level 1:colcon.colcon_core.package_identification:_identify(.) by extensions ['colcon_meta']
[0.180s] Level 1:colcon.colcon_core.package_identification:_identify(.) by extension 'colcon_meta'
[0.180s] Level 1:colcon.colcon_core.package_identification:_identify(.) by extensions ['ros']
[0.180s] Level 1:colcon.colcon_core.package_identification:_identify(.) by extension 'ros'
[0.203s] Level 1:colcon.colcon_core.package_identification:_identify(.) by extensions ['cmake', 'python']
[0.203s] Level 1:colcon.colcon_core.package_identification:_identify(.) by extension 'cmake'
[0.204s] Level 1:colcon.colcon_core.package_identification:_identify(.) by extension 'python'
[0.204s] Level 1:colcon.colcon_core.package_identification:_identify(.) by extensions ['python_setup_py']
[0.204s] Level 1:colcon.colcon_core.package_identification:_identify(.) by extension 'python_setup_py'
[0.204s] Level 1:colcon.colcon_core.package_identification:_identify(build) by extensions ['ignore', 'ignore_ament_install']
[0.204s] Level 1:colcon.colcon_core.package_identification:_identify(build) by extension 'ignore'
[0.204s] Level 1:colcon.colcon_core.package_identification:_identify(build) ignored
[0.204s] Level 1:colcon.colcon_core.package_identification:_identify(install) by extensions ['ignore', 'ignore_ament_install']
[0.205s] Level 1:colcon.colcon_core.package_identification:_identify(install) by extension 'ignore'
[0.205s] Level 1:colcon.colcon_core.package_identification:_identify(install) ignored
[0.205s] Level 1:colcon.colcon_core.package_identification:_identify(log) by extensions ['ignore', 'ignore_ament_install']
[0.205s] Level 1:colcon.colcon_core.package_identification:_identify(log) by extension 'ignore'
[0.205s] Level 1:colcon.colcon_core.package_identification:_identify(log) ignored
[0.205s] Level 1:colcon.colcon_core.package_identification:_identify(src) by extensions ['ignore', 'ignore_ament_install']
[0.205s] Level 1:colcon.colcon_core.package_identification:_identify(src) by extension 'ignore'
[0.205s] Level 1:colcon.colcon_core.package_identification:_identify(src) by extension 'ignore_ament_install'
[0.205s] Level 1:colcon.colcon_core.package_identification:_identify(src) by extensions ['colcon_pkg']
[0.205s] Level 1:colcon.colcon_core.package_identification:_identify(src) by extension 'colcon_pkg'
[0.205s] Level 1:colcon.colcon_core.package_identification:_identify(src) by extensions ['colcon_meta']
[0.205s] Level 1:colcon.colcon_core.package_identification:_identify(src) by extension 'colcon_meta'
[0.205s] Level 1:colcon.colcon_core.package_identification:_identify(src) by extensions ['ros']
[0.205s] Level 1:colcon.colcon_core.package_identification:_identify(src) by extension 'ros'
[0.205s] Level 1:colcon.colcon_core.package_identification:_identify(src) by extensions ['cmake', 'python']
[0.205s] Level 1:colcon.colcon_core.package_identification:_identify(src) by extension 'cmake'
[0.205s] Level 1:colcon.colcon_core.package_identification:_identify(src) by extension 'python'
[0.205s] Level 1:colcon.colcon_core.package_identification:_identify(src) by extensions ['python_setup_py']
[0.206s] Level 1:colcon.colcon_core.package_identification:_identify(src) by extension 'python_setup_py'
[0.206s] Level 1:colcon.colcon_core.package_identification:_identify(src/build) by extensions ['ignore', 'ignore_ament_install']
[0.206s] Level 1:colcon.colcon_core.package_identification:_identify(src/build) by extension 'ignore'
[0.206s] Level 1:colcon.colcon_core.package_identification:_identify(src/build) ignored
[0.206s] Level 1:colcon.colcon_core.package_identification:_identify(src/install) by extensions ['ignore', 'ignore_ament_install']
[0.206s] Level 1:colcon.colcon_core.package_identification:_identify(src/install) by extension 'ignore'
[0.206s] Level 1:colcon.colcon_core.package_identification:_identify(src/install) ignored
[0.206s] Level 1:colcon.colcon_core.package_identification:_identify(src/live_analysis_ros2) by extensions ['ignore', 'ignore_ament_install']
[0.206s] Level 1:colcon.colcon_core.package_identification:_identify(src/live_analysis_ros2) by extension 'ignore'
[0.206s] Level 1:colcon.colcon_core.package_identification:_identify(src/live_analysis_ros2) by extension 'ignore_ament_install'
[0.206s] Level 1:colcon.colcon_core.package_identification:_identify(src/live_analysis_ros2) by extensions ['colcon_pkg']
[0.206s] Level 1:colcon.colcon_core.package_identification:_identify(src/live_analysis_ros2) by extension 'colcon_pkg'
[0.206s] Level 1:colcon.colcon_core.package_identification:_identify(src/live_analysis_ros2) by extensions ['colcon_meta']
[0.206s] Level 1:colcon.colcon_core.package_identification:_identify(src/live_analysis_ros2) by extension 'colcon_meta'
[0.206s] Level 1:colcon.colcon_core.package_identification:_identify(src/live_analysis_ros2) by extensions ['ros']
[0.206s] Level 1:colcon.colcon_core.package_identification:_identify(src/live_analysis_ros2) by extension 'ros'
[0.210s] DEBUG:colcon.colcon_core.package_identification:Package 'src/live_analysis_ros2' with type 'ros.ament_python' and name 'live_analysis_ros2'
[0.210s] Level 1:colcon.colcon_core.package_identification:_identify(src/liver_analysis_interfaces) by extensions ['ignore', 'ignore_ament_install']
[0.210s] Level 1:colcon.colcon_core.package_identification:_identify(src/liver_analysis_interfaces) by extension 'ignore'
[0.211s] Level 1:colcon.colcon_core.package_identification:_identify(src/liver_analysis_interfaces) by extension 'ignore_ament_install'
[0.211s] Level 1:colcon.colcon_core.package_identification:_identify(src/liver_analysis_interfaces) by extensions ['colcon_pkg']
[0.211s] Level 1:colcon.colcon_core.package_identification:_identify(src/liver_analysis_interfaces) by extension 'colcon_pkg'
[0.211s] Level 1:colcon.colcon_core.package_identification:_identify(src/liver_analysis_interfaces) by extensions ['colcon_meta']
[0.211s] Level 1:colcon.colcon_core.package_identification:_identify(src/liver_analysis_interfaces) by extension 'colcon_meta'
[0.211s] Level 1:colcon.colcon_core.package_identification:_identify(src/liver_analysis_interfaces) by extensions ['ros']
[0.211s] Level 1:colcon.colcon_core.package_identification:_identify(src/liver_analysis_interfaces) by extension 'ros'
[0.212s] DEBUG:colcon.colcon_core.package_identification:Package 'src/liver_analysis_interfaces' with type 'ros.ament_cmake' and name 'live_analysis_interfaces'
[0.212s] Level 1:colcon.colcon_core.package_identification:_identify(src/log) by extensions ['ignore', 'ignore_ament_install']
[0.212s] Level 1:colcon.colcon_core.package_identification:_identify(src/log) by extension 'ignore'
[0.212s] Level 1:colcon.colcon_core.package_identification:_identify(src/log) ignored
[0.212s] Level 1:colcon.colcon_core.package_identification:_identify(src/my_cpp_server_tools) by extensions ['ignore', 'ignore_ament_install']
[0.212s] Level 1:colcon.colcon_core.package_identification:_identify(src/my_cpp_server_tools) by extension 'ignore'
[0.212s] Level 1:colcon.colcon_core.package_identification:_identify(src/my_cpp_server_tools) by extension 'ignore_ament_install'
[0.212s] Level 1:colcon.colcon_core.package_identification:_identify(src/my_cpp_server_tools) by extensions ['colcon_pkg']
[0.212s] Level 1:colcon.colcon_core.package_identification:_identify(src/my_cpp_server_tools) by extension 'colcon_pkg'
[0.212s] Level 1:colcon.colcon_core.package_identification:_identify(src/my_cpp_server_tools) by extensions ['colcon_meta']
[0.212s] Level 1:colcon.colcon_core.package_identification:_identify(src/my_cpp_server_tools) by extension 'colcon_meta'
[0.213s] Level 1:colcon.colcon_core.package_identification:_identify(src/my_cpp_server_tools) by extensions ['ros']
[0.213s] Level 1:colcon.colcon_core.package_identification:_identify(src/my_cpp_server_tools) by extension 'ros'
[0.213s] DEBUG:colcon.colcon_core.package_identification:Package 'src/my_cpp_server_tools' with type 'ros.ament_cmake' and name 'my_cpp_server_tools'
[0.213s] Level 1:colcon.colcon_core.package_discovery:discover_packages(recursive) using defaults
[0.213s] Level 1:colcon.colcon_core.package_discovery:discover_packages(ignore) discover
[0.213s] Level 1:colcon.colcon_core.package_discovery:discover_packages(ignore) using defaults
[0.213s] Level 1:colcon.colcon_core.package_discovery:discover_packages(path) discover
[0.213s] Level 1:colcon.colcon_core.package_discovery:discover_packages(path) using defaults
[0.228s] Level 1:colcon.colcon_core.package_discovery:discover_packages(prefix_path) check parameters
[0.228s] Level 1:colcon.colcon_core.package_discovery:discover_packages(prefix_path) discover
[0.230s] DEBUG:colcon.colcon_installed_package_information.package_discovery:Found 285 installed packages in /opt/ros/jazzy
[0.230s] Level 1:colcon.colcon_core.package_discovery:discover_packages(prefix_path) using defaults
[0.262s] Level 5:colcon.colcon_core.verb:set package 'live_analysis_interfaces' build argument 'cmake_args' from command line to 'None'
[0.262s] Level 5:colcon.colcon_core.verb:set package 'live_analysis_interfaces' build argument 'cmake_target' from command line to 'None'
[0.262s] Level 5:colcon.colcon_core.verb:set package 'live_analysis_interfaces' build argument 'cmake_target_skip_unavailable' from command line to 'False'
[0.262s] Level 5:colcon.colcon_core.verb:set package 'live_analysis_interfaces' build argument 'cmake_clean_cache' from command line to 'False'
[0.262s] Level 5:colcon.colcon_core.verb:set package 'live_analysis_interfaces' build argument 'cmake_clean_first' from command line to 'False'
[0.263s] Level 5:colcon.colcon_core.verb:set package 'live_analysis_interfaces' build argument 'cmake_force_configure' from command line to 'False'
[0.263s] Level 5:colcon.colcon_core.verb:set package 'live_analysis_interfaces' build argument 'ament_cmake_args' from command line to 'None'
[0.263s] Level 5:colcon.colcon_core.verb:set package 'live_analysis_interfaces' build argument 'catkin_cmake_args' from command line to 'None'
[0.263s] Level 5:colcon.colcon_core.verb:set package 'live_analysis_interfaces' build argument 'catkin_skip_building_tests' from command line to 'False'
[0.263s] DEBUG:colcon.colcon_core.verb:Building package 'live_analysis_interfaces' with the following arguments: {'ament_cmake_args': None, 'build_base': '/home/burcu/ros2_ws/build/live_analysis_interfaces', 'catkin_cmake_args': None, 'catkin_skip_building_tests': False, 'cmake_args': None, 'cmake_clean_cache': False, 'cmake_clean_first': False, 'cmake_force_configure': False, 'cmake_target': None, 'cmake_target_skip_unavailable': False, 'install_base': '/home/burcu/ros2_ws/install/live_analysis_interfaces', 'merge_install': False, 'path': '/home/burcu/ros2_ws/src/liver_analysis_interfaces', 'symlink_install': False, 'test_result_base': None}
[0.263s] Level 5:colcon.colcon_core.verb:set package 'my_cpp_server_tools' build argument 'cmake_args' from command line to 'None'
[0.263s] Level 5:colcon.colcon_core.verb:set package 'my_cpp_server_tools' build argument 'cmake_target' from command line to 'None'
[0.263s] Level 5:colcon.colcon_core.verb:set package 'my_cpp_server_tools' build argument 'cmake_target_skip_unavailable' from command line to 'False'
[0.263s] Level 5:colcon.colcon_core.verb:set package 'my_cpp_server_tools' build argument 'cmake_clean_cache' from command line to 'False'
[0.263s] Level 5:colcon.colcon_core.verb:set package 'my_cpp_server_tools' build argument 'cmake_clean_first' from command line to 'False'
[0.263s] Level 5:colcon.colcon_core.verb:set package 'my_cpp_server_tools' build argument 'cmake_force_configure' from command line to 'False'
[0.263s] Level 5:colcon.colcon_core.verb:set package 'my_cpp_server_tools' build argument 'ament_cmake_args' from command line to 'None'
[0.263s] Level 5:colcon.colcon_core.verb:set package 'my_cpp_server_tools' build argument 'catkin_cmake_args' from command line to 'None'
[0.263s] Level 5:colcon.colcon_core.verb:set package 'my_cpp_server_tools' build argument 'catkin_skip_building_tests' from command line to 'False'
[0.263s] DEBUG:colcon.colcon_core.verb:Building package 'my_cpp_server_tools' with the following arguments: {'ament_cmake_args': None, 'build_base': '/home/burcu/ros2_ws/build/my_cpp_server_tools', 'catkin_cmake_args': None, 'catkin_skip_building_tests': False, 'cmake_args': None, 'cmake_clean_cache': False, 'cmake_clean_first': False, 'cmake_force_configure': False, 'cmake_target': None, 'cmake_target_skip_unavailable': False, 'install_base': '/home/burcu/ros2_ws/install/my_cpp_server_tools', 'merge_install': False, 'path': '/home/burcu/ros2_ws/src/my_cpp_server_tools', 'symlink_install': False, 'test_result_base': None}
[0.263s] Level 5:colcon.colcon_core.verb:set package 'live_analysis_ros2' build argument 'cmake_args' from command line to 'None'
[0.264s] Level 5:colcon.colcon_core.verb:set package 'live_analysis_ros2' build argument 'cmake_target' from command line to 'None'
[0.264s] Level 5:colcon.colcon_core.verb:set package 'live_analysis_ros2' build argument 'cmake_target_skip_unavailable' from command line to 'False'
[0.264s] Level 5:colcon.colcon_core.verb:set package 'live_analysis_ros2' build argument 'cmake_clean_cache' from command line to 'False'
[0.264s] Level 5:colcon.colcon_core.verb:set package 'live_analysis_ros2' build argument 'cmake_clean_first' from command line to 'False'
[0.264s] Level 5:colcon.colcon_core.verb:set package 'live_analysis_ros2' build argument 'cmake_force_configure' from command line to 'False'
[0.264s] Level 5:colcon.colcon_core.verb:set package 'live_analysis_ros2' build argument 'ament_cmake_args' from command line to 'None'
[0.264s] Level 5:colcon.colcon_core.verb:set package 'live_analysis_ros2' build argument 'catkin_cmake_args' from command line to 'None'
[0.264s] Level 5:colcon.colcon_core.verb:set package 'live_analysis_ros2' build argument 'catkin_skip_building_tests' from command line to 'False'
[0.264s] DEBUG:colcon.colcon_core.verb:Building package 'live_analysis_ros2' with the following arguments: {'ament_cmake_args': None, 'build_base': '/home/burcu/ros2_ws/build/live_analysis_ros2', 'catkin_cmake_args': None, 'catkin_skip_building_tests': False, 'cmake_args': None, 'cmake_clean_cache': False, 'cmake_clean_first': False, 'cmake_force_configure': False, 'cmake_target': None, 'cmake_target_skip_unavailable': False, 'install_base': '/home/burcu/ros2_ws/install/live_analysis_ros2', 'merge_install': False, 'path': '/home/burcu/ros2_ws/src/live_analysis_ros2', 'symlink_install': False, 'test_result_base': None}
[0.264s] INFO:colcon.colcon_core.executor:Executing jobs using 'parallel' executor
[0.265s] DEBUG:colcon.colcon_parallel_executor.executor.parallel:run_until_complete
[0.265s] INFO:colcon.colcon_ros.task.ament_cmake.build:Building ROS package in '/home/burcu/ros2_ws/src/liver_analysis_interfaces' with build type 'ament_cmake'
[0.265s] INFO:colcon.colcon_cmake.task.cmake.build:Building CMake package in '/home/burcu/ros2_ws/src/liver_analysis_interfaces'
[0.267s] INFO:colcon.colcon_core.plugin_system:Skipping extension 'colcon_core.shell.bat': Not used on non-Windows systems
[0.267s] INFO:colcon.colcon_core.shell:Skip shell extension 'powershell' for command environment: Not usable outside of PowerShell
[0.267s] DEBUG:colcon.colcon_core.shell:Skip shell extension 'dsv' for command environment
[0.271s] INFO:colcon.colcon_ros.task.ament_cmake.build:Building ROS package in '/home/burcu/ros2_ws/src/my_cpp_server_tools' with build type 'ament_cmake'
[0.271s] INFO:colcon.colcon_cmake.task.cmake.build:Building CMake package in '/home/burcu/ros2_ws/src/my_cpp_server_tools'
[0.271s] INFO:colcon.colcon_core.shell:Skip shell extension 'powershell' for command environment: Not usable outside of PowerShell
[0.271s] DEBUG:colcon.colcon_core.shell:Skip shell extension 'dsv' for command environment
[0.277s] DEBUG:colcon.colcon_core.event_handler.log_command:Invoking command in '/home/burcu/ros2_ws/build/live_analysis_interfaces': CMAKE_PREFIX_PATH=${CMAKE_PREFIX_PATH}:/opt/ros/jazzy /usr/bin/cmake /home/burcu/ros2_ws/src/liver_analysis_interfaces -DCMAKE_INSTALL_PREFIX=/home/burcu/ros2_ws/install/live_analysis_interfaces
[0.284s] DEBUG:colcon.colcon_core.event_handler.log_command:Invoking command in '/home/burcu/ros2_ws/build/my_cpp_server_tools': CMAKE_PREFIX_PATH=${CMAKE_PREFIX_PATH}:/opt/ros/jazzy /usr/bin/cmake /home/burcu/ros2_ws/src/my_cpp_server_tools -DCMAKE_INSTALL_PREFIX=/home/burcu/ros2_ws/install/my_cpp_server_tools
[2.723s] DEBUG:colcon.colcon_core.event_handler.log_command:Invoked command in '/home/burcu/ros2_ws/build/my_cpp_server_tools' returned '0': CMAKE_PREFIX_PATH=${CMAKE_PREFIX_PATH}:/opt/ros/jazzy /usr/bin/cmake /home/burcu/ros2_ws/src/my_cpp_server_tools -DCMAKE_INSTALL_PREFIX=/home/burcu/ros2_ws/install/my_cpp_server_tools
[2.723s] DEBUG:colcon.colcon_core.event_handler.log_command:Invoking command in '/home/burcu/ros2_ws/build/my_cpp_server_tools': CMAKE_PREFIX_PATH=${CMAKE_PREFIX_PATH}:/opt/ros/jazzy /usr/bin/cmake --build /home/burcu/ros2_ws/build/my_cpp_server_tools -- -j22 -l22
[6.164s] DEBUG:colcon.colcon_core.event_handler.log_command:Invoked command in '/home/burcu/ros2_ws/build/live_analysis_interfaces' returned '0': CMAKE_PREFIX_PATH=${CMAKE_PREFIX_PATH}:/opt/ros/jazzy /usr/bin/cmake /home/burcu/ros2_ws/src/liver_analysis_interfaces -DCMAKE_INSTALL_PREFIX=/home/burcu/ros2_ws/install/live_analysis_interfaces
[6.165s] DEBUG:colcon.colcon_core.event_handler.log_command:Invoking command in '/home/burcu/ros2_ws/build/live_analysis_interfaces': CMAKE_PREFIX_PATH=${CMAKE_PREFIX_PATH}:/opt/ros/jazzy /usr/bin/cmake --build /home/burcu/ros2_ws/build/live_analysis_interfaces -- -j22 -l22
[11.675s] DEBUG:colcon.colcon_core.event_handler.log_command:Invoked command in '/home/burcu/ros2_ws/build/live_analysis_interfaces' returned '0': CMAKE_PREFIX_PATH=${CMAKE_PREFIX_PATH}:/opt/ros/jazzy /usr/bin/cmake --build /home/burcu/ros2_ws/build/live_analysis_interfaces -- -j22 -l22
[11.690s] DEBUG:colcon.colcon_core.event_handler.log_command:Invoking command in '/home/burcu/ros2_ws/build/live_analysis_interfaces': CMAKE_PREFIX_PATH=${CMAKE_PREFIX_PATH}:/opt/ros/jazzy /usr/bin/cmake --install /home/burcu/ros2_ws/build/live_analysis_interfaces
[11.812s] Level 1:colcon.colcon_core.environment:create_environment_scripts_only(live_analysis_interfaces)
[11.812s] DEBUG:colcon.colcon_core.event_handler.log_command:Invoked command in '/home/burcu/ros2_ws/build/live_analysis_interfaces' returned '0': CMAKE_PREFIX_PATH=${CMAKE_PREFIX_PATH}:/opt/ros/jazzy /usr/bin/cmake --install /home/burcu/ros2_ws/build/live_analysis_interfaces
[11.816s] Level 1:colcon.colcon_core.environment:checking '/home/burcu/ros2_ws/install/live_analysis_interfaces' for CMake module files
[11.817s] Level 1:colcon.colcon_core.environment:checking '/home/burcu/ros2_ws/install/live_analysis_interfaces' for CMake config files
[11.818s] Level 1:colcon.colcon_core.shell:create_environment_hook('live_analysis_interfaces', 'cmake_prefix_path')
[11.818s] INFO:colcon.colcon_core.shell:Creating environment hook '/home/burcu/ros2_ws/install/live_analysis_interfaces/share/live_analysis_interfaces/hook/cmake_prefix_path.ps1'
[11.819s] INFO:colcon.colcon_core.shell:Creating environment descriptor '/home/burcu/ros2_ws/install/live_analysis_interfaces/share/live_analysis_interfaces/hook/cmake_prefix_path.dsv'
[11.820s] INFO:colcon.colcon_core.shell:Creating environment hook '/home/burcu/ros2_ws/install/live_analysis_interfaces/share/live_analysis_interfaces/hook/cmake_prefix_path.sh'
[11.821s] Level 1:colcon.colcon_core.environment:checking '/home/burcu/ros2_ws/install/live_analysis_interfaces/lib'
[11.821s] Level 1:colcon.colcon_core.shell:create_environment_hook('live_analysis_interfaces', 'ld_library_path_lib')
[11.822s] INFO:colcon.colcon_core.shell:Creating environment hook '/home/burcu/ros2_ws/install/live_analysis_interfaces/share/live_analysis_interfaces/hook/ld_library_path_lib.ps1'
[11.822s] INFO:colcon.colcon_core.shell:Creating environment descriptor '/home/burcu/ros2_ws/install/live_analysis_interfaces/share/live_analysis_interfaces/hook/ld_library_path_lib.dsv'
[11.823s] INFO:colcon.colcon_core.shell:Creating environment hook '/home/burcu/ros2_ws/install/live_analysis_interfaces/share/live_analysis_interfaces/hook/ld_library_path_lib.sh'
[11.823s] Level 1:colcon.colcon_core.environment:checking '/home/burcu/ros2_ws/install/live_analysis_interfaces/bin'
[11.823s] Level 1:colcon.colcon_core.environment:checking '/home/burcu/ros2_ws/install/live_analysis_interfaces/lib/pkgconfig/live_analysis_interfaces.pc'
[11.824s] Level 1:colcon.colcon_core.environment:checking '/home/burcu/ros2_ws/install/live_analysis_interfaces/lib/python3.12/site-packages'
[11.824s] Level 1:colcon.colcon_core.shell:create_environment_hook('live_analysis_interfaces', 'pythonpath')
[11.825s] INFO:colcon.colcon_core.shell:Creating environment hook '/home/burcu/ros2_ws/install/live_analysis_interfaces/share/live_analysis_interfaces/hook/pythonpath.ps1'
[11.826s] INFO:colcon.colcon_core.shell:Creating environment descriptor '/home/burcu/ros2_ws/install/live_analysis_interfaces/share/live_analysis_interfaces/hook/pythonpath.dsv'
[11.826s] INFO:colcon.colcon_core.shell:Creating environment hook '/home/burcu/ros2_ws/install/live_analysis_interfaces/share/live_analysis_interfaces/hook/pythonpath.sh'
[11.827s] Level 1:colcon.colcon_core.environment:checking '/home/burcu/ros2_ws/install/live_analysis_interfaces/bin'
[11.828s] INFO:colcon.colcon_core.shell:Creating package script '/home/burcu/ros2_ws/install/live_analysis_interfaces/share/live_analysis_interfaces/package.ps1'
[11.830s] INFO:colcon.colcon_core.shell:Creating package descriptor '/home/burcu/ros2_ws/install/live_analysis_interfaces/share/live_analysis_interfaces/package.dsv'
[11.831s] INFO:colcon.colcon_core.shell:Creating package script '/home/burcu/ros2_ws/install/live_analysis_interfaces/share/live_analysis_interfaces/package.sh'
[11.832s] INFO:colcon.colcon_core.shell:Creating package script '/home/burcu/ros2_ws/install/live_analysis_interfaces/share/live_analysis_interfaces/package.bash'
[11.833s] INFO:colcon.colcon_core.shell:Creating package script '/home/burcu/ros2_ws/install/live_analysis_interfaces/share/live_analysis_interfaces/package.zsh'
[11.834s] Level 1:colcon.colcon_core.environment:create_file_with_runtime_dependencies(/home/burcu/ros2_ws/install/live_analysis_interfaces/share/colcon-core/packages/live_analysis_interfaces)
[11.836s] Level 1:colcon.colcon_core.environment:create_environment_scripts_only(live_analysis_interfaces)
[11.836s] Level 1:colcon.colcon_core.environment:checking '/home/burcu/ros2_ws/install/live_analysis_interfaces' for CMake module files
[11.837s] Level 1:colcon.colcon_core.environment:checking '/home/burcu/ros2_ws/install/live_analysis_interfaces' for CMake config files
[11.837s] Level 1:colcon.colcon_core.shell:create_environment_hook('live_analysis_interfaces', 'cmake_prefix_path')
[11.837s] INFO:colcon.colcon_core.shell:Creating environment hook '/home/burcu/ros2_ws/install/live_analysis_interfaces/share/live_analysis_interfaces/hook/cmake_prefix_path.ps1'
[11.838s] INFO:colcon.colcon_core.shell:Creating environment descriptor '/home/burcu/ros2_ws/install/live_analysis_interfaces/share/live_analysis_interfaces/hook/cmake_prefix_path.dsv'
[11.839s] INFO:colcon.colcon_core.shell:Creating environment hook '/home/burcu/ros2_ws/install/live_analysis_interfaces/share/live_analysis_interfaces/hook/cmake_prefix_path.sh'
[11.839s] Level 1:colcon.colcon_core.environment:checking '/home/burcu/ros2_ws/install/live_analysis_interfaces/lib'
[11.840s] Level 1:colcon.colcon_core.shell:create_environment_hook('live_analysis_interfaces', 'ld_library_path_lib')
[11.840s] INFO:colcon.colcon_core.shell:Creating environment hook '/home/burcu/ros2_ws/install/live_analysis_interfaces/share/live_analysis_interfaces/hook/ld_library_path_lib.ps1'
[11.841s] INFO:colcon.colcon_core.shell:Creating environment descriptor '/home/burcu/ros2_ws/install/live_analysis_interfaces/share/live_analysis_interfaces/hook/ld_library_path_lib.dsv'
[11.841s] INFO:colcon.colcon_core.shell:Creating environment hook '/home/burcu/ros2_ws/install/live_analysis_interfaces/share/live_analysis_interfaces/hook/ld_library_path_lib.sh'
[11.842s] Level 1:colcon.colcon_core.environment:checking '/home/burcu/ros2_ws/install/live_analysis_interfaces/bin'
[11.842s] Level 1:colcon.colcon_core.environment:checking '/home/burcu/ros2_ws/install/live_analysis_interfaces/lib/pkgconfig/live_analysis_interfaces.pc'
[11.842s] Level 1:colcon.colcon_core.environment:checking '/home/burcu/ros2_ws/install/live_analysis_interfaces/lib/python3.12/site-packages'
[11.842s] Level 1:colcon.colcon_core.shell:create_environment_hook('live_analysis_interfaces', 'pythonpath')
[11.843s] INFO:colcon.colcon_core.shell:Creating environment hook '/home/burcu/ros2_ws/install/live_analysis_interfaces/share/live_analysis_interfaces/hook/pythonpath.ps1'
[11.844s] INFO:colcon.colcon_core.shell:Creating environment descriptor '/home/burcu/ros2_ws/install/live_analysis_interfaces/share/live_analysis_interfaces/hook/pythonpath.dsv'
[11.845s] INFO:colcon.colcon_core.shell:Creating environment hook '/home/burcu/ros2_ws/install/live_analysis_interfaces/share/live_analysis_interfaces/hook/pythonpath.sh'
[11.846s] Level 1:colcon.colcon_core.environment:checking '/home/burcu/ros2_ws/install/live_analysis_interfaces/bin'
[11.846s] INFO:colcon.colcon_core.shell:Creating package script '/home/burcu/ros2_ws/install/live_analysis_interfaces/share/live_analysis_interfaces/package.ps1'
[11.847s] INFO:colcon.colcon_core.shell:Creating package descriptor '/home/burcu/ros2_ws/install/live_analysis_interfaces/share/live_analysis_interfaces/package.dsv'
[11.847s] INFO:colcon.colcon_core.shell:Creating package script '/home/burcu/ros2_ws/install/live_analysis_interfaces/share/live_analysis_interfaces/package.sh'
[11.848s] INFO:colcon.colcon_core.shell:Creating package script '/home/burcu/ros2_ws/install/live_analysis_interfaces/share/live_analysis_interfaces/package.bash'
[11.849s] INFO:colcon.colcon_core.shell:Creating package script '/home/burcu/ros2_ws/install/live_analysis_interfaces/share/live_analysis_interfaces/package.zsh'
[11.849s] Level 1:colcon.colcon_core.environment:create_file_with_runtime_dependencies(/home/burcu/ros2_ws/install/live_analysis_interfaces/share/colcon-core/packages/live_analysis_interfaces)
[11.850s] INFO:colcon.colcon_ros.task.ament_python.build:Building ROS package in '/home/burcu/ros2_ws/src/live_analysis_ros2' with build type 'ament_python'
[11.850s] Level 1:colcon.colcon_core.shell:create_environment_hook('live_analysis_ros2', 'ament_prefix_path')
[11.851s] INFO:colcon.colcon_core.shell:Creating environment hook '/home/burcu/ros2_ws/install/live_analysis_ros2/share/live_analysis_ros2/hook/ament_prefix_path.ps1'
[11.852s] INFO:colcon.colcon_core.shell:Creating environment descriptor '/home/burcu/ros2_ws/install/live_analysis_ros2/share/live_analysis_ros2/hook/ament_prefix_path.dsv'
[11.853s] INFO:colcon.colcon_core.shell:Creating environment hook '/home/burcu/ros2_ws/install/live_analysis_ros2/share/live_analysis_ros2/hook/ament_prefix_path.sh'
[11.854s] INFO:colcon.colcon_core.shell:Skip shell extension 'powershell' for command environment: Not usable outside of PowerShell
[11.854s] DEBUG:colcon.colcon_core.shell:Skip shell extension 'dsv' for command environment
[12.262s] WARNING:colcon.colcon_ros.task.ament_python.build:Package 'live_analysis_ros2' doesn't explicitly install a marker in the package index (colcon-ros currently does it implicitly but that fallback will be removed in the future)
[12.263s] INFO:colcon.colcon_core.task.python.build:Building Python package in '/home/burcu/ros2_ws/src/live_analysis_ros2'
[12.263s] INFO:colcon.colcon_core.shell:Skip shell extension 'powershell' for command environment: Not usable outside of PowerShell
[12.263s] DEBUG:colcon.colcon_core.shell:Skip shell extension 'dsv' for command environment
[13.171s] DEBUG:colcon.colcon_core.event_handler.log_command:Invoking command in '/home/burcu/ros2_ws/src/live_analysis_ros2': AMENT_PREFIX_PATH=/home/burcu/ros2_ws/install/live_analysis_interfaces:${AMENT_PREFIX_PATH} CMAKE_PREFIX_PATH=/home/burcu/ros2_ws/install/live_analysis_interfaces:${CMAKE_PREFIX_PATH} LD_LIBRARY_PATH=/home/burcu/ros2_ws/install/live_analysis_interfaces/lib:${LD_LIBRARY_PATH} PYTHONPATH=/home/burcu/ros2_ws/build/live_analysis_ros2/prefix_override:/usr/lib/python3/dist-packages/colcon_core/task/python/colcon_distutils_commands:/home/burcu/ros2_ws/install/live_analysis_ros2/lib/python3.12/site-packages:/home/burcu/ros2_ws/install/live_analysis_interfaces/lib/python3.12/site-packages:${PYTHONPATH} /usr/bin/python3 -W ignore:setup.py install is deprecated -W ignore:easy_install command is deprecated setup.py egg_info --egg-base ../../build/live_analysis_ros2 build --build-base /home/burcu/ros2_ws/build/live_analysis_ros2/build install --record /home/burcu/ros2_ws/build/live_analysis_ros2/install.log --single-version-externally-managed install_data
[13.785s] Level 1:colcon.colcon_core.environment:checking '/home/burcu/ros2_ws/install/live_analysis_ros2' for CMake module files
[13.786s] Level 1:colcon.colcon_core.environment:checking '/home/burcu/ros2_ws/install/live_analysis_ros2' for CMake config files
[13.787s] DEBUG:colcon.colcon_core.event_handler.log_command:Invoked command in '/home/burcu/ros2_ws/src/live_analysis_ros2' returned '0': AMENT_PREFIX_PATH=/home/burcu/ros2_ws/install/live_analysis_interfaces:${AMENT_PREFIX_PATH} CMAKE_PREFIX_PATH=/home/burcu/ros2_ws/install/live_analysis_interfaces:${CMAKE_PREFIX_PATH} LD_LIBRARY_PATH=/home/burcu/ros2_ws/install/live_analysis_interfaces/lib:${LD_LIBRARY_PATH} PYTHONPATH=/home/burcu/ros2_ws/build/live_analysis_ros2/prefix_override:/usr/lib/python3/dist-packages/colcon_core/task/python/colcon_distutils_commands:/home/burcu/ros2_ws/install/live_analysis_ros2/lib/python3.12/site-packages:/home/burcu/ros2_ws/install/live_analysis_interfaces/lib/python3.12/site-packages:${PYTHONPATH} /usr/bin/python3 -W ignore:setup.py install is deprecated -W ignore:easy_install command is deprecated setup.py egg_info --egg-base ../../build/live_analysis_ros2 build --build-base /home/burcu/ros2_ws/build/live_analysis_ros2/build install --record /home/burcu/ros2_ws/build/live_analysis_ros2/install.log --single-version-externally-managed install_data
[13.787s] Level 1:colcon.colcon_core.environment:checking '/home/burcu/ros2_ws/install/live_analysis_ros2/lib'
[13.788s] Level 1:colcon.colcon_core.environment:checking '/home/burcu/ros2_ws/install/live_analysis_ros2/bin'
[13.788s] Level 1:colcon.colcon_core.environment:checking '/home/burcu/ros2_ws/install/live_analysis_ros2/lib/pkgconfig/live_analysis_ros2.pc'
[13.788s] Level 1:colcon.colcon_core.environment:checking '/home/burcu/ros2_ws/install/live_analysis_ros2/lib/python3.12/site-packages'
[13.788s] Level 1:colcon.colcon_core.shell:create_environment_hook('live_analysis_ros2', 'pythonpath')
[13.788s] INFO:colcon.colcon_core.shell:Creating environment hook '/home/burcu/ros2_ws/install/live_analysis_ros2/share/live_analysis_ros2/hook/pythonpath.ps1'
[13.789s] INFO:colcon.colcon_core.shell:Creating environment descriptor '/home/burcu/ros2_ws/install/live_analysis_ros2/share/live_analysis_ros2/hook/pythonpath.dsv'
[13.789s] INFO:colcon.colcon_core.shell:Creating environment hook '/home/burcu/ros2_ws/install/live_analysis_ros2/share/live_analysis_ros2/hook/pythonpath.sh'
[13.790s] Level 1:colcon.colcon_core.environment:checking '/home/burcu/ros2_ws/install/live_analysis_ros2/bin'
[13.790s] Level 1:colcon.colcon_core.environment:create_environment_scripts_only(live_analysis_ros2)
[13.790s] INFO:colcon.colcon_core.shell:Creating package script '/home/burcu/ros2_ws/install/live_analysis_ros2/share/live_analysis_ros2/package.ps1'
[13.791s] INFO:colcon.colcon_core.shell:Creating package descriptor '/home/burcu/ros2_ws/install/live_analysis_ros2/share/live_analysis_ros2/package.dsv'
[13.792s] INFO:colcon.colcon_core.shell:Creating package script '/home/burcu/ros2_ws/install/live_analysis_ros2/share/live_analysis_ros2/package.sh'
[13.792s] INFO:colcon.colcon_core.shell:Creating package script '/home/burcu/ros2_ws/install/live_analysis_ros2/share/live_analysis_ros2/package.bash'
[13.793s] INFO:colcon.colcon_core.shell:Creating package script '/home/burcu/ros2_ws/install/live_analysis_ros2/share/live_analysis_ros2/package.zsh'
[13.793s] Level 1:colcon.colcon_core.environment:create_file_with_runtime_dependencies(/home/burcu/ros2_ws/install/live_analysis_ros2/share/colcon-core/packages/live_analysis_ros2)
[15.339s] DEBUG:colcon.colcon_core.event_handler.log_command:Invoked command in '/home/burcu/ros2_ws/build/my_cpp_server_tools' returned '0': CMAKE_PREFIX_PATH=${CMAKE_PREFIX_PATH}:/opt/ros/jazzy /usr/bin/cmake --build /home/burcu/ros2_ws/build/my_cpp_server_tools -- -j22 -l22
[15.340s] DEBUG:colcon.colcon_core.event_handler.log_command:Invoking command in '/home/burcu/ros2_ws/build/my_cpp_server_tools': CMAKE_PREFIX_PATH=${CMAKE_PREFIX_PATH}:/opt/ros/jazzy /usr/bin/cmake --install /home/burcu/ros2_ws/build/my_cpp_server_tools
[15.359s] Level 1:colcon.colcon_core.environment:create_environment_scripts_only(my_cpp_server_tools)
[15.360s] Level 1:colcon.colcon_core.environment:checking '/home/burcu/ros2_ws/install/my_cpp_server_tools' for CMake module files
[15.360s] DEBUG:colcon.colcon_core.event_handler.log_command:Invoked command in '/home/burcu/ros2_ws/build/my_cpp_server_tools' returned '0': CMAKE_PREFIX_PATH=${CMAKE_PREFIX_PATH}:/opt/ros/jazzy /usr/bin/cmake --install /home/burcu/ros2_ws/build/my_cpp_server_tools
[15.361s] Level 1:colcon.colcon_core.environment:checking '/home/burcu/ros2_ws/install/my_cpp_server_tools' for CMake config files
[15.361s] Level 1:colcon.colcon_core.shell:create_environment_hook('my_cpp_server_tools', 'cmake_prefix_path')
[15.362s] INFO:colcon.colcon_core.shell:Creating environment hook '/home/burcu/ros2_ws/install/my_cpp_server_tools/share/my_cpp_server_tools/hook/cmake_prefix_path.ps1'
[15.363s] INFO:colcon.colcon_core.shell:Creating environment descriptor '/home/burcu/ros2_ws/install/my_cpp_server_tools/share/my_cpp_server_tools/hook/cmake_prefix_path.dsv'
[15.363s] INFO:colcon.colcon_core.shell:Creating environment hook '/home/burcu/ros2_ws/install/my_cpp_server_tools/share/my_cpp_server_tools/hook/cmake_prefix_path.sh'
[15.364s] Level 1:colcon.colcon_core.environment:checking '/home/burcu/ros2_ws/install/my_cpp_server_tools/lib'
[15.364s] Level 1:colcon.colcon_core.environment:checking '/home/burcu/ros2_ws/install/my_cpp_server_tools/bin'
[15.364s] Level 1:colcon.colcon_core.environment:checking '/home/burcu/ros2_ws/install/my_cpp_server_tools/lib/pkgconfig/my_cpp_server_tools.pc'
[15.365s] Level 1:colcon.colcon_core.environment:checking '/home/burcu/ros2_ws/install/my_cpp_server_tools/lib/python3.12/site-packages'
[15.365s] Level 1:colcon.colcon_core.environment:checking '/home/burcu/ros2_ws/install/my_cpp_server_tools/bin'
[15.365s] INFO:colcon.colcon_core.shell:Creating package script '/home/burcu/ros2_ws/install/my_cpp_server_tools/share/my_cpp_server_tools/package.ps1'
[15.366s] INFO:colcon.colcon_core.shell:Creating package descriptor '/home/burcu/ros2_ws/install/my_cpp_server_tools/share/my_cpp_server_tools/package.dsv'
[15.366s] INFO:colcon.colcon_core.shell:Creating package script '/home/burcu/ros2_ws/install/my_cpp_server_tools/share/my_cpp_server_tools/package.sh'
[15.366s] INFO:colcon.colcon_core.shell:Creating package script '/home/burcu/ros2_ws/install/my_cpp_server_tools/share/my_cpp_server_tools/package.bash'
[15.367s] INFO:colcon.colcon_core.shell:Creating package script '/home/burcu/ros2_ws/install/my_cpp_server_tools/share/my_cpp_server_tools/package.zsh'
[15.367s] Level 1:colcon.colcon_core.environment:create_file_with_runtime_dependencies(/home/burcu/ros2_ws/install/my_cpp_server_tools/share/colcon-core/packages/my_cpp_server_tools)
[15.368s] Level 1:colcon.colcon_core.environment:create_environment_scripts_only(my_cpp_server_tools)
[15.368s] Level 1:colcon.colcon_core.environment:checking '/home/burcu/ros2_ws/install/my_cpp_server_tools' for CMake module files
[15.368s] Level 1:colcon.colcon_core.environment:checking '/home/burcu/ros2_ws/install/my_cpp_server_tools' for CMake config files
[15.369s] Level 1:colcon.colcon_core.shell:create_environment_hook('my_cpp_server_tools', 'cmake_prefix_path')
[15.369s] INFO:colcon.colcon_core.shell:Creating environment hook '/home/burcu/ros2_ws/install/my_cpp_server_tools/share/my_cpp_server_tools/hook/cmake_prefix_path.ps1'
[15.369s] INFO:colcon.colcon_core.shell:Creating environment descriptor '/home/burcu/ros2_ws/install/my_cpp_server_tools/share/my_cpp_server_tools/hook/cmake_prefix_path.dsv'
[15.370s] INFO:colcon.colcon_core.shell:Creating environment hook '/home/burcu/ros2_ws/install/my_cpp_server_tools/share/my_cpp_server_tools/hook/cmake_prefix_path.sh'
[15.370s] Level 1:colcon.colcon_core.environment:checking '/home/burcu/ros2_ws/install/my_cpp_server_tools/lib'
[15.370s] Level 1:colcon.colcon_core.environment:checking '/home/burcu/ros2_ws/install/my_cpp_server_tools/bin'
[15.370s] Level 1:colcon.colcon_core.environment:checking '/home/burcu/ros2_ws/install/my_cpp_server_tools/lib/pkgconfig/my_cpp_server_tools.pc'
[15.370s] Level 1:colcon.colcon_core.environment:checking '/home/burcu/ros2_ws/install/my_cpp_server_tools/lib/python3.12/site-packages'
[15.371s] Level 1:colcon.colcon_core.environment:checking '/home/burcu/ros2_ws/install/my_cpp_server_tools/bin'
[15.371s] INFO:colcon.colcon_core.shell:Creating package script '/home/burcu/ros2_ws/install/my_cpp_server_tools/share/my_cpp_server_tools/package.ps1'
[15.371s] INFO:colcon.colcon_core.shell:Creating package descriptor '/home/burcu/ros2_ws/install/my_cpp_server_tools/share/my_cpp_server_tools/package.dsv'
[15.372s] INFO:colcon.colcon_core.shell:Creating package script '/home/burcu/ros2_ws/install/my_cpp_server_tools/share/my_cpp_server_tools/package.sh'
[15.372s] INFO:colcon.colcon_core.shell:Creating package script '/home/burcu/ros2_ws/install/my_cpp_server_tools/share/my_cpp_server_tools/package.bash'
[15.373s] INFO:colcon.colcon_core.shell:Creating package script '/home/burcu/ros2_ws/install/my_cpp_server_tools/share/my_cpp_server_tools/package.zsh'
[15.373s] Level 1:colcon.colcon_core.environment:create_file_with_runtime_dependencies(/home/burcu/ros2_ws/install/my_cpp_server_tools/share/colcon-core/packages/my_cpp_server_tools)
[15.374s] DEBUG:colcon.colcon_parallel_executor.executor.parallel:closing loop
[15.374s] DEBUG:colcon.colcon_parallel_executor.executor.parallel:loop closed
[15.375s] DEBUG:colcon.colcon_parallel_executor.executor.parallel:run_until_complete finished with '0'
[15.375s] DEBUG:colcon.colcon_core.event_reactor:joining thread
[15.412s] INFO:colcon.colcon_core.plugin_system:Skipping extension 'colcon_notification.desktop_notification.notify_send': Could not find 'notify-send'
[15.413s] INFO:colcon.colcon_core.plugin_system:Skipping extension 'colcon_notification.desktop_notification.terminal_notifier': Not used on non-Darwin systems
[15.413s] INFO:colcon.colcon_core.plugin_system:Skipping extension 'colcon_notification.desktop_notification.win32': Not used on non-Windows systems
[15.413s] INFO:colcon.colcon_notification.desktop_notification:Sending desktop notification using 'notify2'
[15.414s] DEBUG:colcon.colcon_notification.desktop_notification.notify2:Failed to initialize notify2: org.freedesktop.DBus.Error.ServiceUnknown: The name org.freedesktop.Notifications was not provided by any .service files
[15.414s] DEBUG:colcon.colcon_core.event_reactor:joined thread
[15.414s] INFO:colcon.colcon_core.shell:Creating prefix script '/home/burcu/ros2_ws/install/local_setup.ps1'
[15.415s] INFO:colcon.colcon_core.shell:Creating prefix util module '/home/burcu/ros2_ws/install/_local_setup_util_ps1.py'
[15.416s] INFO:colcon.colcon_core.shell:Creating prefix chain script '/home/burcu/ros2_ws/install/setup.ps1'
[15.417s] INFO:colcon.colcon_core.shell:Creating prefix script '/home/burcu/ros2_ws/install/local_setup.sh'
[15.418s] INFO:colcon.colcon_core.shell:Creating prefix util module '/home/burcu/ros2_ws/install/_local_setup_util_sh.py'
[15.418s] INFO:colcon.colcon_core.shell:Creating prefix chain script '/home/burcu/ros2_ws/install/setup.sh'
[15.419s] INFO:colcon.colcon_core.shell:Creating prefix script '/home/burcu/ros2_ws/install/local_setup.bash'
[15.419s] INFO:colcon.colcon_core.shell:Creating prefix chain script '/home/burcu/ros2_ws/install/setup.bash'
[15.420s] INFO:colcon.colcon_core.shell:Creating prefix script '/home/burcu/ros2_ws/install/local_setup.zsh'
[15.420s] INFO:colcon.colcon_core.shell:Creating prefix chain script '/home/burcu/ros2_ws/install/setup.zsh'
