[0.866s] Invoking command in '/home/paranavision/ros2_ws/QPath_ROS2_ws/build/camera_control': PYTHONPATH=/home/paranavision/ros2_ws/QPath_ROS2_ws/build/camera_control/prefix_override:/usr/lib/python3/dist-packages/colcon_core/task/python/colcon_distutils_commands:/home/paranavision/ros2_ws/QPath_ROS2_ws/install/camera_control/lib/python3.8/site-packages:${PYTHONPATH} /usr/bin/python3 -W ignore:setup.py install is deprecated -W ignore:easy_install command is deprecated setup.py develop --editable --build-directory /home/paranavision/ros2_ws/QPath_ROS2_ws/build/camera_control/build --no-deps symlink_data
[1.012s] /home/paranavision/.local/lib/python3.8/site-packages/setuptools/_distutils/dist.py:261: UserWarning: Unknown distribution option: 'tests_require'
[1.012s]   warnings.warn(msg)
[1.214s] running develop
[1.469s] running egg_info
[1.492s] writing camera_control.egg-info/PKG-INFO
[1.493s] writing dependency_links to camera_control.egg-info/dependency_links.txt
[1.493s] writing entry points to camera_control.egg-info/entry_points.txt
[1.493s] writing requirements to camera_control.egg-info/requires.txt
[1.493s] writing top-level names to camera_control.egg-info/top_level.txt
[1.534s] reading manifest file 'camera_control.egg-info/SOURCES.txt'
[1.535s] writing manifest file 'camera_control.egg-info/SOURCES.txt'
[1.589s] running build_ext
[1.589s] Creating /home/paranavision/ros2_ws/QPath_ROS2_ws/install/camera_control/lib/python3.8/site-packages/camera-control.egg-link (link to .)
[1.597s] Installing ip_capture_node script to /home/paranavision/ros2_ws/QPath_ROS2_ws/install/camera_control/lib/camera_control
[1.597s] Installing ptz_node script to /home/paranavision/ros2_ws/QPath_ROS2_ws/install/camera_control/lib/camera_control
[1.597s] 
[1.598s] Installed /home/paranavision/ros2_ws/QPath_ROS2_ws/build/camera_control
[1.598s] running symlink_data
[1.633s] Invoked command in '/home/paranavision/ros2_ws/QPath_ROS2_ws/build/camera_control' returned '0': PYTHONPATH=/home/paranavision/ros2_ws/QPath_ROS2_ws/build/camera_control/prefix_override:/usr/lib/python3/dist-packages/colcon_core/task/python/colcon_distutils_commands:/home/paranavision/ros2_ws/QPath_ROS2_ws/install/camera_control/lib/python3.8/site-packages:${PYTHONPATH} /usr/bin/python3 -W ignore:setup.py install is deprecated -W ignore:easy_install command is deprecated setup.py develop --editable --build-directory /home/paranavision/ros2_ws/QPath_ROS2_ws/build/camera_control/build --no-deps symlink_data
