[0.932s] Invoking command in '/home/paranavision/ros2_ws/QPath_ROS2_ws/build/camera_control': PYTHONPATH=/home/paranavision/ros2_ws/QPath_ROS2_ws/build/camera_control/prefix_override:/usr/lib/python3/dist-packages/colcon_core/task/python/colcon_distutils_commands:/home/paranavision/ros2_ws/QPath_ROS2_ws/install/camera_control/lib/python3.8/site-packages:${PYTHONPATH} /usr/bin/python3 -W ignore:setup.py install is deprecated -W ignore:easy_install command is deprecated setup.py develop --editable --build-directory /home/paranavision/ros2_ws/QPath_ROS2_ws/build/camera_control/build --no-deps symlink_data
[1.078s] /home/paranavision/.local/lib/python3.8/site-packages/setuptools/_distutils/dist.py:261: UserWarning: Unknown distribution option: 'tests_require'
[1.078s]   warnings.warn(msg)
[1.278s] running develop
[1.535s] running egg_info
[1.554s] creating camera_control.egg-info
[1.559s] writing camera_control.egg-info/PKG-INFO
[1.559s] writing dependency_links to camera_control.egg-info/dependency_links.txt
[1.560s] writing entry points to camera_control.egg-info/entry_points.txt
[1.560s] writing requirements to camera_control.egg-info/requires.txt
[1.560s] writing top-level names to camera_control.egg-info/top_level.txt
[1.560s] writing manifest file 'camera_control.egg-info/SOURCES.txt'
[1.600s] reading manifest file 'camera_control.egg-info/SOURCES.txt'
[1.601s] writing manifest file 'camera_control.egg-info/SOURCES.txt'
[1.657s] running build_ext
[1.657s] Creating /home/paranavision/ros2_ws/QPath_ROS2_ws/install/camera_control/lib/python3.8/site-packages/camera-control.egg-link (link to .)
[1.665s] Installing ip_capture_node script to /home/paranavision/ros2_ws/QPath_ROS2_ws/install/camera_control/lib/camera_control
[1.666s] Installing ptz_node script to /home/paranavision/ros2_ws/QPath_ROS2_ws/install/camera_control/lib/camera_control
[1.666s] 
[1.666s] Installed /home/paranavision/ros2_ws/QPath_ROS2_ws/build/camera_control
[1.666s] running symlink_data
[1.666s] symbolically linking /home/paranavision/ros2_ws/QPath_ROS2_ws/build/camera_control/package.xml -> /home/paranavision/ros2_ws/QPath_ROS2_ws/install/camera_control/share/camera_control
[1.666s] creating /home/paranavision/ros2_ws/QPath_ROS2_ws/install/camera_control/share/camera_control/launch
[1.667s] error: can't copy '/home/paranavision/ros2_ws/QPath_ROS2_ws/build/camera_control/launch/camera_control.launch.py': doesn't exist or not a regular file
[1.699s] Invoked command in '/home/paranavision/ros2_ws/QPath_ROS2_ws/build/camera_control' returned '1': PYTHONPATH=/home/paranavision/ros2_ws/QPath_ROS2_ws/build/camera_control/prefix_override:/usr/lib/python3/dist-packages/colcon_core/task/python/colcon_distutils_commands:/home/paranavision/ros2_ws/QPath_ROS2_ws/install/camera_control/lib/python3.8/site-packages:${PYTHONPATH} /usr/bin/python3 -W ignore:setup.py install is deprecated -W ignore:easy_install command is deprecated setup.py develop --editable --build-directory /home/paranavision/ros2_ws/QPath_ROS2_ws/build/camera_control/build --no-deps symlink_data
