[0.012s] Invoking command in '/home/burcu/ros2_ws/build/live_analysis_interfaces': CMAKE_PREFIX_PATH=${CMAKE_PREFIX_PATH}:/opt/ros/jazzy /usr/bin/cmake /home/burcu/ros2_ws/src/liver_analysis_interfaces -DCMAKE_INSTALL_PREFIX=/home/burcu/ros2_ws/install/live_analysis_interfaces
[0.129s] -- The C compiler identification is GNU 13.3.0
[0.525s] -- The CXX compiler identification is GNU 13.3.0
[0.846s] -- Detecting C compiler ABI info
[1.010s] -- Detecting C compiler ABI info - done
[1.018s] -- Check for working C compiler: /usr/bin/cc - skipped
[1.018s] -- Detecting C compile features
[1.019s] -- Detecting C compile features - done
[1.088s] -- Detecting CXX compiler ABI info
[1.285s] -- Detecting CXX compiler ABI info - done
[1.293s] -- Check for working CXX compiler: /usr/bin/c++ - skipped
[1.293s] -- Detecting CXX compile features
[1.294s] -- Detecting CXX compile features - done
[1.296s] -- Found ament_cmake: 2.5.4 (/opt/ros/jazzy/share/ament_cmake/cmake)
[1.423s] -- Found Python3: /usr/bin/python3 (found version "3.12.3") found components: Interpreter 
[1.511s] -- Found rosidl_default_generators: 1.6.0 (/opt/ros/jazzy/share/rosidl_default_generators/cmake)
[1.516s] -- Using all available rosidl_typesupport_c: rosidl_typesupport_fastrtps_c;rosidl_typesupport_introspection_c
[1.648s] -- Using all available rosidl_typesupport_cpp: rosidl_typesupport_fastrtps_cpp;rosidl_typesupport_introspection_cpp
[1.686s] -- Found rosidl_adapter: 4.6.5 (/opt/ros/jazzy/share/rosidl_adapter/cmake)
[1.691s] -- Found std_msgs: 5.3.6 (/opt/ros/jazzy/share/std_msgs/cmake)
[1.723s] -- Found sensor_msgs: 5.3.6 (/opt/ros/jazzy/share/sensor_msgs/cmake)
[2.570s] -- Found ament_cmake_ros: 0.12.0 (/opt/ros/jazzy/share/ament_cmake_ros/cmake)
[3.433s] -- Using all available rosidl_typesupport_c: rosidl_typesupport_fastrtps_c;rosidl_typesupport_introspection_c
[4.670s] -- Using all available rosidl_typesupport_cpp: rosidl_typesupport_fastrtps_cpp;rosidl_typesupport_introspection_cpp
[4.676s] -- Found python_cmake_module: 0.11.1 (/opt/ros/jazzy/share/python_cmake_module/cmake)
[4.926s] -- Found PythonExtra: /usr/bin/python3  
[5.672s] -- Found Python3: /usr/bin/python3 (found version "3.12.3") found components: Interpreter Development NumPy Development.Module Development.Embed 
[5.786s] -- Configuring done (5.8s)
[5.867s] -- Generating done (0.1s)
[5.884s] -- Build files have been written to: /home/burcu/ros2_ws/build/live_analysis_interfaces
[5.899s] Invoked command in '/home/burcu/ros2_ws/build/live_analysis_interfaces' returned '0': CMAKE_PREFIX_PATH=${CMAKE_PREFIX_PATH}:/opt/ros/jazzy /usr/bin/cmake /home/burcu/ros2_ws/src/liver_analysis_interfaces -DCMAKE_INSTALL_PREFIX=/home/burcu/ros2_ws/install/live_analysis_interfaces
[5.900s] Invoking command in '/home/burcu/ros2_ws/build/live_analysis_interfaces': CMAKE_PREFIX_PATH=${CMAKE_PREFIX_PATH}:/opt/ros/jazzy /usr/bin/cmake --build /home/burcu/ros2_ws/build/live_analysis_interfaces -- -j22 -l22
[5.971s] [  2%] [34m[1mGenerating type hashes for ROS interfaces[0m
[5.982s] [  2%] Built target ament_cmake_python_copy_live_analysis_interfaces
[6.301s] running egg_info
[6.302s] creating live_analysis_interfaces.egg-info
[6.326s] writing live_analysis_interfaces.egg-info/PKG-INFO
[6.327s] writing dependency_links to live_analysis_interfaces.egg-info/dependency_links.txt
[6.327s] writing top-level names to live_analysis_interfaces.egg-info/top_level.txt
[6.327s] writing manifest file 'live_analysis_interfaces.egg-info/SOURCES.txt'
[6.352s] [  2%] Built target live_analysis_interfaces__rosidl_generator_type_description
[6.366s] [  4%] [34m[1mGenerating C code for ROS interfaces[0m
[6.380s] [  6%] [34m[1mGenerating C++ code for ROS interfaces[0m
[6.405s] reading manifest file 'live_analysis_interfaces.egg-info/SOURCES.txt'
[6.406s] writing manifest file 'live_analysis_interfaces.egg-info/SOURCES.txt'
[6.443s] [  6%] Built target ament_cmake_python_build_live_analysis_interfaces_egg
[6.839s] [  6%] Built target live_analysis_interfaces__cpp
[6.876s] [  9%] [32mBuilding C object CMakeFiles/live_analysis_interfaces__rosidl_generator_c.dir/rosidl_generator_c/live_analysis_interfaces/msg/detail/test_model_msg__type_support.c.o[0m
[6.877s] [ 11%] [32mBuilding C object CMakeFiles/live_analysis_interfaces__rosidl_generator_c.dir/rosidl_generator_c/live_analysis_interfaces/msg/detail/test_result_msg__description.c.o[0m
[6.877s] [ 13%] [32mBuilding C object CMakeFiles/live_analysis_interfaces__rosidl_generator_c.dir/rosidl_generator_c/live_analysis_interfaces/msg/detail/test_model_msg__description.c.o[0m
[6.878s] [ 15%] [32mBuilding C object CMakeFiles/live_analysis_interfaces__rosidl_generator_c.dir/rosidl_generator_c/live_analysis_interfaces/msg/detail/test_model_msg__functions.c.o[0m
[6.879s] [ 18%] [32mBuilding C object CMakeFiles/live_analysis_interfaces__rosidl_generator_c.dir/rosidl_generator_c/live_analysis_interfaces/msg/detail/test_result_msg__functions.c.o[0m
[6.881s] [ 20%] [32mBuilding C object CMakeFiles/live_analysis_interfaces__rosidl_generator_c.dir/rosidl_generator_c/live_analysis_interfaces/msg/detail/test_result_msg__type_support.c.o[0m
[6.989s] [ 22%] [32m[1mLinking C shared library liblive_analysis_interfaces__rosidl_generator_c.so[0m
[7.153s] [ 22%] Built target live_analysis_interfaces__rosidl_generator_c
[7.174s] [ 27%] [34m[1mGenerating C++ type support dispatch for ROS interfaces[0m
[7.174s] [ 27%] [34m[1mGenerating C introspection for ROS interfaces[0m
[7.175s] [ 29%] [34m[1mGenerating C type support dispatch for ROS interfaces[0m
[7.176s] [ 31%] [34m[1mGenerating C++ introspection for ROS interfaces[0m
[7.177s] [ 34%] [34m[1mGenerating C type support for eProsima Fast-RTPS[0m
[7.177s] [ 36%] [34m[1mGenerating C++ type support for eProsima Fast-RTPS[0m
[7.760s] [ 38%] [32mBuilding CXX object CMakeFiles/live_analysis_interfaces__rosidl_typesupport_cpp.dir/rosidl_typesupport_cpp/live_analysis_interfaces/msg/test_model_msg__type_support.cpp.o[0m
[7.775s] [ 40%] [32mBuilding CXX object CMakeFiles/live_analysis_interfaces__rosidl_typesupport_cpp.dir/rosidl_typesupport_cpp/live_analysis_interfaces/msg/test_result_msg__type_support.cpp.o[0m
[7.797s] [ 43%] [32mBuilding CXX object CMakeFiles/live_analysis_interfaces__rosidl_typesupport_c.dir/rosidl_typesupport_c/live_analysis_interfaces/msg/test_result_msg__type_support.cpp.o[0m
[7.810s] [ 45%] [32mBuilding CXX object CMakeFiles/live_analysis_interfaces__rosidl_typesupport_c.dir/rosidl_typesupport_c/live_analysis_interfaces/msg/test_model_msg__type_support.cpp.o[0m
[7.875s] [ 47%] [32mBuilding CXX object CMakeFiles/live_analysis_interfaces__rosidl_typesupport_introspection_cpp.dir/rosidl_typesupport_introspection_cpp/live_analysis_interfaces/msg/detail/test_result_msg__type_support.cpp.o[0m
[7.885s] [ 50%] [32mBuilding C object CMakeFiles/live_analysis_interfaces__rosidl_typesupport_introspection_c.dir/rosidl_typesupport_introspection_c/live_analysis_interfaces/msg/detail/test_model_msg__type_support.c.o[0m
[7.885s] [ 52%] [32mBuilding C object CMakeFiles/live_analysis_interfaces__rosidl_typesupport_introspection_c.dir/rosidl_typesupport_introspection_c/live_analysis_interfaces/msg/detail/test_result_msg__type_support.c.o[0m
[7.888s] [ 54%] [32mBuilding CXX object CMakeFiles/live_analysis_interfaces__rosidl_typesupport_introspection_cpp.dir/rosidl_typesupport_introspection_cpp/live_analysis_interfaces/msg/detail/test_model_msg__type_support.cpp.o[0m
[7.909s] [ 56%] [32mBuilding CXX object CMakeFiles/live_analysis_interfaces__rosidl_typesupport_fastrtps_cpp.dir/rosidl_typesupport_fastrtps_cpp/live_analysis_interfaces/msg/detail/dds_fastrtps/test_result_msg__type_support.cpp.o[0m
[7.909s] [ 59%] [32m[1mLinking CXX shared library liblive_analysis_interfaces__rosidl_typesupport_c.so[0m
[7.909s] [ 61%] [32mBuilding CXX object CMakeFiles/live_analysis_interfaces__rosidl_typesupport_fastrtps_cpp.dir/rosidl_typesupport_fastrtps_cpp/live_analysis_interfaces/msg/detail/dds_fastrtps/test_model_msg__type_support.cpp.o[0m
[8.059s] [ 63%] [32mBuilding CXX object CMakeFiles/live_analysis_interfaces__rosidl_typesupport_fastrtps_c.dir/rosidl_typesupport_fastrtps_c/live_analysis_interfaces/msg/detail/test_model_msg__type_support_c.cpp.o[0m
[8.063s] [ 65%] [32m[1mLinking C shared library liblive_analysis_interfaces__rosidl_typesupport_introspection_c.so[0m
[8.072s] [ 68%] [32mBuilding CXX object CMakeFiles/live_analysis_interfaces__rosidl_typesupport_fastrtps_c.dir/rosidl_typesupport_fastrtps_c/live_analysis_interfaces/msg/detail/test_result_msg__type_support_c.cpp.o[0m
[8.356s] [ 68%] Built target live_analysis_interfaces__rosidl_typesupport_c
[8.416s] [ 68%] Built target live_analysis_interfaces__rosidl_typesupport_introspection_c
[8.846s] [ 70%] [32m[1mLinking CXX shared library liblive_analysis_interfaces__rosidl_typesupport_cpp.so[0m
[9.151s] [ 70%] Built target live_analysis_interfaces__rosidl_typesupport_cpp
[9.316s] [ 72%] [32m[1mLinking CXX shared library liblive_analysis_interfaces__rosidl_typesupport_introspection_cpp.so[0m
[9.549s] [ 75%] [32m[1mLinking CXX shared library liblive_analysis_interfaces__rosidl_typesupport_fastrtps_c.so[0m
[9.614s] [ 75%] Built target live_analysis_interfaces__rosidl_typesupport_introspection_cpp
[9.681s] [ 77%] [32m[1mLinking CXX shared library liblive_analysis_interfaces__rosidl_typesupport_fastrtps_cpp.so[0m
[9.827s] [ 77%] Built target live_analysis_interfaces__rosidl_typesupport_fastrtps_c
[9.913s] [ 77%] Built target live_analysis_interfaces__rosidl_typesupport_fastrtps_cpp
[9.949s] [ 77%] Built target live_analysis_interfaces
[9.987s] [ 79%] [34m[1mGenerating Python code for ROS interfaces[0m
[10.590s] [ 79%] Built target live_analysis_interfaces__py
[10.620s] [ 84%] [32mBuilding C object CMakeFiles/live_analysis_interfaces__rosidl_generator_py.dir/rosidl_generator_py/live_analysis_interfaces/msg/_test_result_msg_s.c.o[0m
[10.620s] [ 84%] [32mBuilding C object CMakeFiles/live_analysis_interfaces__rosidl_generator_py.dir/rosidl_generator_py/live_analysis_interfaces/msg/_test_model_msg_s.c.o[0m
[10.920s] [ 86%] [32m[1mLinking C shared library liblive_analysis_interfaces__rosidl_generator_py.so[0m
[11.085s] [ 86%] Built target live_analysis_interfaces__rosidl_generator_py
[11.115s] [ 88%] [32mBuilding C object CMakeFiles/live_analysis_interfaces_s__rosidl_typesupport_fastrtps_c.dir/rosidl_generator_py/live_analysis_interfaces/_live_analysis_interfaces_s.ep.rosidl_typesupport_fastrtps_c.c.o[0m
[11.115s] [ 93%] [32mBuilding C object CMakeFiles/live_analysis_interfaces_s__rosidl_typesupport_introspection_c.dir/rosidl_generator_py/live_analysis_interfaces/_live_analysis_interfaces_s.ep.rosidl_typesupport_introspection_c.c.o[0m
[11.115s] [ 93%] [32mBuilding C object CMakeFiles/live_analysis_interfaces_s__rosidl_typesupport_c.dir/rosidl_generator_py/live_analysis_interfaces/_live_analysis_interfaces_s.ep.rosidl_typesupport_c.c.o[0m
[11.265s] [ 95%] [32m[1mLinking C shared module rosidl_generator_py/live_analysis_interfaces/live_analysis_interfaces_s__rosidl_typesupport_c.so[0m
[11.270s] [100%] [32m[1mLinking C shared module rosidl_generator_py/live_analysis_interfaces/live_analysis_interfaces_s__rosidl_typesupport_introspection_c.so[0m
[11.270s] [100%] [32m[1mLinking C shared module rosidl_generator_py/live_analysis_interfaces/live_analysis_interfaces_s__rosidl_typesupport_fastrtps_c.so[0m
[11.370s] [100%] Built target live_analysis_interfaces_s__rosidl_typesupport_introspection_c
[11.372s] [100%] Built target live_analysis_interfaces_s__rosidl_typesupport_fastrtps_c
[11.391s] [100%] Built target live_analysis_interfaces_s__rosidl_typesupport_c
[11.410s] Invoked command in '/home/burcu/ros2_ws/build/live_analysis_interfaces' returned '0': CMAKE_PREFIX_PATH=${CMAKE_PREFIX_PATH}:/opt/ros/jazzy /usr/bin/cmake --build /home/burcu/ros2_ws/build/live_analysis_interfaces -- -j22 -l22
[11.425s] Invoking command in '/home/burcu/ros2_ws/build/live_analysis_interfaces': CMAKE_PREFIX_PATH=${CMAKE_PREFIX_PATH}:/opt/ros/jazzy /usr/bin/cmake --install /home/burcu/ros2_ws/build/live_analysis_interfaces
[11.437s] -- Install configuration: ""
[11.438s] -- Installing: /home/burcu/ros2_ws/install/live_analysis_interfaces/share/ament_index/resource_index/rosidl_interfaces/live_analysis_interfaces
[11.438s] -- Installing: /home/burcu/ros2_ws/install/live_analysis_interfaces/share/live_analysis_interfaces/msg/TestModelMsg.json
[11.439s] -- Installing: /home/burcu/ros2_ws/install/live_analysis_interfaces/share/live_analysis_interfaces/msg/TestResultMsg.json
[11.439s] -- Installing: /home/burcu/ros2_ws/install/live_analysis_interfaces/include/live_analysis_interfaces/live_analysis_interfaces
[11.440s] -- Installing: /home/burcu/ros2_ws/install/live_analysis_interfaces/include/live_analysis_interfaces/live_analysis_interfaces/msg
[11.440s] -- Installing: /home/burcu/ros2_ws/install/live_analysis_interfaces/include/live_analysis_interfaces/live_analysis_interfaces/msg/rosidl_generator_c__visibility_control.h
[11.441s] -- Installing: /home/burcu/ros2_ws/install/live_analysis_interfaces/include/live_analysis_interfaces/live_analysis_interfaces/msg/test_result_msg.h
[11.441s] -- Installing: /home/burcu/ros2_ws/install/live_analysis_interfaces/include/live_analysis_interfaces/live_analysis_interfaces/msg/test_model_msg.h
[11.441s] -- Installing: /home/burcu/ros2_ws/install/live_analysis_interfaces/include/live_analysis_interfaces/live_analysis_interfaces/msg/detail
[11.441s] -- Installing: /home/burcu/ros2_ws/install/live_analysis_interfaces/include/live_analysis_interfaces/live_analysis_interfaces/msg/detail/test_model_msg__description.c
[11.442s] -- Installing: /home/burcu/ros2_ws/install/live_analysis_interfaces/include/live_analysis_interfaces/live_analysis_interfaces/msg/detail/test_model_msg__functions.c
[11.442s] -- Installing: /home/burcu/ros2_ws/install/live_analysis_interfaces/include/live_analysis_interfaces/live_analysis_interfaces/msg/detail/test_result_msg__struct.h
[11.442s] -- Installing: /home/burcu/ros2_ws/install/live_analysis_interfaces/include/live_analysis_interfaces/live_analysis_interfaces/msg/detail/test_result_msg__description.c
[11.442s] -- Installing: /home/burcu/ros2_ws/install/live_analysis_interfaces/include/live_analysis_interfaces/live_analysis_interfaces/msg/detail/test_result_msg__type_support.c
[11.443s] -- Installing: /home/burcu/ros2_ws/install/live_analysis_interfaces/include/live_analysis_interfaces/live_analysis_interfaces/msg/detail/test_result_msg__type_support.h
[11.443s] -- Installing: /home/burcu/ros2_ws/install/live_analysis_interfaces/include/live_analysis_interfaces/live_analysis_interfaces/msg/detail/test_model_msg__type_support.h
[11.443s] -- Installing: /home/burcu/ros2_ws/install/live_analysis_interfaces/include/live_analysis_interfaces/live_analysis_interfaces/msg/detail/test_model_msg__functions.h
[11.443s] -- Installing: /home/burcu/ros2_ws/install/live_analysis_interfaces/include/live_analysis_interfaces/live_analysis_interfaces/msg/detail/test_model_msg__type_support.c
[11.443s] -- Installing: /home/burcu/ros2_ws/install/live_analysis_interfaces/include/live_analysis_interfaces/live_analysis_interfaces/msg/detail/test_result_msg__functions.c
[11.443s] -- Installing: /home/burcu/ros2_ws/install/live_analysis_interfaces/include/live_analysis_interfaces/live_analysis_interfaces/msg/detail/test_result_msg__functions.h
[11.444s] -- Installing: /home/burcu/ros2_ws/install/live_analysis_interfaces/include/live_analysis_interfaces/live_analysis_interfaces/msg/detail/test_model_msg__struct.h
[11.444s] -- Installing: /home/burcu/ros2_ws/install/live_analysis_interfaces/share/live_analysis_interfaces/environment/library_path.sh
[11.444s] -- Installing: /home/burcu/ros2_ws/install/live_analysis_interfaces/share/live_analysis_interfaces/environment/library_path.dsv
[11.445s] -- Installing: /home/burcu/ros2_ws/install/live_analysis_interfaces/lib/liblive_analysis_interfaces__rosidl_generator_c.so
[11.445s] -- Set non-toolchain portion of runtime path of "/home/burcu/ros2_ws/install/live_analysis_interfaces/lib/liblive_analysis_interfaces__rosidl_generator_c.so" to ""
[11.445s] -- Up-to-date: /home/burcu/ros2_ws/install/live_analysis_interfaces/include/live_analysis_interfaces/live_analysis_interfaces
[11.445s] -- Up-to-date: /home/burcu/ros2_ws/install/live_analysis_interfaces/include/live_analysis_interfaces/live_analysis_interfaces/msg
[11.445s] -- Installing: /home/burcu/ros2_ws/install/live_analysis_interfaces/include/live_analysis_interfaces/live_analysis_interfaces/msg/rosidl_typesupport_fastrtps_c__visibility_control.h
[11.446s] -- Up-to-date: /home/burcu/ros2_ws/install/live_analysis_interfaces/include/live_analysis_interfaces/live_analysis_interfaces/msg/detail
[11.446s] -- Installing: /home/burcu/ros2_ws/install/live_analysis_interfaces/include/live_analysis_interfaces/live_analysis_interfaces/msg/detail/test_model_msg__rosidl_typesupport_fastrtps_c.h
[11.446s] -- Installing: /home/burcu/ros2_ws/install/live_analysis_interfaces/include/live_analysis_interfaces/live_analysis_interfaces/msg/detail/test_result_msg__rosidl_typesupport_fastrtps_c.h
[11.446s] -- Installing: /home/burcu/ros2_ws/install/live_analysis_interfaces/lib/liblive_analysis_interfaces__rosidl_typesupport_fastrtps_c.so
[11.447s] -- Set non-toolchain portion of runtime path of "/home/burcu/ros2_ws/install/live_analysis_interfaces/lib/liblive_analysis_interfaces__rosidl_typesupport_fastrtps_c.so" to ""
[11.447s] -- Up-to-date: /home/burcu/ros2_ws/install/live_analysis_interfaces/include/live_analysis_interfaces/live_analysis_interfaces
[11.448s] -- Up-to-date: /home/burcu/ros2_ws/install/live_analysis_interfaces/include/live_analysis_interfaces/live_analysis_interfaces/msg
[11.448s] -- Installing: /home/burcu/ros2_ws/install/live_analysis_interfaces/include/live_analysis_interfaces/live_analysis_interfaces/msg/rosidl_typesupport_introspection_c__visibility_control.h
[11.448s] -- Up-to-date: /home/burcu/ros2_ws/install/live_analysis_interfaces/include/live_analysis_interfaces/live_analysis_interfaces/msg/detail
[11.448s] -- Installing: /home/burcu/ros2_ws/install/live_analysis_interfaces/include/live_analysis_interfaces/live_analysis_interfaces/msg/detail/test_result_msg__type_support.c
[11.449s] -- Installing: /home/burcu/ros2_ws/install/live_analysis_interfaces/include/live_analysis_interfaces/live_analysis_interfaces/msg/detail/test_result_msg__rosidl_typesupport_introspection_c.h
[11.449s] -- Installing: /home/burcu/ros2_ws/install/live_analysis_interfaces/include/live_analysis_interfaces/live_analysis_interfaces/msg/detail/test_model_msg__type_support.c
[11.449s] -- Installing: /home/burcu/ros2_ws/install/live_analysis_interfaces/include/live_analysis_interfaces/live_analysis_interfaces/msg/detail/test_model_msg__rosidl_typesupport_introspection_c.h
[11.449s] -- Installing: /home/burcu/ros2_ws/install/live_analysis_interfaces/lib/liblive_analysis_interfaces__rosidl_typesupport_introspection_c.so
[11.450s] -- Set non-toolchain portion of runtime path of "/home/burcu/ros2_ws/install/live_analysis_interfaces/lib/liblive_analysis_interfaces__rosidl_typesupport_introspection_c.so" to ""
[11.450s] -- Installing: /home/burcu/ros2_ws/install/live_analysis_interfaces/lib/liblive_analysis_interfaces__rosidl_typesupport_c.so
[11.450s] -- Set non-toolchain portion of runtime path of "/home/burcu/ros2_ws/install/live_analysis_interfaces/lib/liblive_analysis_interfaces__rosidl_typesupport_c.so" to ""
[11.450s] -- Up-to-date: /home/burcu/ros2_ws/install/live_analysis_interfaces/include/live_analysis_interfaces/live_analysis_interfaces
[11.451s] -- Up-to-date: /home/burcu/ros2_ws/install/live_analysis_interfaces/include/live_analysis_interfaces/live_analysis_interfaces/msg
[11.451s] -- Installing: /home/burcu/ros2_ws/install/live_analysis_interfaces/include/live_analysis_interfaces/live_analysis_interfaces/msg/test_result_msg.hpp
[11.451s] -- Installing: /home/burcu/ros2_ws/install/live_analysis_interfaces/include/live_analysis_interfaces/live_analysis_interfaces/msg/test_model_msg.hpp
[11.452s] -- Installing: /home/burcu/ros2_ws/install/live_analysis_interfaces/include/live_analysis_interfaces/live_analysis_interfaces/msg/rosidl_generator_cpp__visibility_control.hpp
[11.452s] -- Up-to-date: /home/burcu/ros2_ws/install/live_analysis_interfaces/include/live_analysis_interfaces/live_analysis_interfaces/msg/detail
[11.453s] -- Installing: /home/burcu/ros2_ws/install/live_analysis_interfaces/include/live_analysis_interfaces/live_analysis_interfaces/msg/detail/test_model_msg__struct.hpp
[11.453s] -- Installing: /home/burcu/ros2_ws/install/live_analysis_interfaces/include/live_analysis_interfaces/live_analysis_interfaces/msg/detail/test_model_msg__traits.hpp
[11.453s] -- Installing: /home/burcu/ros2_ws/install/live_analysis_interfaces/include/live_analysis_interfaces/live_analysis_interfaces/msg/detail/test_result_msg__struct.hpp
[11.453s] -- Installing: /home/burcu/ros2_ws/install/live_analysis_interfaces/include/live_analysis_interfaces/live_analysis_interfaces/msg/detail/test_model_msg__type_support.hpp
[11.453s] -- Installing: /home/burcu/ros2_ws/install/live_analysis_interfaces/include/live_analysis_interfaces/live_analysis_interfaces/msg/detail/test_model_msg__builder.hpp
[11.454s] -- Installing: /home/burcu/ros2_ws/install/live_analysis_interfaces/include/live_analysis_interfaces/live_analysis_interfaces/msg/detail/test_result_msg__builder.hpp
[11.454s] -- Installing: /home/burcu/ros2_ws/install/live_analysis_interfaces/include/live_analysis_interfaces/live_analysis_interfaces/msg/detail/test_result_msg__traits.hpp
[11.454s] -- Installing: /home/burcu/ros2_ws/install/live_analysis_interfaces/include/live_analysis_interfaces/live_analysis_interfaces/msg/detail/test_result_msg__type_support.hpp
[11.454s] -- Up-to-date: /home/burcu/ros2_ws/install/live_analysis_interfaces/include/live_analysis_interfaces/live_analysis_interfaces
[11.455s] -- Up-to-date: /home/burcu/ros2_ws/install/live_analysis_interfaces/include/live_analysis_interfaces/live_analysis_interfaces/msg
[11.455s] -- Installing: /home/burcu/ros2_ws/install/live_analysis_interfaces/include/live_analysis_interfaces/live_analysis_interfaces/msg/rosidl_typesupport_fastrtps_cpp__visibility_control.h
[11.455s] -- Up-to-date: /home/burcu/ros2_ws/install/live_analysis_interfaces/include/live_analysis_interfaces/live_analysis_interfaces/msg/detail
[11.455s] -- Installing: /home/burcu/ros2_ws/install/live_analysis_interfaces/include/live_analysis_interfaces/live_analysis_interfaces/msg/detail/test_model_msg__rosidl_typesupport_fastrtps_cpp.hpp
[11.456s] -- Installing: /home/burcu/ros2_ws/install/live_analysis_interfaces/include/live_analysis_interfaces/live_analysis_interfaces/msg/detail/dds_fastrtps
[11.456s] -- Installing: /home/burcu/ros2_ws/install/live_analysis_interfaces/include/live_analysis_interfaces/live_analysis_interfaces/msg/detail/test_result_msg__rosidl_typesupport_fastrtps_cpp.hpp
[11.456s] -- Installing: /home/burcu/ros2_ws/install/live_analysis_interfaces/lib/liblive_analysis_interfaces__rosidl_typesupport_fastrtps_cpp.so
[11.456s] -- Set non-toolchain portion of runtime path of "/home/burcu/ros2_ws/install/live_analysis_interfaces/lib/liblive_analysis_interfaces__rosidl_typesupport_fastrtps_cpp.so" to ""
[11.457s] -- Up-to-date: /home/burcu/ros2_ws/install/live_analysis_interfaces/include/live_analysis_interfaces/live_analysis_interfaces
[11.457s] -- Up-to-date: /home/burcu/ros2_ws/install/live_analysis_interfaces/include/live_analysis_interfaces/live_analysis_interfaces/msg
[11.457s] -- Up-to-date: /home/burcu/ros2_ws/install/live_analysis_interfaces/include/live_analysis_interfaces/live_analysis_interfaces/msg/detail
[11.457s] -- Installing: /home/burcu/ros2_ws/install/live_analysis_interfaces/include/live_analysis_interfaces/live_analysis_interfaces/msg/detail/test_model_msg__type_support.cpp
[11.458s] -- Installing: /home/burcu/ros2_ws/install/live_analysis_interfaces/include/live_analysis_interfaces/live_analysis_interfaces/msg/detail/test_result_msg__rosidl_typesupport_introspection_cpp.hpp
[11.458s] -- Installing: /home/burcu/ros2_ws/install/live_analysis_interfaces/include/live_analysis_interfaces/live_analysis_interfaces/msg/detail/test_result_msg__type_support.cpp
[11.458s] -- Installing: /home/burcu/ros2_ws/install/live_analysis_interfaces/include/live_analysis_interfaces/live_analysis_interfaces/msg/detail/test_model_msg__rosidl_typesupport_introspection_cpp.hpp
[11.458s] -- Installing: /home/burcu/ros2_ws/install/live_analysis_interfaces/lib/liblive_analysis_interfaces__rosidl_typesupport_introspection_cpp.so
[11.458s] -- Set non-toolchain portion of runtime path of "/home/burcu/ros2_ws/install/live_analysis_interfaces/lib/liblive_analysis_interfaces__rosidl_typesupport_introspection_cpp.so" to ""
[11.459s] -- Installing: /home/burcu/ros2_ws/install/live_analysis_interfaces/lib/liblive_analysis_interfaces__rosidl_typesupport_cpp.so
[11.459s] -- Set non-toolchain portion of runtime path of "/home/burcu/ros2_ws/install/live_analysis_interfaces/lib/liblive_analysis_interfaces__rosidl_typesupport_cpp.so" to ""
[11.459s] -- Installing: /home/burcu/ros2_ws/install/live_analysis_interfaces/share/live_analysis_interfaces/environment/pythonpath.sh
[11.459s] -- Installing: /home/burcu/ros2_ws/install/live_analysis_interfaces/share/live_analysis_interfaces/environment/pythonpath.dsv
[11.459s] -- Installing: /home/burcu/ros2_ws/install/live_analysis_interfaces/lib/python3.12/site-packages/live_analysis_interfaces-0.1.0-py3.12.egg-info
[11.459s] -- Installing: /home/burcu/ros2_ws/install/live_analysis_interfaces/lib/python3.12/site-packages/live_analysis_interfaces-0.1.0-py3.12.egg-info/PKG-INFO
[11.459s] -- Installing: /home/burcu/ros2_ws/install/live_analysis_interfaces/lib/python3.12/site-packages/live_analysis_interfaces-0.1.0-py3.12.egg-info/SOURCES.txt
[11.459s] -- Installing: /home/burcu/ros2_ws/install/live_analysis_interfaces/lib/python3.12/site-packages/live_analysis_interfaces-0.1.0-py3.12.egg-info/dependency_links.txt
[11.459s] -- Installing: /home/burcu/ros2_ws/install/live_analysis_interfaces/lib/python3.12/site-packages/live_analysis_interfaces-0.1.0-py3.12.egg-info/top_level.txt
[11.459s] -- Installing: /home/burcu/ros2_ws/install/live_analysis_interfaces/lib/python3.12/site-packages/live_analysis_interfaces
[11.459s] -- Installing: /home/burcu/ros2_ws/install/live_analysis_interfaces/lib/python3.12/site-packages/live_analysis_interfaces/__init__.py
[11.460s] -- Installing: /home/burcu/ros2_ws/install/live_analysis_interfaces/lib/python3.12/site-packages/live_analysis_interfaces/msg
[11.460s] -- Installing: /home/burcu/ros2_ws/install/live_analysis_interfaces/lib/python3.12/site-packages/live_analysis_interfaces/msg/__init__.py
[11.460s] -- Installing: /home/burcu/ros2_ws/install/live_analysis_interfaces/lib/python3.12/site-packages/live_analysis_interfaces/msg/_test_result_msg.py
[11.460s] -- Installing: /home/burcu/ros2_ws/install/live_analysis_interfaces/lib/python3.12/site-packages/live_analysis_interfaces/msg/_test_result_msg_s.c
[11.460s] -- Installing: /home/burcu/ros2_ws/install/live_analysis_interfaces/lib/python3.12/site-packages/live_analysis_interfaces/msg/_test_model_msg.py
[11.460s] -- Installing: /home/burcu/ros2_ws/install/live_analysis_interfaces/lib/python3.12/site-packages/live_analysis_interfaces/msg/_test_model_msg_s.c
[11.460s] -- Installing: /home/burcu/ros2_ws/install/live_analysis_interfaces/lib/python3.12/site-packages/live_analysis_interfaces/_live_analysis_interfaces_s.ep.rosidl_typesupport_c.c
[11.460s] -- Installing: /home/burcu/ros2_ws/install/live_analysis_interfaces/lib/python3.12/site-packages/live_analysis_interfaces/_live_analysis_interfaces_s.ep.rosidl_typesupport_introspection_c.c
[11.460s] -- Installing: /home/burcu/ros2_ws/install/live_analysis_interfaces/lib/python3.12/site-packages/live_analysis_interfaces/_live_analysis_interfaces_s.ep.rosidl_typesupport_fastrtps_c.c
[11.460s] -- Installing: /home/burcu/ros2_ws/install/live_analysis_interfaces/lib/python3.12/site-packages/live_analysis_interfaces/live_analysis_interfaces_s__rosidl_typesupport_introspection_c.so
[11.460s] -- Installing: /home/burcu/ros2_ws/install/live_analysis_interfaces/lib/python3.12/site-packages/live_analysis_interfaces/live_analysis_interfaces_s__rosidl_typesupport_fastrtps_c.so
[11.460s] -- Installing: /home/burcu/ros2_ws/install/live_analysis_interfaces/lib/python3.12/site-packages/live_analysis_interfaces/live_analysis_interfaces_s__rosidl_typesupport_c.so
[11.523s] Listing '/home/burcu/ros2_ws/install/live_analysis_interfaces/lib/python3.12/site-packages/live_analysis_interfaces'...
[11.524s] Compiling '/home/burcu/ros2_ws/install/live_analysis_interfaces/lib/python3.12/site-packages/live_analysis_interfaces/__init__.py'...
[11.524s] Listing '/home/burcu/ros2_ws/install/live_analysis_interfaces/lib/python3.12/site-packages/live_analysis_interfaces/msg'...
[11.524s] Compiling '/home/burcu/ros2_ws/install/live_analysis_interfaces/lib/python3.12/site-packages/live_analysis_interfaces/msg/__init__.py'...
[11.524s] Compiling '/home/burcu/ros2_ws/install/live_analysis_interfaces/lib/python3.12/site-packages/live_analysis_interfaces/msg/_test_model_msg.py'...
[11.524s] Compiling '/home/burcu/ros2_ws/install/live_analysis_interfaces/lib/python3.12/site-packages/live_analysis_interfaces/msg/_test_result_msg.py'...
[11.533s] -- Installing: /home/burcu/ros2_ws/install/live_analysis_interfaces/lib/python3.12/site-packages/live_analysis_interfaces/live_analysis_interfaces_s__rosidl_typesupport_fastrtps_c.so
[11.533s] -- Set non-toolchain portion of runtime path of "/home/burcu/ros2_ws/install/live_analysis_interfaces/lib/python3.12/site-packages/live_analysis_interfaces/live_analysis_interfaces_s__rosidl_typesupport_fastrtps_c.so" to ""
[11.533s] -- Installing: /home/burcu/ros2_ws/install/live_analysis_interfaces/lib/python3.12/site-packages/live_analysis_interfaces/live_analysis_interfaces_s__rosidl_typesupport_introspection_c.so
[11.533s] -- Set non-toolchain portion of runtime path of "/home/burcu/ros2_ws/install/live_analysis_interfaces/lib/python3.12/site-packages/live_analysis_interfaces/live_analysis_interfaces_s__rosidl_typesupport_introspection_c.so" to ""
[11.534s] -- Installing: /home/burcu/ros2_ws/install/live_analysis_interfaces/lib/python3.12/site-packages/live_analysis_interfaces/live_analysis_interfaces_s__rosidl_typesupport_c.so
[11.534s] -- Set non-toolchain portion of runtime path of "/home/burcu/ros2_ws/install/live_analysis_interfaces/lib/python3.12/site-packages/live_analysis_interfaces/live_analysis_interfaces_s__rosidl_typesupport_c.so" to ""
[11.534s] -- Installing: /home/burcu/ros2_ws/install/live_analysis_interfaces/lib/liblive_analysis_interfaces__rosidl_generator_py.so
[11.535s] -- Set non-toolchain portion of runtime path of "/home/burcu/ros2_ws/install/live_analysis_interfaces/lib/liblive_analysis_interfaces__rosidl_generator_py.so" to ""
[11.535s] -- Installing: /home/burcu/ros2_ws/install/live_analysis_interfaces/share/live_analysis_interfaces/msg/TestModelMsg.idl
[11.535s] -- Installing: /home/burcu/ros2_ws/install/live_analysis_interfaces/share/live_analysis_interfaces/msg/TestResultMsg.idl
[11.535s] -- Installing: /home/burcu/ros2_ws/install/live_analysis_interfaces/share/live_analysis_interfaces/msg/TestModelMsg.msg
[11.536s] -- Installing: /home/burcu/ros2_ws/install/live_analysis_interfaces/share/live_analysis_interfaces/msg/TestResultMsg.msg
[11.536s] -- Installing: /home/burcu/ros2_ws/install/live_analysis_interfaces/share/ament_index/resource_index/package_run_dependencies/live_analysis_interfaces
[11.536s] -- Installing: /home/burcu/ros2_ws/install/live_analysis_interfaces/share/ament_index/resource_index/parent_prefix_path/live_analysis_interfaces
[11.537s] -- Installing: /home/burcu/ros2_ws/install/live_analysis_interfaces/share/live_analysis_interfaces/environment/ament_prefix_path.sh
[11.537s] -- Installing: /home/burcu/ros2_ws/install/live_analysis_interfaces/share/live_analysis_interfaces/environment/ament_prefix_path.dsv
[11.537s] -- Installing: /home/burcu/ros2_ws/install/live_analysis_interfaces/share/live_analysis_interfaces/environment/path.sh
[11.538s] -- Installing: /home/burcu/ros2_ws/install/live_analysis_interfaces/share/live_analysis_interfaces/environment/path.dsv
[11.538s] -- Installing: /home/burcu/ros2_ws/install/live_analysis_interfaces/share/live_analysis_interfaces/local_setup.bash
[11.538s] -- Installing: /home/burcu/ros2_ws/install/live_analysis_interfaces/share/live_analysis_interfaces/local_setup.sh
[11.538s] -- Installing: /home/burcu/ros2_ws/install/live_analysis_interfaces/share/live_analysis_interfaces/local_setup.zsh
[11.539s] -- Installing: /home/burcu/ros2_ws/install/live_analysis_interfaces/share/live_analysis_interfaces/local_setup.dsv
[11.539s] -- Installing: /home/burcu/ros2_ws/install/live_analysis_interfaces/share/live_analysis_interfaces/package.dsv
[11.539s] -- Installing: /home/burcu/ros2_ws/install/live_analysis_interfaces/share/ament_index/resource_index/packages/live_analysis_interfaces
[11.539s] -- Installing: /home/burcu/ros2_ws/install/live_analysis_interfaces/share/live_analysis_interfaces/cmake/export_live_analysis_interfaces__rosidl_generator_cExport.cmake
[11.540s] -- Installing: /home/burcu/ros2_ws/install/live_analysis_interfaces/share/live_analysis_interfaces/cmake/export_live_analysis_interfaces__rosidl_generator_cExport-noconfig.cmake
[11.540s] -- Installing: /home/burcu/ros2_ws/install/live_analysis_interfaces/share/live_analysis_interfaces/cmake/export_live_analysis_interfaces__rosidl_typesupport_fastrtps_cExport.cmake
[11.540s] -- Installing: /home/burcu/ros2_ws/install/live_analysis_interfaces/share/live_analysis_interfaces/cmake/export_live_analysis_interfaces__rosidl_typesupport_fastrtps_cExport-noconfig.cmake
[11.540s] -- Installing: /home/burcu/ros2_ws/install/live_analysis_interfaces/share/live_analysis_interfaces/cmake/live_analysis_interfaces__rosidl_typesupport_introspection_cExport.cmake
[11.541s] -- Installing: /home/burcu/ros2_ws/install/live_analysis_interfaces/share/live_analysis_interfaces/cmake/live_analysis_interfaces__rosidl_typesupport_introspection_cExport-noconfig.cmake
[11.541s] -- Installing: /home/burcu/ros2_ws/install/live_analysis_interfaces/share/live_analysis_interfaces/cmake/live_analysis_interfaces__rosidl_typesupport_cExport.cmake
[11.541s] -- Installing: /home/burcu/ros2_ws/install/live_analysis_interfaces/share/live_analysis_interfaces/cmake/live_analysis_interfaces__rosidl_typesupport_cExport-noconfig.cmake
[11.541s] -- Installing: /home/burcu/ros2_ws/install/live_analysis_interfaces/share/live_analysis_interfaces/cmake/export_live_analysis_interfaces__rosidl_generator_cppExport.cmake
[11.541s] -- Installing: /home/burcu/ros2_ws/install/live_analysis_interfaces/share/live_analysis_interfaces/cmake/export_live_analysis_interfaces__rosidl_typesupport_fastrtps_cppExport.cmake
[11.542s] -- Installing: /home/burcu/ros2_ws/install/live_analysis_interfaces/share/live_analysis_interfaces/cmake/export_live_analysis_interfaces__rosidl_typesupport_fastrtps_cppExport-noconfig.cmake
[11.542s] -- Installing: /home/burcu/ros2_ws/install/live_analysis_interfaces/share/live_analysis_interfaces/cmake/live_analysis_interfaces__rosidl_typesupport_introspection_cppExport.cmake
[11.542s] -- Installing: /home/burcu/ros2_ws/install/live_analysis_interfaces/share/live_analysis_interfaces/cmake/live_analysis_interfaces__rosidl_typesupport_introspection_cppExport-noconfig.cmake
[11.542s] -- Installing: /home/burcu/ros2_ws/install/live_analysis_interfaces/share/live_analysis_interfaces/cmake/live_analysis_interfaces__rosidl_typesupport_cppExport.cmake
[11.543s] -- Installing: /home/burcu/ros2_ws/install/live_analysis_interfaces/share/live_analysis_interfaces/cmake/live_analysis_interfaces__rosidl_typesupport_cppExport-noconfig.cmake
[11.543s] -- Installing: /home/burcu/ros2_ws/install/live_analysis_interfaces/share/live_analysis_interfaces/cmake/export_live_analysis_interfaces__rosidl_generator_pyExport.cmake
[11.543s] -- Installing: /home/burcu/ros2_ws/install/live_analysis_interfaces/share/live_analysis_interfaces/cmake/export_live_analysis_interfaces__rosidl_generator_pyExport-noconfig.cmake
[11.543s] -- Installing: /home/burcu/ros2_ws/install/live_analysis_interfaces/share/live_analysis_interfaces/cmake/rosidl_cmake-extras.cmake
[11.544s] -- Installing: /home/burcu/ros2_ws/install/live_analysis_interfaces/share/live_analysis_interfaces/cmake/ament_cmake_export_dependencies-extras.cmake
[11.544s] -- Installing: /home/burcu/ros2_ws/install/live_analysis_interfaces/share/live_analysis_interfaces/cmake/ament_cmake_export_include_directories-extras.cmake
[11.544s] -- Installing: /home/burcu/ros2_ws/install/live_analysis_interfaces/share/live_analysis_interfaces/cmake/ament_cmake_export_libraries-extras.cmake
[11.544s] -- Installing: /home/burcu/ros2_ws/install/live_analysis_interfaces/share/live_analysis_interfaces/cmake/ament_cmake_export_targets-extras.cmake
[11.545s] -- Installing: /home/burcu/ros2_ws/install/live_analysis_interfaces/share/live_analysis_interfaces/cmake/rosidl_cmake_export_typesupport_targets-extras.cmake
[11.545s] -- Installing: /home/burcu/ros2_ws/install/live_analysis_interfaces/share/live_analysis_interfaces/cmake/rosidl_cmake_export_typesupport_libraries-extras.cmake
[11.545s] -- Installing: /home/burcu/ros2_ws/install/live_analysis_interfaces/share/live_analysis_interfaces/cmake/live_analysis_interfacesConfig.cmake
[11.545s] -- Installing: /home/burcu/ros2_ws/install/live_analysis_interfaces/share/live_analysis_interfaces/cmake/live_analysis_interfacesConfig-version.cmake
[11.545s] -- Installing: /home/burcu/ros2_ws/install/live_analysis_interfaces/share/live_analysis_interfaces/package.xml
[11.547s] Invoked command in '/home/burcu/ros2_ws/build/live_analysis_interfaces' returned '0': CMAKE_PREFIX_PATH=${CMAKE_PREFIX_PATH}:/opt/ros/jazzy /usr/bin/cmake --install /home/burcu/ros2_ws/build/live_analysis_interfaces
