[  1%] Built target live_analysis_interfaces__cpp
[  1%] Built target ament_cmake_python_symlink_live_analysis_interfaces
[ 12%] Built target live_analysis_interfaces__rosidl_generator_c
[ 25%] Built target live_analysis_interfaces__rosidl_typesupport_introspection_cpp
[ 35%] Built target live_analysis_interfaces__rosidl_typesupport_cpp
[ 47%] Built target live_analysis_interfaces__rosidl_typesupport_fastrtps_cpp
[ 58%] Built target live_analysis_interfaces__rosidl_typesupport_introspection_c
[ 70%] Built target live_analysis_interfaces__rosidl_typesupport_c
[ 81%] Built target live_analysis_interfaces__rosidl_typesupport_fastrtps_c
[ 81%] Built target live_analysis_interfaces
[ 82%] Built target live_analysis_interfaces__py
[ 93%] Built target live_analysis_interfaces__rosidl_generator_py
[ 97%] Built target live_analysis_interfaces__rosidl_typesupport_fastrtps_c__pyext
[ 97%] Built target live_analysis_interfaces__rosidl_typesupport_c__pyext
[100%] Built target live_analysis_interfaces__rosidl_typesupport_introspection_c__pyext
running egg_info
writing live_analysis_interfaces.egg-info/PKG-INFO
writing dependency_links to live_analysis_interfaces.egg-info/dependency_links.txt
writing top-level names to live_analysis_interfaces.egg-info/top_level.txt
reading manifest file 'live_analysis_interfaces.egg-info/SOURCES.txt'
writing manifest file 'live_analysis_interfaces.egg-info/SOURCES.txt'
[100%] Built target ament_cmake_python_build_live_analysis_interfaces_egg
-- Install configuration: ""
-- Execute custom install script
-- Symlinking: /home/paranavision/ros2_ws/QPath_ROS2_ws/install/live_analysis_interfaces/share/ament_index/resource_index/rosidl_interfaces/live_analysis_interfaces
-- Symlinking: /home/paranavision/ros2_ws/QPath_ROS2_ws/install/live_analysis_interfaces/include/live_analysis_interfaces/msg/detail/test_done__functions.h
-- Symlinking: /home/paranavision/ros2_ws/QPath_ROS2_ws/install/live_analysis_interfaces/include/live_analysis_interfaces/msg/detail/test_done__struct.h
-- Symlinking: /home/paranavision/ros2_ws/QPath_ROS2_ws/install/live_analysis_interfaces/include/live_analysis_interfaces/msg/detail/test_done__type_support.h
-- Symlinking: /home/paranavision/ros2_ws/QPath_ROS2_ws/install/live_analysis_interfaces/include/live_analysis_interfaces/msg/detail/test_progress__functions.h
-- Symlinking: /home/paranavision/ros2_ws/QPath_ROS2_ws/install/live_analysis_interfaces/include/live_analysis_interfaces/msg/detail/test_progress__struct.h
-- Symlinking: /home/paranavision/ros2_ws/QPath_ROS2_ws/install/live_analysis_interfaces/include/live_analysis_interfaces/msg/detail/test_progress__type_support.h
-- Symlinking: /home/paranavision/ros2_ws/QPath_ROS2_ws/install/live_analysis_interfaces/include/live_analysis_interfaces/msg/detail/test_request__functions.h
-- Symlinking: /home/paranavision/ros2_ws/QPath_ROS2_ws/install/live_analysis_interfaces/include/live_analysis_interfaces/msg/detail/test_request__struct.h
-- Symlinking: /home/paranavision/ros2_ws/QPath_ROS2_ws/install/live_analysis_interfaces/include/live_analysis_interfaces/msg/detail/test_request__type_support.h
-- Symlinking: /home/paranavision/ros2_ws/QPath_ROS2_ws/install/live_analysis_interfaces/include/live_analysis_interfaces/msg/detail/test_request_client__functions.h
-- Symlinking: /home/paranavision/ros2_ws/QPath_ROS2_ws/install/live_analysis_interfaces/include/live_analysis_interfaces/msg/detail/test_request_client__struct.h
-- Symlinking: /home/paranavision/ros2_ws/QPath_ROS2_ws/install/live_analysis_interfaces/include/live_analysis_interfaces/msg/detail/test_request_client__type_support.h
-- Symlinking: /home/paranavision/ros2_ws/QPath_ROS2_ws/install/live_analysis_interfaces/include/live_analysis_interfaces/msg/detail/test_result__functions.h
-- Symlinking: /home/paranavision/ros2_ws/QPath_ROS2_ws/install/live_analysis_interfaces/include/live_analysis_interfaces/msg/detail/test_result__struct.h
-- Symlinking: /home/paranavision/ros2_ws/QPath_ROS2_ws/install/live_analysis_interfaces/include/live_analysis_interfaces/msg/detail/test_result__type_support.h
-- Symlinking: /home/paranavision/ros2_ws/QPath_ROS2_ws/install/live_analysis_interfaces/include/live_analysis_interfaces/msg/detail/train_request__functions.h
-- Symlinking: /home/paranavision/ros2_ws/QPath_ROS2_ws/install/live_analysis_interfaces/include/live_analysis_interfaces/msg/detail/train_request__struct.h
-- Symlinking: /home/paranavision/ros2_ws/QPath_ROS2_ws/install/live_analysis_interfaces/include/live_analysis_interfaces/msg/detail/train_request__type_support.h
-- Symlinking: /home/paranavision/ros2_ws/QPath_ROS2_ws/install/live_analysis_interfaces/include/live_analysis_interfaces/msg/detail/train_request_client__functions.h
-- Symlinking: /home/paranavision/ros2_ws/QPath_ROS2_ws/install/live_analysis_interfaces/include/live_analysis_interfaces/msg/detail/train_request_client__struct.h
-- Symlinking: /home/paranavision/ros2_ws/QPath_ROS2_ws/install/live_analysis_interfaces/include/live_analysis_interfaces/msg/detail/train_request_client__type_support.h
-- Symlinking: /home/paranavision/ros2_ws/QPath_ROS2_ws/install/live_analysis_interfaces/include/live_analysis_interfaces/msg/detail/training_result__functions.h
-- Symlinking: /home/paranavision/ros2_ws/QPath_ROS2_ws/install/live_analysis_interfaces/include/live_analysis_interfaces/msg/detail/training_result__struct.h
-- Symlinking: /home/paranavision/ros2_ws/QPath_ROS2_ws/install/live_analysis_interfaces/include/live_analysis_interfaces/msg/detail/training_result__type_support.h
-- Symlinking: /home/paranavision/ros2_ws/QPath_ROS2_ws/install/live_analysis_interfaces/include/live_analysis_interfaces/msg/rosidl_generator_c__visibility_control.h
-- Symlinking: /home/paranavision/ros2_ws/QPath_ROS2_ws/install/live_analysis_interfaces/include/live_analysis_interfaces/msg/test_done.h
-- Symlinking: /home/paranavision/ros2_ws/QPath_ROS2_ws/install/live_analysis_interfaces/include/live_analysis_interfaces/msg/test_progress.h
-- Symlinking: /home/paranavision/ros2_ws/QPath_ROS2_ws/install/live_analysis_interfaces/include/live_analysis_interfaces/msg/test_request.h
-- Symlinking: /home/paranavision/ros2_ws/QPath_ROS2_ws/install/live_analysis_interfaces/include/live_analysis_interfaces/msg/test_request_client.h
-- Symlinking: /home/paranavision/ros2_ws/QPath_ROS2_ws/install/live_analysis_interfaces/include/live_analysis_interfaces/msg/test_result.h
-- Symlinking: /home/paranavision/ros2_ws/QPath_ROS2_ws/install/live_analysis_interfaces/include/live_analysis_interfaces/msg/train_request.h
-- Symlinking: /home/paranavision/ros2_ws/QPath_ROS2_ws/install/live_analysis_interfaces/include/live_analysis_interfaces/msg/train_request_client.h
-- Symlinking: /home/paranavision/ros2_ws/QPath_ROS2_ws/install/live_analysis_interfaces/include/live_analysis_interfaces/msg/training_result.h
-- Symlinking: /home/paranavision/ros2_ws/QPath_ROS2_ws/install/live_analysis_interfaces/share/live_analysis_interfaces/environment/library_path.sh
-- Symlinking: /home/paranavision/ros2_ws/QPath_ROS2_ws/install/live_analysis_interfaces/share/live_analysis_interfaces/environment/library_path.dsv
-- Symlinking: /home/paranavision/ros2_ws/QPath_ROS2_ws/install/live_analysis_interfaces/include/live_analysis_interfaces/msg/detail/test_done__rosidl_typesupport_fastrtps_c.h
-- Symlinking: /home/paranavision/ros2_ws/QPath_ROS2_ws/install/live_analysis_interfaces/include/live_analysis_interfaces/msg/detail/test_progress__rosidl_typesupport_fastrtps_c.h
-- Symlinking: /home/paranavision/ros2_ws/QPath_ROS2_ws/install/live_analysis_interfaces/include/live_analysis_interfaces/msg/detail/test_request__rosidl_typesupport_fastrtps_c.h
-- Symlinking: /home/paranavision/ros2_ws/QPath_ROS2_ws/install/live_analysis_interfaces/include/live_analysis_interfaces/msg/detail/test_request_client__rosidl_typesupport_fastrtps_c.h
-- Symlinking: /home/paranavision/ros2_ws/QPath_ROS2_ws/install/live_analysis_interfaces/include/live_analysis_interfaces/msg/detail/test_result__rosidl_typesupport_fastrtps_c.h
-- Symlinking: /home/paranavision/ros2_ws/QPath_ROS2_ws/install/live_analysis_interfaces/include/live_analysis_interfaces/msg/detail/train_request__rosidl_typesupport_fastrtps_c.h
-- Symlinking: /home/paranavision/ros2_ws/QPath_ROS2_ws/install/live_analysis_interfaces/include/live_analysis_interfaces/msg/detail/train_request_client__rosidl_typesupport_fastrtps_c.h
-- Symlinking: /home/paranavision/ros2_ws/QPath_ROS2_ws/install/live_analysis_interfaces/include/live_analysis_interfaces/msg/detail/training_result__rosidl_typesupport_fastrtps_c.h
-- Symlinking: /home/paranavision/ros2_ws/QPath_ROS2_ws/install/live_analysis_interfaces/include/live_analysis_interfaces/msg/rosidl_typesupport_fastrtps_c__visibility_control.h
-- Symlinking: /home/paranavision/ros2_ws/QPath_ROS2_ws/install/live_analysis_interfaces/lib/liblive_analysis_interfaces__rosidl_typesupport_fastrtps_c.so
-- Symlinking: /home/paranavision/ros2_ws/QPath_ROS2_ws/install/live_analysis_interfaces/include/live_analysis_interfaces/msg/detail/test_done__rosidl_typesupport_fastrtps_cpp.hpp
-- Symlinking: /home/paranavision/ros2_ws/QPath_ROS2_ws/install/live_analysis_interfaces/include/live_analysis_interfaces/msg/detail/test_progress__rosidl_typesupport_fastrtps_cpp.hpp
-- Symlinking: /home/paranavision/ros2_ws/QPath_ROS2_ws/install/live_analysis_interfaces/include/live_analysis_interfaces/msg/detail/test_request__rosidl_typesupport_fastrtps_cpp.hpp
-- Symlinking: /home/paranavision/ros2_ws/QPath_ROS2_ws/install/live_analysis_interfaces/include/live_analysis_interfaces/msg/detail/test_request_client__rosidl_typesupport_fastrtps_cpp.hpp
-- Symlinking: /home/paranavision/ros2_ws/QPath_ROS2_ws/install/live_analysis_interfaces/include/live_analysis_interfaces/msg/detail/test_result__rosidl_typesupport_fastrtps_cpp.hpp
-- Symlinking: /home/paranavision/ros2_ws/QPath_ROS2_ws/install/live_analysis_interfaces/include/live_analysis_interfaces/msg/detail/train_request__rosidl_typesupport_fastrtps_cpp.hpp
-- Symlinking: /home/paranavision/ros2_ws/QPath_ROS2_ws/install/live_analysis_interfaces/include/live_analysis_interfaces/msg/detail/train_request_client__rosidl_typesupport_fastrtps_cpp.hpp
-- Symlinking: /home/paranavision/ros2_ws/QPath_ROS2_ws/install/live_analysis_interfaces/include/live_analysis_interfaces/msg/detail/training_result__rosidl_typesupport_fastrtps_cpp.hpp
-- Symlinking: /home/paranavision/ros2_ws/QPath_ROS2_ws/install/live_analysis_interfaces/include/live_analysis_interfaces/msg/rosidl_typesupport_fastrtps_cpp__visibility_control.h
-- Symlinking: /home/paranavision/ros2_ws/QPath_ROS2_ws/install/live_analysis_interfaces/lib/liblive_analysis_interfaces__rosidl_typesupport_fastrtps_cpp.so
-- Symlinking: /home/paranavision/ros2_ws/QPath_ROS2_ws/install/live_analysis_interfaces/include/live_analysis_interfaces/msg/detail/test_done__rosidl_typesupport_introspection_c.h
-- Symlinking: /home/paranavision/ros2_ws/QPath_ROS2_ws/install/live_analysis_interfaces/include/live_analysis_interfaces/msg/detail/test_progress__rosidl_typesupport_introspection_c.h
-- Symlinking: /home/paranavision/ros2_ws/QPath_ROS2_ws/install/live_analysis_interfaces/include/live_analysis_interfaces/msg/detail/test_request__rosidl_typesupport_introspection_c.h
-- Symlinking: /home/paranavision/ros2_ws/QPath_ROS2_ws/install/live_analysis_interfaces/include/live_analysis_interfaces/msg/detail/test_request_client__rosidl_typesupport_introspection_c.h
-- Symlinking: /home/paranavision/ros2_ws/QPath_ROS2_ws/install/live_analysis_interfaces/include/live_analysis_interfaces/msg/detail/test_result__rosidl_typesupport_introspection_c.h
-- Symlinking: /home/paranavision/ros2_ws/QPath_ROS2_ws/install/live_analysis_interfaces/include/live_analysis_interfaces/msg/detail/train_request__rosidl_typesupport_introspection_c.h
-- Symlinking: /home/paranavision/ros2_ws/QPath_ROS2_ws/install/live_analysis_interfaces/include/live_analysis_interfaces/msg/detail/train_request_client__rosidl_typesupport_introspection_c.h
-- Symlinking: /home/paranavision/ros2_ws/QPath_ROS2_ws/install/live_analysis_interfaces/include/live_analysis_interfaces/msg/detail/training_result__rosidl_typesupport_introspection_c.h
-- Symlinking: /home/paranavision/ros2_ws/QPath_ROS2_ws/install/live_analysis_interfaces/include/live_analysis_interfaces/msg/rosidl_typesupport_introspection_c__visibility_control.h
-- Symlinking: /home/paranavision/ros2_ws/QPath_ROS2_ws/install/live_analysis_interfaces/include/live_analysis_interfaces/msg/detail/test_done__builder.hpp
-- Symlinking: /home/paranavision/ros2_ws/QPath_ROS2_ws/install/live_analysis_interfaces/include/live_analysis_interfaces/msg/detail/test_done__struct.hpp
-- Symlinking: /home/paranavision/ros2_ws/QPath_ROS2_ws/install/live_analysis_interfaces/include/live_analysis_interfaces/msg/detail/test_done__traits.hpp
-- Symlinking: /home/paranavision/ros2_ws/QPath_ROS2_ws/install/live_analysis_interfaces/include/live_analysis_interfaces/msg/detail/test_progress__builder.hpp
-- Symlinking: /home/paranavision/ros2_ws/QPath_ROS2_ws/install/live_analysis_interfaces/include/live_analysis_interfaces/msg/detail/test_progress__struct.hpp
-- Symlinking: /home/paranavision/ros2_ws/QPath_ROS2_ws/install/live_analysis_interfaces/include/live_analysis_interfaces/msg/detail/test_progress__traits.hpp
-- Symlinking: /home/paranavision/ros2_ws/QPath_ROS2_ws/install/live_analysis_interfaces/include/live_analysis_interfaces/msg/detail/test_request__builder.hpp
-- Symlinking: /home/paranavision/ros2_ws/QPath_ROS2_ws/install/live_analysis_interfaces/include/live_analysis_interfaces/msg/detail/test_request__struct.hpp
-- Symlinking: /home/paranavision/ros2_ws/QPath_ROS2_ws/install/live_analysis_interfaces/include/live_analysis_interfaces/msg/detail/test_request__traits.hpp
-- Symlinking: /home/paranavision/ros2_ws/QPath_ROS2_ws/install/live_analysis_interfaces/include/live_analysis_interfaces/msg/detail/test_request_client__builder.hpp
-- Symlinking: /home/paranavision/ros2_ws/QPath_ROS2_ws/install/live_analysis_interfaces/include/live_analysis_interfaces/msg/detail/test_request_client__struct.hpp
-- Symlinking: /home/paranavision/ros2_ws/QPath_ROS2_ws/install/live_analysis_interfaces/include/live_analysis_interfaces/msg/detail/test_request_client__traits.hpp
-- Symlinking: /home/paranavision/ros2_ws/QPath_ROS2_ws/install/live_analysis_interfaces/include/live_analysis_interfaces/msg/detail/test_result__builder.hpp
-- Symlinking: /home/paranavision/ros2_ws/QPath_ROS2_ws/install/live_analysis_interfaces/include/live_analysis_interfaces/msg/detail/test_result__struct.hpp
-- Symlinking: /home/paranavision/ros2_ws/QPath_ROS2_ws/install/live_analysis_interfaces/include/live_analysis_interfaces/msg/detail/test_result__traits.hpp
-- Symlinking: /home/paranavision/ros2_ws/QPath_ROS2_ws/install/live_analysis_interfaces/include/live_analysis_interfaces/msg/detail/train_request__builder.hpp
-- Symlinking: /home/paranavision/ros2_ws/QPath_ROS2_ws/install/live_analysis_interfaces/include/live_analysis_interfaces/msg/detail/train_request__struct.hpp
-- Symlinking: /home/paranavision/ros2_ws/QPath_ROS2_ws/install/live_analysis_interfaces/include/live_analysis_interfaces/msg/detail/train_request__traits.hpp
-- Symlinking: /home/paranavision/ros2_ws/QPath_ROS2_ws/install/live_analysis_interfaces/include/live_analysis_interfaces/msg/detail/train_request_client__builder.hpp
-- Symlinking: /home/paranavision/ros2_ws/QPath_ROS2_ws/install/live_analysis_interfaces/include/live_analysis_interfaces/msg/detail/train_request_client__struct.hpp
-- Symlinking: /home/paranavision/ros2_ws/QPath_ROS2_ws/install/live_analysis_interfaces/include/live_analysis_interfaces/msg/detail/train_request_client__traits.hpp
-- Symlinking: /home/paranavision/ros2_ws/QPath_ROS2_ws/install/live_analysis_interfaces/include/live_analysis_interfaces/msg/detail/training_result__builder.hpp
-- Symlinking: /home/paranavision/ros2_ws/QPath_ROS2_ws/install/live_analysis_interfaces/include/live_analysis_interfaces/msg/detail/training_result__struct.hpp
-- Symlinking: /home/paranavision/ros2_ws/QPath_ROS2_ws/install/live_analysis_interfaces/include/live_analysis_interfaces/msg/detail/training_result__traits.hpp
-- Symlinking: /home/paranavision/ros2_ws/QPath_ROS2_ws/install/live_analysis_interfaces/include/live_analysis_interfaces/msg/test_done.hpp
-- Symlinking: /home/paranavision/ros2_ws/QPath_ROS2_ws/install/live_analysis_interfaces/include/live_analysis_interfaces/msg/test_progress.hpp
-- Symlinking: /home/paranavision/ros2_ws/QPath_ROS2_ws/install/live_analysis_interfaces/include/live_analysis_interfaces/msg/test_request.hpp
-- Symlinking: /home/paranavision/ros2_ws/QPath_ROS2_ws/install/live_analysis_interfaces/include/live_analysis_interfaces/msg/test_request_client.hpp
-- Symlinking: /home/paranavision/ros2_ws/QPath_ROS2_ws/install/live_analysis_interfaces/include/live_analysis_interfaces/msg/test_result.hpp
-- Symlinking: /home/paranavision/ros2_ws/QPath_ROS2_ws/install/live_analysis_interfaces/include/live_analysis_interfaces/msg/train_request.hpp
-- Symlinking: /home/paranavision/ros2_ws/QPath_ROS2_ws/install/live_analysis_interfaces/include/live_analysis_interfaces/msg/train_request_client.hpp
-- Symlinking: /home/paranavision/ros2_ws/QPath_ROS2_ws/install/live_analysis_interfaces/include/live_analysis_interfaces/msg/training_result.hpp
-- Symlinking: /home/paranavision/ros2_ws/QPath_ROS2_ws/install/live_analysis_interfaces/include/live_analysis_interfaces/msg/detail/test_done__rosidl_typesupport_introspection_cpp.hpp
-- Symlinking: /home/paranavision/ros2_ws/QPath_ROS2_ws/install/live_analysis_interfaces/include/live_analysis_interfaces/msg/detail/test_progress__rosidl_typesupport_introspection_cpp.hpp
-- Symlinking: /home/paranavision/ros2_ws/QPath_ROS2_ws/install/live_analysis_interfaces/include/live_analysis_interfaces/msg/detail/test_request__rosidl_typesupport_introspection_cpp.hpp
-- Symlinking: /home/paranavision/ros2_ws/QPath_ROS2_ws/install/live_analysis_interfaces/include/live_analysis_interfaces/msg/detail/test_request_client__rosidl_typesupport_introspection_cpp.hpp
-- Symlinking: /home/paranavision/ros2_ws/QPath_ROS2_ws/install/live_analysis_interfaces/include/live_analysis_interfaces/msg/detail/test_result__rosidl_typesupport_introspection_cpp.hpp
-- Symlinking: /home/paranavision/ros2_ws/QPath_ROS2_ws/install/live_analysis_interfaces/include/live_analysis_interfaces/msg/detail/train_request__rosidl_typesupport_introspection_cpp.hpp
-- Symlinking: /home/paranavision/ros2_ws/QPath_ROS2_ws/install/live_analysis_interfaces/include/live_analysis_interfaces/msg/detail/train_request_client__rosidl_typesupport_introspection_cpp.hpp
-- Symlinking: /home/paranavision/ros2_ws/QPath_ROS2_ws/install/live_analysis_interfaces/include/live_analysis_interfaces/msg/detail/training_result__rosidl_typesupport_introspection_cpp.hpp
-- Symlinking: /home/paranavision/ros2_ws/QPath_ROS2_ws/install/live_analysis_interfaces/share/live_analysis_interfaces/environment/pythonpath.sh
-- Symlinking: /home/paranavision/ros2_ws/QPath_ROS2_ws/install/live_analysis_interfaces/share/live_analysis_interfaces/environment/pythonpath.dsv
-- Symlinking: /home/paranavision/ros2_ws/QPath_ROS2_ws/install/live_analysis_interfaces/lib/python3.9/site-packages/live_analysis_interfaces-0.1.0-py3.9.egg-info/PKG-INFO
-- Symlinking: /home/paranavision/ros2_ws/QPath_ROS2_ws/install/live_analysis_interfaces/lib/python3.9/site-packages/live_analysis_interfaces-0.1.0-py3.9.egg-info/SOURCES.txt
-- Symlinking: /home/paranavision/ros2_ws/QPath_ROS2_ws/install/live_analysis_interfaces/lib/python3.9/site-packages/live_analysis_interfaces-0.1.0-py3.9.egg-info/dependency_links.txt
-- Symlinking: /home/paranavision/ros2_ws/QPath_ROS2_ws/install/live_analysis_interfaces/lib/python3.9/site-packages/live_analysis_interfaces-0.1.0-py3.9.egg-info/top_level.txt
-- Symlinking: /home/paranavision/ros2_ws/QPath_ROS2_ws/install/live_analysis_interfaces/lib/python3.9/site-packages/live_analysis_interfaces/__init__.py
-- Symlinking: /home/paranavision/ros2_ws/QPath_ROS2_ws/install/live_analysis_interfaces/lib/python3.9/site-packages/live_analysis_interfaces/_live_analysis_interfaces_s.ep.rosidl_typesupport_c.c
-- Symlinking: /home/paranavision/ros2_ws/QPath_ROS2_ws/install/live_analysis_interfaces/lib/python3.9/site-packages/live_analysis_interfaces/_live_analysis_interfaces_s.ep.rosidl_typesupport_fastrtps_c.c
-- Symlinking: /home/paranavision/ros2_ws/QPath_ROS2_ws/install/live_analysis_interfaces/lib/python3.9/site-packages/live_analysis_interfaces/_live_analysis_interfaces_s.ep.rosidl_typesupport_introspection_c.c
-- Symlinking: /home/paranavision/ros2_ws/QPath_ROS2_ws/install/live_analysis_interfaces/lib/python3.9/site-packages/live_analysis_interfaces/liblive_analysis_interfaces__rosidl_generator_py.so
-- Symlinking: /home/paranavision/ros2_ws/QPath_ROS2_ws/install/live_analysis_interfaces/lib/python3.9/site-packages/live_analysis_interfaces/live_analysis_interfaces_s__rosidl_typesupport_c.cpython-38-x86_64-linux-gnu.so
-- Symlinking: /home/paranavision/ros2_ws/QPath_ROS2_ws/install/live_analysis_interfaces/lib/python3.9/site-packages/live_analysis_interfaces/live_analysis_interfaces_s__rosidl_typesupport_fastrtps_c.cpython-38-x86_64-linux-gnu.so
-- Symlinking: /home/paranavision/ros2_ws/QPath_ROS2_ws/install/live_analysis_interfaces/lib/python3.9/site-packages/live_analysis_interfaces/live_analysis_interfaces_s__rosidl_typesupport_introspection_c.cpython-38-x86_64-linux-gnu.so
-- Symlinking: /home/paranavision/ros2_ws/QPath_ROS2_ws/install/live_analysis_interfaces/lib/python3.9/site-packages/live_analysis_interfaces/msg/__init__.py
-- Symlinking: /home/paranavision/ros2_ws/QPath_ROS2_ws/install/live_analysis_interfaces/lib/python3.9/site-packages/live_analysis_interfaces/msg/_test_done.py
-- Symlinking: /home/paranavision/ros2_ws/QPath_ROS2_ws/install/live_analysis_interfaces/lib/python3.9/site-packages/live_analysis_interfaces/msg/_test_done_s.c
-- Symlinking: /home/paranavision/ros2_ws/QPath_ROS2_ws/install/live_analysis_interfaces/lib/python3.9/site-packages/live_analysis_interfaces/msg/_test_progress.py
-- Symlinking: /home/paranavision/ros2_ws/QPath_ROS2_ws/install/live_analysis_interfaces/lib/python3.9/site-packages/live_analysis_interfaces/msg/_test_progress_s.c
-- Symlinking: /home/paranavision/ros2_ws/QPath_ROS2_ws/install/live_analysis_interfaces/lib/python3.9/site-packages/live_analysis_interfaces/msg/_test_request.py
-- Symlinking: /home/paranavision/ros2_ws/QPath_ROS2_ws/install/live_analysis_interfaces/lib/python3.9/site-packages/live_analysis_interfaces/msg/_test_request_client.py
-- Symlinking: /home/paranavision/ros2_ws/QPath_ROS2_ws/install/live_analysis_interfaces/lib/python3.9/site-packages/live_analysis_interfaces/msg/_test_request_client_s.c
-- Symlinking: /home/paranavision/ros2_ws/QPath_ROS2_ws/install/live_analysis_interfaces/lib/python3.9/site-packages/live_analysis_interfaces/msg/_test_request_s.c
-- Symlinking: /home/paranavision/ros2_ws/QPath_ROS2_ws/install/live_analysis_interfaces/lib/python3.9/site-packages/live_analysis_interfaces/msg/_test_result.py
-- Symlinking: /home/paranavision/ros2_ws/QPath_ROS2_ws/install/live_analysis_interfaces/lib/python3.9/site-packages/live_analysis_interfaces/msg/_test_result_s.c
-- Symlinking: /home/paranavision/ros2_ws/QPath_ROS2_ws/install/live_analysis_interfaces/lib/python3.9/site-packages/live_analysis_interfaces/msg/_train_request.py
-- Symlinking: /home/paranavision/ros2_ws/QPath_ROS2_ws/install/live_analysis_interfaces/lib/python3.9/site-packages/live_analysis_interfaces/msg/_train_request_client.py
-- Symlinking: /home/paranavision/ros2_ws/QPath_ROS2_ws/install/live_analysis_interfaces/lib/python3.9/site-packages/live_analysis_interfaces/msg/_train_request_client_s.c
-- Symlinking: /home/paranavision/ros2_ws/QPath_ROS2_ws/install/live_analysis_interfaces/lib/python3.9/site-packages/live_analysis_interfaces/msg/_train_request_s.c
-- Symlinking: /home/paranavision/ros2_ws/QPath_ROS2_ws/install/live_analysis_interfaces/lib/python3.9/site-packages/live_analysis_interfaces/msg/_training_result.py
-- Symlinking: /home/paranavision/ros2_ws/QPath_ROS2_ws/install/live_analysis_interfaces/lib/python3.9/site-packages/live_analysis_interfaces/msg/_training_result_s.c
-- Up-to-date symlink: /home/paranavision/ros2_ws/QPath_ROS2_ws/install/live_analysis_interfaces/lib/python3.9/site-packages/live_analysis_interfaces/live_analysis_interfaces_s__rosidl_typesupport_fastrtps_c.cpython-38-x86_64-linux-gnu.so
-- Up-to-date symlink: /home/paranavision/ros2_ws/QPath_ROS2_ws/install/live_analysis_interfaces/lib/python3.9/site-packages/live_analysis_interfaces/live_analysis_interfaces_s__rosidl_typesupport_introspection_c.cpython-38-x86_64-linux-gnu.so
-- Up-to-date symlink: /home/paranavision/ros2_ws/QPath_ROS2_ws/install/live_analysis_interfaces/lib/python3.9/site-packages/live_analysis_interfaces/live_analysis_interfaces_s__rosidl_typesupport_c.cpython-38-x86_64-linux-gnu.so
-- Symlinking: /home/paranavision/ros2_ws/QPath_ROS2_ws/install/live_analysis_interfaces/share/live_analysis_interfaces/msg/TestRequest.idl
-- Symlinking: /home/paranavision/ros2_ws/QPath_ROS2_ws/install/live_analysis_interfaces/share/live_analysis_interfaces/msg/TestRequestClient.idl
-- Symlinking: /home/paranavision/ros2_ws/QPath_ROS2_ws/install/live_analysis_interfaces/share/live_analysis_interfaces/msg/TestResult.idl
-- Symlinking: /home/paranavision/ros2_ws/QPath_ROS2_ws/install/live_analysis_interfaces/share/live_analysis_interfaces/msg/TrainRequest.idl
-- Symlinking: /home/paranavision/ros2_ws/QPath_ROS2_ws/install/live_analysis_interfaces/share/live_analysis_interfaces/msg/TrainRequestClient.idl
-- Symlinking: /home/paranavision/ros2_ws/QPath_ROS2_ws/install/live_analysis_interfaces/share/live_analysis_interfaces/msg/TrainingResult.idl
-- Symlinking: /home/paranavision/ros2_ws/QPath_ROS2_ws/install/live_analysis_interfaces/share/live_analysis_interfaces/msg/TestDone.idl
-- Symlinking: /home/paranavision/ros2_ws/QPath_ROS2_ws/install/live_analysis_interfaces/share/live_analysis_interfaces/msg/TestProgress.idl
-- Symlinking: /home/paranavision/ros2_ws/QPath_ROS2_ws/install/live_analysis_interfaces/share/live_analysis_interfaces/msg/TestRequest.msg
-- Symlinking: /home/paranavision/ros2_ws/QPath_ROS2_ws/install/live_analysis_interfaces/share/live_analysis_interfaces/msg/TestRequestClient.msg
-- Symlinking: /home/paranavision/ros2_ws/QPath_ROS2_ws/install/live_analysis_interfaces/share/live_analysis_interfaces/msg/TestResult.msg
-- Symlinking: /home/paranavision/ros2_ws/QPath_ROS2_ws/install/live_analysis_interfaces/share/live_analysis_interfaces/msg/TrainRequest.msg
-- Symlinking: /home/paranavision/ros2_ws/QPath_ROS2_ws/install/live_analysis_interfaces/share/live_analysis_interfaces/msg/TrainRequestClient.msg
-- Symlinking: /home/paranavision/ros2_ws/QPath_ROS2_ws/install/live_analysis_interfaces/share/live_analysis_interfaces/msg/TrainingResult.msg
-- Symlinking: /home/paranavision/ros2_ws/QPath_ROS2_ws/install/live_analysis_interfaces/share/live_analysis_interfaces/msg/TestDone.msg
-- Symlinking: /home/paranavision/ros2_ws/QPath_ROS2_ws/install/live_analysis_interfaces/share/live_analysis_interfaces/msg/TestProgress.msg
-- Symlinking: /home/paranavision/ros2_ws/QPath_ROS2_ws/install/live_analysis_interfaces/share/ament_index/resource_index/package_run_dependencies/live_analysis_interfaces
-- Symlinking: /home/paranavision/ros2_ws/QPath_ROS2_ws/install/live_analysis_interfaces/share/ament_index/resource_index/parent_prefix_path/live_analysis_interfaces
-- Symlinking: /home/paranavision/ros2_ws/QPath_ROS2_ws/install/live_analysis_interfaces/share/live_analysis_interfaces/environment/ament_prefix_path.sh
-- Symlinking: /home/paranavision/ros2_ws/QPath_ROS2_ws/install/live_analysis_interfaces/share/live_analysis_interfaces/environment/ament_prefix_path.dsv
-- Symlinking: /home/paranavision/ros2_ws/QPath_ROS2_ws/install/live_analysis_interfaces/share/live_analysis_interfaces/environment/path.sh
-- Symlinking: /home/paranavision/ros2_ws/QPath_ROS2_ws/install/live_analysis_interfaces/share/live_analysis_interfaces/environment/path.dsv
-- Symlinking: /home/paranavision/ros2_ws/QPath_ROS2_ws/install/live_analysis_interfaces/share/live_analysis_interfaces/local_setup.bash
-- Symlinking: /home/paranavision/ros2_ws/QPath_ROS2_ws/install/live_analysis_interfaces/share/live_analysis_interfaces/local_setup.sh
-- Symlinking: /home/paranavision/ros2_ws/QPath_ROS2_ws/install/live_analysis_interfaces/share/live_analysis_interfaces/local_setup.zsh
-- Symlinking: /home/paranavision/ros2_ws/QPath_ROS2_ws/install/live_analysis_interfaces/share/live_analysis_interfaces/local_setup.dsv
-- Symlinking: /home/paranavision/ros2_ws/QPath_ROS2_ws/install/live_analysis_interfaces/share/live_analysis_interfaces/package.dsv
-- Symlinking: /home/paranavision/ros2_ws/QPath_ROS2_ws/install/live_analysis_interfaces/share/ament_index/resource_index/packages/live_analysis_interfaces
-- Symlinking: /home/paranavision/ros2_ws/QPath_ROS2_ws/install/live_analysis_interfaces/share/live_analysis_interfaces/cmake/rosidl_cmake-extras.cmake
-- Symlinking: /home/paranavision/ros2_ws/QPath_ROS2_ws/install/live_analysis_interfaces/share/live_analysis_interfaces/cmake/ament_cmake_export_dependencies-extras.cmake
-- Symlinking: /home/paranavision/ros2_ws/QPath_ROS2_ws/install/live_analysis_interfaces/share/live_analysis_interfaces/cmake/ament_cmake_export_libraries-extras.cmake
-- Symlinking: /home/paranavision/ros2_ws/QPath_ROS2_ws/install/live_analysis_interfaces/share/live_analysis_interfaces/cmake/ament_cmake_export_targets-extras.cmake
-- Symlinking: /home/paranavision/ros2_ws/QPath_ROS2_ws/install/live_analysis_interfaces/share/live_analysis_interfaces/cmake/ament_cmake_export_include_directories-extras.cmake
-- Symlinking: /home/paranavision/ros2_ws/QPath_ROS2_ws/install/live_analysis_interfaces/share/live_analysis_interfaces/cmake/rosidl_cmake_export_typesupport_libraries-extras.cmake
-- Symlinking: /home/paranavision/ros2_ws/QPath_ROS2_ws/install/live_analysis_interfaces/share/live_analysis_interfaces/cmake/rosidl_cmake_export_typesupport_targets-extras.cmake
-- Symlinking: /home/paranavision/ros2_ws/QPath_ROS2_ws/install/live_analysis_interfaces/share/live_analysis_interfaces/cmake/live_analysis_interfacesConfig.cmake
-- Symlinking: /home/paranavision/ros2_ws/QPath_ROS2_ws/install/live_analysis_interfaces/share/live_analysis_interfaces/cmake/live_analysis_interfacesConfig-version.cmake
-- Symlinking: /home/paranavision/ros2_ws/QPath_ROS2_ws/install/live_analysis_interfaces/share/live_analysis_interfaces/package.xml
-- Installing: /home/paranavision/ros2_ws/QPath_ROS2_ws/install/live_analysis_interfaces/lib/liblive_analysis_interfaces__rosidl_generator_c.so
-- Set runtime path of "/home/paranavision/ros2_ws/QPath_ROS2_ws/install/live_analysis_interfaces/lib/liblive_analysis_interfaces__rosidl_generator_c.so" to ""
-- Installing: /home/paranavision/ros2_ws/QPath_ROS2_ws/install/live_analysis_interfaces/lib/liblive_analysis_interfaces__rosidl_typesupport_introspection_c.so
-- Set runtime path of "/home/paranavision/ros2_ws/QPath_ROS2_ws/install/live_analysis_interfaces/lib/liblive_analysis_interfaces__rosidl_typesupport_introspection_c.so" to ""
-- Installing: /home/paranavision/ros2_ws/QPath_ROS2_ws/install/live_analysis_interfaces/lib/liblive_analysis_interfaces__rosidl_typesupport_c.so
-- Set runtime path of "/home/paranavision/ros2_ws/QPath_ROS2_ws/install/live_analysis_interfaces/lib/liblive_analysis_interfaces__rosidl_typesupport_c.so" to ""
-- Installing: /home/paranavision/ros2_ws/QPath_ROS2_ws/install/live_analysis_interfaces/lib/liblive_analysis_interfaces__rosidl_typesupport_introspection_cpp.so
-- Set runtime path of "/home/paranavision/ros2_ws/QPath_ROS2_ws/install/live_analysis_interfaces/lib/liblive_analysis_interfaces__rosidl_typesupport_introspection_cpp.so" to ""
-- Installing: /home/paranavision/ros2_ws/QPath_ROS2_ws/install/live_analysis_interfaces/lib/liblive_analysis_interfaces__rosidl_typesupport_cpp.so
-- Set runtime path of "/home/paranavision/ros2_ws/QPath_ROS2_ws/install/live_analysis_interfaces/lib/liblive_analysis_interfaces__rosidl_typesupport_cpp.so" to ""
Listing '/home/paranavision/ros2_ws/QPath_ROS2_ws/install/live_analysis_interfaces/lib/python3.9/site-packages/live_analysis_interfaces'...
Compiling '/home/paranavision/ros2_ws/QPath_ROS2_ws/install/live_analysis_interfaces/lib/python3.9/site-packages/live_analysis_interfaces/__init__.py'...
Listing '/home/paranavision/ros2_ws/QPath_ROS2_ws/install/live_analysis_interfaces/lib/python3.9/site-packages/live_analysis_interfaces/msg'...
Compiling '/home/paranavision/ros2_ws/QPath_ROS2_ws/install/live_analysis_interfaces/lib/python3.9/site-packages/live_analysis_interfaces/msg/__init__.py'...
Compiling '/home/paranavision/ros2_ws/QPath_ROS2_ws/install/live_analysis_interfaces/lib/python3.9/site-packages/live_analysis_interfaces/msg/_test_done.py'...
Compiling '/home/paranavision/ros2_ws/QPath_ROS2_ws/install/live_analysis_interfaces/lib/python3.9/site-packages/live_analysis_interfaces/msg/_test_progress.py'...
Compiling '/home/paranavision/ros2_ws/QPath_ROS2_ws/install/live_analysis_interfaces/lib/python3.9/site-packages/live_analysis_interfaces/msg/_test_request.py'...
Compiling '/home/paranavision/ros2_ws/QPath_ROS2_ws/install/live_analysis_interfaces/lib/python3.9/site-packages/live_analysis_interfaces/msg/_test_request_client.py'...
Compiling '/home/paranavision/ros2_ws/QPath_ROS2_ws/install/live_analysis_interfaces/lib/python3.9/site-packages/live_analysis_interfaces/msg/_test_result.py'...
Compiling '/home/paranavision/ros2_ws/QPath_ROS2_ws/install/live_analysis_interfaces/lib/python3.9/site-packages/live_analysis_interfaces/msg/_train_request.py'...
Compiling '/home/paranavision/ros2_ws/QPath_ROS2_ws/install/live_analysis_interfaces/lib/python3.9/site-packages/live_analysis_interfaces/msg/_train_request_client.py'...
Compiling '/home/paranavision/ros2_ws/QPath_ROS2_ws/install/live_analysis_interfaces/lib/python3.9/site-packages/live_analysis_interfaces/msg/_training_result.py'...
-- Installing: /home/paranavision/ros2_ws/QPath_ROS2_ws/install/live_analysis_interfaces/lib/liblive_analysis_interfaces__rosidl_generator_py.so
-- Set runtime path of "/home/paranavision/ros2_ws/QPath_ROS2_ws/install/live_analysis_interfaces/lib/liblive_analysis_interfaces__rosidl_generator_py.so" to ""
-- Installing: /home/paranavision/ros2_ws/QPath_ROS2_ws/install/live_analysis_interfaces/share/live_analysis_interfaces/cmake/live_analysis_interfaces__rosidl_generator_cExport.cmake
-- Installing: /home/paranavision/ros2_ws/QPath_ROS2_ws/install/live_analysis_interfaces/share/live_analysis_interfaces/cmake/live_analysis_interfaces__rosidl_generator_cExport-noconfig.cmake
-- Installing: /home/paranavision/ros2_ws/QPath_ROS2_ws/install/live_analysis_interfaces/share/live_analysis_interfaces/cmake/live_analysis_interfaces__rosidl_typesupport_introspection_cExport.cmake
-- Installing: /home/paranavision/ros2_ws/QPath_ROS2_ws/install/live_analysis_interfaces/share/live_analysis_interfaces/cmake/live_analysis_interfaces__rosidl_typesupport_introspection_cExport-noconfig.cmake
-- Installing: /home/paranavision/ros2_ws/QPath_ROS2_ws/install/live_analysis_interfaces/share/live_analysis_interfaces/cmake/live_analysis_interfaces__rosidl_typesupport_cExport.cmake
-- Installing: /home/paranavision/ros2_ws/QPath_ROS2_ws/install/live_analysis_interfaces/share/live_analysis_interfaces/cmake/live_analysis_interfaces__rosidl_typesupport_cExport-noconfig.cmake
-- Installing: /home/paranavision/ros2_ws/QPath_ROS2_ws/install/live_analysis_interfaces/share/live_analysis_interfaces/cmake/live_analysis_interfaces__rosidl_generator_cppExport.cmake
-- Installing: /home/paranavision/ros2_ws/QPath_ROS2_ws/install/live_analysis_interfaces/share/live_analysis_interfaces/cmake/live_analysis_interfaces__rosidl_typesupport_introspection_cppExport.cmake
-- Installing: /home/paranavision/ros2_ws/QPath_ROS2_ws/install/live_analysis_interfaces/share/live_analysis_interfaces/cmake/live_analysis_interfaces__rosidl_typesupport_introspection_cppExport-noconfig.cmake
-- Installing: /home/paranavision/ros2_ws/QPath_ROS2_ws/install/live_analysis_interfaces/share/live_analysis_interfaces/cmake/live_analysis_interfaces__rosidl_typesupport_cppExport.cmake
-- Installing: /home/paranavision/ros2_ws/QPath_ROS2_ws/install/live_analysis_interfaces/share/live_analysis_interfaces/cmake/live_analysis_interfaces__rosidl_typesupport_cppExport-noconfig.cmake
-- Installing: /home/paranavision/ros2_ws/QPath_ROS2_ws/install/live_analysis_interfaces/share/live_analysis_interfaces/cmake/export_live_analysis_interfaces__rosidl_generator_pyExport.cmake
-- Installing: /home/paranavision/ros2_ws/QPath_ROS2_ws/install/live_analysis_interfaces/share/live_analysis_interfaces/cmake/export_live_analysis_interfaces__rosidl_generator_pyExport-noconfig.cmake
