[0.022s] Invoking command in '/home/paranavision/ros2_ws/QPath_ROS2_ws/build/live_analysis_interfaces': CMAKE_PREFIX_PATH=/opt/ros/rolling /usr/bin/cmake --build /home/paranavision/ros2_ws/QPath_ROS2_ws/build/live_analysis_interfaces -- -j6 -l6
[0.245s] [  1%] Built target live_analysis_interfaces__cpp
[0.245s] [  1%] Built target ament_cmake_python_symlink_live_analysis_interfaces
[0.245s] [ 12%] Built target live_analysis_interfaces__rosidl_generator_c
[0.245s] [ 25%] Built target live_analysis_interfaces__rosidl_typesupport_introspection_cpp
[0.245s] [ 35%] Built target live_analysis_interfaces__rosidl_typesupport_cpp
[0.245s] [ 47%] Built target live_analysis_interfaces__rosidl_typesupport_fastrtps_cpp
[0.245s] [ 58%] Built target live_analysis_interfaces__rosidl_typesupport_introspection_c
[0.245s] [ 70%] Built target live_analysis_interfaces__rosidl_typesupport_c
[0.245s] [ 81%] Built target live_analysis_interfaces__rosidl_typesupport_fastrtps_c
[0.245s] [ 81%] Built target live_analysis_interfaces
[0.245s] [ 82%] Built target live_analysis_interfaces__py
[0.245s] [ 93%] Built target live_analysis_interfaces__rosidl_generator_py
[0.245s] [ 97%] Built target live_analysis_interfaces__rosidl_typesupport_fastrtps_c__pyext
[0.245s] [ 97%] Built target live_analysis_interfaces__rosidl_typesupport_c__pyext
[0.246s] [100%] Built target live_analysis_interfaces__rosidl_typesupport_introspection_c__pyext
[0.397s] running egg_info
[0.397s] writing live_analysis_interfaces.egg-info/PKG-INFO
[0.397s] writing dependency_links to live_analysis_interfaces.egg-info/dependency_links.txt
[0.397s] writing top-level names to live_analysis_interfaces.egg-info/top_level.txt
[0.450s] reading manifest file 'live_analysis_interfaces.egg-info/SOURCES.txt'
[0.450s] writing manifest file 'live_analysis_interfaces.egg-info/SOURCES.txt'
[0.479s] [100%] Built target ament_cmake_python_build_live_analysis_interfaces_egg
[0.488s] Invoked command in '/home/paranavision/ros2_ws/QPath_ROS2_ws/build/live_analysis_interfaces' returned '0': CMAKE_PREFIX_PATH=/opt/ros/rolling /usr/bin/cmake --build /home/paranavision/ros2_ws/QPath_ROS2_ws/build/live_analysis_interfaces -- -j6 -l6
[0.490s] Invoking command in '/home/paranavision/ros2_ws/QPath_ROS2_ws/build/live_analysis_interfaces': CMAKE_PREFIX_PATH=/opt/ros/rolling /usr/bin/cmake --install /home/paranavision/ros2_ws/QPath_ROS2_ws/build/live_analysis_interfaces
[0.497s] -- Install configuration: ""
[0.497s] -- Execute custom install script
[0.498s] -- Symlinking: /home/paranavision/ros2_ws/QPath_ROS2_ws/install/live_analysis_interfaces/share/ament_index/resource_index/rosidl_interfaces/live_analysis_interfaces
[0.506s] -- Symlinking: /home/paranavision/ros2_ws/QPath_ROS2_ws/install/live_analysis_interfaces/include/live_analysis_interfaces/msg/detail/test_done__functions.h
[0.513s] -- Symlinking: /home/paranavision/ros2_ws/QPath_ROS2_ws/install/live_analysis_interfaces/include/live_analysis_interfaces/msg/detail/test_done__struct.h
[0.520s] -- Symlinking: /home/paranavision/ros2_ws/QPath_ROS2_ws/install/live_analysis_interfaces/include/live_analysis_interfaces/msg/detail/test_done__type_support.h
[0.528s] -- Symlinking: /home/paranavision/ros2_ws/QPath_ROS2_ws/install/live_analysis_interfaces/include/live_analysis_interfaces/msg/detail/test_progress__functions.h
[0.535s] -- Symlinking: /home/paranavision/ros2_ws/QPath_ROS2_ws/install/live_analysis_interfaces/include/live_analysis_interfaces/msg/detail/test_progress__struct.h
[0.542s] -- Symlinking: /home/paranavision/ros2_ws/QPath_ROS2_ws/install/live_analysis_interfaces/include/live_analysis_interfaces/msg/detail/test_progress__type_support.h
[0.549s] -- Symlinking: /home/paranavision/ros2_ws/QPath_ROS2_ws/install/live_analysis_interfaces/include/live_analysis_interfaces/msg/detail/test_request__functions.h
[0.556s] -- Symlinking: /home/paranavision/ros2_ws/QPath_ROS2_ws/install/live_analysis_interfaces/include/live_analysis_interfaces/msg/detail/test_request__struct.h
[0.563s] -- Symlinking: /home/paranavision/ros2_ws/QPath_ROS2_ws/install/live_analysis_interfaces/include/live_analysis_interfaces/msg/detail/test_request__type_support.h
[0.570s] -- Symlinking: /home/paranavision/ros2_ws/QPath_ROS2_ws/install/live_analysis_interfaces/include/live_analysis_interfaces/msg/detail/test_request_client__functions.h
[0.577s] -- Symlinking: /home/paranavision/ros2_ws/QPath_ROS2_ws/install/live_analysis_interfaces/include/live_analysis_interfaces/msg/detail/test_request_client__struct.h
[0.584s] -- Symlinking: /home/paranavision/ros2_ws/QPath_ROS2_ws/install/live_analysis_interfaces/include/live_analysis_interfaces/msg/detail/test_request_client__type_support.h
[0.592s] -- Symlinking: /home/paranavision/ros2_ws/QPath_ROS2_ws/install/live_analysis_interfaces/include/live_analysis_interfaces/msg/detail/test_result__functions.h
[0.599s] -- Symlinking: /home/paranavision/ros2_ws/QPath_ROS2_ws/install/live_analysis_interfaces/include/live_analysis_interfaces/msg/detail/test_result__struct.h
[0.606s] -- Symlinking: /home/paranavision/ros2_ws/QPath_ROS2_ws/install/live_analysis_interfaces/include/live_analysis_interfaces/msg/detail/test_result__type_support.h
[0.614s] -- Symlinking: /home/paranavision/ros2_ws/QPath_ROS2_ws/install/live_analysis_interfaces/include/live_analysis_interfaces/msg/detail/train_request__functions.h
[0.621s] -- Symlinking: /home/paranavision/ros2_ws/QPath_ROS2_ws/install/live_analysis_interfaces/include/live_analysis_interfaces/msg/detail/train_request__struct.h
[0.629s] -- Symlinking: /home/paranavision/ros2_ws/QPath_ROS2_ws/install/live_analysis_interfaces/include/live_analysis_interfaces/msg/detail/train_request__type_support.h
[0.636s] -- Symlinking: /home/paranavision/ros2_ws/QPath_ROS2_ws/install/live_analysis_interfaces/include/live_analysis_interfaces/msg/detail/train_request_client__functions.h
[0.643s] -- Symlinking: /home/paranavision/ros2_ws/QPath_ROS2_ws/install/live_analysis_interfaces/include/live_analysis_interfaces/msg/detail/train_request_client__struct.h
[0.650s] -- Symlinking: /home/paranavision/ros2_ws/QPath_ROS2_ws/install/live_analysis_interfaces/include/live_analysis_interfaces/msg/detail/train_request_client__type_support.h
[0.658s] -- Symlinking: /home/paranavision/ros2_ws/QPath_ROS2_ws/install/live_analysis_interfaces/include/live_analysis_interfaces/msg/detail/training_result__functions.h
[0.665s] -- Symlinking: /home/paranavision/ros2_ws/QPath_ROS2_ws/install/live_analysis_interfaces/include/live_analysis_interfaces/msg/detail/training_result__struct.h
[0.672s] -- Symlinking: /home/paranavision/ros2_ws/QPath_ROS2_ws/install/live_analysis_interfaces/include/live_analysis_interfaces/msg/detail/training_result__type_support.h
[0.679s] -- Symlinking: /home/paranavision/ros2_ws/QPath_ROS2_ws/install/live_analysis_interfaces/include/live_analysis_interfaces/msg/rosidl_generator_c__visibility_control.h
[0.686s] -- Symlinking: /home/paranavision/ros2_ws/QPath_ROS2_ws/install/live_analysis_interfaces/include/live_analysis_interfaces/msg/test_done.h
[0.693s] -- Symlinking: /home/paranavision/ros2_ws/QPath_ROS2_ws/install/live_analysis_interfaces/include/live_analysis_interfaces/msg/test_progress.h
[0.700s] -- Symlinking: /home/paranavision/ros2_ws/QPath_ROS2_ws/install/live_analysis_interfaces/include/live_analysis_interfaces/msg/test_request.h
[0.708s] -- Symlinking: /home/paranavision/ros2_ws/QPath_ROS2_ws/install/live_analysis_interfaces/include/live_analysis_interfaces/msg/test_request_client.h
[0.715s] -- Symlinking: /home/paranavision/ros2_ws/QPath_ROS2_ws/install/live_analysis_interfaces/include/live_analysis_interfaces/msg/test_result.h
[0.724s] -- Symlinking: /home/paranavision/ros2_ws/QPath_ROS2_ws/install/live_analysis_interfaces/include/live_analysis_interfaces/msg/train_request.h
[0.731s] -- Symlinking: /home/paranavision/ros2_ws/QPath_ROS2_ws/install/live_analysis_interfaces/include/live_analysis_interfaces/msg/train_request_client.h
[0.738s] -- Symlinking: /home/paranavision/ros2_ws/QPath_ROS2_ws/install/live_analysis_interfaces/include/live_analysis_interfaces/msg/training_result.h
[0.745s] -- Symlinking: /home/paranavision/ros2_ws/QPath_ROS2_ws/install/live_analysis_interfaces/share/live_analysis_interfaces/environment/library_path.sh
[0.753s] -- Symlinking: /home/paranavision/ros2_ws/QPath_ROS2_ws/install/live_analysis_interfaces/share/live_analysis_interfaces/environment/library_path.dsv
[0.760s] -- Symlinking: /home/paranavision/ros2_ws/QPath_ROS2_ws/install/live_analysis_interfaces/include/live_analysis_interfaces/msg/detail/test_done__rosidl_typesupport_fastrtps_c.h
[0.767s] -- Symlinking: /home/paranavision/ros2_ws/QPath_ROS2_ws/install/live_analysis_interfaces/include/live_analysis_interfaces/msg/detail/test_progress__rosidl_typesupport_fastrtps_c.h
[0.775s] -- Symlinking: /home/paranavision/ros2_ws/QPath_ROS2_ws/install/live_analysis_interfaces/include/live_analysis_interfaces/msg/detail/test_request__rosidl_typesupport_fastrtps_c.h
[0.782s] -- Symlinking: /home/paranavision/ros2_ws/QPath_ROS2_ws/install/live_analysis_interfaces/include/live_analysis_interfaces/msg/detail/test_request_client__rosidl_typesupport_fastrtps_c.h
[0.789s] -- Symlinking: /home/paranavision/ros2_ws/QPath_ROS2_ws/install/live_analysis_interfaces/include/live_analysis_interfaces/msg/detail/test_result__rosidl_typesupport_fastrtps_c.h
[0.796s] -- Symlinking: /home/paranavision/ros2_ws/QPath_ROS2_ws/install/live_analysis_interfaces/include/live_analysis_interfaces/msg/detail/train_request__rosidl_typesupport_fastrtps_c.h
[0.803s] -- Symlinking: /home/paranavision/ros2_ws/QPath_ROS2_ws/install/live_analysis_interfaces/include/live_analysis_interfaces/msg/detail/train_request_client__rosidl_typesupport_fastrtps_c.h
[0.811s] -- Symlinking: /home/paranavision/ros2_ws/QPath_ROS2_ws/install/live_analysis_interfaces/include/live_analysis_interfaces/msg/detail/training_result__rosidl_typesupport_fastrtps_c.h
[0.818s] -- Symlinking: /home/paranavision/ros2_ws/QPath_ROS2_ws/install/live_analysis_interfaces/include/live_analysis_interfaces/msg/rosidl_typesupport_fastrtps_c__visibility_control.h
[0.826s] -- Symlinking: /home/paranavision/ros2_ws/QPath_ROS2_ws/install/live_analysis_interfaces/lib/liblive_analysis_interfaces__rosidl_typesupport_fastrtps_c.so
[0.834s] -- Symlinking: /home/paranavision/ros2_ws/QPath_ROS2_ws/install/live_analysis_interfaces/include/live_analysis_interfaces/msg/detail/test_done__rosidl_typesupport_fastrtps_cpp.hpp
[0.841s] -- Symlinking: /home/paranavision/ros2_ws/QPath_ROS2_ws/install/live_analysis_interfaces/include/live_analysis_interfaces/msg/detail/test_progress__rosidl_typesupport_fastrtps_cpp.hpp
[0.849s] -- Symlinking: /home/paranavision/ros2_ws/QPath_ROS2_ws/install/live_analysis_interfaces/include/live_analysis_interfaces/msg/detail/test_request__rosidl_typesupport_fastrtps_cpp.hpp
[0.857s] -- Symlinking: /home/paranavision/ros2_ws/QPath_ROS2_ws/install/live_analysis_interfaces/include/live_analysis_interfaces/msg/detail/test_request_client__rosidl_typesupport_fastrtps_cpp.hpp
[0.865s] -- Symlinking: /home/paranavision/ros2_ws/QPath_ROS2_ws/install/live_analysis_interfaces/include/live_analysis_interfaces/msg/detail/test_result__rosidl_typesupport_fastrtps_cpp.hpp
[0.873s] -- Symlinking: /home/paranavision/ros2_ws/QPath_ROS2_ws/install/live_analysis_interfaces/include/live_analysis_interfaces/msg/detail/train_request__rosidl_typesupport_fastrtps_cpp.hpp
[0.881s] -- Symlinking: /home/paranavision/ros2_ws/QPath_ROS2_ws/install/live_analysis_interfaces/include/live_analysis_interfaces/msg/detail/train_request_client__rosidl_typesupport_fastrtps_cpp.hpp
[0.888s] -- Symlinking: /home/paranavision/ros2_ws/QPath_ROS2_ws/install/live_analysis_interfaces/include/live_analysis_interfaces/msg/detail/training_result__rosidl_typesupport_fastrtps_cpp.hpp
[0.895s] -- Symlinking: /home/paranavision/ros2_ws/QPath_ROS2_ws/install/live_analysis_interfaces/include/live_analysis_interfaces/msg/rosidl_typesupport_fastrtps_cpp__visibility_control.h
[0.902s] -- Symlinking: /home/paranavision/ros2_ws/QPath_ROS2_ws/install/live_analysis_interfaces/lib/liblive_analysis_interfaces__rosidl_typesupport_fastrtps_cpp.so
[0.910s] -- Symlinking: /home/paranavision/ros2_ws/QPath_ROS2_ws/install/live_analysis_interfaces/include/live_analysis_interfaces/msg/detail/test_done__rosidl_typesupport_introspection_c.h
[0.918s] -- Symlinking: /home/paranavision/ros2_ws/QPath_ROS2_ws/install/live_analysis_interfaces/include/live_analysis_interfaces/msg/detail/test_progress__rosidl_typesupport_introspection_c.h
[0.925s] -- Symlinking: /home/paranavision/ros2_ws/QPath_ROS2_ws/install/live_analysis_interfaces/include/live_analysis_interfaces/msg/detail/test_request__rosidl_typesupport_introspection_c.h
[0.933s] -- Symlinking: /home/paranavision/ros2_ws/QPath_ROS2_ws/install/live_analysis_interfaces/include/live_analysis_interfaces/msg/detail/test_request_client__rosidl_typesupport_introspection_c.h
[0.940s] -- Symlinking: /home/paranavision/ros2_ws/QPath_ROS2_ws/install/live_analysis_interfaces/include/live_analysis_interfaces/msg/detail/test_result__rosidl_typesupport_introspection_c.h
[0.947s] -- Symlinking: /home/paranavision/ros2_ws/QPath_ROS2_ws/install/live_analysis_interfaces/include/live_analysis_interfaces/msg/detail/train_request__rosidl_typesupport_introspection_c.h
[0.955s] -- Symlinking: /home/paranavision/ros2_ws/QPath_ROS2_ws/install/live_analysis_interfaces/include/live_analysis_interfaces/msg/detail/train_request_client__rosidl_typesupport_introspection_c.h
[0.962s] -- Symlinking: /home/paranavision/ros2_ws/QPath_ROS2_ws/install/live_analysis_interfaces/include/live_analysis_interfaces/msg/detail/training_result__rosidl_typesupport_introspection_c.h
[0.969s] -- Symlinking: /home/paranavision/ros2_ws/QPath_ROS2_ws/install/live_analysis_interfaces/include/live_analysis_interfaces/msg/rosidl_typesupport_introspection_c__visibility_control.h
[0.977s] -- Symlinking: /home/paranavision/ros2_ws/QPath_ROS2_ws/install/live_analysis_interfaces/include/live_analysis_interfaces/msg/detail/test_done__builder.hpp
[0.984s] -- Symlinking: /home/paranavision/ros2_ws/QPath_ROS2_ws/install/live_analysis_interfaces/include/live_analysis_interfaces/msg/detail/test_done__struct.hpp
[0.992s] -- Symlinking: /home/paranavision/ros2_ws/QPath_ROS2_ws/install/live_analysis_interfaces/include/live_analysis_interfaces/msg/detail/test_done__traits.hpp
[0.999s] -- Symlinking: /home/paranavision/ros2_ws/QPath_ROS2_ws/install/live_analysis_interfaces/include/live_analysis_interfaces/msg/detail/test_progress__builder.hpp
[1.006s] -- Symlinking: /home/paranavision/ros2_ws/QPath_ROS2_ws/install/live_analysis_interfaces/include/live_analysis_interfaces/msg/detail/test_progress__struct.hpp
[1.013s] -- Symlinking: /home/paranavision/ros2_ws/QPath_ROS2_ws/install/live_analysis_interfaces/include/live_analysis_interfaces/msg/detail/test_progress__traits.hpp
[1.021s] -- Symlinking: /home/paranavision/ros2_ws/QPath_ROS2_ws/install/live_analysis_interfaces/include/live_analysis_interfaces/msg/detail/test_request__builder.hpp
[1.028s] -- Symlinking: /home/paranavision/ros2_ws/QPath_ROS2_ws/install/live_analysis_interfaces/include/live_analysis_interfaces/msg/detail/test_request__struct.hpp
[1.036s] -- Symlinking: /home/paranavision/ros2_ws/QPath_ROS2_ws/install/live_analysis_interfaces/include/live_analysis_interfaces/msg/detail/test_request__traits.hpp
[1.043s] -- Symlinking: /home/paranavision/ros2_ws/QPath_ROS2_ws/install/live_analysis_interfaces/include/live_analysis_interfaces/msg/detail/test_request_client__builder.hpp
[1.050s] -- Symlinking: /home/paranavision/ros2_ws/QPath_ROS2_ws/install/live_analysis_interfaces/include/live_analysis_interfaces/msg/detail/test_request_client__struct.hpp
[1.057s] -- Symlinking: /home/paranavision/ros2_ws/QPath_ROS2_ws/install/live_analysis_interfaces/include/live_analysis_interfaces/msg/detail/test_request_client__traits.hpp
[1.064s] -- Symlinking: /home/paranavision/ros2_ws/QPath_ROS2_ws/install/live_analysis_interfaces/include/live_analysis_interfaces/msg/detail/test_result__builder.hpp
[1.071s] -- Symlinking: /home/paranavision/ros2_ws/QPath_ROS2_ws/install/live_analysis_interfaces/include/live_analysis_interfaces/msg/detail/test_result__struct.hpp
[1.079s] -- Symlinking: /home/paranavision/ros2_ws/QPath_ROS2_ws/install/live_analysis_interfaces/include/live_analysis_interfaces/msg/detail/test_result__traits.hpp
[1.086s] -- Symlinking: /home/paranavision/ros2_ws/QPath_ROS2_ws/install/live_analysis_interfaces/include/live_analysis_interfaces/msg/detail/train_request__builder.hpp
[1.092s] -- Symlinking: /home/paranavision/ros2_ws/QPath_ROS2_ws/install/live_analysis_interfaces/include/live_analysis_interfaces/msg/detail/train_request__struct.hpp
[1.099s] -- Symlinking: /home/paranavision/ros2_ws/QPath_ROS2_ws/install/live_analysis_interfaces/include/live_analysis_interfaces/msg/detail/train_request__traits.hpp
[1.106s] -- Symlinking: /home/paranavision/ros2_ws/QPath_ROS2_ws/install/live_analysis_interfaces/include/live_analysis_interfaces/msg/detail/train_request_client__builder.hpp
[1.114s] -- Symlinking: /home/paranavision/ros2_ws/QPath_ROS2_ws/install/live_analysis_interfaces/include/live_analysis_interfaces/msg/detail/train_request_client__struct.hpp
[1.121s] -- Symlinking: /home/paranavision/ros2_ws/QPath_ROS2_ws/install/live_analysis_interfaces/include/live_analysis_interfaces/msg/detail/train_request_client__traits.hpp
[1.131s] -- Symlinking: /home/paranavision/ros2_ws/QPath_ROS2_ws/install/live_analysis_interfaces/include/live_analysis_interfaces/msg/detail/training_result__builder.hpp
[1.138s] -- Symlinking: /home/paranavision/ros2_ws/QPath_ROS2_ws/install/live_analysis_interfaces/include/live_analysis_interfaces/msg/detail/training_result__struct.hpp
[1.145s] -- Symlinking: /home/paranavision/ros2_ws/QPath_ROS2_ws/install/live_analysis_interfaces/include/live_analysis_interfaces/msg/detail/training_result__traits.hpp
[1.152s] -- Symlinking: /home/paranavision/ros2_ws/QPath_ROS2_ws/install/live_analysis_interfaces/include/live_analysis_interfaces/msg/test_done.hpp
[1.160s] -- Symlinking: /home/paranavision/ros2_ws/QPath_ROS2_ws/install/live_analysis_interfaces/include/live_analysis_interfaces/msg/test_progress.hpp
[1.167s] -- Symlinking: /home/paranavision/ros2_ws/QPath_ROS2_ws/install/live_analysis_interfaces/include/live_analysis_interfaces/msg/test_request.hpp
[1.174s] -- Symlinking: /home/paranavision/ros2_ws/QPath_ROS2_ws/install/live_analysis_interfaces/include/live_analysis_interfaces/msg/test_request_client.hpp
[1.181s] -- Symlinking: /home/paranavision/ros2_ws/QPath_ROS2_ws/install/live_analysis_interfaces/include/live_analysis_interfaces/msg/test_result.hpp
[1.188s] -- Symlinking: /home/paranavision/ros2_ws/QPath_ROS2_ws/install/live_analysis_interfaces/include/live_analysis_interfaces/msg/train_request.hpp
[1.195s] -- Symlinking: /home/paranavision/ros2_ws/QPath_ROS2_ws/install/live_analysis_interfaces/include/live_analysis_interfaces/msg/train_request_client.hpp
[1.202s] -- Symlinking: /home/paranavision/ros2_ws/QPath_ROS2_ws/install/live_analysis_interfaces/include/live_analysis_interfaces/msg/training_result.hpp
[1.210s] -- Symlinking: /home/paranavision/ros2_ws/QPath_ROS2_ws/install/live_analysis_interfaces/include/live_analysis_interfaces/msg/detail/test_done__rosidl_typesupport_introspection_cpp.hpp
[1.218s] -- Symlinking: /home/paranavision/ros2_ws/QPath_ROS2_ws/install/live_analysis_interfaces/include/live_analysis_interfaces/msg/detail/test_progress__rosidl_typesupport_introspection_cpp.hpp
[1.225s] -- Symlinking: /home/paranavision/ros2_ws/QPath_ROS2_ws/install/live_analysis_interfaces/include/live_analysis_interfaces/msg/detail/test_request__rosidl_typesupport_introspection_cpp.hpp
[1.232s] -- Symlinking: /home/paranavision/ros2_ws/QPath_ROS2_ws/install/live_analysis_interfaces/include/live_analysis_interfaces/msg/detail/test_request_client__rosidl_typesupport_introspection_cpp.hpp
[1.239s] -- Symlinking: /home/paranavision/ros2_ws/QPath_ROS2_ws/install/live_analysis_interfaces/include/live_analysis_interfaces/msg/detail/test_result__rosidl_typesupport_introspection_cpp.hpp
[1.246s] -- Symlinking: /home/paranavision/ros2_ws/QPath_ROS2_ws/install/live_analysis_interfaces/include/live_analysis_interfaces/msg/detail/train_request__rosidl_typesupport_introspection_cpp.hpp
[1.253s] -- Symlinking: /home/paranavision/ros2_ws/QPath_ROS2_ws/install/live_analysis_interfaces/include/live_analysis_interfaces/msg/detail/train_request_client__rosidl_typesupport_introspection_cpp.hpp
[1.261s] -- Symlinking: /home/paranavision/ros2_ws/QPath_ROS2_ws/install/live_analysis_interfaces/include/live_analysis_interfaces/msg/detail/training_result__rosidl_typesupport_introspection_cpp.hpp
[1.268s] -- Symlinking: /home/paranavision/ros2_ws/QPath_ROS2_ws/install/live_analysis_interfaces/share/live_analysis_interfaces/environment/pythonpath.sh
[1.275s] -- Symlinking: /home/paranavision/ros2_ws/QPath_ROS2_ws/install/live_analysis_interfaces/share/live_analysis_interfaces/environment/pythonpath.dsv
[1.282s] -- Symlinking: /home/paranavision/ros2_ws/QPath_ROS2_ws/install/live_analysis_interfaces/lib/python3.9/site-packages/live_analysis_interfaces-0.1.0-py3.9.egg-info/PKG-INFO
[1.289s] -- Symlinking: /home/paranavision/ros2_ws/QPath_ROS2_ws/install/live_analysis_interfaces/lib/python3.9/site-packages/live_analysis_interfaces-0.1.0-py3.9.egg-info/SOURCES.txt
[1.296s] -- Symlinking: /home/paranavision/ros2_ws/QPath_ROS2_ws/install/live_analysis_interfaces/lib/python3.9/site-packages/live_analysis_interfaces-0.1.0-py3.9.egg-info/dependency_links.txt
[1.303s] -- Symlinking: /home/paranavision/ros2_ws/QPath_ROS2_ws/install/live_analysis_interfaces/lib/python3.9/site-packages/live_analysis_interfaces-0.1.0-py3.9.egg-info/top_level.txt
[1.311s] -- Symlinking: /home/paranavision/ros2_ws/QPath_ROS2_ws/install/live_analysis_interfaces/lib/python3.9/site-packages/live_analysis_interfaces/__init__.py
[1.318s] -- Symlinking: /home/paranavision/ros2_ws/QPath_ROS2_ws/install/live_analysis_interfaces/lib/python3.9/site-packages/live_analysis_interfaces/_live_analysis_interfaces_s.ep.rosidl_typesupport_c.c
[1.325s] -- Symlinking: /home/paranavision/ros2_ws/QPath_ROS2_ws/install/live_analysis_interfaces/lib/python3.9/site-packages/live_analysis_interfaces/_live_analysis_interfaces_s.ep.rosidl_typesupport_fastrtps_c.c
[1.332s] -- Symlinking: /home/paranavision/ros2_ws/QPath_ROS2_ws/install/live_analysis_interfaces/lib/python3.9/site-packages/live_analysis_interfaces/_live_analysis_interfaces_s.ep.rosidl_typesupport_introspection_c.c
[1.340s] -- Symlinking: /home/paranavision/ros2_ws/QPath_ROS2_ws/install/live_analysis_interfaces/lib/python3.9/site-packages/live_analysis_interfaces/liblive_analysis_interfaces__rosidl_generator_py.so
[1.347s] -- Symlinking: /home/paranavision/ros2_ws/QPath_ROS2_ws/install/live_analysis_interfaces/lib/python3.9/site-packages/live_analysis_interfaces/live_analysis_interfaces_s__rosidl_typesupport_c.cpython-38-x86_64-linux-gnu.so
[1.354s] -- Symlinking: /home/paranavision/ros2_ws/QPath_ROS2_ws/install/live_analysis_interfaces/lib/python3.9/site-packages/live_analysis_interfaces/live_analysis_interfaces_s__rosidl_typesupport_fastrtps_c.cpython-38-x86_64-linux-gnu.so
[1.361s] -- Symlinking: /home/paranavision/ros2_ws/QPath_ROS2_ws/install/live_analysis_interfaces/lib/python3.9/site-packages/live_analysis_interfaces/live_analysis_interfaces_s__rosidl_typesupport_introspection_c.cpython-38-x86_64-linux-gnu.so
[1.368s] -- Symlinking: /home/paranavision/ros2_ws/QPath_ROS2_ws/install/live_analysis_interfaces/lib/python3.9/site-packages/live_analysis_interfaces/msg/__init__.py
[1.375s] -- Symlinking: /home/paranavision/ros2_ws/QPath_ROS2_ws/install/live_analysis_interfaces/lib/python3.9/site-packages/live_analysis_interfaces/msg/_test_done.py
[1.382s] -- Symlinking: /home/paranavision/ros2_ws/QPath_ROS2_ws/install/live_analysis_interfaces/lib/python3.9/site-packages/live_analysis_interfaces/msg/_test_done_s.c
[1.389s] -- Symlinking: /home/paranavision/ros2_ws/QPath_ROS2_ws/install/live_analysis_interfaces/lib/python3.9/site-packages/live_analysis_interfaces/msg/_test_progress.py
[1.396s] -- Symlinking: /home/paranavision/ros2_ws/QPath_ROS2_ws/install/live_analysis_interfaces/lib/python3.9/site-packages/live_analysis_interfaces/msg/_test_progress_s.c
[1.403s] -- Symlinking: /home/paranavision/ros2_ws/QPath_ROS2_ws/install/live_analysis_interfaces/lib/python3.9/site-packages/live_analysis_interfaces/msg/_test_request.py
[1.410s] -- Symlinking: /home/paranavision/ros2_ws/QPath_ROS2_ws/install/live_analysis_interfaces/lib/python3.9/site-packages/live_analysis_interfaces/msg/_test_request_client.py
[1.417s] -- Symlinking: /home/paranavision/ros2_ws/QPath_ROS2_ws/install/live_analysis_interfaces/lib/python3.9/site-packages/live_analysis_interfaces/msg/_test_request_client_s.c
[1.425s] -- Symlinking: /home/paranavision/ros2_ws/QPath_ROS2_ws/install/live_analysis_interfaces/lib/python3.9/site-packages/live_analysis_interfaces/msg/_test_request_s.c
[1.432s] -- Symlinking: /home/paranavision/ros2_ws/QPath_ROS2_ws/install/live_analysis_interfaces/lib/python3.9/site-packages/live_analysis_interfaces/msg/_test_result.py
[1.439s] -- Symlinking: /home/paranavision/ros2_ws/QPath_ROS2_ws/install/live_analysis_interfaces/lib/python3.9/site-packages/live_analysis_interfaces/msg/_test_result_s.c
[1.446s] -- Symlinking: /home/paranavision/ros2_ws/QPath_ROS2_ws/install/live_analysis_interfaces/lib/python3.9/site-packages/live_analysis_interfaces/msg/_train_request.py
[1.453s] -- Symlinking: /home/paranavision/ros2_ws/QPath_ROS2_ws/install/live_analysis_interfaces/lib/python3.9/site-packages/live_analysis_interfaces/msg/_train_request_client.py
[1.460s] -- Symlinking: /home/paranavision/ros2_ws/QPath_ROS2_ws/install/live_analysis_interfaces/lib/python3.9/site-packages/live_analysis_interfaces/msg/_train_request_client_s.c
[1.467s] -- Symlinking: /home/paranavision/ros2_ws/QPath_ROS2_ws/install/live_analysis_interfaces/lib/python3.9/site-packages/live_analysis_interfaces/msg/_train_request_s.c
[1.474s] -- Symlinking: /home/paranavision/ros2_ws/QPath_ROS2_ws/install/live_analysis_interfaces/lib/python3.9/site-packages/live_analysis_interfaces/msg/_training_result.py
[1.481s] -- Symlinking: /home/paranavision/ros2_ws/QPath_ROS2_ws/install/live_analysis_interfaces/lib/python3.9/site-packages/live_analysis_interfaces/msg/_training_result_s.c
[1.488s] -- Up-to-date symlink: /home/paranavision/ros2_ws/QPath_ROS2_ws/install/live_analysis_interfaces/lib/python3.9/site-packages/live_analysis_interfaces/live_analysis_interfaces_s__rosidl_typesupport_fastrtps_c.cpython-38-x86_64-linux-gnu.so
[1.489s] -- Up-to-date symlink: /home/paranavision/ros2_ws/QPath_ROS2_ws/install/live_analysis_interfaces/lib/python3.9/site-packages/live_analysis_interfaces/live_analysis_interfaces_s__rosidl_typesupport_introspection_c.cpython-38-x86_64-linux-gnu.so
[1.489s] -- Up-to-date symlink: /home/paranavision/ros2_ws/QPath_ROS2_ws/install/live_analysis_interfaces/lib/python3.9/site-packages/live_analysis_interfaces/live_analysis_interfaces_s__rosidl_typesupport_c.cpython-38-x86_64-linux-gnu.so
[1.489s] -- Symlinking: /home/paranavision/ros2_ws/QPath_ROS2_ws/install/live_analysis_interfaces/share/live_analysis_interfaces/msg/TestRequest.idl
[1.496s] -- Symlinking: /home/paranavision/ros2_ws/QPath_ROS2_ws/install/live_analysis_interfaces/share/live_analysis_interfaces/msg/TestRequestClient.idl
[1.503s] -- Symlinking: /home/paranavision/ros2_ws/QPath_ROS2_ws/install/live_analysis_interfaces/share/live_analysis_interfaces/msg/TestResult.idl
[1.511s] -- Symlinking: /home/paranavision/ros2_ws/QPath_ROS2_ws/install/live_analysis_interfaces/share/live_analysis_interfaces/msg/TrainRequest.idl
[1.518s] -- Symlinking: /home/paranavision/ros2_ws/QPath_ROS2_ws/install/live_analysis_interfaces/share/live_analysis_interfaces/msg/TrainRequestClient.idl
[1.526s] -- Symlinking: /home/paranavision/ros2_ws/QPath_ROS2_ws/install/live_analysis_interfaces/share/live_analysis_interfaces/msg/TrainingResult.idl
[1.533s] -- Symlinking: /home/paranavision/ros2_ws/QPath_ROS2_ws/install/live_analysis_interfaces/share/live_analysis_interfaces/msg/TestDone.idl
[1.541s] -- Symlinking: /home/paranavision/ros2_ws/QPath_ROS2_ws/install/live_analysis_interfaces/share/live_analysis_interfaces/msg/TestProgress.idl
[1.549s] -- Symlinking: /home/paranavision/ros2_ws/QPath_ROS2_ws/install/live_analysis_interfaces/share/live_analysis_interfaces/msg/TestRequest.msg
[1.556s] -- Symlinking: /home/paranavision/ros2_ws/QPath_ROS2_ws/install/live_analysis_interfaces/share/live_analysis_interfaces/msg/TestRequestClient.msg
[1.564s] -- Symlinking: /home/paranavision/ros2_ws/QPath_ROS2_ws/install/live_analysis_interfaces/share/live_analysis_interfaces/msg/TestResult.msg
[1.571s] -- Symlinking: /home/paranavision/ros2_ws/QPath_ROS2_ws/install/live_analysis_interfaces/share/live_analysis_interfaces/msg/TrainRequest.msg
[1.578s] -- Symlinking: /home/paranavision/ros2_ws/QPath_ROS2_ws/install/live_analysis_interfaces/share/live_analysis_interfaces/msg/TrainRequestClient.msg
[1.585s] -- Symlinking: /home/paranavision/ros2_ws/QPath_ROS2_ws/install/live_analysis_interfaces/share/live_analysis_interfaces/msg/TrainingResult.msg
[1.592s] -- Symlinking: /home/paranavision/ros2_ws/QPath_ROS2_ws/install/live_analysis_interfaces/share/live_analysis_interfaces/msg/TestDone.msg
[1.599s] -- Symlinking: /home/paranavision/ros2_ws/QPath_ROS2_ws/install/live_analysis_interfaces/share/live_analysis_interfaces/msg/TestProgress.msg
[1.607s] -- Symlinking: /home/paranavision/ros2_ws/QPath_ROS2_ws/install/live_analysis_interfaces/share/ament_index/resource_index/package_run_dependencies/live_analysis_interfaces
[1.615s] -- Symlinking: /home/paranavision/ros2_ws/QPath_ROS2_ws/install/live_analysis_interfaces/share/ament_index/resource_index/parent_prefix_path/live_analysis_interfaces
[1.623s] -- Symlinking: /home/paranavision/ros2_ws/QPath_ROS2_ws/install/live_analysis_interfaces/share/live_analysis_interfaces/environment/ament_prefix_path.sh
[1.631s] -- Symlinking: /home/paranavision/ros2_ws/QPath_ROS2_ws/install/live_analysis_interfaces/share/live_analysis_interfaces/environment/ament_prefix_path.dsv
[1.639s] -- Symlinking: /home/paranavision/ros2_ws/QPath_ROS2_ws/install/live_analysis_interfaces/share/live_analysis_interfaces/environment/path.sh
[1.647s] -- Symlinking: /home/paranavision/ros2_ws/QPath_ROS2_ws/install/live_analysis_interfaces/share/live_analysis_interfaces/environment/path.dsv
[1.655s] -- Symlinking: /home/paranavision/ros2_ws/QPath_ROS2_ws/install/live_analysis_interfaces/share/live_analysis_interfaces/local_setup.bash
[1.662s] -- Symlinking: /home/paranavision/ros2_ws/QPath_ROS2_ws/install/live_analysis_interfaces/share/live_analysis_interfaces/local_setup.sh
[1.670s] -- Symlinking: /home/paranavision/ros2_ws/QPath_ROS2_ws/install/live_analysis_interfaces/share/live_analysis_interfaces/local_setup.zsh
[1.678s] -- Symlinking: /home/paranavision/ros2_ws/QPath_ROS2_ws/install/live_analysis_interfaces/share/live_analysis_interfaces/local_setup.dsv
[1.685s] -- Symlinking: /home/paranavision/ros2_ws/QPath_ROS2_ws/install/live_analysis_interfaces/share/live_analysis_interfaces/package.dsv
[1.692s] -- Symlinking: /home/paranavision/ros2_ws/QPath_ROS2_ws/install/live_analysis_interfaces/share/ament_index/resource_index/packages/live_analysis_interfaces
[1.699s] -- Symlinking: /home/paranavision/ros2_ws/QPath_ROS2_ws/install/live_analysis_interfaces/share/live_analysis_interfaces/cmake/rosidl_cmake-extras.cmake
[1.706s] -- Symlinking: /home/paranavision/ros2_ws/QPath_ROS2_ws/install/live_analysis_interfaces/share/live_analysis_interfaces/cmake/ament_cmake_export_dependencies-extras.cmake
[1.714s] -- Symlinking: /home/paranavision/ros2_ws/QPath_ROS2_ws/install/live_analysis_interfaces/share/live_analysis_interfaces/cmake/ament_cmake_export_libraries-extras.cmake
[1.721s] -- Symlinking: /home/paranavision/ros2_ws/QPath_ROS2_ws/install/live_analysis_interfaces/share/live_analysis_interfaces/cmake/ament_cmake_export_targets-extras.cmake
[1.728s] -- Symlinking: /home/paranavision/ros2_ws/QPath_ROS2_ws/install/live_analysis_interfaces/share/live_analysis_interfaces/cmake/ament_cmake_export_include_directories-extras.cmake
[1.735s] -- Symlinking: /home/paranavision/ros2_ws/QPath_ROS2_ws/install/live_analysis_interfaces/share/live_analysis_interfaces/cmake/rosidl_cmake_export_typesupport_libraries-extras.cmake
[1.742s] -- Symlinking: /home/paranavision/ros2_ws/QPath_ROS2_ws/install/live_analysis_interfaces/share/live_analysis_interfaces/cmake/rosidl_cmake_export_typesupport_targets-extras.cmake
[1.749s] -- Symlinking: /home/paranavision/ros2_ws/QPath_ROS2_ws/install/live_analysis_interfaces/share/live_analysis_interfaces/cmake/live_analysis_interfacesConfig.cmake
[1.756s] -- Symlinking: /home/paranavision/ros2_ws/QPath_ROS2_ws/install/live_analysis_interfaces/share/live_analysis_interfaces/cmake/live_analysis_interfacesConfig-version.cmake
[1.764s] -- Symlinking: /home/paranavision/ros2_ws/QPath_ROS2_ws/install/live_analysis_interfaces/share/live_analysis_interfaces/package.xml
[1.771s] -- Installing: /home/paranavision/ros2_ws/QPath_ROS2_ws/install/live_analysis_interfaces/lib/liblive_analysis_interfaces__rosidl_generator_c.so
[1.771s] -- Set runtime path of "/home/paranavision/ros2_ws/QPath_ROS2_ws/install/live_analysis_interfaces/lib/liblive_analysis_interfaces__rosidl_generator_c.so" to ""
[1.771s] -- Installing: /home/paranavision/ros2_ws/QPath_ROS2_ws/install/live_analysis_interfaces/lib/liblive_analysis_interfaces__rosidl_typesupport_introspection_c.so
[1.771s] -- Set runtime path of "/home/paranavision/ros2_ws/QPath_ROS2_ws/install/live_analysis_interfaces/lib/liblive_analysis_interfaces__rosidl_typesupport_introspection_c.so" to ""
[1.771s] -- Installing: /home/paranavision/ros2_ws/QPath_ROS2_ws/install/live_analysis_interfaces/lib/liblive_analysis_interfaces__rosidl_typesupport_c.so
[1.772s] -- Set runtime path of "/home/paranavision/ros2_ws/QPath_ROS2_ws/install/live_analysis_interfaces/lib/liblive_analysis_interfaces__rosidl_typesupport_c.so" to ""
[1.772s] -- Installing: /home/paranavision/ros2_ws/QPath_ROS2_ws/install/live_analysis_interfaces/lib/liblive_analysis_interfaces__rosidl_typesupport_introspection_cpp.so
[1.772s] -- Set runtime path of "/home/paranavision/ros2_ws/QPath_ROS2_ws/install/live_analysis_interfaces/lib/liblive_analysis_interfaces__rosidl_typesupport_introspection_cpp.so" to ""
[1.772s] -- Installing: /home/paranavision/ros2_ws/QPath_ROS2_ws/install/live_analysis_interfaces/lib/liblive_analysis_interfaces__rosidl_typesupport_cpp.so
[1.773s] -- Set runtime path of "/home/paranavision/ros2_ws/QPath_ROS2_ws/install/live_analysis_interfaces/lib/liblive_analysis_interfaces__rosidl_typesupport_cpp.so" to ""
[1.816s] Listing '/home/paranavision/ros2_ws/QPath_ROS2_ws/install/live_analysis_interfaces/lib/python3.9/site-packages/live_analysis_interfaces'...
[1.816s] Compiling '/home/paranavision/ros2_ws/QPath_ROS2_ws/install/live_analysis_interfaces/lib/python3.9/site-packages/live_analysis_interfaces/__init__.py'...
[1.816s] Listing '/home/paranavision/ros2_ws/QPath_ROS2_ws/install/live_analysis_interfaces/lib/python3.9/site-packages/live_analysis_interfaces/msg'...
[1.816s] Compiling '/home/paranavision/ros2_ws/QPath_ROS2_ws/install/live_analysis_interfaces/lib/python3.9/site-packages/live_analysis_interfaces/msg/__init__.py'...
[1.816s] Compiling '/home/paranavision/ros2_ws/QPath_ROS2_ws/install/live_analysis_interfaces/lib/python3.9/site-packages/live_analysis_interfaces/msg/_test_done.py'...
[1.816s] Compiling '/home/paranavision/ros2_ws/QPath_ROS2_ws/install/live_analysis_interfaces/lib/python3.9/site-packages/live_analysis_interfaces/msg/_test_progress.py'...
[1.816s] Compiling '/home/paranavision/ros2_ws/QPath_ROS2_ws/install/live_analysis_interfaces/lib/python3.9/site-packages/live_analysis_interfaces/msg/_test_request.py'...
[1.816s] Compiling '/home/paranavision/ros2_ws/QPath_ROS2_ws/install/live_analysis_interfaces/lib/python3.9/site-packages/live_analysis_interfaces/msg/_test_request_client.py'...
[1.816s] Compiling '/home/paranavision/ros2_ws/QPath_ROS2_ws/install/live_analysis_interfaces/lib/python3.9/site-packages/live_analysis_interfaces/msg/_test_result.py'...
[1.816s] Compiling '/home/paranavision/ros2_ws/QPath_ROS2_ws/install/live_analysis_interfaces/lib/python3.9/site-packages/live_analysis_interfaces/msg/_train_request.py'...
[1.816s] Compiling '/home/paranavision/ros2_ws/QPath_ROS2_ws/install/live_analysis_interfaces/lib/python3.9/site-packages/live_analysis_interfaces/msg/_train_request_client.py'...
[1.816s] Compiling '/home/paranavision/ros2_ws/QPath_ROS2_ws/install/live_analysis_interfaces/lib/python3.9/site-packages/live_analysis_interfaces/msg/_training_result.py'...
[1.820s] -- Installing: /home/paranavision/ros2_ws/QPath_ROS2_ws/install/live_analysis_interfaces/lib/liblive_analysis_interfaces__rosidl_generator_py.so
[1.820s] -- Set runtime path of "/home/paranavision/ros2_ws/QPath_ROS2_ws/install/live_analysis_interfaces/lib/liblive_analysis_interfaces__rosidl_generator_py.so" to ""
[1.820s] -- Installing: /home/paranavision/ros2_ws/QPath_ROS2_ws/install/live_analysis_interfaces/share/live_analysis_interfaces/cmake/live_analysis_interfaces__rosidl_generator_cExport.cmake
[1.820s] -- Installing: /home/paranavision/ros2_ws/QPath_ROS2_ws/install/live_analysis_interfaces/share/live_analysis_interfaces/cmake/live_analysis_interfaces__rosidl_generator_cExport-noconfig.cmake
[1.820s] -- Installing: /home/paranavision/ros2_ws/QPath_ROS2_ws/install/live_analysis_interfaces/share/live_analysis_interfaces/cmake/live_analysis_interfaces__rosidl_typesupport_introspection_cExport.cmake
[1.821s] -- Installing: /home/paranavision/ros2_ws/QPath_ROS2_ws/install/live_analysis_interfaces/share/live_analysis_interfaces/cmake/live_analysis_interfaces__rosidl_typesupport_introspection_cExport-noconfig.cmake
[1.821s] -- Installing: /home/paranavision/ros2_ws/QPath_ROS2_ws/install/live_analysis_interfaces/share/live_analysis_interfaces/cmake/live_analysis_interfaces__rosidl_typesupport_cExport.cmake
[1.821s] -- Installing: /home/paranavision/ros2_ws/QPath_ROS2_ws/install/live_analysis_interfaces/share/live_analysis_interfaces/cmake/live_analysis_interfaces__rosidl_typesupport_cExport-noconfig.cmake
[1.821s] -- Installing: /home/paranavision/ros2_ws/QPath_ROS2_ws/install/live_analysis_interfaces/share/live_analysis_interfaces/cmake/live_analysis_interfaces__rosidl_generator_cppExport.cmake
[1.821s] -- Installing: /home/paranavision/ros2_ws/QPath_ROS2_ws/install/live_analysis_interfaces/share/live_analysis_interfaces/cmake/live_analysis_interfaces__rosidl_typesupport_introspection_cppExport.cmake
[1.821s] -- Installing: /home/paranavision/ros2_ws/QPath_ROS2_ws/install/live_analysis_interfaces/share/live_analysis_interfaces/cmake/live_analysis_interfaces__rosidl_typesupport_introspection_cppExport-noconfig.cmake
[1.822s] -- Installing: /home/paranavision/ros2_ws/QPath_ROS2_ws/install/live_analysis_interfaces/share/live_analysis_interfaces/cmake/live_analysis_interfaces__rosidl_typesupport_cppExport.cmake
[1.822s] -- Installing: /home/paranavision/ros2_ws/QPath_ROS2_ws/install/live_analysis_interfaces/share/live_analysis_interfaces/cmake/live_analysis_interfaces__rosidl_typesupport_cppExport-noconfig.cmake
[1.822s] -- Installing: /home/paranavision/ros2_ws/QPath_ROS2_ws/install/live_analysis_interfaces/share/live_analysis_interfaces/cmake/export_live_analysis_interfaces__rosidl_generator_pyExport.cmake
[1.822s] -- Installing: /home/paranavision/ros2_ws/QPath_ROS2_ws/install/live_analysis_interfaces/share/live_analysis_interfaces/cmake/export_live_analysis_interfaces__rosidl_generator_pyExport-noconfig.cmake
[1.824s] Invoked command in '/home/paranavision/ros2_ws/QPath_ROS2_ws/build/live_analysis_interfaces' returned '0': CMAKE_PREFIX_PATH=/opt/ros/rolling /usr/bin/cmake --install /home/paranavision/ros2_ws/QPath_ROS2_ws/build/live_analysis_interfaces
