-- Found ament_cmake: 2.5.4 (/opt/ros/jazzy/share/ament_cmake/cmake)
-- Found Python3: /usr/bin/python3 (found version "3.12.3") found components: Interpreter 
-- Found rosidl_default_generators: 1.6.0 (/opt/ros/jazzy/share/rosidl_default_generators/cmake)
-- Using all available rosidl_typesupport_c: rosidl_typesupport_fastrtps_c;rosidl_typesupport_introspection_c
-- Using all available rosidl_typesupport_cpp: rosidl_typesupport_fastrtps_cpp;rosidl_typesupport_introspection_cpp
-- Found rosidl_adapter: 4.6.5 (/opt/ros/jazzy/share/rosidl_adapter/cmake)
-- Found std_msgs: 5.3.6 (/opt/ros/jazzy/share/std_msgs/cmake)
-- Found sensor_msgs: 5.3.6 (/opt/ros/jazzy/share/sensor_msgs/cmake)
-- Found ament_cmake_ros: 0.12.0 (/opt/ros/jazzy/share/ament_cmake_ros/cmake)
-- Using all available rosidl_typesupport_c: rosidl_typesupport_fastrtps_c;rosidl_typesupport_introspection_c
-- Using all available rosidl_typesupport_cpp: rosidl_typesupport_fastrtps_cpp;rosidl_typesupport_introspection_cpp
-- Found python_cmake_module: 0.11.1 (/opt/ros/jazzy/share/python_cmake_module/cmake)
-- Found Python3: /usr/bin/python3 (found version "3.12.3") found components: Interpreter Development NumPy Development.Module Development.Embed 
-- Configuring done (1.2s)
-- Generating done (0.0s)
-- Build files have been written to: /home/burcu/ros2_ws/build/live_analysis_interfaces
[  1%] [34m[1mGenerating type hashes for ROS interfaces[0m
[  1%] Built target ament_cmake_python_copy_live_analysis_interfaces
running egg_info
writing live_analysis_interfaces.egg-info/PKG-INFO
writing dependency_links to live_analysis_interfaces.egg-info/dependency_links.txt
writing top-level names to live_analysis_interfaces.egg-info/top_level.txt
[  1%] Built target live_analysis_interfaces__rosidl_generator_type_description
[  3%] [34m[1mGenerating C code for ROS interfaces[0m
[  4%] [34m[1mGenerating C++ code for ROS interfaces[0m
reading manifest file 'live_analysis_interfaces.egg-info/SOURCES.txt'
writing manifest file 'live_analysis_interfaces.egg-info/SOURCES.txt'
[  4%] Built target ament_cmake_python_build_live_analysis_interfaces_egg
[  4%] Built target live_analysis_interfaces__cpp
[  6%] [32mBuilding C object CMakeFiles/live_analysis_interfaces__rosidl_generator_c.dir/rosidl_generator_c/live_analysis_interfaces/msg/detail/test_result_msg__description.c.o[0m
[  7%] [32mBuilding C object CMakeFiles/live_analysis_interfaces__rosidl_generator_c.dir/rosidl_generator_c/live_analysis_interfaces/msg/detail/test_model_msg__functions.c.o[0m
[ 10%] [32mBuilding C object CMakeFiles/live_analysis_interfaces__rosidl_generator_c.dir/rosidl_generator_c/live_analysis_interfaces/msg/detail/test_result_msg__functions.c.o[0m
[ 10%] [32mBuilding C object CMakeFiles/live_analysis_interfaces__rosidl_generator_c.dir/rosidl_generator_c/live_analysis_interfaces/msg/detail/test_result_msg__type_support.c.o[0m
[ 14%] [32mBuilding C object CMakeFiles/live_analysis_interfaces__rosidl_generator_c.dir/rosidl_generator_c/live_analysis_interfaces/msg/detail/test_model_msg__type_support.c.o[0m
[ 14%] [32mBuilding C object CMakeFiles/live_analysis_interfaces__rosidl_generator_c.dir/rosidl_generator_c/live_analysis_interfaces/msg/detail/train_result_msg__functions.c.o[0m
[ 15%] [32mBuilding C object CMakeFiles/live_analysis_interfaces__rosidl_generator_c.dir/rosidl_generator_c/live_analysis_interfaces/msg/detail/test_model_msg__description.c.o[0m
[ 21%] [32mBuilding C object CMakeFiles/live_analysis_interfaces__rosidl_generator_c.dir/rosidl_generator_c/live_analysis_interfaces/msg/detail/train_result_msg__description.c.o[0m
[ 21%] [32mBuilding C object CMakeFiles/live_analysis_interfaces__rosidl_generator_c.dir/rosidl_generator_c/live_analysis_interfaces/msg/detail/train_algorithm_msg__functions.c.o[0m
[ 21%] [32mBuilding C object CMakeFiles/live_analysis_interfaces__rosidl_generator_c.dir/rosidl_generator_c/live_analysis_interfaces/msg/detail/train_algorithm_msg__description.c.o[0m
[ 21%] [32mBuilding C object CMakeFiles/live_analysis_interfaces__rosidl_generator_c.dir/rosidl_generator_c/live_analysis_interfaces/msg/detail/train_algorithm_msg__type_support.c.o[0m
[ 23%] [32mBuilding C object CMakeFiles/live_analysis_interfaces__rosidl_generator_c.dir/rosidl_generator_c/live_analysis_interfaces/msg/detail/train_result_msg__type_support.c.o[0m
[ 25%] [32m[1mLinking C shared library liblive_analysis_interfaces__rosidl_generator_c.so[0m
[ 25%] Built target live_analysis_interfaces__rosidl_generator_c
[ 28%] [34m[1mGenerating C++ type support dispatch for ROS interfaces[0m
[ 28%] [34m[1mGenerating C type support for eProsima Fast-RTPS[0m
[ 29%] [34m[1mGenerating C introspection for ROS interfaces[0m
[ 31%] [34m[1mGenerating C type support dispatch for ROS interfaces[0m
[ 32%] [34m[1mGenerating C++ introspection for ROS interfaces[0m
[ 34%] [34m[1mGenerating C++ type support for eProsima Fast-RTPS[0m
[ 35%] [32mBuilding CXX object CMakeFiles/live_analysis_interfaces__rosidl_typesupport_c.dir/rosidl_typesupport_c/live_analysis_interfaces/msg/test_model_msg__type_support.cpp.o[0m
[ 37%] [32mBuilding CXX object CMakeFiles/live_analysis_interfaces__rosidl_typesupport_c.dir/rosidl_typesupport_c/live_analysis_interfaces/msg/train_result_msg__type_support.cpp.o[0m
[ 40%] [32mBuilding CXX object CMakeFiles/live_analysis_interfaces__rosidl_typesupport_c.dir/rosidl_typesupport_c/live_analysis_interfaces/msg/train_algorithm_msg__type_support.cpp.o[0m
[ 40%] [32mBuilding CXX object CMakeFiles/live_analysis_interfaces__rosidl_typesupport_c.dir/rosidl_typesupport_c/live_analysis_interfaces/msg/test_result_msg__type_support.cpp.o[0m
[ 42%] [32mBuilding CXX object CMakeFiles/live_analysis_interfaces__rosidl_typesupport_introspection_cpp.dir/rosidl_typesupport_introspection_cpp/live_analysis_interfaces/msg/detail/test_model_msg__type_support.cpp.o[0m
[ 45%] [32mBuilding CXX object CMakeFiles/live_analysis_interfaces__rosidl_typesupport_introspection_cpp.dir/rosidl_typesupport_introspection_cpp/live_analysis_interfaces/msg/detail/train_result_msg__type_support.cpp.o[0m
[ 45%] [32mBuilding CXX object CMakeFiles/live_analysis_interfaces__rosidl_typesupport_introspection_cpp.dir/rosidl_typesupport_introspection_cpp/live_analysis_interfaces/msg/detail/train_algorithm_msg__type_support.cpp.o[0m
[ 46%] [32mBuilding CXX object CMakeFiles/live_analysis_interfaces__rosidl_typesupport_introspection_cpp.dir/rosidl_typesupport_introspection_cpp/live_analysis_interfaces/msg/detail/test_result_msg__type_support.cpp.o[0m
[ 50%] [32mBuilding CXX object CMakeFiles/live_analysis_interfaces__rosidl_typesupport_cpp.dir/rosidl_typesupport_cpp/live_analysis_interfaces/msg/test_result_msg__type_support.cpp.o[0m
[ 50%] [32mBuilding CXX object CMakeFiles/live_analysis_interfaces__rosidl_typesupport_cpp.dir/rosidl_typesupport_cpp/live_analysis_interfaces/msg/test_model_msg__type_support.cpp.o[0m
[ 51%] [32mBuilding CXX object CMakeFiles/live_analysis_interfaces__rosidl_typesupport_cpp.dir/rosidl_typesupport_cpp/live_analysis_interfaces/msg/train_algorithm_msg__type_support.cpp.o[0m
[ 53%] [32mBuilding CXX object CMakeFiles/live_analysis_interfaces__rosidl_typesupport_cpp.dir/rosidl_typesupport_cpp/live_analysis_interfaces/msg/train_result_msg__type_support.cpp.o[0m
[ 54%] [32m[1mLinking CXX shared library liblive_analysis_interfaces__rosidl_typesupport_c.so[0m
[ 56%] [32mBuilding C object CMakeFiles/live_analysis_interfaces__rosidl_typesupport_introspection_c.dir/rosidl_typesupport_introspection_c/live_analysis_interfaces/msg/detail/test_result_msg__type_support.c.o[0m
[ 59%] [32mBuilding C object CMakeFiles/live_analysis_interfaces__rosidl_typesupport_introspection_c.dir/rosidl_typesupport_introspection_c/live_analysis_interfaces/msg/detail/train_result_msg__type_support.c.o[0m
[ 59%] [32mBuilding C object CMakeFiles/live_analysis_interfaces__rosidl_typesupport_introspection_c.dir/rosidl_typesupport_introspection_c/live_analysis_interfaces/msg/detail/test_model_msg__type_support.c.o[0m
[ 60%] [32mBuilding C object CMakeFiles/live_analysis_interfaces__rosidl_typesupport_introspection_c.dir/rosidl_typesupport_introspection_c/live_analysis_interfaces/msg/detail/train_algorithm_msg__type_support.c.o[0m
[ 62%] [32mBuilding CXX object CMakeFiles/live_analysis_interfaces__rosidl_typesupport_fastrtps_cpp.dir/rosidl_typesupport_fastrtps_cpp/live_analysis_interfaces/msg/detail/dds_fastrtps/test_model_msg__type_support.cpp.o[0m
[ 64%] [32mBuilding CXX object CMakeFiles/live_analysis_interfaces__rosidl_typesupport_fastrtps_cpp.dir/rosidl_typesupport_fastrtps_cpp/live_analysis_interfaces/msg/detail/dds_fastrtps/train_algorithm_msg__type_support.cpp.o[0m
[ 65%] [32mBuilding CXX object CMakeFiles/live_analysis_interfaces__rosidl_typesupport_fastrtps_cpp.dir/rosidl_typesupport_fastrtps_cpp/live_analysis_interfaces/msg/detail/dds_fastrtps/train_result_msg__type_support.cpp.o[0m
[ 67%] [32mBuilding CXX object CMakeFiles/live_analysis_interfaces__rosidl_typesupport_fastrtps_cpp.dir/rosidl_typesupport_fastrtps_cpp/live_analysis_interfaces/msg/detail/dds_fastrtps/test_result_msg__type_support.cpp.o[0m
[ 68%] [32mBuilding CXX object CMakeFiles/live_analysis_interfaces__rosidl_typesupport_fastrtps_c.dir/rosidl_typesupport_fastrtps_c/live_analysis_interfaces/msg/detail/test_result_msg__type_support_c.cpp.o[0m
[ 70%] [32mBuilding CXX object CMakeFiles/live_analysis_interfaces__rosidl_typesupport_fastrtps_c.dir/rosidl_typesupport_fastrtps_c/live_analysis_interfaces/msg/detail/train_result_msg__type_support_c.cpp.o[0m
[ 71%] [32mBuilding CXX object CMakeFiles/live_analysis_interfaces__rosidl_typesupport_fastrtps_c.dir/rosidl_typesupport_fastrtps_c/live_analysis_interfaces/msg/detail/train_algorithm_msg__type_support_c.cpp.o[0m
[ 73%] [32mBuilding CXX object CMakeFiles/live_analysis_interfaces__rosidl_typesupport_fastrtps_c.dir/rosidl_typesupport_fastrtps_c/live_analysis_interfaces/msg/detail/test_model_msg__type_support_c.cpp.o[0m
[ 75%] [32m[1mLinking C shared library liblive_analysis_interfaces__rosidl_typesupport_introspection_c.so[0m
[ 75%] Built target live_analysis_interfaces__rosidl_typesupport_c
[ 75%] Built target live_analysis_interfaces__rosidl_typesupport_introspection_c
[ 76%] [32m[1mLinking CXX shared library liblive_analysis_interfaces__rosidl_typesupport_cpp.so[0m
[ 78%] [32m[1mLinking CXX shared library liblive_analysis_interfaces__rosidl_typesupport_introspection_cpp.so[0m
[ 78%] Built target live_analysis_interfaces__rosidl_typesupport_cpp
[ 78%] Built target live_analysis_interfaces__rosidl_typesupport_introspection_cpp
[ 79%] [32m[1mLinking CXX shared library liblive_analysis_interfaces__rosidl_typesupport_fastrtps_c.so[0m
[ 81%] [32m[1mLinking CXX shared library liblive_analysis_interfaces__rosidl_typesupport_fastrtps_cpp.so[0m
[ 81%] Built target live_analysis_interfaces__rosidl_typesupport_fastrtps_c
[ 81%] Built target live_analysis_interfaces__rosidl_typesupport_fastrtps_cpp
[ 81%] Built target live_analysis_interfaces
[ 82%] [34m[1mGenerating Python code for ROS interfaces[0m
[ 82%] Built target live_analysis_interfaces__py
[ 84%] [32mBuilding C object CMakeFiles/live_analysis_interfaces__rosidl_generator_py.dir/rosidl_generator_py/live_analysis_interfaces/msg/_test_result_msg_s.c.o[0m
[ 87%] [32mBuilding C object CMakeFiles/live_analysis_interfaces__rosidl_generator_py.dir/rosidl_generator_py/live_analysis_interfaces/msg/_test_model_msg_s.c.o[0m
[ 87%] [32mBuilding C object CMakeFiles/live_analysis_interfaces__rosidl_generator_py.dir/rosidl_generator_py/live_analysis_interfaces/msg/_train_result_msg_s.c.o[0m
[ 89%] [32mBuilding C object CMakeFiles/live_analysis_interfaces__rosidl_generator_py.dir/rosidl_generator_py/live_analysis_interfaces/msg/_train_algorithm_msg_s.c.o[0m
[ 90%] [32m[1mLinking C shared library liblive_analysis_interfaces__rosidl_generator_py.so[0m
[ 90%] Built target live_analysis_interfaces__rosidl_generator_py
[ 93%] [32mBuilding C object CMakeFiles/live_analysis_interfaces_s__rosidl_typesupport_fastrtps_c.dir/rosidl_generator_py/live_analysis_interfaces/_live_analysis_interfaces_s.ep.rosidl_typesupport_fastrtps_c.c.o[0m
[ 93%] [32mBuilding C object CMakeFiles/live_analysis_interfaces_s__rosidl_typesupport_introspection_c.dir/rosidl_generator_py/live_analysis_interfaces/_live_analysis_interfaces_s.ep.rosidl_typesupport_introspection_c.c.o[0m
[ 95%] [32mBuilding C object CMakeFiles/live_analysis_interfaces_s__rosidl_typesupport_c.dir/rosidl_generator_py/live_analysis_interfaces/_live_analysis_interfaces_s.ep.rosidl_typesupport_c.c.o[0m
[ 96%] [32m[1mLinking C shared module rosidl_generator_py/live_analysis_interfaces/live_analysis_interfaces_s__rosidl_typesupport_introspection_c.so[0m
[ 98%] [32m[1mLinking C shared module rosidl_generator_py/live_analysis_interfaces/live_analysis_interfaces_s__rosidl_typesupport_c.so[0m
[100%] [32m[1mLinking C shared module rosidl_generator_py/live_analysis_interfaces/live_analysis_interfaces_s__rosidl_typesupport_fastrtps_c.so[0m
[100%] Built target live_analysis_interfaces_s__rosidl_typesupport_c
[100%] Built target live_analysis_interfaces_s__rosidl_typesupport_introspection_c
[100%] Built target live_analysis_interfaces_s__rosidl_typesupport_fastrtps_c
-- Install configuration: ""
-- Installing: /home/burcu/ros2_ws/install/live_analysis_interfaces/share/ament_index/resource_index/rosidl_interfaces/live_analysis_interfaces
-- Installing: /home/burcu/ros2_ws/install/live_analysis_interfaces/share/live_analysis_interfaces/msg/TestModelMsg.json
-- Installing: /home/burcu/ros2_ws/install/live_analysis_interfaces/share/live_analysis_interfaces/msg/TestResultMsg.json
-- Installing: /home/burcu/ros2_ws/install/live_analysis_interfaces/share/live_analysis_interfaces/msg/TrainAlgorithmMsg.json
-- Installing: /home/burcu/ros2_ws/install/live_analysis_interfaces/share/live_analysis_interfaces/msg/TrainResultMsg.json
-- Up-to-date: /home/burcu/ros2_ws/install/live_analysis_interfaces/include/live_analysis_interfaces/live_analysis_interfaces
-- Up-to-date: /home/burcu/ros2_ws/install/live_analysis_interfaces/include/live_analysis_interfaces/live_analysis_interfaces/msg
-- Up-to-date: /home/burcu/ros2_ws/install/live_analysis_interfaces/include/live_analysis_interfaces/live_analysis_interfaces/msg/rosidl_generator_c__visibility_control.h
-- Installing: /home/burcu/ros2_ws/install/live_analysis_interfaces/include/live_analysis_interfaces/live_analysis_interfaces/msg/test_result_msg.h
-- Installing: /home/burcu/ros2_ws/install/live_analysis_interfaces/include/live_analysis_interfaces/live_analysis_interfaces/msg/train_algorithm_msg.h
-- Installing: /home/burcu/ros2_ws/install/live_analysis_interfaces/include/live_analysis_interfaces/live_analysis_interfaces/msg/train_result_msg.h
-- Installing: /home/burcu/ros2_ws/install/live_analysis_interfaces/include/live_analysis_interfaces/live_analysis_interfaces/msg/test_model_msg.h
-- Up-to-date: /home/burcu/ros2_ws/install/live_analysis_interfaces/include/live_analysis_interfaces/live_analysis_interfaces/msg/detail
-- Installing: /home/burcu/ros2_ws/install/live_analysis_interfaces/include/live_analysis_interfaces/live_analysis_interfaces/msg/detail/test_model_msg__description.c
-- Installing: /home/burcu/ros2_ws/install/live_analysis_interfaces/include/live_analysis_interfaces/live_analysis_interfaces/msg/detail/test_model_msg__functions.c
-- Installing: /home/burcu/ros2_ws/install/live_analysis_interfaces/include/live_analysis_interfaces/live_analysis_interfaces/msg/detail/train_algorithm_msg__description.c
-- Installing: /home/burcu/ros2_ws/install/live_analysis_interfaces/include/live_analysis_interfaces/live_analysis_interfaces/msg/detail/test_result_msg__struct.h
-- Installing: /home/burcu/ros2_ws/install/live_analysis_interfaces/include/live_analysis_interfaces/live_analysis_interfaces/msg/detail/test_result_msg__description.c
-- Installing: /home/burcu/ros2_ws/install/live_analysis_interfaces/include/live_analysis_interfaces/live_analysis_interfaces/msg/detail/train_result_msg__struct.h
-- Installing: /home/burcu/ros2_ws/install/live_analysis_interfaces/include/live_analysis_interfaces/live_analysis_interfaces/msg/detail/train_algorithm_msg__type_support.c
-- Installing: /home/burcu/ros2_ws/install/live_analysis_interfaces/include/live_analysis_interfaces/live_analysis_interfaces/msg/detail/train_result_msg__type_support.h
-- Installing: /home/burcu/ros2_ws/install/live_analysis_interfaces/include/live_analysis_interfaces/live_analysis_interfaces/msg/detail/test_result_msg__type_support.c
-- Installing: /home/burcu/ros2_ws/install/live_analysis_interfaces/include/live_analysis_interfaces/live_analysis_interfaces/msg/detail/train_result_msg__type_support.c
-- Installing: /home/burcu/ros2_ws/install/live_analysis_interfaces/include/live_analysis_interfaces/live_analysis_interfaces/msg/detail/train_result_msg__functions.c
-- Installing: /home/burcu/ros2_ws/install/live_analysis_interfaces/include/live_analysis_interfaces/live_analysis_interfaces/msg/detail/train_result_msg__description.c
-- Installing: /home/burcu/ros2_ws/install/live_analysis_interfaces/include/live_analysis_interfaces/live_analysis_interfaces/msg/detail/train_algorithm_msg__functions.h
-- Installing: /home/burcu/ros2_ws/install/live_analysis_interfaces/include/live_analysis_interfaces/live_analysis_interfaces/msg/detail/train_algorithm_msg__struct.h
-- Installing: /home/burcu/ros2_ws/install/live_analysis_interfaces/include/live_analysis_interfaces/live_analysis_interfaces/msg/detail/test_result_msg__type_support.h
-- Installing: /home/burcu/ros2_ws/install/live_analysis_interfaces/include/live_analysis_interfaces/live_analysis_interfaces/msg/detail/test_model_msg__type_support.h
-- Installing: /home/burcu/ros2_ws/install/live_analysis_interfaces/include/live_analysis_interfaces/live_analysis_interfaces/msg/detail/train_algorithm_msg__type_support.h
-- Installing: /home/burcu/ros2_ws/install/live_analysis_interfaces/include/live_analysis_interfaces/live_analysis_interfaces/msg/detail/test_model_msg__functions.h
-- Installing: /home/burcu/ros2_ws/install/live_analysis_interfaces/include/live_analysis_interfaces/live_analysis_interfaces/msg/detail/test_model_msg__type_support.c
-- Installing: /home/burcu/ros2_ws/install/live_analysis_interfaces/include/live_analysis_interfaces/live_analysis_interfaces/msg/detail/test_result_msg__functions.c
-- Installing: /home/burcu/ros2_ws/install/live_analysis_interfaces/include/live_analysis_interfaces/live_analysis_interfaces/msg/detail/test_result_msg__functions.h
-- Installing: /home/burcu/ros2_ws/install/live_analysis_interfaces/include/live_analysis_interfaces/live_analysis_interfaces/msg/detail/test_model_msg__struct.h
-- Installing: /home/burcu/ros2_ws/install/live_analysis_interfaces/include/live_analysis_interfaces/live_analysis_interfaces/msg/detail/train_algorithm_msg__functions.c
-- Installing: /home/burcu/ros2_ws/install/live_analysis_interfaces/include/live_analysis_interfaces/live_analysis_interfaces/msg/detail/train_result_msg__functions.h
-- Up-to-date: /home/burcu/ros2_ws/install/live_analysis_interfaces/share/live_analysis_interfaces/environment/library_path.sh
-- Up-to-date: /home/burcu/ros2_ws/install/live_analysis_interfaces/share/live_analysis_interfaces/environment/library_path.dsv
-- Installing: /home/burcu/ros2_ws/install/live_analysis_interfaces/lib/liblive_analysis_interfaces__rosidl_generator_c.so
-- Set non-toolchain portion of runtime path of "/home/burcu/ros2_ws/install/live_analysis_interfaces/lib/liblive_analysis_interfaces__rosidl_generator_c.so" to ""
-- Up-to-date: /home/burcu/ros2_ws/install/live_analysis_interfaces/include/live_analysis_interfaces/live_analysis_interfaces
-- Up-to-date: /home/burcu/ros2_ws/install/live_analysis_interfaces/include/live_analysis_interfaces/live_analysis_interfaces/msg
-- Up-to-date: /home/burcu/ros2_ws/install/live_analysis_interfaces/include/live_analysis_interfaces/live_analysis_interfaces/msg/rosidl_typesupport_fastrtps_c__visibility_control.h
-- Up-to-date: /home/burcu/ros2_ws/install/live_analysis_interfaces/include/live_analysis_interfaces/live_analysis_interfaces/msg/detail
-- Installing: /home/burcu/ros2_ws/install/live_analysis_interfaces/include/live_analysis_interfaces/live_analysis_interfaces/msg/detail/test_model_msg__rosidl_typesupport_fastrtps_c.h
-- Installing: /home/burcu/ros2_ws/install/live_analysis_interfaces/include/live_analysis_interfaces/live_analysis_interfaces/msg/detail/test_result_msg__rosidl_typesupport_fastrtps_c.h
-- Installing: /home/burcu/ros2_ws/install/live_analysis_interfaces/include/live_analysis_interfaces/live_analysis_interfaces/msg/detail/train_result_msg__rosidl_typesupport_fastrtps_c.h
-- Installing: /home/burcu/ros2_ws/install/live_analysis_interfaces/include/live_analysis_interfaces/live_analysis_interfaces/msg/detail/train_algorithm_msg__rosidl_typesupport_fastrtps_c.h
-- Installing: /home/burcu/ros2_ws/install/live_analysis_interfaces/lib/liblive_analysis_interfaces__rosidl_typesupport_fastrtps_c.so
-- Set non-toolchain portion of runtime path of "/home/burcu/ros2_ws/install/live_analysis_interfaces/lib/liblive_analysis_interfaces__rosidl_typesupport_fastrtps_c.so" to ""
-- Up-to-date: /home/burcu/ros2_ws/install/live_analysis_interfaces/include/live_analysis_interfaces/live_analysis_interfaces
-- Up-to-date: /home/burcu/ros2_ws/install/live_analysis_interfaces/include/live_analysis_interfaces/live_analysis_interfaces/msg
-- Up-to-date: /home/burcu/ros2_ws/install/live_analysis_interfaces/include/live_analysis_interfaces/live_analysis_interfaces/msg/rosidl_typesupport_introspection_c__visibility_control.h
-- Up-to-date: /home/burcu/ros2_ws/install/live_analysis_interfaces/include/live_analysis_interfaces/live_analysis_interfaces/msg/detail
-- Installing: /home/burcu/ros2_ws/install/live_analysis_interfaces/include/live_analysis_interfaces/live_analysis_interfaces/msg/detail/train_result_msg__rosidl_typesupport_introspection_c.h
-- Installing: /home/burcu/ros2_ws/install/live_analysis_interfaces/include/live_analysis_interfaces/live_analysis_interfaces/msg/detail/train_algorithm_msg__type_support.c
-- Installing: /home/burcu/ros2_ws/install/live_analysis_interfaces/include/live_analysis_interfaces/live_analysis_interfaces/msg/detail/test_result_msg__type_support.c
-- Installing: /home/burcu/ros2_ws/install/live_analysis_interfaces/include/live_analysis_interfaces/live_analysis_interfaces/msg/detail/train_result_msg__type_support.c
-- Installing: /home/burcu/ros2_ws/install/live_analysis_interfaces/include/live_analysis_interfaces/live_analysis_interfaces/msg/detail/test_result_msg__rosidl_typesupport_introspection_c.h
-- Installing: /home/burcu/ros2_ws/install/live_analysis_interfaces/include/live_analysis_interfaces/live_analysis_interfaces/msg/detail/train_algorithm_msg__rosidl_typesupport_introspection_c.h
-- Installing: /home/burcu/ros2_ws/install/live_analysis_interfaces/include/live_analysis_interfaces/live_analysis_interfaces/msg/detail/test_model_msg__type_support.c
-- Installing: /home/burcu/ros2_ws/install/live_analysis_interfaces/include/live_analysis_interfaces/live_analysis_interfaces/msg/detail/test_model_msg__rosidl_typesupport_introspection_c.h
-- Installing: /home/burcu/ros2_ws/install/live_analysis_interfaces/lib/liblive_analysis_interfaces__rosidl_typesupport_introspection_c.so
-- Set non-toolchain portion of runtime path of "/home/burcu/ros2_ws/install/live_analysis_interfaces/lib/liblive_analysis_interfaces__rosidl_typesupport_introspection_c.so" to ""
-- Installing: /home/burcu/ros2_ws/install/live_analysis_interfaces/lib/liblive_analysis_interfaces__rosidl_typesupport_c.so
-- Set non-toolchain portion of runtime path of "/home/burcu/ros2_ws/install/live_analysis_interfaces/lib/liblive_analysis_interfaces__rosidl_typesupport_c.so" to ""
-- Up-to-date: /home/burcu/ros2_ws/install/live_analysis_interfaces/include/live_analysis_interfaces/live_analysis_interfaces
-- Up-to-date: /home/burcu/ros2_ws/install/live_analysis_interfaces/include/live_analysis_interfaces/live_analysis_interfaces/msg
-- Installing: /home/burcu/ros2_ws/install/live_analysis_interfaces/include/live_analysis_interfaces/live_analysis_interfaces/msg/test_result_msg.hpp
-- Installing: /home/burcu/ros2_ws/install/live_analysis_interfaces/include/live_analysis_interfaces/live_analysis_interfaces/msg/train_algorithm_msg.hpp
-- Installing: /home/burcu/ros2_ws/install/live_analysis_interfaces/include/live_analysis_interfaces/live_analysis_interfaces/msg/test_model_msg.hpp
-- Installing: /home/burcu/ros2_ws/install/live_analysis_interfaces/include/live_analysis_interfaces/live_analysis_interfaces/msg/train_result_msg.hpp
-- Installing: /home/burcu/ros2_ws/install/live_analysis_interfaces/include/live_analysis_interfaces/live_analysis_interfaces/msg/rosidl_generator_cpp__visibility_control.hpp
-- Up-to-date: /home/burcu/ros2_ws/install/live_analysis_interfaces/include/live_analysis_interfaces/live_analysis_interfaces/msg/detail
-- Installing: /home/burcu/ros2_ws/install/live_analysis_interfaces/include/live_analysis_interfaces/live_analysis_interfaces/msg/detail/train_algorithm_msg__struct.hpp
-- Installing: /home/burcu/ros2_ws/install/live_analysis_interfaces/include/live_analysis_interfaces/live_analysis_interfaces/msg/detail/test_model_msg__struct.hpp
-- Installing: /home/burcu/ros2_ws/install/live_analysis_interfaces/include/live_analysis_interfaces/live_analysis_interfaces/msg/detail/train_result_msg__struct.hpp
-- Installing: /home/burcu/ros2_ws/install/live_analysis_interfaces/include/live_analysis_interfaces/live_analysis_interfaces/msg/detail/test_model_msg__traits.hpp
-- Installing: /home/burcu/ros2_ws/install/live_analysis_interfaces/include/live_analysis_interfaces/live_analysis_interfaces/msg/detail/train_algorithm_msg__traits.hpp
-- Installing: /home/burcu/ros2_ws/install/live_analysis_interfaces/include/live_analysis_interfaces/live_analysis_interfaces/msg/detail/test_result_msg__struct.hpp
-- Installing: /home/burcu/ros2_ws/install/live_analysis_interfaces/include/live_analysis_interfaces/live_analysis_interfaces/msg/detail/test_model_msg__type_support.hpp
-- Installing: /home/burcu/ros2_ws/install/live_analysis_interfaces/include/live_analysis_interfaces/live_analysis_interfaces/msg/detail/test_model_msg__builder.hpp
-- Installing: /home/burcu/ros2_ws/install/live_analysis_interfaces/include/live_analysis_interfaces/live_analysis_interfaces/msg/detail/train_algorithm_msg__type_support.hpp
-- Installing: /home/burcu/ros2_ws/install/live_analysis_interfaces/include/live_analysis_interfaces/live_analysis_interfaces/msg/detail/train_result_msg__type_support.hpp
-- Installing: /home/burcu/ros2_ws/install/live_analysis_interfaces/include/live_analysis_interfaces/live_analysis_interfaces/msg/detail/test_result_msg__builder.hpp
-- Installing: /home/burcu/ros2_ws/install/live_analysis_interfaces/include/live_analysis_interfaces/live_analysis_interfaces/msg/detail/train_result_msg__traits.hpp
-- Installing: /home/burcu/ros2_ws/install/live_analysis_interfaces/include/live_analysis_interfaces/live_analysis_interfaces/msg/detail/test_result_msg__traits.hpp
-- Installing: /home/burcu/ros2_ws/install/live_analysis_interfaces/include/live_analysis_interfaces/live_analysis_interfaces/msg/detail/train_algorithm_msg__builder.hpp
-- Installing: /home/burcu/ros2_ws/install/live_analysis_interfaces/include/live_analysis_interfaces/live_analysis_interfaces/msg/detail/train_result_msg__builder.hpp
-- Installing: /home/burcu/ros2_ws/install/live_analysis_interfaces/include/live_analysis_interfaces/live_analysis_interfaces/msg/detail/test_result_msg__type_support.hpp
-- Up-to-date: /home/burcu/ros2_ws/install/live_analysis_interfaces/include/live_analysis_interfaces/live_analysis_interfaces
-- Up-to-date: /home/burcu/ros2_ws/install/live_analysis_interfaces/include/live_analysis_interfaces/live_analysis_interfaces/msg
-- Up-to-date: /home/burcu/ros2_ws/install/live_analysis_interfaces/include/live_analysis_interfaces/live_analysis_interfaces/msg/rosidl_typesupport_fastrtps_cpp__visibility_control.h
-- Up-to-date: /home/burcu/ros2_ws/install/live_analysis_interfaces/include/live_analysis_interfaces/live_analysis_interfaces/msg/detail
-- Installing: /home/burcu/ros2_ws/install/live_analysis_interfaces/include/live_analysis_interfaces/live_analysis_interfaces/msg/detail/test_model_msg__rosidl_typesupport_fastrtps_cpp.hpp
-- Installing: /home/burcu/ros2_ws/install/live_analysis_interfaces/include/live_analysis_interfaces/live_analysis_interfaces/msg/detail/train_result_msg__rosidl_typesupport_fastrtps_cpp.hpp
-- Up-to-date: /home/burcu/ros2_ws/install/live_analysis_interfaces/include/live_analysis_interfaces/live_analysis_interfaces/msg/detail/dds_fastrtps
-- Installing: /home/burcu/ros2_ws/install/live_analysis_interfaces/include/live_analysis_interfaces/live_analysis_interfaces/msg/detail/train_algorithm_msg__rosidl_typesupport_fastrtps_cpp.hpp
-- Installing: /home/burcu/ros2_ws/install/live_analysis_interfaces/include/live_analysis_interfaces/live_analysis_interfaces/msg/detail/test_result_msg__rosidl_typesupport_fastrtps_cpp.hpp
-- Installing: /home/burcu/ros2_ws/install/live_analysis_interfaces/lib/liblive_analysis_interfaces__rosidl_typesupport_fastrtps_cpp.so
-- Set non-toolchain portion of runtime path of "/home/burcu/ros2_ws/install/live_analysis_interfaces/lib/liblive_analysis_interfaces__rosidl_typesupport_fastrtps_cpp.so" to ""
-- Up-to-date: /home/burcu/ros2_ws/install/live_analysis_interfaces/include/live_analysis_interfaces/live_analysis_interfaces
-- Up-to-date: /home/burcu/ros2_ws/install/live_analysis_interfaces/include/live_analysis_interfaces/live_analysis_interfaces/msg
-- Up-to-date: /home/burcu/ros2_ws/install/live_analysis_interfaces/include/live_analysis_interfaces/live_analysis_interfaces/msg/detail
-- Installing: /home/burcu/ros2_ws/install/live_analysis_interfaces/include/live_analysis_interfaces/live_analysis_interfaces/msg/detail/test_model_msg__type_support.cpp
-- Installing: /home/burcu/ros2_ws/install/live_analysis_interfaces/include/live_analysis_interfaces/live_analysis_interfaces/msg/detail/test_result_msg__rosidl_typesupport_introspection_cpp.hpp
-- Installing: /home/burcu/ros2_ws/install/live_analysis_interfaces/include/live_analysis_interfaces/live_analysis_interfaces/msg/detail/train_algorithm_msg__rosidl_typesupport_introspection_cpp.hpp
-- Installing: /home/burcu/ros2_ws/install/live_analysis_interfaces/include/live_analysis_interfaces/live_analysis_interfaces/msg/detail/test_result_msg__type_support.cpp
-- Installing: /home/burcu/ros2_ws/install/live_analysis_interfaces/include/live_analysis_interfaces/live_analysis_interfaces/msg/detail/train_algorithm_msg__type_support.cpp
-- Installing: /home/burcu/ros2_ws/install/live_analysis_interfaces/include/live_analysis_interfaces/live_analysis_interfaces/msg/detail/train_result_msg__rosidl_typesupport_introspection_cpp.hpp
-- Installing: /home/burcu/ros2_ws/install/live_analysis_interfaces/include/live_analysis_interfaces/live_analysis_interfaces/msg/detail/test_model_msg__rosidl_typesupport_introspection_cpp.hpp
-- Installing: /home/burcu/ros2_ws/install/live_analysis_interfaces/include/live_analysis_interfaces/live_analysis_interfaces/msg/detail/train_result_msg__type_support.cpp
-- Installing: /home/burcu/ros2_ws/install/live_analysis_interfaces/lib/liblive_analysis_interfaces__rosidl_typesupport_introspection_cpp.so
-- Set non-toolchain portion of runtime path of "/home/burcu/ros2_ws/install/live_analysis_interfaces/lib/liblive_analysis_interfaces__rosidl_typesupport_introspection_cpp.so" to ""
-- Installing: /home/burcu/ros2_ws/install/live_analysis_interfaces/lib/liblive_analysis_interfaces__rosidl_typesupport_cpp.so
-- Set non-toolchain portion of runtime path of "/home/burcu/ros2_ws/install/live_analysis_interfaces/lib/liblive_analysis_interfaces__rosidl_typesupport_cpp.so" to ""
-- Up-to-date: /home/burcu/ros2_ws/install/live_analysis_interfaces/share/live_analysis_interfaces/environment/pythonpath.sh
-- Up-to-date: /home/burcu/ros2_ws/install/live_analysis_interfaces/share/live_analysis_interfaces/environment/pythonpath.dsv
-- Up-to-date: /home/burcu/ros2_ws/install/live_analysis_interfaces/lib/python3.12/site-packages/live_analysis_interfaces-0.1.0-py3.12.egg-info
-- Installing: /home/burcu/ros2_ws/install/live_analysis_interfaces/lib/python3.12/site-packages/live_analysis_interfaces-0.1.0-py3.12.egg-info/PKG-INFO
-- Installing: /home/burcu/ros2_ws/install/live_analysis_interfaces/lib/python3.12/site-packages/live_analysis_interfaces-0.1.0-py3.12.egg-info/SOURCES.txt
-- Installing: /home/burcu/ros2_ws/install/live_analysis_interfaces/lib/python3.12/site-packages/live_analysis_interfaces-0.1.0-py3.12.egg-info/dependency_links.txt
-- Installing: /home/burcu/ros2_ws/install/live_analysis_interfaces/lib/python3.12/site-packages/live_analysis_interfaces-0.1.0-py3.12.egg-info/top_level.txt
-- Up-to-date: /home/burcu/ros2_ws/install/live_analysis_interfaces/lib/python3.12/site-packages/live_analysis_interfaces
-- Installing: /home/burcu/ros2_ws/install/live_analysis_interfaces/lib/python3.12/site-packages/live_analysis_interfaces/__init__.py
-- Up-to-date: /home/burcu/ros2_ws/install/live_analysis_interfaces/lib/python3.12/site-packages/live_analysis_interfaces/msg
-- Installing: /home/burcu/ros2_ws/install/live_analysis_interfaces/lib/python3.12/site-packages/live_analysis_interfaces/msg/_train_algorithm_msg.py
-- Installing: /home/burcu/ros2_ws/install/live_analysis_interfaces/lib/python3.12/site-packages/live_analysis_interfaces/msg/_train_result_msg_s.c
-- Installing: /home/burcu/ros2_ws/install/live_analysis_interfaces/lib/python3.12/site-packages/live_analysis_interfaces/msg/__init__.py
-- Installing: /home/burcu/ros2_ws/install/live_analysis_interfaces/lib/python3.12/site-packages/live_analysis_interfaces/msg/_test_result_msg.py
-- Installing: /home/burcu/ros2_ws/install/live_analysis_interfaces/lib/python3.12/site-packages/live_analysis_interfaces/msg/_test_result_msg_s.c
-- Installing: /home/burcu/ros2_ws/install/live_analysis_interfaces/lib/python3.12/site-packages/live_analysis_interfaces/msg/_train_result_msg.py
-- Installing: /home/burcu/ros2_ws/install/live_analysis_interfaces/lib/python3.12/site-packages/live_analysis_interfaces/msg/_train_algorithm_msg_s.c
-- Installing: /home/burcu/ros2_ws/install/live_analysis_interfaces/lib/python3.12/site-packages/live_analysis_interfaces/msg/_test_model_msg.py
-- Installing: /home/burcu/ros2_ws/install/live_analysis_interfaces/lib/python3.12/site-packages/live_analysis_interfaces/msg/_test_model_msg_s.c
-- Installing: /home/burcu/ros2_ws/install/live_analysis_interfaces/lib/python3.12/site-packages/live_analysis_interfaces/_live_analysis_interfaces_s.ep.rosidl_typesupport_c.c
-- Installing: /home/burcu/ros2_ws/install/live_analysis_interfaces/lib/python3.12/site-packages/live_analysis_interfaces/_live_analysis_interfaces_s.ep.rosidl_typesupport_introspection_c.c
-- Installing: /home/burcu/ros2_ws/install/live_analysis_interfaces/lib/python3.12/site-packages/live_analysis_interfaces/_live_analysis_interfaces_s.ep.rosidl_typesupport_fastrtps_c.c
-- Installing: /home/burcu/ros2_ws/install/live_analysis_interfaces/lib/python3.12/site-packages/live_analysis_interfaces/live_analysis_interfaces_s__rosidl_typesupport_introspection_c.so
-- Installing: /home/burcu/ros2_ws/install/live_analysis_interfaces/lib/python3.12/site-packages/live_analysis_interfaces/live_analysis_interfaces_s__rosidl_typesupport_fastrtps_c.so
-- Installing: /home/burcu/ros2_ws/install/live_analysis_interfaces/lib/python3.12/site-packages/live_analysis_interfaces/live_analysis_interfaces_s__rosidl_typesupport_c.so
Listing '/home/burcu/ros2_ws/install/live_analysis_interfaces/lib/python3.12/site-packages/live_analysis_interfaces'...
Compiling '/home/burcu/ros2_ws/install/live_analysis_interfaces/lib/python3.12/site-packages/live_analysis_interfaces/__init__.py'...
Listing '/home/burcu/ros2_ws/install/live_analysis_interfaces/lib/python3.12/site-packages/live_analysis_interfaces/msg'...
Compiling '/home/burcu/ros2_ws/install/live_analysis_interfaces/lib/python3.12/site-packages/live_analysis_interfaces/msg/__init__.py'...
Compiling '/home/burcu/ros2_ws/install/live_analysis_interfaces/lib/python3.12/site-packages/live_analysis_interfaces/msg/_test_model_msg.py'...
Compiling '/home/burcu/ros2_ws/install/live_analysis_interfaces/lib/python3.12/site-packages/live_analysis_interfaces/msg/_test_result_msg.py'...
Compiling '/home/burcu/ros2_ws/install/live_analysis_interfaces/lib/python3.12/site-packages/live_analysis_interfaces/msg/_train_algorithm_msg.py'...
Compiling '/home/burcu/ros2_ws/install/live_analysis_interfaces/lib/python3.12/site-packages/live_analysis_interfaces/msg/_train_result_msg.py'...
-- Installing: /home/burcu/ros2_ws/install/live_analysis_interfaces/lib/python3.12/site-packages/live_analysis_interfaces/live_analysis_interfaces_s__rosidl_typesupport_fastrtps_c.so
-- Set non-toolchain portion of runtime path of "/home/burcu/ros2_ws/install/live_analysis_interfaces/lib/python3.12/site-packages/live_analysis_interfaces/live_analysis_interfaces_s__rosidl_typesupport_fastrtps_c.so" to ""
-- Installing: /home/burcu/ros2_ws/install/live_analysis_interfaces/lib/python3.12/site-packages/live_analysis_interfaces/live_analysis_interfaces_s__rosidl_typesupport_introspection_c.so
-- Set non-toolchain portion of runtime path of "/home/burcu/ros2_ws/install/live_analysis_interfaces/lib/python3.12/site-packages/live_analysis_interfaces/live_analysis_interfaces_s__rosidl_typesupport_introspection_c.so" to ""
-- Installing: /home/burcu/ros2_ws/install/live_analysis_interfaces/lib/python3.12/site-packages/live_analysis_interfaces/live_analysis_interfaces_s__rosidl_typesupport_c.so
-- Set non-toolchain portion of runtime path of "/home/burcu/ros2_ws/install/live_analysis_interfaces/lib/python3.12/site-packages/live_analysis_interfaces/live_analysis_interfaces_s__rosidl_typesupport_c.so" to ""
-- Installing: /home/burcu/ros2_ws/install/live_analysis_interfaces/lib/liblive_analysis_interfaces__rosidl_generator_py.so
-- Set non-toolchain portion of runtime path of "/home/burcu/ros2_ws/install/live_analysis_interfaces/lib/liblive_analysis_interfaces__rosidl_generator_py.so" to ""
-- Up-to-date: /home/burcu/ros2_ws/install/live_analysis_interfaces/share/live_analysis_interfaces/msg/TestModelMsg.idl
-- Up-to-date: /home/burcu/ros2_ws/install/live_analysis_interfaces/share/live_analysis_interfaces/msg/TestResultMsg.idl
-- Installing: /home/burcu/ros2_ws/install/live_analysis_interfaces/share/live_analysis_interfaces/msg/TrainAlgorithmMsg.idl
-- Installing: /home/burcu/ros2_ws/install/live_analysis_interfaces/share/live_analysis_interfaces/msg/TrainResultMsg.idl
-- Up-to-date: /home/burcu/ros2_ws/install/live_analysis_interfaces/share/live_analysis_interfaces/msg/TestModelMsg.msg
-- Up-to-date: /home/burcu/ros2_ws/install/live_analysis_interfaces/share/live_analysis_interfaces/msg/TestResultMsg.msg
-- Installing: /home/burcu/ros2_ws/install/live_analysis_interfaces/share/live_analysis_interfaces/msg/TrainAlgorithmMsg.msg
-- Installing: /home/burcu/ros2_ws/install/live_analysis_interfaces/share/live_analysis_interfaces/msg/TrainResultMsg.msg
-- Up-to-date: /home/burcu/ros2_ws/install/live_analysis_interfaces/share/ament_index/resource_index/package_run_dependencies/live_analysis_interfaces
-- Installing: /home/burcu/ros2_ws/install/live_analysis_interfaces/share/ament_index/resource_index/parent_prefix_path/live_analysis_interfaces
-- Up-to-date: /home/burcu/ros2_ws/install/live_analysis_interfaces/share/live_analysis_interfaces/environment/ament_prefix_path.sh
-- Up-to-date: /home/burcu/ros2_ws/install/live_analysis_interfaces/share/live_analysis_interfaces/environment/ament_prefix_path.dsv
-- Up-to-date: /home/burcu/ros2_ws/install/live_analysis_interfaces/share/live_analysis_interfaces/environment/path.sh
-- Up-to-date: /home/burcu/ros2_ws/install/live_analysis_interfaces/share/live_analysis_interfaces/environment/path.dsv
-- Up-to-date: /home/burcu/ros2_ws/install/live_analysis_interfaces/share/live_analysis_interfaces/local_setup.bash
-- Up-to-date: /home/burcu/ros2_ws/install/live_analysis_interfaces/share/live_analysis_interfaces/local_setup.sh
-- Up-to-date: /home/burcu/ros2_ws/install/live_analysis_interfaces/share/live_analysis_interfaces/local_setup.zsh
-- Up-to-date: /home/burcu/ros2_ws/install/live_analysis_interfaces/share/live_analysis_interfaces/local_setup.dsv
-- Installing: /home/burcu/ros2_ws/install/live_analysis_interfaces/share/live_analysis_interfaces/package.dsv
-- Up-to-date: /home/burcu/ros2_ws/install/live_analysis_interfaces/share/ament_index/resource_index/packages/live_analysis_interfaces
-- Up-to-date: /home/burcu/ros2_ws/install/live_analysis_interfaces/share/live_analysis_interfaces/cmake/export_live_analysis_interfaces__rosidl_generator_cExport.cmake
-- Up-to-date: /home/burcu/ros2_ws/install/live_analysis_interfaces/share/live_analysis_interfaces/cmake/export_live_analysis_interfaces__rosidl_generator_cExport-noconfig.cmake
-- Up-to-date: /home/burcu/ros2_ws/install/live_analysis_interfaces/share/live_analysis_interfaces/cmake/export_live_analysis_interfaces__rosidl_typesupport_fastrtps_cExport.cmake
-- Up-to-date: /home/burcu/ros2_ws/install/live_analysis_interfaces/share/live_analysis_interfaces/cmake/export_live_analysis_interfaces__rosidl_typesupport_fastrtps_cExport-noconfig.cmake
-- Up-to-date: /home/burcu/ros2_ws/install/live_analysis_interfaces/share/live_analysis_interfaces/cmake/live_analysis_interfaces__rosidl_typesupport_introspection_cExport.cmake
-- Up-to-date: /home/burcu/ros2_ws/install/live_analysis_interfaces/share/live_analysis_interfaces/cmake/live_analysis_interfaces__rosidl_typesupport_introspection_cExport-noconfig.cmake
-- Up-to-date: /home/burcu/ros2_ws/install/live_analysis_interfaces/share/live_analysis_interfaces/cmake/live_analysis_interfaces__rosidl_typesupport_cExport.cmake
-- Up-to-date: /home/burcu/ros2_ws/install/live_analysis_interfaces/share/live_analysis_interfaces/cmake/live_analysis_interfaces__rosidl_typesupport_cExport-noconfig.cmake
-- Up-to-date: /home/burcu/ros2_ws/install/live_analysis_interfaces/share/live_analysis_interfaces/cmake/export_live_analysis_interfaces__rosidl_generator_cppExport.cmake
-- Up-to-date: /home/burcu/ros2_ws/install/live_analysis_interfaces/share/live_analysis_interfaces/cmake/export_live_analysis_interfaces__rosidl_typesupport_fastrtps_cppExport.cmake
-- Up-to-date: /home/burcu/ros2_ws/install/live_analysis_interfaces/share/live_analysis_interfaces/cmake/export_live_analysis_interfaces__rosidl_typesupport_fastrtps_cppExport-noconfig.cmake
-- Up-to-date: /home/burcu/ros2_ws/install/live_analysis_interfaces/share/live_analysis_interfaces/cmake/live_analysis_interfaces__rosidl_typesupport_introspection_cppExport.cmake
-- Up-to-date: /home/burcu/ros2_ws/install/live_analysis_interfaces/share/live_analysis_interfaces/cmake/live_analysis_interfaces__rosidl_typesupport_introspection_cppExport-noconfig.cmake
-- Up-to-date: /home/burcu/ros2_ws/install/live_analysis_interfaces/share/live_analysis_interfaces/cmake/live_analysis_interfaces__rosidl_typesupport_cppExport.cmake
-- Up-to-date: /home/burcu/ros2_ws/install/live_analysis_interfaces/share/live_analysis_interfaces/cmake/live_analysis_interfaces__rosidl_typesupport_cppExport-noconfig.cmake
-- Up-to-date: /home/burcu/ros2_ws/install/live_analysis_interfaces/share/live_analysis_interfaces/cmake/export_live_analysis_interfaces__rosidl_generator_pyExport.cmake
-- Up-to-date: /home/burcu/ros2_ws/install/live_analysis_interfaces/share/live_analysis_interfaces/cmake/export_live_analysis_interfaces__rosidl_generator_pyExport-noconfig.cmake
-- Installing: /home/burcu/ros2_ws/install/live_analysis_interfaces/share/live_analysis_interfaces/cmake/rosidl_cmake-extras.cmake
-- Up-to-date: /home/burcu/ros2_ws/install/live_analysis_interfaces/share/live_analysis_interfaces/cmake/ament_cmake_export_dependencies-extras.cmake
-- Up-to-date: /home/burcu/ros2_ws/install/live_analysis_interfaces/share/live_analysis_interfaces/cmake/ament_cmake_export_include_directories-extras.cmake
-- Up-to-date: /home/burcu/ros2_ws/install/live_analysis_interfaces/share/live_analysis_interfaces/cmake/ament_cmake_export_libraries-extras.cmake
-- Up-to-date: /home/burcu/ros2_ws/install/live_analysis_interfaces/share/live_analysis_interfaces/cmake/ament_cmake_export_targets-extras.cmake
-- Up-to-date: /home/burcu/ros2_ws/install/live_analysis_interfaces/share/live_analysis_interfaces/cmake/rosidl_cmake_export_typesupport_targets-extras.cmake
-- Up-to-date: /home/burcu/ros2_ws/install/live_analysis_interfaces/share/live_analysis_interfaces/cmake/rosidl_cmake_export_typesupport_libraries-extras.cmake
-- Up-to-date: /home/burcu/ros2_ws/install/live_analysis_interfaces/share/live_analysis_interfaces/cmake/live_analysis_interfacesConfig.cmake
-- Up-to-date: /home/burcu/ros2_ws/install/live_analysis_interfaces/share/live_analysis_interfaces/cmake/live_analysis_interfacesConfig-version.cmake
-- Up-to-date: /home/burcu/ros2_ws/install/live_analysis_interfaces/share/live_analysis_interfaces/package.xml
