[100%] Built target my_cpp_node
-- Install configuration: ""
-- Execute custom install script
-- Up-to-date symlink: /home/paranavision/ros2_ws/QPath_ROS2_ws/install/my_cpp_server_tools/lib/my_cpp_server_tools/my_cpp_node
-- Up-to-date symlink: /home/paranavision/ros2_ws/QPath_ROS2_ws/install/my_cpp_server_tools/share/ament_index/resource_index/package_run_dependencies/my_cpp_server_tools
-- Up-to-date symlink: /home/paranavision/ros2_ws/QPath_ROS2_ws/install/my_cpp_server_tools/share/ament_index/resource_index/parent_prefix_path/my_cpp_server_tools
-- Up-to-date symlink: /home/paranavision/ros2_ws/QPath_ROS2_ws/install/my_cpp_server_tools/share/my_cpp_server_tools/environment/ament_prefix_path.sh
-- Up-to-date symlink: /home/paranavision/ros2_ws/QPath_ROS2_ws/install/my_cpp_server_tools/share/my_cpp_server_tools/environment/ament_prefix_path.dsv
-- Up-to-date symlink: /home/paranavision/ros2_ws/QPath_ROS2_ws/install/my_cpp_server_tools/share/my_cpp_server_tools/environment/path.sh
-- Up-to-date symlink: /home/paranavision/ros2_ws/QPath_ROS2_ws/install/my_cpp_server_tools/share/my_cpp_server_tools/environment/path.dsv
-- Up-to-date symlink: /home/paranavision/ros2_ws/QPath_ROS2_ws/install/my_cpp_server_tools/share/my_cpp_server_tools/local_setup.bash
-- Up-to-date symlink: /home/paranavision/ros2_ws/QPath_ROS2_ws/install/my_cpp_server_tools/share/my_cpp_server_tools/local_setup.sh
-- Up-to-date symlink: /home/paranavision/ros2_ws/QPath_ROS2_ws/install/my_cpp_server_tools/share/my_cpp_server_tools/local_setup.zsh
-- Up-to-date symlink: /home/paranavision/ros2_ws/QPath_ROS2_ws/install/my_cpp_server_tools/share/my_cpp_server_tools/local_setup.dsv
-- Symlinking: /home/paranavision/ros2_ws/QPath_ROS2_ws/install/my_cpp_server_tools/share/my_cpp_server_tools/package.dsv
-- Up-to-date symlink: /home/paranavision/ros2_ws/QPath_ROS2_ws/install/my_cpp_server_tools/share/ament_index/resource_index/packages/my_cpp_server_tools
-- Up-to-date symlink: /home/paranavision/ros2_ws/QPath_ROS2_ws/install/my_cpp_server_tools/share/my_cpp_server_tools/cmake/ament_cmake_export_dependencies-extras.cmake
-- Up-to-date symlink: /home/paranavision/ros2_ws/QPath_ROS2_ws/install/my_cpp_server_tools/share/my_cpp_server_tools/cmake/my_cpp_server_toolsConfig.cmake
-- Up-to-date symlink: /home/paranavision/ros2_ws/QPath_ROS2_ws/install/my_cpp_server_tools/share/my_cpp_server_tools/cmake/my_cpp_server_toolsConfig-version.cmake
-- Up-to-date symlink: /home/paranavision/ros2_ws/QPath_ROS2_ws/install/my_cpp_server_tools/share/my_cpp_server_tools/package.xml
