/home/paranavision/.local/lib/python3.8/site-packages/setuptools/_distutils/dist.py:261: UserWarning: Unknown distribution option: 'tests_require'
  warnings.warn(msg)
running develop
running egg_info
creating live_analysis_ros2.egg-info
writing live_analysis_ros2.egg-info/PKG-INFO
writing dependency_links to live_analysis_ros2.egg-info/dependency_links.txt
writing entry points to live_analysis_ros2.egg-info/entry_points.txt
writing requirements to live_analysis_ros2.egg-info/requires.txt
writing top-level names to live_analysis_ros2.egg-info/top_level.txt
writing manifest file 'live_analysis_ros2.egg-info/SOURCES.txt'
reading manifest file 'live_analysis_ros2.egg-info/SOURCES.txt'
writing manifest file 'live_analysis_ros2.egg-info/SOURCES.txt'
running build_ext
Creating /home/paranavision/ros2_ws/QPath_ROS2_ws/install/live_analysis_ros2/lib/python3.8/site-packages/live-analysis-ros2.egg-link (link to .)
Installing analysis_node script to /home/paranavision/ros2_ws/QPath_ROS2_ws/install/live_analysis_ros2/lib/live_analysis_ros2
Installing training_node script to /home/paranavision/ros2_ws/QPath_ROS2_ws/install/live_analysis_ros2/lib/live_analysis_ros2

Installed /home/paranavision/ros2_ws/QPath_ROS2_ws/build/live_analysis_ros2
running symlink_data
symbolically linking /home/paranavision/ros2_ws/QPath_ROS2_ws/build/live_analysis_ros2/package.xml -> /home/paranavision/ros2_ws/QPath_ROS2_ws/install/live_analysis_ros2/share/live_analysis_ros2
creating /home/paranavision/ros2_ws/QPath_ROS2_ws/install/live_analysis_ros2/share/live_analysis_ros2/msg
creating /home/paranavision/ros2_ws/QPath_ROS2_ws/install/live_analysis_ros2/share/live_analysis_ros2/launch
symbolically linking /home/paranavision/ros2_ws/QPath_ROS2_ws/build/live_analysis_ros2/launch/analysis_node.launch.py -> /home/paranavision/ros2_ws/QPath_ROS2_ws/install/live_analysis_ros2/share/live_analysis_ros2/launch
