[1.287s] Invoking command in '/home/paranavision/ros2_ws/QPath_ROS2_ws/build/live_analysis_ros2': AMENT_PREFIX_PATH=/home/paranavision/ros2_ws/QPath_ROS2_ws/install/live_analysis_interfaces:${AMENT_PREFIX_PATH} CMAKE_PREFIX_PATH=/home/paranavision/ros2_ws/QPath_ROS2_ws/install/live_analysis_interfaces LD_LIBRARY_PATH=/home/paranavision/ros2_ws/QPath_ROS2_ws/install/live_analysis_interfaces/lib:${LD_LIBRARY_PATH} PYTHONPATH=/home/paranavision/ros2_ws/QPath_ROS2_ws/build/live_analysis_ros2/prefix_override:/usr/lib/python3/dist-packages/colcon_core/task/python/colcon_distutils_commands:/home/paranavision/ros2_ws/QPath_ROS2_ws/install/live_analysis_ros2/lib/python3.8/site-packages:/home/paranavision/ros2_ws/QPath_ROS2_ws/install/live_analysis_interfaces/lib/python3.9/site-packages:${PYTHONPATH} /usr/bin/python3 -W ignore:setup.py install is deprecated -W ignore:easy_install command is deprecated setup.py develop --editable --build-directory /home/paranavision/ros2_ws/QPath_ROS2_ws/build/live_analysis_ros2/build --no-deps symlink_data
[1.435s] /home/paranavision/.local/lib/python3.8/site-packages/setuptools/_distutils/dist.py:261: UserWarning: Unknown distribution option: 'tests_require'
[1.435s]   warnings.warn(msg)
[1.635s] running develop
[1.888s] running egg_info
[1.907s] creating live_analysis_ros2.egg-info
[1.910s] writing live_analysis_ros2.egg-info/PKG-INFO
[1.911s] writing dependency_links to live_analysis_ros2.egg-info/dependency_links.txt
[1.911s] writing entry points to live_analysis_ros2.egg-info/entry_points.txt
[1.911s] writing requirements to live_analysis_ros2.egg-info/requires.txt
[1.911s] writing top-level names to live_analysis_ros2.egg-info/top_level.txt
[1.911s] writing manifest file 'live_analysis_ros2.egg-info/SOURCES.txt'
[1.952s] reading manifest file 'live_analysis_ros2.egg-info/SOURCES.txt'
[1.953s] writing manifest file 'live_analysis_ros2.egg-info/SOURCES.txt'
[2.009s] running build_ext
[2.009s] Creating /home/paranavision/ros2_ws/QPath_ROS2_ws/install/live_analysis_ros2/lib/python3.8/site-packages/live-analysis-ros2.egg-link (link to .)
[2.020s] Installing analysis_node script to /home/paranavision/ros2_ws/QPath_ROS2_ws/install/live_analysis_ros2/lib/live_analysis_ros2
[2.021s] Installing training_node script to /home/paranavision/ros2_ws/QPath_ROS2_ws/install/live_analysis_ros2/lib/live_analysis_ros2
[2.021s] 
[2.022s] Installed /home/paranavision/ros2_ws/QPath_ROS2_ws/build/live_analysis_ros2
[2.022s] running symlink_data
[2.022s] symbolically linking /home/paranavision/ros2_ws/QPath_ROS2_ws/build/live_analysis_ros2/package.xml -> /home/paranavision/ros2_ws/QPath_ROS2_ws/install/live_analysis_ros2/share/live_analysis_ros2
[2.022s] creating /home/paranavision/ros2_ws/QPath_ROS2_ws/install/live_analysis_ros2/share/live_analysis_ros2/msg
[2.022s] creating /home/paranavision/ros2_ws/QPath_ROS2_ws/install/live_analysis_ros2/share/live_analysis_ros2/launch
[2.022s] symbolically linking /home/paranavision/ros2_ws/QPath_ROS2_ws/build/live_analysis_ros2/launch/analysis_node.launch.py -> /home/paranavision/ros2_ws/QPath_ROS2_ws/install/live_analysis_ros2/share/live_analysis_ros2/launch
[2.059s] Invoked command in '/home/paranavision/ros2_ws/QPath_ROS2_ws/build/live_analysis_ros2' returned '0': AMENT_PREFIX_PATH=/home/paranavision/ros2_ws/QPath_ROS2_ws/install/live_analysis_interfaces:${AMENT_PREFIX_PATH} CMAKE_PREFIX_PATH=/home/paranavision/ros2_ws/QPath_ROS2_ws/install/live_analysis_interfaces LD_LIBRARY_PATH=/home/paranavision/ros2_ws/QPath_ROS2_ws/install/live_analysis_interfaces/lib:${LD_LIBRARY_PATH} PYTHONPATH=/home/paranavision/ros2_ws/QPath_ROS2_ws/build/live_analysis_ros2/prefix_override:/usr/lib/python3/dist-packages/colcon_core/task/python/colcon_distutils_commands:/home/paranavision/ros2_ws/QPath_ROS2_ws/install/live_analysis_ros2/lib/python3.8/site-packages:/home/paranavision/ros2_ws/QPath_ROS2_ws/install/live_analysis_interfaces/lib/python3.9/site-packages:${PYTHONPATH} /usr/bin/python3 -W ignore:setup.py install is deprecated -W ignore:easy_install command is deprecated setup.py develop --editable --build-directory /home/paranavision/ros2_ws/QPath_ROS2_ws/build/live_analysis_ros2/build --no-deps symlink_data
