[0.125s] DEBUG:colcon:Command line arguments: ['/usr/bin/colcon', 'build']
[0.125s] DEBUG:colcon:Parsed command line arguments: Namespace(log_base=None, log_level=None, verb_name='build', build_base='build', install_base='install', merge_install=False, symlink_install=False, test_result_base=None, continue_on_error=False, executor='parallel', parallel_workers=22, event_handlers=None, ignore_user_meta=False, metas=['./colcon.meta'], base_paths=['.'], packages_ignore=None, packages_ignore_regex=None, paths=None, packages_up_to=None, packages_up_to_regex=None, packages_above=None, packages_above_and_dependencies=None, packages_above_depth=None, packages_select_by_dep=None, packages_skip_by_dep=None, packages_skip_up_to=None, packages_select_build_failed=False, packages_skip_build_finished=False, packages_select_test_failures=False, packages_skip_test_passed=False, packages_select=None, packages_skip=None, packages_select_regex=None, packages_skip_regex=None, packages_start=None, packages_end=None, allow_overriding=[], cmake_args=None, cmake_target=None, cmake_target_skip_unavailable=False, cmake_clean_cache=False, cmake_clean_first=False, cmake_force_configure=False, ament_cmake_args=None, catkin_cmake_args=None, catkin_skip_building_tests=False, verb_parser=<colcon_defaults.argument_parser.defaults.DefaultArgumentsDecorator object at 0x76eb90f6b0b0>, verb_extension=<colcon_core.verb.build.BuildVerb object at 0x76eb90f6ac90>, main=<bound method BuildVerb.main of <colcon_core.verb.build.BuildVerb object at 0x76eb90f6ac90>>)
[0.160s] Level 1:colcon.colcon_core.package_discovery:discover_packages(colcon_meta) check parameters
[0.161s] Level 1:colcon.colcon_core.package_discovery:discover_packages(recursive) check parameters
[0.161s] Level 1:colcon.colcon_core.package_discovery:discover_packages(ignore) check parameters
[0.161s] Level 1:colcon.colcon_core.package_discovery:discover_packages(path) check parameters
[0.161s] Level 1:colcon.colcon_core.package_discovery:discover_packages(colcon_meta) discover
[0.161s] Level 1:colcon.colcon_core.package_discovery:discover_packages(recursive) discover
[0.161s] INFO:colcon.colcon_core.package_discovery:Crawling recursively for packages in '/home/burcu/ros2_ws'
[0.161s] Level 1:colcon.colcon_core.package_identification:_identify(.) by extensions ['ignore', 'ignore_ament_install']
[0.161s] Level 1:colcon.colcon_core.package_identification:_identify(.) by extension 'ignore'
[0.161s] Level 1:colcon.colcon_core.package_identification:_identify(.) by extension 'ignore_ament_install'
[0.161s] Level 1:colcon.colcon_core.package_identification:_identify(.) by extensions ['colcon_pkg']
[0.161s] Level 1:colcon.colcon_core.package_identification:_identify(.) by extension 'colcon_pkg'
[0.161s] Level 1:colcon.colcon_core.package_identification:_identify(.) by extensions ['colcon_meta']
[0.161s] Level 1:colcon.colcon_core.package_identification:_identify(.) by extension 'colcon_meta'
[0.161s] Level 1:colcon.colcon_core.package_identification:_identify(.) by extensions ['ros']
[0.161s] Level 1:colcon.colcon_core.package_identification:_identify(.) by extension 'ros'
[0.178s] Level 1:colcon.colcon_core.package_identification:_identify(.) by extensions ['cmake', 'python']
[0.178s] Level 1:colcon.colcon_core.package_identification:_identify(.) by extension 'cmake'
[0.178s] Level 1:colcon.colcon_core.package_identification:_identify(.) by extension 'python'
[0.178s] Level 1:colcon.colcon_core.package_identification:_identify(.) by extensions ['python_setup_py']
[0.178s] Level 1:colcon.colcon_core.package_identification:_identify(.) by extension 'python_setup_py'
[0.178s] Level 1:colcon.colcon_core.package_identification:_identify(build) by extensions ['ignore', 'ignore_ament_install']
[0.179s] Level 1:colcon.colcon_core.package_identification:_identify(build) by extension 'ignore'
[0.179s] Level 1:colcon.colcon_core.package_identification:_identify(build) ignored
[0.179s] Level 1:colcon.colcon_core.package_identification:_identify(install) by extensions ['ignore', 'ignore_ament_install']
[0.179s] Level 1:colcon.colcon_core.package_identification:_identify(install) by extension 'ignore'
[0.179s] Level 1:colcon.colcon_core.package_identification:_identify(install) ignored
[0.179s] Level 1:colcon.colcon_core.package_identification:_identify(log) by extensions ['ignore', 'ignore_ament_install']
[0.179s] Level 1:colcon.colcon_core.package_identification:_identify(log) by extension 'ignore'
[0.179s] Level 1:colcon.colcon_core.package_identification:_identify(log) ignored
[0.179s] Level 1:colcon.colcon_core.package_identification:_identify(src) by extensions ['ignore', 'ignore_ament_install']
[0.179s] Level 1:colcon.colcon_core.package_identification:_identify(src) by extension 'ignore'
[0.179s] Level 1:colcon.colcon_core.package_identification:_identify(src) by extension 'ignore_ament_install'
[0.179s] Level 1:colcon.colcon_core.package_identification:_identify(src) by extensions ['colcon_pkg']
[0.179s] Level 1:colcon.colcon_core.package_identification:_identify(src) by extension 'colcon_pkg'
[0.179s] Level 1:colcon.colcon_core.package_identification:_identify(src) by extensions ['colcon_meta']
[0.179s] Level 1:colcon.colcon_core.package_identification:_identify(src) by extension 'colcon_meta'
[0.180s] Level 1:colcon.colcon_core.package_identification:_identify(src) by extensions ['ros']
[0.180s] Level 1:colcon.colcon_core.package_identification:_identify(src) by extension 'ros'
[0.180s] Level 1:colcon.colcon_core.package_identification:_identify(src) by extensions ['cmake', 'python']
[0.180s] Level 1:colcon.colcon_core.package_identification:_identify(src) by extension 'cmake'
[0.180s] Level 1:colcon.colcon_core.package_identification:_identify(src) by extension 'python'
[0.180s] Level 1:colcon.colcon_core.package_identification:_identify(src) by extensions ['python_setup_py']
[0.180s] Level 1:colcon.colcon_core.package_identification:_identify(src) by extension 'python_setup_py'
[0.180s] Level 1:colcon.colcon_core.package_identification:_identify(src/build) by extensions ['ignore', 'ignore_ament_install']
[0.180s] Level 1:colcon.colcon_core.package_identification:_identify(src/build) by extension 'ignore'
[0.180s] Level 1:colcon.colcon_core.package_identification:_identify(src/build) ignored
[0.180s] Level 1:colcon.colcon_core.package_identification:_identify(src/install) by extensions ['ignore', 'ignore_ament_install']
[0.180s] Level 1:colcon.colcon_core.package_identification:_identify(src/install) by extension 'ignore'
[0.180s] Level 1:colcon.colcon_core.package_identification:_identify(src/install) ignored
[0.180s] Level 1:colcon.colcon_core.package_identification:_identify(src/live_analysis_ros2) by extensions ['ignore', 'ignore_ament_install']
[0.180s] Level 1:colcon.colcon_core.package_identification:_identify(src/live_analysis_ros2) by extension 'ignore'
[0.180s] Level 1:colcon.colcon_core.package_identification:_identify(src/live_analysis_ros2) by extension 'ignore_ament_install'
[0.180s] Level 1:colcon.colcon_core.package_identification:_identify(src/live_analysis_ros2) by extensions ['colcon_pkg']
[0.180s] Level 1:colcon.colcon_core.package_identification:_identify(src/live_analysis_ros2) by extension 'colcon_pkg'
[0.180s] Level 1:colcon.colcon_core.package_identification:_identify(src/live_analysis_ros2) by extensions ['colcon_meta']
[0.180s] Level 1:colcon.colcon_core.package_identification:_identify(src/live_analysis_ros2) by extension 'colcon_meta'
[0.180s] Level 1:colcon.colcon_core.package_identification:_identify(src/live_analysis_ros2) by extensions ['ros']
[0.180s] Level 1:colcon.colcon_core.package_identification:_identify(src/live_analysis_ros2) by extension 'ros'
[0.182s] DEBUG:colcon.colcon_core.package_identification:Package 'src/live_analysis_ros2' with type 'ros.ament_python' and name 'live_analysis_ros2'
[0.183s] Level 1:colcon.colcon_core.package_identification:_identify(src/liver_analysis_interfaces) by extensions ['ignore', 'ignore_ament_install']
[0.183s] Level 1:colcon.colcon_core.package_identification:_identify(src/liver_analysis_interfaces) by extension 'ignore'
[0.183s] Level 1:colcon.colcon_core.package_identification:_identify(src/liver_analysis_interfaces) by extension 'ignore_ament_install'
[0.183s] Level 1:colcon.colcon_core.package_identification:_identify(src/liver_analysis_interfaces) by extensions ['colcon_pkg']
[0.183s] Level 1:colcon.colcon_core.package_identification:_identify(src/liver_analysis_interfaces) by extension 'colcon_pkg'
[0.183s] Level 1:colcon.colcon_core.package_identification:_identify(src/liver_analysis_interfaces) by extensions ['colcon_meta']
[0.183s] Level 1:colcon.colcon_core.package_identification:_identify(src/liver_analysis_interfaces) by extension 'colcon_meta'
[0.183s] Level 1:colcon.colcon_core.package_identification:_identify(src/liver_analysis_interfaces) by extensions ['ros']
[0.183s] Level 1:colcon.colcon_core.package_identification:_identify(src/liver_analysis_interfaces) by extension 'ros'
[0.183s] DEBUG:colcon.colcon_core.package_identification:Package 'src/liver_analysis_interfaces' with type 'ros.ament_cmake' and name 'live_analysis_interfaces'
[0.183s] Level 1:colcon.colcon_core.package_identification:_identify(src/log) by extensions ['ignore', 'ignore_ament_install']
[0.183s] Level 1:colcon.colcon_core.package_identification:_identify(src/log) by extension 'ignore'
[0.183s] Level 1:colcon.colcon_core.package_identification:_identify(src/log) ignored
[0.183s] Level 1:colcon.colcon_core.package_identification:_identify(src/my_cpp_server_tools) by extensions ['ignore', 'ignore_ament_install']
[0.184s] Level 1:colcon.colcon_core.package_identification:_identify(src/my_cpp_server_tools) by extension 'ignore'
[0.184s] Level 1:colcon.colcon_core.package_identification:_identify(src/my_cpp_server_tools) by extension 'ignore_ament_install'
[0.184s] Level 1:colcon.colcon_core.package_identification:_identify(src/my_cpp_server_tools) by extensions ['colcon_pkg']
[0.184s] Level 1:colcon.colcon_core.package_identification:_identify(src/my_cpp_server_tools) by extension 'colcon_pkg'
[0.184s] Level 1:colcon.colcon_core.package_identification:_identify(src/my_cpp_server_tools) by extensions ['colcon_meta']
[0.184s] Level 1:colcon.colcon_core.package_identification:_identify(src/my_cpp_server_tools) by extension 'colcon_meta'
[0.184s] Level 1:colcon.colcon_core.package_identification:_identify(src/my_cpp_server_tools) by extensions ['ros']
[0.184s] Level 1:colcon.colcon_core.package_identification:_identify(src/my_cpp_server_tools) by extension 'ros'
[0.184s] DEBUG:colcon.colcon_core.package_identification:Package 'src/my_cpp_server_tools' with type 'ros.ament_cmake' and name 'my_cpp_server_tools'
[0.184s] Level 1:colcon.colcon_core.package_discovery:discover_packages(recursive) using defaults
[0.184s] Level 1:colcon.colcon_core.package_discovery:discover_packages(ignore) discover
[0.184s] Level 1:colcon.colcon_core.package_discovery:discover_packages(ignore) using defaults
[0.184s] Level 1:colcon.colcon_core.package_discovery:discover_packages(path) discover
[0.184s] Level 1:colcon.colcon_core.package_discovery:discover_packages(path) using defaults
[0.196s] Level 1:colcon.colcon_core.package_discovery:discover_packages(prefix_path) check parameters
[0.196s] Level 1:colcon.colcon_core.package_discovery:discover_packages(prefix_path) discover
[0.197s] DEBUG:colcon.colcon_installed_package_information.package_discovery:Found 3 installed packages in /home/burcu/ros2_ws/install
[0.198s] DEBUG:colcon.colcon_installed_package_information.package_discovery:Found 285 installed packages in /opt/ros/jazzy
[0.198s] Level 1:colcon.colcon_core.package_discovery:discover_packages(prefix_path) using defaults
[0.225s] Level 5:colcon.colcon_core.verb:set package 'live_analysis_interfaces' build argument 'cmake_args' from command line to 'None'
[0.225s] Level 5:colcon.colcon_core.verb:set package 'live_analysis_interfaces' build argument 'cmake_target' from command line to 'None'
[0.225s] Level 5:colcon.colcon_core.verb:set package 'live_analysis_interfaces' build argument 'cmake_target_skip_unavailable' from command line to 'False'
[0.225s] Level 5:colcon.colcon_core.verb:set package 'live_analysis_interfaces' build argument 'cmake_clean_cache' from command line to 'False'
[0.225s] Level 5:colcon.colcon_core.verb:set package 'live_analysis_interfaces' build argument 'cmake_clean_first' from command line to 'False'
[0.225s] Level 5:colcon.colcon_core.verb:set package 'live_analysis_interfaces' build argument 'cmake_force_configure' from command line to 'False'
[0.225s] Level 5:colcon.colcon_core.verb:set package 'live_analysis_interfaces' build argument 'ament_cmake_args' from command line to 'None'
[0.225s] Level 5:colcon.colcon_core.verb:set package 'live_analysis_interfaces' build argument 'catkin_cmake_args' from command line to 'None'
[0.225s] Level 5:colcon.colcon_core.verb:set package 'live_analysis_interfaces' build argument 'catkin_skip_building_tests' from command line to 'False'
[0.225s] DEBUG:colcon.colcon_core.verb:Building package 'live_analysis_interfaces' with the following arguments: {'ament_cmake_args': None, 'build_base': '/home/burcu/ros2_ws/build/live_analysis_interfaces', 'catkin_cmake_args': None, 'catkin_skip_building_tests': False, 'cmake_args': None, 'cmake_clean_cache': False, 'cmake_clean_first': False, 'cmake_force_configure': False, 'cmake_target': None, 'cmake_target_skip_unavailable': False, 'install_base': '/home/burcu/ros2_ws/install/live_analysis_interfaces', 'merge_install': False, 'path': '/home/burcu/ros2_ws/src/liver_analysis_interfaces', 'symlink_install': False, 'test_result_base': None}
[0.225s] Level 5:colcon.colcon_core.verb:set package 'my_cpp_server_tools' build argument 'cmake_args' from command line to 'None'
[0.225s] Level 5:colcon.colcon_core.verb:set package 'my_cpp_server_tools' build argument 'cmake_target' from command line to 'None'
[0.225s] Level 5:colcon.colcon_core.verb:set package 'my_cpp_server_tools' build argument 'cmake_target_skip_unavailable' from command line to 'False'
[0.225s] Level 5:colcon.colcon_core.verb:set package 'my_cpp_server_tools' build argument 'cmake_clean_cache' from command line to 'False'
[0.225s] Level 5:colcon.colcon_core.verb:set package 'my_cpp_server_tools' build argument 'cmake_clean_first' from command line to 'False'
[0.225s] Level 5:colcon.colcon_core.verb:set package 'my_cpp_server_tools' build argument 'cmake_force_configure' from command line to 'False'
[0.225s] Level 5:colcon.colcon_core.verb:set package 'my_cpp_server_tools' build argument 'ament_cmake_args' from command line to 'None'
[0.225s] Level 5:colcon.colcon_core.verb:set package 'my_cpp_server_tools' build argument 'catkin_cmake_args' from command line to 'None'
[0.225s] Level 5:colcon.colcon_core.verb:set package 'my_cpp_server_tools' build argument 'catkin_skip_building_tests' from command line to 'False'
[0.225s] DEBUG:colcon.colcon_core.verb:Building package 'my_cpp_server_tools' with the following arguments: {'ament_cmake_args': None, 'build_base': '/home/burcu/ros2_ws/build/my_cpp_server_tools', 'catkin_cmake_args': None, 'catkin_skip_building_tests': False, 'cmake_args': None, 'cmake_clean_cache': False, 'cmake_clean_first': False, 'cmake_force_configure': False, 'cmake_target': None, 'cmake_target_skip_unavailable': False, 'install_base': '/home/burcu/ros2_ws/install/my_cpp_server_tools', 'merge_install': False, 'path': '/home/burcu/ros2_ws/src/my_cpp_server_tools', 'symlink_install': False, 'test_result_base': None}
[0.226s] Level 5:colcon.colcon_core.verb:set package 'live_analysis_ros2' build argument 'cmake_args' from command line to 'None'
[0.226s] Level 5:colcon.colcon_core.verb:set package 'live_analysis_ros2' build argument 'cmake_target' from command line to 'None'
[0.226s] Level 5:colcon.colcon_core.verb:set package 'live_analysis_ros2' build argument 'cmake_target_skip_unavailable' from command line to 'False'
[0.226s] Level 5:colcon.colcon_core.verb:set package 'live_analysis_ros2' build argument 'cmake_clean_cache' from command line to 'False'
[0.226s] Level 5:colcon.colcon_core.verb:set package 'live_analysis_ros2' build argument 'cmake_clean_first' from command line to 'False'
[0.226s] Level 5:colcon.colcon_core.verb:set package 'live_analysis_ros2' build argument 'cmake_force_configure' from command line to 'False'
[0.226s] Level 5:colcon.colcon_core.verb:set package 'live_analysis_ros2' build argument 'ament_cmake_args' from command line to 'None'
[0.226s] Level 5:colcon.colcon_core.verb:set package 'live_analysis_ros2' build argument 'catkin_cmake_args' from command line to 'None'
[0.226s] Level 5:colcon.colcon_core.verb:set package 'live_analysis_ros2' build argument 'catkin_skip_building_tests' from command line to 'False'
[0.226s] DEBUG:colcon.colcon_core.verb:Building package 'live_analysis_ros2' with the following arguments: {'ament_cmake_args': None, 'build_base': '/home/burcu/ros2_ws/build/live_analysis_ros2', 'catkin_cmake_args': None, 'catkin_skip_building_tests': False, 'cmake_args': None, 'cmake_clean_cache': False, 'cmake_clean_first': False, 'cmake_force_configure': False, 'cmake_target': None, 'cmake_target_skip_unavailable': False, 'install_base': '/home/burcu/ros2_ws/install/live_analysis_ros2', 'merge_install': False, 'path': '/home/burcu/ros2_ws/src/live_analysis_ros2', 'symlink_install': False, 'test_result_base': None}
[0.226s] INFO:colcon.colcon_core.executor:Executing jobs using 'parallel' executor
[0.227s] DEBUG:colcon.colcon_parallel_executor.executor.parallel:run_until_complete
[0.227s] INFO:colcon.colcon_ros.task.ament_cmake.build:Building ROS package in '/home/burcu/ros2_ws/src/liver_analysis_interfaces' with build type 'ament_cmake'
[0.227s] INFO:colcon.colcon_cmake.task.cmake.build:Building CMake package in '/home/burcu/ros2_ws/src/liver_analysis_interfaces'
[0.229s] INFO:colcon.colcon_core.plugin_system:Skipping extension 'colcon_core.shell.bat': Not used on non-Windows systems
[0.229s] INFO:colcon.colcon_core.shell:Skip shell extension 'powershell' for command environment: Not usable outside of PowerShell
[0.229s] DEBUG:colcon.colcon_core.shell:Skip shell extension 'dsv' for command environment
[0.231s] INFO:colcon.colcon_ros.task.ament_cmake.build:Building ROS package in '/home/burcu/ros2_ws/src/my_cpp_server_tools' with build type 'ament_cmake'
[0.231s] INFO:colcon.colcon_cmake.task.cmake.build:Building CMake package in '/home/burcu/ros2_ws/src/my_cpp_server_tools'
[0.231s] INFO:colcon.colcon_core.shell:Skip shell extension 'powershell' for command environment: Not usable outside of PowerShell
[0.231s] DEBUG:colcon.colcon_core.shell:Skip shell extension 'dsv' for command environment
[0.239s] DEBUG:colcon.colcon_core.event_handler.log_command:Invoking command in '/home/burcu/ros2_ws/build/live_analysis_interfaces': CMAKE_PREFIX_PATH=${CMAKE_PREFIX_PATH}:/home/burcu/ros2_ws/install/live_analysis_ros2:/opt/ros/jazzy VIRTUAL_ENV_PROMPT=(ros2env) /usr/bin/cmake --build /home/burcu/ros2_ws/build/live_analysis_interfaces -- -j22 -l22
[0.245s] DEBUG:colcon.colcon_core.event_handler.log_command:Invoking command in '/home/burcu/ros2_ws/build/my_cpp_server_tools': CMAKE_PREFIX_PATH=${CMAKE_PREFIX_PATH}:/home/burcu/ros2_ws/install/live_analysis_ros2:/opt/ros/jazzy VIRTUAL_ENV_PROMPT=(ros2env) /usr/bin/cmake --build /home/burcu/ros2_ws/build/my_cpp_server_tools -- -j22 -l22
[0.307s] DEBUG:colcon.colcon_core.event_handler.log_command:Invoked command in '/home/burcu/ros2_ws/build/my_cpp_server_tools' returned '0': CMAKE_PREFIX_PATH=${CMAKE_PREFIX_PATH}:/home/burcu/ros2_ws/install/live_analysis_ros2:/opt/ros/jazzy VIRTUAL_ENV_PROMPT=(ros2env) /usr/bin/cmake --build /home/burcu/ros2_ws/build/my_cpp_server_tools -- -j22 -l22
[0.316s] DEBUG:colcon.colcon_core.event_handler.log_command:Invoking command in '/home/burcu/ros2_ws/build/my_cpp_server_tools': CMAKE_PREFIX_PATH=${CMAKE_PREFIX_PATH}:/home/burcu/ros2_ws/install/live_analysis_ros2:/opt/ros/jazzy VIRTUAL_ENV_PROMPT=(ros2env) /usr/bin/cmake --install /home/burcu/ros2_ws/build/my_cpp_server_tools
[0.329s] Level 1:colcon.colcon_core.environment:create_environment_scripts_only(my_cpp_server_tools)
[0.329s] DEBUG:colcon.colcon_core.event_handler.log_command:Invoked command in '/home/burcu/ros2_ws/build/my_cpp_server_tools' returned '0': CMAKE_PREFIX_PATH=${CMAKE_PREFIX_PATH}:/home/burcu/ros2_ws/install/live_analysis_ros2:/opt/ros/jazzy VIRTUAL_ENV_PROMPT=(ros2env) /usr/bin/cmake --install /home/burcu/ros2_ws/build/my_cpp_server_tools
[0.332s] Level 1:colcon.colcon_core.environment:checking '/home/burcu/ros2_ws/install/my_cpp_server_tools' for CMake module files
[0.333s] Level 1:colcon.colcon_core.environment:checking '/home/burcu/ros2_ws/install/my_cpp_server_tools' for CMake config files
[0.333s] Level 1:colcon.colcon_core.shell:create_environment_hook('my_cpp_server_tools', 'cmake_prefix_path')
[0.334s] INFO:colcon.colcon_core.shell:Creating environment hook '/home/burcu/ros2_ws/install/my_cpp_server_tools/share/my_cpp_server_tools/hook/cmake_prefix_path.ps1'
[0.334s] INFO:colcon.colcon_core.shell:Creating environment descriptor '/home/burcu/ros2_ws/install/my_cpp_server_tools/share/my_cpp_server_tools/hook/cmake_prefix_path.dsv'
[0.336s] INFO:colcon.colcon_core.shell:Creating environment hook '/home/burcu/ros2_ws/install/my_cpp_server_tools/share/my_cpp_server_tools/hook/cmake_prefix_path.sh'
[0.337s] Level 1:colcon.colcon_core.environment:checking '/home/burcu/ros2_ws/install/my_cpp_server_tools/lib'
[0.337s] Level 1:colcon.colcon_core.environment:checking '/home/burcu/ros2_ws/install/my_cpp_server_tools/bin'
[0.337s] Level 1:colcon.colcon_core.environment:checking '/home/burcu/ros2_ws/install/my_cpp_server_tools/lib/pkgconfig/my_cpp_server_tools.pc'
[0.337s] Level 1:colcon.colcon_core.environment:checking '/home/burcu/ros2_ws/install/my_cpp_server_tools/lib/python3.12/site-packages'
[0.338s] Level 1:colcon.colcon_core.environment:checking '/home/burcu/ros2_ws/install/my_cpp_server_tools/bin'
[0.338s] INFO:colcon.colcon_core.shell:Creating package script '/home/burcu/ros2_ws/install/my_cpp_server_tools/share/my_cpp_server_tools/package.ps1'
[0.339s] INFO:colcon.colcon_core.shell:Creating package descriptor '/home/burcu/ros2_ws/install/my_cpp_server_tools/share/my_cpp_server_tools/package.dsv'
[0.340s] INFO:colcon.colcon_core.shell:Creating package script '/home/burcu/ros2_ws/install/my_cpp_server_tools/share/my_cpp_server_tools/package.sh'
[0.340s] INFO:colcon.colcon_core.shell:Creating package script '/home/burcu/ros2_ws/install/my_cpp_server_tools/share/my_cpp_server_tools/package.bash'
[0.341s] INFO:colcon.colcon_core.shell:Creating package script '/home/burcu/ros2_ws/install/my_cpp_server_tools/share/my_cpp_server_tools/package.zsh'
[0.341s] Level 1:colcon.colcon_core.environment:create_file_with_runtime_dependencies(/home/burcu/ros2_ws/install/my_cpp_server_tools/share/colcon-core/packages/my_cpp_server_tools)
[0.342s] Level 1:colcon.colcon_core.environment:create_environment_scripts_only(my_cpp_server_tools)
[0.343s] Level 1:colcon.colcon_core.environment:checking '/home/burcu/ros2_ws/install/my_cpp_server_tools' for CMake module files
[0.344s] Level 1:colcon.colcon_core.environment:checking '/home/burcu/ros2_ws/install/my_cpp_server_tools' for CMake config files
[0.344s] Level 1:colcon.colcon_core.shell:create_environment_hook('my_cpp_server_tools', 'cmake_prefix_path')
[0.344s] INFO:colcon.colcon_core.shell:Creating environment hook '/home/burcu/ros2_ws/install/my_cpp_server_tools/share/my_cpp_server_tools/hook/cmake_prefix_path.ps1'
[0.345s] INFO:colcon.colcon_core.shell:Creating environment descriptor '/home/burcu/ros2_ws/install/my_cpp_server_tools/share/my_cpp_server_tools/hook/cmake_prefix_path.dsv'
[0.345s] INFO:colcon.colcon_core.shell:Creating environment hook '/home/burcu/ros2_ws/install/my_cpp_server_tools/share/my_cpp_server_tools/hook/cmake_prefix_path.sh'
[0.346s] Level 1:colcon.colcon_core.environment:checking '/home/burcu/ros2_ws/install/my_cpp_server_tools/lib'
[0.346s] Level 1:colcon.colcon_core.environment:checking '/home/burcu/ros2_ws/install/my_cpp_server_tools/bin'
[0.346s] Level 1:colcon.colcon_core.environment:checking '/home/burcu/ros2_ws/install/my_cpp_server_tools/lib/pkgconfig/my_cpp_server_tools.pc'
[0.347s] Level 1:colcon.colcon_core.environment:checking '/home/burcu/ros2_ws/install/my_cpp_server_tools/lib/python3.12/site-packages'
[0.347s] Level 1:colcon.colcon_core.environment:checking '/home/burcu/ros2_ws/install/my_cpp_server_tools/bin'
[0.347s] INFO:colcon.colcon_core.shell:Creating package script '/home/burcu/ros2_ws/install/my_cpp_server_tools/share/my_cpp_server_tools/package.ps1'
[0.348s] INFO:colcon.colcon_core.shell:Creating package descriptor '/home/burcu/ros2_ws/install/my_cpp_server_tools/share/my_cpp_server_tools/package.dsv'
[0.348s] INFO:colcon.colcon_core.shell:Creating package script '/home/burcu/ros2_ws/install/my_cpp_server_tools/share/my_cpp_server_tools/package.sh'
[0.349s] INFO:colcon.colcon_core.shell:Creating package script '/home/burcu/ros2_ws/install/my_cpp_server_tools/share/my_cpp_server_tools/package.bash'
[0.349s] INFO:colcon.colcon_core.shell:Creating package script '/home/burcu/ros2_ws/install/my_cpp_server_tools/share/my_cpp_server_tools/package.zsh'
[0.349s] Level 1:colcon.colcon_core.environment:create_file_with_runtime_dependencies(/home/burcu/ros2_ws/install/my_cpp_server_tools/share/colcon-core/packages/my_cpp_server_tools)
[0.555s] DEBUG:colcon.colcon_core.event_handler.log_command:Invoked command in '/home/burcu/ros2_ws/build/live_analysis_interfaces' returned '0': CMAKE_PREFIX_PATH=${CMAKE_PREFIX_PATH}:/home/burcu/ros2_ws/install/live_analysis_ros2:/opt/ros/jazzy VIRTUAL_ENV_PROMPT=(ros2env) /usr/bin/cmake --build /home/burcu/ros2_ws/build/live_analysis_interfaces -- -j22 -l22
[0.556s] DEBUG:colcon.colcon_core.event_handler.log_command:Invoking command in '/home/burcu/ros2_ws/build/live_analysis_interfaces': CMAKE_PREFIX_PATH=${CMAKE_PREFIX_PATH}:/home/burcu/ros2_ws/install/live_analysis_ros2:/opt/ros/jazzy VIRTUAL_ENV_PROMPT=(ros2env) /usr/bin/cmake --install /home/burcu/ros2_ws/build/live_analysis_interfaces
[0.610s] Level 1:colcon.colcon_core.environment:create_environment_scripts_only(live_analysis_interfaces)
[0.610s] DEBUG:colcon.colcon_core.event_handler.log_command:Invoked command in '/home/burcu/ros2_ws/build/live_analysis_interfaces' returned '0': CMAKE_PREFIX_PATH=${CMAKE_PREFIX_PATH}:/home/burcu/ros2_ws/install/live_analysis_ros2:/opt/ros/jazzy VIRTUAL_ENV_PROMPT=(ros2env) /usr/bin/cmake --install /home/burcu/ros2_ws/build/live_analysis_interfaces
[0.610s] Level 1:colcon.colcon_core.environment:checking '/home/burcu/ros2_ws/install/live_analysis_interfaces' for CMake module files
[0.611s] Level 1:colcon.colcon_core.environment:checking '/home/burcu/ros2_ws/install/live_analysis_interfaces' for CMake config files
[0.611s] Level 1:colcon.colcon_core.shell:create_environment_hook('live_analysis_interfaces', 'cmake_prefix_path')
[0.611s] INFO:colcon.colcon_core.shell:Creating environment hook '/home/burcu/ros2_ws/install/live_analysis_interfaces/share/live_analysis_interfaces/hook/cmake_prefix_path.ps1'
[0.611s] INFO:colcon.colcon_core.shell:Creating environment descriptor '/home/burcu/ros2_ws/install/live_analysis_interfaces/share/live_analysis_interfaces/hook/cmake_prefix_path.dsv'
[0.612s] INFO:colcon.colcon_core.shell:Creating environment hook '/home/burcu/ros2_ws/install/live_analysis_interfaces/share/live_analysis_interfaces/hook/cmake_prefix_path.sh'
[0.612s] Level 1:colcon.colcon_core.environment:checking '/home/burcu/ros2_ws/install/live_analysis_interfaces/lib'
[0.612s] Level 1:colcon.colcon_core.shell:create_environment_hook('live_analysis_interfaces', 'ld_library_path_lib')
[0.612s] INFO:colcon.colcon_core.shell:Creating environment hook '/home/burcu/ros2_ws/install/live_analysis_interfaces/share/live_analysis_interfaces/hook/ld_library_path_lib.ps1'
[0.612s] INFO:colcon.colcon_core.shell:Creating environment descriptor '/home/burcu/ros2_ws/install/live_analysis_interfaces/share/live_analysis_interfaces/hook/ld_library_path_lib.dsv'
[0.613s] INFO:colcon.colcon_core.shell:Creating environment hook '/home/burcu/ros2_ws/install/live_analysis_interfaces/share/live_analysis_interfaces/hook/ld_library_path_lib.sh'
[0.613s] Level 1:colcon.colcon_core.environment:checking '/home/burcu/ros2_ws/install/live_analysis_interfaces/bin'
[0.613s] Level 1:colcon.colcon_core.environment:checking '/home/burcu/ros2_ws/install/live_analysis_interfaces/lib/pkgconfig/live_analysis_interfaces.pc'
[0.613s] Level 1:colcon.colcon_core.environment:checking '/home/burcu/ros2_ws/install/live_analysis_interfaces/lib/python3.12/site-packages'
[0.613s] Level 1:colcon.colcon_core.shell:create_environment_hook('live_analysis_interfaces', 'pythonpath')
[0.613s] INFO:colcon.colcon_core.shell:Creating environment hook '/home/burcu/ros2_ws/install/live_analysis_interfaces/share/live_analysis_interfaces/hook/pythonpath.ps1'
[0.613s] INFO:colcon.colcon_core.shell:Creating environment descriptor '/home/burcu/ros2_ws/install/live_analysis_interfaces/share/live_analysis_interfaces/hook/pythonpath.dsv'
[0.614s] INFO:colcon.colcon_core.shell:Creating environment hook '/home/burcu/ros2_ws/install/live_analysis_interfaces/share/live_analysis_interfaces/hook/pythonpath.sh'
[0.614s] Level 1:colcon.colcon_core.environment:checking '/home/burcu/ros2_ws/install/live_analysis_interfaces/bin'
[0.614s] INFO:colcon.colcon_core.shell:Creating package script '/home/burcu/ros2_ws/install/live_analysis_interfaces/share/live_analysis_interfaces/package.ps1'
[0.614s] INFO:colcon.colcon_core.shell:Creating package descriptor '/home/burcu/ros2_ws/install/live_analysis_interfaces/share/live_analysis_interfaces/package.dsv'
[0.615s] INFO:colcon.colcon_core.shell:Creating package script '/home/burcu/ros2_ws/install/live_analysis_interfaces/share/live_analysis_interfaces/package.sh'
[0.615s] INFO:colcon.colcon_core.shell:Creating package script '/home/burcu/ros2_ws/install/live_analysis_interfaces/share/live_analysis_interfaces/package.bash'
[0.615s] INFO:colcon.colcon_core.shell:Creating package script '/home/burcu/ros2_ws/install/live_analysis_interfaces/share/live_analysis_interfaces/package.zsh'
[0.615s] Level 1:colcon.colcon_core.environment:create_file_with_runtime_dependencies(/home/burcu/ros2_ws/install/live_analysis_interfaces/share/colcon-core/packages/live_analysis_interfaces)
[0.616s] Level 1:colcon.colcon_core.environment:create_environment_scripts_only(live_analysis_interfaces)
[0.616s] Level 1:colcon.colcon_core.environment:checking '/home/burcu/ros2_ws/install/live_analysis_interfaces' for CMake module files
[0.616s] Level 1:colcon.colcon_core.environment:checking '/home/burcu/ros2_ws/install/live_analysis_interfaces' for CMake config files
[0.616s] Level 1:colcon.colcon_core.shell:create_environment_hook('live_analysis_interfaces', 'cmake_prefix_path')
[0.616s] INFO:colcon.colcon_core.shell:Creating environment hook '/home/burcu/ros2_ws/install/live_analysis_interfaces/share/live_analysis_interfaces/hook/cmake_prefix_path.ps1'
[0.617s] INFO:colcon.colcon_core.shell:Creating environment descriptor '/home/burcu/ros2_ws/install/live_analysis_interfaces/share/live_analysis_interfaces/hook/cmake_prefix_path.dsv'
[0.617s] INFO:colcon.colcon_core.shell:Creating environment hook '/home/burcu/ros2_ws/install/live_analysis_interfaces/share/live_analysis_interfaces/hook/cmake_prefix_path.sh'
[0.617s] Level 1:colcon.colcon_core.environment:checking '/home/burcu/ros2_ws/install/live_analysis_interfaces/lib'
[0.617s] Level 1:colcon.colcon_core.shell:create_environment_hook('live_analysis_interfaces', 'ld_library_path_lib')
[0.617s] INFO:colcon.colcon_core.shell:Creating environment hook '/home/burcu/ros2_ws/install/live_analysis_interfaces/share/live_analysis_interfaces/hook/ld_library_path_lib.ps1'
[0.618s] INFO:colcon.colcon_core.shell:Creating environment descriptor '/home/burcu/ros2_ws/install/live_analysis_interfaces/share/live_analysis_interfaces/hook/ld_library_path_lib.dsv'
[0.618s] INFO:colcon.colcon_core.shell:Creating environment hook '/home/burcu/ros2_ws/install/live_analysis_interfaces/share/live_analysis_interfaces/hook/ld_library_path_lib.sh'
[0.618s] Level 1:colcon.colcon_core.environment:checking '/home/burcu/ros2_ws/install/live_analysis_interfaces/bin'
[0.618s] Level 1:colcon.colcon_core.environment:checking '/home/burcu/ros2_ws/install/live_analysis_interfaces/lib/pkgconfig/live_analysis_interfaces.pc'
[0.618s] Level 1:colcon.colcon_core.environment:checking '/home/burcu/ros2_ws/install/live_analysis_interfaces/lib/python3.12/site-packages'
[0.618s] Level 1:colcon.colcon_core.shell:create_environment_hook('live_analysis_interfaces', 'pythonpath')
[0.618s] INFO:colcon.colcon_core.shell:Creating environment hook '/home/burcu/ros2_ws/install/live_analysis_interfaces/share/live_analysis_interfaces/hook/pythonpath.ps1'
[0.619s] INFO:colcon.colcon_core.shell:Creating environment descriptor '/home/burcu/ros2_ws/install/live_analysis_interfaces/share/live_analysis_interfaces/hook/pythonpath.dsv'
[0.619s] INFO:colcon.colcon_core.shell:Creating environment hook '/home/burcu/ros2_ws/install/live_analysis_interfaces/share/live_analysis_interfaces/hook/pythonpath.sh'
[0.619s] Level 1:colcon.colcon_core.environment:checking '/home/burcu/ros2_ws/install/live_analysis_interfaces/bin'
[0.619s] INFO:colcon.colcon_core.shell:Creating package script '/home/burcu/ros2_ws/install/live_analysis_interfaces/share/live_analysis_interfaces/package.ps1'
[0.620s] INFO:colcon.colcon_core.shell:Creating package descriptor '/home/burcu/ros2_ws/install/live_analysis_interfaces/share/live_analysis_interfaces/package.dsv'
[0.620s] INFO:colcon.colcon_core.shell:Creating package script '/home/burcu/ros2_ws/install/live_analysis_interfaces/share/live_analysis_interfaces/package.sh'
[0.620s] INFO:colcon.colcon_core.shell:Creating package script '/home/burcu/ros2_ws/install/live_analysis_interfaces/share/live_analysis_interfaces/package.bash'
[0.621s] INFO:colcon.colcon_core.shell:Creating package script '/home/burcu/ros2_ws/install/live_analysis_interfaces/share/live_analysis_interfaces/package.zsh'
[0.621s] Level 1:colcon.colcon_core.environment:create_file_with_runtime_dependencies(/home/burcu/ros2_ws/install/live_analysis_interfaces/share/colcon-core/packages/live_analysis_interfaces)
[0.621s] INFO:colcon.colcon_ros.task.ament_python.build:Building ROS package in '/home/burcu/ros2_ws/src/live_analysis_ros2' with build type 'ament_python'
[0.621s] Level 1:colcon.colcon_core.shell:create_environment_hook('live_analysis_ros2', 'ament_prefix_path')
[0.621s] INFO:colcon.colcon_core.shell:Creating environment hook '/home/burcu/ros2_ws/install/live_analysis_ros2/share/live_analysis_ros2/hook/ament_prefix_path.ps1'
[0.622s] INFO:colcon.colcon_core.shell:Creating environment descriptor '/home/burcu/ros2_ws/install/live_analysis_ros2/share/live_analysis_ros2/hook/ament_prefix_path.dsv'
[0.623s] INFO:colcon.colcon_core.shell:Creating environment hook '/home/burcu/ros2_ws/install/live_analysis_ros2/share/live_analysis_ros2/hook/ament_prefix_path.sh'
[0.623s] INFO:colcon.colcon_core.shell:Skip shell extension 'powershell' for command environment: Not usable outside of PowerShell
[0.623s] DEBUG:colcon.colcon_core.shell:Skip shell extension 'dsv' for command environment
[0.876s] WARNING:colcon.colcon_ros.task.ament_python.build:Package 'live_analysis_ros2' doesn't explicitly install a marker in the package index (colcon-ros currently does it implicitly but that fallback will be removed in the future)
[0.877s] INFO:colcon.colcon_core.task.python.build:Building Python package in '/home/burcu/ros2_ws/src/live_analysis_ros2'
[0.877s] INFO:colcon.colcon_core.shell:Skip shell extension 'powershell' for command environment: Not usable outside of PowerShell
[0.877s] DEBUG:colcon.colcon_core.shell:Skip shell extension 'dsv' for command environment
[1.364s] DEBUG:colcon.colcon_core.event_handler.log_command:Invoking command in '/home/burcu/ros2_ws/src/live_analysis_ros2': CMAKE_PREFIX_PATH=/home/burcu/ros2_ws/install/live_analysis_interfaces:/home/burcu/ros2_ws/install/my_cpp_server_tools:/opt/ros/jazzy/opt/gz_math_vendor:/opt/ros/jazzy/opt/gz_utils_vendor:/opt/ros/jazzy/opt/gz_cmake_vendor PYTHONPATH=/home/burcu/ros2_ws/build/live_analysis_ros2/prefix_override:/usr/lib/python3/dist-packages/colcon_core/task/python/colcon_distutils_commands:/home/burcu/ros2_ws/install/live_analysis_ros2/lib/python3.12/site-packages:/home/burcu/ros2_ws/install/live_analysis_interfaces/lib/python3.12/site-packages:/home/burcu/ros2_ws/install/live_analysis_ros2/lib/python3.12/site-packages:/opt/ros/jazzy/lib/python3.12/site-packages VIRTUAL_ENV_PROMPT=(ros2env) /usr/bin/python3 -W ignore:setup.py install is deprecated -W ignore:easy_install command is deprecated setup.py egg_info --egg-base ../../build/live_analysis_ros2 build --build-base /home/burcu/ros2_ws/build/live_analysis_ros2/build install --record /home/burcu/ros2_ws/build/live_analysis_ros2/install.log --single-version-externally-managed install_data
[1.732s] Level 1:colcon.colcon_core.environment:checking '/home/burcu/ros2_ws/install/live_analysis_ros2' for CMake module files
[1.733s] DEBUG:colcon.colcon_core.event_handler.log_command:Invoked command in '/home/burcu/ros2_ws/src/live_analysis_ros2' returned '0': CMAKE_PREFIX_PATH=/home/burcu/ros2_ws/install/live_analysis_interfaces:/home/burcu/ros2_ws/install/my_cpp_server_tools:/opt/ros/jazzy/opt/gz_math_vendor:/opt/ros/jazzy/opt/gz_utils_vendor:/opt/ros/jazzy/opt/gz_cmake_vendor PYTHONPATH=/home/burcu/ros2_ws/build/live_analysis_ros2/prefix_override:/usr/lib/python3/dist-packages/colcon_core/task/python/colcon_distutils_commands:/home/burcu/ros2_ws/install/live_analysis_ros2/lib/python3.12/site-packages:/home/burcu/ros2_ws/install/live_analysis_interfaces/lib/python3.12/site-packages:/home/burcu/ros2_ws/install/live_analysis_ros2/lib/python3.12/site-packages:/opt/ros/jazzy/lib/python3.12/site-packages VIRTUAL_ENV_PROMPT=(ros2env) /usr/bin/python3 -W ignore:setup.py install is deprecated -W ignore:easy_install command is deprecated setup.py egg_info --egg-base ../../build/live_analysis_ros2 build --build-base /home/burcu/ros2_ws/build/live_analysis_ros2/build install --record /home/burcu/ros2_ws/build/live_analysis_ros2/install.log --single-version-externally-managed install_data
[1.733s] Level 1:colcon.colcon_core.environment:checking '/home/burcu/ros2_ws/install/live_analysis_ros2' for CMake config files
[1.734s] Level 1:colcon.colcon_core.environment:checking '/home/burcu/ros2_ws/install/live_analysis_ros2/lib'
[1.734s] Level 1:colcon.colcon_core.environment:checking '/home/burcu/ros2_ws/install/live_analysis_ros2/bin'
[1.734s] Level 1:colcon.colcon_core.environment:checking '/home/burcu/ros2_ws/install/live_analysis_ros2/lib/pkgconfig/live_analysis_ros2.pc'
[1.734s] Level 1:colcon.colcon_core.environment:checking '/home/burcu/ros2_ws/install/live_analysis_ros2/lib/python3.12/site-packages'
[1.734s] Level 1:colcon.colcon_core.shell:create_environment_hook('live_analysis_ros2', 'pythonpath')
[1.734s] INFO:colcon.colcon_core.shell:Creating environment hook '/home/burcu/ros2_ws/install/live_analysis_ros2/share/live_analysis_ros2/hook/pythonpath.ps1'
[1.734s] INFO:colcon.colcon_core.shell:Creating environment descriptor '/home/burcu/ros2_ws/install/live_analysis_ros2/share/live_analysis_ros2/hook/pythonpath.dsv'
[1.735s] INFO:colcon.colcon_core.shell:Creating environment hook '/home/burcu/ros2_ws/install/live_analysis_ros2/share/live_analysis_ros2/hook/pythonpath.sh'
[1.735s] Level 1:colcon.colcon_core.environment:checking '/home/burcu/ros2_ws/install/live_analysis_ros2/bin'
[1.735s] Level 1:colcon.colcon_core.environment:create_environment_scripts_only(live_analysis_ros2)
[1.735s] INFO:colcon.colcon_core.shell:Creating package script '/home/burcu/ros2_ws/install/live_analysis_ros2/share/live_analysis_ros2/package.ps1'
[1.736s] INFO:colcon.colcon_core.shell:Creating package descriptor '/home/burcu/ros2_ws/install/live_analysis_ros2/share/live_analysis_ros2/package.dsv'
[1.736s] INFO:colcon.colcon_core.shell:Creating package script '/home/burcu/ros2_ws/install/live_analysis_ros2/share/live_analysis_ros2/package.sh'
[1.736s] INFO:colcon.colcon_core.shell:Creating package script '/home/burcu/ros2_ws/install/live_analysis_ros2/share/live_analysis_ros2/package.bash'
[1.736s] INFO:colcon.colcon_core.shell:Creating package script '/home/burcu/ros2_ws/install/live_analysis_ros2/share/live_analysis_ros2/package.zsh'
[1.737s] Level 1:colcon.colcon_core.environment:create_file_with_runtime_dependencies(/home/burcu/ros2_ws/install/live_analysis_ros2/share/colcon-core/packages/live_analysis_ros2)
[1.737s] DEBUG:colcon.colcon_parallel_executor.executor.parallel:closing loop
[1.737s] DEBUG:colcon.colcon_parallel_executor.executor.parallel:loop closed
[1.737s] DEBUG:colcon.colcon_parallel_executor.executor.parallel:run_until_complete finished with '0'
[1.737s] DEBUG:colcon.colcon_core.event_reactor:joining thread
[1.772s] INFO:colcon.colcon_core.plugin_system:Skipping extension 'colcon_notification.desktop_notification.notify_send': Could not find 'notify-send'
[1.773s] INFO:colcon.colcon_core.plugin_system:Skipping extension 'colcon_notification.desktop_notification.terminal_notifier': Not used on non-Darwin systems
[1.773s] INFO:colcon.colcon_core.plugin_system:Skipping extension 'colcon_notification.desktop_notification.win32': Not used on non-Windows systems
[1.773s] INFO:colcon.colcon_notification.desktop_notification:Sending desktop notification using 'notify2'
[1.774s] DEBUG:colcon.colcon_notification.desktop_notification.notify2:Failed to initialize notify2: org.freedesktop.DBus.Error.ServiceUnknown: The name org.freedesktop.Notifications was not provided by any .service files
[1.774s] DEBUG:colcon.colcon_core.event_reactor:joined thread
[1.774s] INFO:colcon.colcon_core.shell:Creating prefix script '/home/burcu/ros2_ws/install/local_setup.ps1'
[1.775s] INFO:colcon.colcon_core.shell:Creating prefix util module '/home/burcu/ros2_ws/install/_local_setup_util_ps1.py'
[1.775s] INFO:colcon.colcon_core.shell:Creating prefix chain script '/home/burcu/ros2_ws/install/setup.ps1'
[1.776s] INFO:colcon.colcon_core.shell:Creating prefix script '/home/burcu/ros2_ws/install/local_setup.sh'
[1.776s] INFO:colcon.colcon_core.shell:Creating prefix util module '/home/burcu/ros2_ws/install/_local_setup_util_sh.py'
[1.777s] INFO:colcon.colcon_core.shell:Creating prefix chain script '/home/burcu/ros2_ws/install/setup.sh'
[1.777s] INFO:colcon.colcon_core.shell:Creating prefix script '/home/burcu/ros2_ws/install/local_setup.bash'
[1.777s] INFO:colcon.colcon_core.shell:Creating prefix chain script '/home/burcu/ros2_ws/install/setup.bash'
[1.778s] INFO:colcon.colcon_core.shell:Creating prefix script '/home/burcu/ros2_ws/install/local_setup.zsh'
[1.778s] INFO:colcon.colcon_core.shell:Creating prefix chain script '/home/burcu/ros2_ws/install/setup.zsh'
