[0.880s] Invoking command in '/home/paranavision/ros2_ws/QPath_ROS2_ws/build/camera_control': PYTHONPATH=/home/paranavision/ros2_ws/QPath_ROS2_ws/build/camera_control/prefix_override:/usr/lib/python3/dist-packages/colcon_core/task/python/colcon_distutils_commands:/home/paranavision/ros2_ws/QPath_ROS2_ws/install/camera_control/lib/python3.8/site-packages:${PYTHONPATH} /usr/bin/python3 -W ignore:setup.py install is deprecated -W ignore:easy_install command is deprecated setup.py develop --editable --build-directory /home/paranavision/ros2_ws/QPath_ROS2_ws/build/camera_control/build --no-deps symlink_data
[1.027s] /home/paranavision/.local/lib/python3.8/site-packages/setuptools/_distutils/dist.py:261: UserWarning: Unknown distribution option: 'tests_require'
[1.027s]   warnings.warn(msg)
[1.228s] running develop
[1.481s] running egg_info
[1.504s] writing camera_control.egg-info/PKG-INFO
[1.504s] writing dependency_links to camera_control.egg-info/dependency_links.txt
[1.504s] writing entry points to camera_control.egg-info/entry_points.txt
[1.505s] writing requirements to camera_control.egg-info/requires.txt
[1.505s] writing top-level names to camera_control.egg-info/top_level.txt
[1.545s] reading manifest file 'camera_control.egg-info/SOURCES.txt'
[1.547s] writing manifest file 'camera_control.egg-info/SOURCES.txt'
[1.601s] running build_ext
[1.601s] Creating /home/paranavision/ros2_ws/QPath_ROS2_ws/install/camera_control/lib/python3.8/site-packages/camera-control.egg-link (link to .)
[1.611s] Installing ip_capture_node script to /home/paranavision/ros2_ws/QPath_ROS2_ws/install/camera_control/lib/camera_control
[1.611s] Installing ptz_node script to /home/paranavision/ros2_ws/QPath_ROS2_ws/install/camera_control/lib/camera_control
[1.611s] 
[1.611s] Installed /home/paranavision/ros2_ws/QPath_ROS2_ws/build/camera_control
[1.611s] running symlink_data
[1.644s] Invoked command in '/home/paranavision/ros2_ws/QPath_ROS2_ws/build/camera_control' returned '0': PYTHONPATH=/home/paranavision/ros2_ws/QPath_ROS2_ws/build/camera_control/prefix_override:/usr/lib/python3/dist-packages/colcon_core/task/python/colcon_distutils_commands:/home/paranavision/ros2_ws/QPath_ROS2_ws/install/camera_control/lib/python3.8/site-packages:${PYTHONPATH} /usr/bin/python3 -W ignore:setup.py install is deprecated -W ignore:easy_install command is deprecated setup.py develop --editable --build-directory /home/paranavision/ros2_ws/QPath_ROS2_ws/build/camera_control/build --no-deps symlink_data
