running egg_info
creating ../../build/live_analysis_ros2/live_analysis_ros2.egg-info
writing ../../build/live_analysis_ros2/live_analysis_ros2.egg-info/PKG-INFO
writing dependency_links to ../../build/live_analysis_ros2/live_analysis_ros2.egg-info/dependency_links.txt
writing entry points to ../../build/live_analysis_ros2/live_analysis_ros2.egg-info/entry_points.txt
writing requirements to ../../build/live_analysis_ros2/live_analysis_ros2.egg-info/requires.txt
writing top-level names to ../../build/live_analysis_ros2/live_analysis_ros2.egg-info/top_level.txt
writing manifest file '../../build/live_analysis_ros2/live_analysis_ros2.egg-info/SOURCES.txt'
reading manifest file '../../build/live_analysis_ros2/live_analysis_ros2.egg-info/SOURCES.txt'
writing manifest file '../../build/live_analysis_ros2/live_analysis_ros2.egg-info/SOURCES.txt'
running build
running build_py
creating /home/burcu/ros2_ws/build/live_analysis_ros2/build
creating /home/burcu/ros2_ws/build/live_analysis_ros2/build/lib
creating /home/burcu/ros2_ws/build/live_analysis_ros2/build/lib/live_analysis_ros2
copying live_analysis_ros2/utils.py -> /home/burcu/ros2_ws/build/live_analysis_ros2/build/lib/live_analysis_ros2
copying live_analysis_ros2/backbones.py -> /home/burcu/ros2_ws/build/live_analysis_ros2/build/lib/live_analysis_ros2
copying live_analysis_ros2/camera_test.py -> /home/burcu/ros2_ws/build/live_analysis_ros2/build/lib/live_analysis_ros2
copying live_analysis_ros2/resnet.py -> /home/burcu/ros2_ws/build/live_analysis_ros2/build/lib/live_analysis_ros2
copying live_analysis_ros2/main.py -> /home/burcu/ros2_ws/build/live_analysis_ros2/build/lib/live_analysis_ros2
copying live_analysis_ros2/model_test_node.py -> /home/burcu/ros2_ws/build/live_analysis_ros2/build/lib/live_analysis_ros2
copying live_analysis_ros2/train_node_testing.py -> /home/burcu/ros2_ws/build/live_analysis_ros2/build/lib/live_analysis_ros2
copying live_analysis_ros2/common.py -> /home/burcu/ros2_ws/build/live_analysis_ros2/build/lib/live_analysis_ros2
copying live_analysis_ros2/simplenet.py -> /home/burcu/ros2_ws/build/live_analysis_ros2/build/lib/live_analysis_ros2
copying live_analysis_ros2/__init__.py -> /home/burcu/ros2_ws/build/live_analysis_ros2/build/lib/live_analysis_ros2
copying live_analysis_ros2/analysis_node.py -> /home/burcu/ros2_ws/build/live_analysis_ros2/build/lib/live_analysis_ros2
copying live_analysis_ros2/metrics.py -> /home/burcu/ros2_ws/build/live_analysis_ros2/build/lib/live_analysis_ros2
running install
running install_lib
creating /home/burcu/ros2_ws/install/live_analysis_ros2/lib/python3.12/site-packages/live_analysis_ros2
copying /home/burcu/ros2_ws/build/live_analysis_ros2/build/lib/live_analysis_ros2/utils.py -> /home/burcu/ros2_ws/install/live_analysis_ros2/lib/python3.12/site-packages/live_analysis_ros2
copying /home/burcu/ros2_ws/build/live_analysis_ros2/build/lib/live_analysis_ros2/backbones.py -> /home/burcu/ros2_ws/install/live_analysis_ros2/lib/python3.12/site-packages/live_analysis_ros2
copying /home/burcu/ros2_ws/build/live_analysis_ros2/build/lib/live_analysis_ros2/camera_test.py -> /home/burcu/ros2_ws/install/live_analysis_ros2/lib/python3.12/site-packages/live_analysis_ros2
copying /home/burcu/ros2_ws/build/live_analysis_ros2/build/lib/live_analysis_ros2/resnet.py -> /home/burcu/ros2_ws/install/live_analysis_ros2/lib/python3.12/site-packages/live_analysis_ros2
copying /home/burcu/ros2_ws/build/live_analysis_ros2/build/lib/live_analysis_ros2/main.py -> /home/burcu/ros2_ws/install/live_analysis_ros2/lib/python3.12/site-packages/live_analysis_ros2
copying /home/burcu/ros2_ws/build/live_analysis_ros2/build/lib/live_analysis_ros2/model_test_node.py -> /home/burcu/ros2_ws/install/live_analysis_ros2/lib/python3.12/site-packages/live_analysis_ros2
copying /home/burcu/ros2_ws/build/live_analysis_ros2/build/lib/live_analysis_ros2/train_node_testing.py -> /home/burcu/ros2_ws/install/live_analysis_ros2/lib/python3.12/site-packages/live_analysis_ros2
copying /home/burcu/ros2_ws/build/live_analysis_ros2/build/lib/live_analysis_ros2/common.py -> /home/burcu/ros2_ws/install/live_analysis_ros2/lib/python3.12/site-packages/live_analysis_ros2
copying /home/burcu/ros2_ws/build/live_analysis_ros2/build/lib/live_analysis_ros2/simplenet.py -> /home/burcu/ros2_ws/install/live_analysis_ros2/lib/python3.12/site-packages/live_analysis_ros2
copying /home/burcu/ros2_ws/build/live_analysis_ros2/build/lib/live_analysis_ros2/__init__.py -> /home/burcu/ros2_ws/install/live_analysis_ros2/lib/python3.12/site-packages/live_analysis_ros2
copying /home/burcu/ros2_ws/build/live_analysis_ros2/build/lib/live_analysis_ros2/analysis_node.py -> /home/burcu/ros2_ws/install/live_analysis_ros2/lib/python3.12/site-packages/live_analysis_ros2
copying /home/burcu/ros2_ws/build/live_analysis_ros2/build/lib/live_analysis_ros2/metrics.py -> /home/burcu/ros2_ws/install/live_analysis_ros2/lib/python3.12/site-packages/live_analysis_ros2
byte-compiling /home/burcu/ros2_ws/install/live_analysis_ros2/lib/python3.12/site-packages/live_analysis_ros2/utils.py to utils.cpython-312.pyc
byte-compiling /home/burcu/ros2_ws/install/live_analysis_ros2/lib/python3.12/site-packages/live_analysis_ros2/backbones.py to backbones.cpython-312.pyc
byte-compiling /home/burcu/ros2_ws/install/live_analysis_ros2/lib/python3.12/site-packages/live_analysis_ros2/camera_test.py to camera_test.cpython-312.pyc
byte-compiling /home/burcu/ros2_ws/install/live_analysis_ros2/lib/python3.12/site-packages/live_analysis_ros2/resnet.py to resnet.cpython-312.pyc
byte-compiling /home/burcu/ros2_ws/install/live_analysis_ros2/lib/python3.12/site-packages/live_analysis_ros2/main.py to main.cpython-312.pyc
byte-compiling /home/burcu/ros2_ws/install/live_analysis_ros2/lib/python3.12/site-packages/live_analysis_ros2/model_test_node.py to model_test_node.cpython-312.pyc
byte-compiling /home/burcu/ros2_ws/install/live_analysis_ros2/lib/python3.12/site-packages/live_analysis_ros2/train_node_testing.py to train_node_testing.cpython-312.pyc
byte-compiling /home/burcu/ros2_ws/install/live_analysis_ros2/lib/python3.12/site-packages/live_analysis_ros2/common.py to common.cpython-312.pyc
byte-compiling /home/burcu/ros2_ws/install/live_analysis_ros2/lib/python3.12/site-packages/live_analysis_ros2/simplenet.py to simplenet.cpython-312.pyc
byte-compiling /home/burcu/ros2_ws/install/live_analysis_ros2/lib/python3.12/site-packages/live_analysis_ros2/__init__.py to __init__.cpython-312.pyc
byte-compiling /home/burcu/ros2_ws/install/live_analysis_ros2/lib/python3.12/site-packages/live_analysis_ros2/analysis_node.py to analysis_node.cpython-312.pyc
byte-compiling /home/burcu/ros2_ws/install/live_analysis_ros2/lib/python3.12/site-packages/live_analysis_ros2/metrics.py to metrics.cpython-312.pyc
running install_data
copying package.xml -> /home/burcu/ros2_ws/install/live_analysis_ros2/share/live_analysis_ros2
creating /home/burcu/ros2_ws/install/live_analysis_ros2/share/live_analysis_ros2/msg
copying msg/TestResultMsg.msg -> /home/burcu/ros2_ws/install/live_analysis_ros2/share/live_analysis_ros2/msg
copying msg/TrainResultMsg.msg -> /home/burcu/ros2_ws/install/live_analysis_ros2/share/live_analysis_ros2/msg
copying msg/TestModelMsg.msg -> /home/burcu/ros2_ws/install/live_analysis_ros2/share/live_analysis_ros2/msg
copying msg/TrainAlgorithmMsg.msg -> /home/burcu/ros2_ws/install/live_analysis_ros2/share/live_analysis_ros2/msg
creating /home/burcu/ros2_ws/install/live_analysis_ros2/share/live_analysis_ros2/launch
running install_egg_info
Copying ../../build/live_analysis_ros2/live_analysis_ros2.egg-info to /home/burcu/ros2_ws/install/live_analysis_ros2/lib/python3.12/site-packages/live_analysis_ros2-0.1.0-py3.12.egg-info
running install_scripts
Installing analysis_node script to /home/burcu/ros2_ws/install/live_analysis_ros2/lib/live_analysis_ros2
writing list of installed files to '/home/burcu/ros2_ws/build/live_analysis_ros2/install.log'
