[0.602s] Invoking command in '/home/burcu/ros2_ws/src/live_analysis_ros2': PYTHONPATH=/home/burcu/ros2_ws/build/live_analysis_ros2/prefix_override:/usr/lib/python3/dist-packages/colcon_core/task/python/colcon_distutils_commands:/home/burcu/ros2_ws/install/live_analysis_ros2/lib/python3.12/site-packages:${PYTHONPATH} /usr/bin/python3 -W ignore:setup.py install is deprecated -W ignore:easy_install command is deprecated setup.py egg_info --egg-base ../../build/live_analysis_ros2 build --build-base /home/burcu/ros2_ws/build/live_analysis_ros2/build install --record /home/burcu/ros2_ws/build/live_analysis_ros2/install.log --single-version-externally-managed install_data
[0.782s] running egg_info
[0.782s] creating ../../build/live_analysis_ros2/live_analysis_ros2.egg-info
[0.793s] writing ../../build/live_analysis_ros2/live_analysis_ros2.egg-info/PKG-INFO
[0.793s] writing dependency_links to ../../build/live_analysis_ros2/live_analysis_ros2.egg-info/dependency_links.txt
[0.794s] writing entry points to ../../build/live_analysis_ros2/live_analysis_ros2.egg-info/entry_points.txt
[0.794s] writing requirements to ../../build/live_analysis_ros2/live_analysis_ros2.egg-info/requires.txt
[0.794s] writing top-level names to ../../build/live_analysis_ros2/live_analysis_ros2.egg-info/top_level.txt
[0.794s] writing manifest file '../../build/live_analysis_ros2/live_analysis_ros2.egg-info/SOURCES.txt'
[0.821s] reading manifest file '../../build/live_analysis_ros2/live_analysis_ros2.egg-info/SOURCES.txt'
[0.822s] writing manifest file '../../build/live_analysis_ros2/live_analysis_ros2.egg-info/SOURCES.txt'
[0.822s] running build
[0.822s] running build_py
[0.822s] creating /home/burcu/ros2_ws/build/live_analysis_ros2/build
[0.822s] creating /home/burcu/ros2_ws/build/live_analysis_ros2/build/lib
[0.822s] creating /home/burcu/ros2_ws/build/live_analysis_ros2/build/lib/live_analysis_ros2
[0.823s] copying live_analysis_ros2/utils.py -> /home/burcu/ros2_ws/build/live_analysis_ros2/build/lib/live_analysis_ros2
[0.823s] copying live_analysis_ros2/backbones.py -> /home/burcu/ros2_ws/build/live_analysis_ros2/build/lib/live_analysis_ros2
[0.823s] copying live_analysis_ros2/camera_test.py -> /home/burcu/ros2_ws/build/live_analysis_ros2/build/lib/live_analysis_ros2
[0.823s] copying live_analysis_ros2/resnet.py -> /home/burcu/ros2_ws/build/live_analysis_ros2/build/lib/live_analysis_ros2
[0.823s] copying live_analysis_ros2/main.py -> /home/burcu/ros2_ws/build/live_analysis_ros2/build/lib/live_analysis_ros2
[0.823s] copying live_analysis_ros2/model_test_node.py -> /home/burcu/ros2_ws/build/live_analysis_ros2/build/lib/live_analysis_ros2
[0.823s] copying live_analysis_ros2/train_node_testing.py -> /home/burcu/ros2_ws/build/live_analysis_ros2/build/lib/live_analysis_ros2
[0.823s] copying live_analysis_ros2/common.py -> /home/burcu/ros2_ws/build/live_analysis_ros2/build/lib/live_analysis_ros2
[0.824s] copying live_analysis_ros2/simplenet.py -> /home/burcu/ros2_ws/build/live_analysis_ros2/build/lib/live_analysis_ros2
[0.824s] copying live_analysis_ros2/__init__.py -> /home/burcu/ros2_ws/build/live_analysis_ros2/build/lib/live_analysis_ros2
[0.824s] copying live_analysis_ros2/analysis_node.py -> /home/burcu/ros2_ws/build/live_analysis_ros2/build/lib/live_analysis_ros2
[0.824s] copying live_analysis_ros2/metrics.py -> /home/burcu/ros2_ws/build/live_analysis_ros2/build/lib/live_analysis_ros2
[0.824s] running install
[0.828s] running install_lib
[0.839s] creating /home/burcu/ros2_ws/install/live_analysis_ros2/lib/python3.12/site-packages/live_analysis_ros2
[0.839s] copying /home/burcu/ros2_ws/build/live_analysis_ros2/build/lib/live_analysis_ros2/utils.py -> /home/burcu/ros2_ws/install/live_analysis_ros2/lib/python3.12/site-packages/live_analysis_ros2
[0.840s] copying /home/burcu/ros2_ws/build/live_analysis_ros2/build/lib/live_analysis_ros2/backbones.py -> /home/burcu/ros2_ws/install/live_analysis_ros2/lib/python3.12/site-packages/live_analysis_ros2
[0.840s] copying /home/burcu/ros2_ws/build/live_analysis_ros2/build/lib/live_analysis_ros2/camera_test.py -> /home/burcu/ros2_ws/install/live_analysis_ros2/lib/python3.12/site-packages/live_analysis_ros2
[0.840s] copying /home/burcu/ros2_ws/build/live_analysis_ros2/build/lib/live_analysis_ros2/resnet.py -> /home/burcu/ros2_ws/install/live_analysis_ros2/lib/python3.12/site-packages/live_analysis_ros2
[0.840s] copying /home/burcu/ros2_ws/build/live_analysis_ros2/build/lib/live_analysis_ros2/main.py -> /home/burcu/ros2_ws/install/live_analysis_ros2/lib/python3.12/site-packages/live_analysis_ros2
[0.840s] copying /home/burcu/ros2_ws/build/live_analysis_ros2/build/lib/live_analysis_ros2/model_test_node.py -> /home/burcu/ros2_ws/install/live_analysis_ros2/lib/python3.12/site-packages/live_analysis_ros2
[0.840s] copying /home/burcu/ros2_ws/build/live_analysis_ros2/build/lib/live_analysis_ros2/train_node_testing.py -> /home/burcu/ros2_ws/install/live_analysis_ros2/lib/python3.12/site-packages/live_analysis_ros2
[0.840s] copying /home/burcu/ros2_ws/build/live_analysis_ros2/build/lib/live_analysis_ros2/common.py -> /home/burcu/ros2_ws/install/live_analysis_ros2/lib/python3.12/site-packages/live_analysis_ros2
[0.840s] copying /home/burcu/ros2_ws/build/live_analysis_ros2/build/lib/live_analysis_ros2/simplenet.py -> /home/burcu/ros2_ws/install/live_analysis_ros2/lib/python3.12/site-packages/live_analysis_ros2
[0.841s] copying /home/burcu/ros2_ws/build/live_analysis_ros2/build/lib/live_analysis_ros2/__init__.py -> /home/burcu/ros2_ws/install/live_analysis_ros2/lib/python3.12/site-packages/live_analysis_ros2
[0.841s] copying /home/burcu/ros2_ws/build/live_analysis_ros2/build/lib/live_analysis_ros2/analysis_node.py -> /home/burcu/ros2_ws/install/live_analysis_ros2/lib/python3.12/site-packages/live_analysis_ros2
[0.841s] copying /home/burcu/ros2_ws/build/live_analysis_ros2/build/lib/live_analysis_ros2/metrics.py -> /home/burcu/ros2_ws/install/live_analysis_ros2/lib/python3.12/site-packages/live_analysis_ros2
[0.841s] byte-compiling /home/burcu/ros2_ws/install/live_analysis_ros2/lib/python3.12/site-packages/live_analysis_ros2/utils.py to utils.cpython-312.pyc
[0.842s] byte-compiling /home/burcu/ros2_ws/install/live_analysis_ros2/lib/python3.12/site-packages/live_analysis_ros2/backbones.py to backbones.cpython-312.pyc
[0.842s] byte-compiling /home/burcu/ros2_ws/install/live_analysis_ros2/lib/python3.12/site-packages/live_analysis_ros2/camera_test.py to camera_test.cpython-312.pyc
[0.843s] byte-compiling /home/burcu/ros2_ws/install/live_analysis_ros2/lib/python3.12/site-packages/live_analysis_ros2/resnet.py to resnet.cpython-312.pyc
[0.845s] byte-compiling /home/burcu/ros2_ws/install/live_analysis_ros2/lib/python3.12/site-packages/live_analysis_ros2/main.py to main.cpython-312.pyc
[0.846s] byte-compiling /home/burcu/ros2_ws/install/live_analysis_ros2/lib/python3.12/site-packages/live_analysis_ros2/model_test_node.py to model_test_node.cpython-312.pyc
[0.848s] byte-compiling /home/burcu/ros2_ws/install/live_analysis_ros2/lib/python3.12/site-packages/live_analysis_ros2/train_node_testing.py to train_node_testing.cpython-312.pyc
[0.849s] byte-compiling /home/burcu/ros2_ws/install/live_analysis_ros2/lib/python3.12/site-packages/live_analysis_ros2/common.py to common.cpython-312.pyc
[0.850s] byte-compiling /home/burcu/ros2_ws/install/live_analysis_ros2/lib/python3.12/site-packages/live_analysis_ros2/simplenet.py to simplenet.cpython-312.pyc
[0.854s] byte-compiling /home/burcu/ros2_ws/install/live_analysis_ros2/lib/python3.12/site-packages/live_analysis_ros2/__init__.py to __init__.cpython-312.pyc
[0.854s] byte-compiling /home/burcu/ros2_ws/install/live_analysis_ros2/lib/python3.12/site-packages/live_analysis_ros2/analysis_node.py to analysis_node.cpython-312.pyc
[0.855s] byte-compiling /home/burcu/ros2_ws/install/live_analysis_ros2/lib/python3.12/site-packages/live_analysis_ros2/metrics.py to metrics.cpython-312.pyc
[0.856s] running install_data
[0.856s] copying package.xml -> /home/burcu/ros2_ws/install/live_analysis_ros2/share/live_analysis_ros2
[0.856s] creating /home/burcu/ros2_ws/install/live_analysis_ros2/share/live_analysis_ros2/msg
[0.856s] copying msg/TestResultMsg.msg -> /home/burcu/ros2_ws/install/live_analysis_ros2/share/live_analysis_ros2/msg
[0.857s] copying msg/TrainResultMsg.msg -> /home/burcu/ros2_ws/install/live_analysis_ros2/share/live_analysis_ros2/msg
[0.857s] copying msg/TestModelMsg.msg -> /home/burcu/ros2_ws/install/live_analysis_ros2/share/live_analysis_ros2/msg
[0.857s] copying msg/TrainAlgorithmMsg.msg -> /home/burcu/ros2_ws/install/live_analysis_ros2/share/live_analysis_ros2/msg
[0.857s] creating /home/burcu/ros2_ws/install/live_analysis_ros2/share/live_analysis_ros2/launch
[0.857s] running install_egg_info
[0.870s] Copying ../../build/live_analysis_ros2/live_analysis_ros2.egg-info to /home/burcu/ros2_ws/install/live_analysis_ros2/lib/python3.12/site-packages/live_analysis_ros2-0.1.0-py3.12.egg-info
[0.870s] running install_scripts
[0.956s] Installing analysis_node script to /home/burcu/ros2_ws/install/live_analysis_ros2/lib/live_analysis_ros2
[0.957s] writing list of installed files to '/home/burcu/ros2_ws/build/live_analysis_ros2/install.log'
[0.978s] Invoked command in '/home/burcu/ros2_ws/src/live_analysis_ros2' returned '0': PYTHONPATH=/home/burcu/ros2_ws/build/live_analysis_ros2/prefix_override:/usr/lib/python3/dist-packages/colcon_core/task/python/colcon_distutils_commands:/home/burcu/ros2_ws/install/live_analysis_ros2/lib/python3.12/site-packages:${PYTHONPATH} /usr/bin/python3 -W ignore:setup.py install is deprecated -W ignore:easy_install command is deprecated setup.py egg_info --egg-base ../../build/live_analysis_ros2 build --build-base /home/burcu/ros2_ws/build/live_analysis_ros2/build install --record /home/burcu/ros2_ws/build/live_analysis_ros2/install.log --single-version-externally-managed install_data
