[0.677s] Invoking command in '/home/burcu/ros2_ws/src/live_analysis_ros2': AMENT_PREFIX_PATH=/home/burcu/ros2_ws/install/live_analysis_interfaces:${AMENT_PREFIX_PATH} CMAKE_PREFIX_PATH=/home/burcu/ros2_ws/install/live_analysis_interfaces:${CMAKE_PREFIX_PATH} LD_LIBRARY_PATH=/home/burcu/ros2_ws/install/live_analysis_interfaces/lib:${LD_LIBRARY_PATH} PYTHONPATH=/home/burcu/ros2_ws/build/live_analysis_ros2/prefix_override:/usr/lib/python3/dist-packages/colcon_core/task/python/colcon_distutils_commands:/home/burcu/ros2_ws/install/live_analysis_ros2/lib/python3.12/site-packages:/home/burcu/ros2_ws/install/live_analysis_interfaces/lib/python3.12/site-packages:${PYTHONPATH} /usr/bin/python3 -W ignore:setup.py install is deprecated -W ignore:easy_install command is deprecated setup.py egg_info --egg-base ../../build/live_analysis_ros2 build --build-base /home/burcu/ros2_ws/build/live_analysis_ros2/build install --record /home/burcu/ros2_ws/build/live_analysis_ros2/install.log --single-version-externally-managed install_data
[0.855s] running egg_info
[0.867s] writing ../../build/live_analysis_ros2/live_analysis_ros2.egg-info/PKG-INFO
[0.867s] writing dependency_links to ../../build/live_analysis_ros2/live_analysis_ros2.egg-info/dependency_links.txt
[0.868s] writing entry points to ../../build/live_analysis_ros2/live_analysis_ros2.egg-info/entry_points.txt
[0.868s] writing requirements to ../../build/live_analysis_ros2/live_analysis_ros2.egg-info/requires.txt
[0.868s] writing top-level names to ../../build/live_analysis_ros2/live_analysis_ros2.egg-info/top_level.txt
[0.890s] reading manifest file '../../build/live_analysis_ros2/live_analysis_ros2.egg-info/SOURCES.txt'
[0.891s] writing manifest file '../../build/live_analysis_ros2/live_analysis_ros2.egg-info/SOURCES.txt'
[0.891s] running build
[0.891s] running build_py
[0.891s] copying live_analysis_ros2/model_test_node.py -> /home/burcu/ros2_ws/build/live_analysis_ros2/build/lib/live_analysis_ros2
[0.891s] copying live_analysis_ros2/training_node.py -> /home/burcu/ros2_ws/build/live_analysis_ros2/build/lib/live_analysis_ros2
[0.892s] running install
[0.895s] running install_lib
[0.909s] copying /home/burcu/ros2_ws/build/live_analysis_ros2/build/lib/live_analysis_ros2/model_test_node.py -> /home/burcu/ros2_ws/install/live_analysis_ros2/lib/python3.12/site-packages/live_analysis_ros2
[0.909s] copying /home/burcu/ros2_ws/build/live_analysis_ros2/build/lib/live_analysis_ros2/training_node.py -> /home/burcu/ros2_ws/install/live_analysis_ros2/lib/python3.12/site-packages/live_analysis_ros2
[0.910s] byte-compiling /home/burcu/ros2_ws/install/live_analysis_ros2/lib/python3.12/site-packages/live_analysis_ros2/model_test_node.py to model_test_node.cpython-312.pyc
[0.912s] byte-compiling /home/burcu/ros2_ws/install/live_analysis_ros2/lib/python3.12/site-packages/live_analysis_ros2/training_node.py to training_node.cpython-312.pyc
[0.914s] running install_data
[0.914s] copying launch/analysis_node.launch.py -> /home/burcu/ros2_ws/install/live_analysis_ros2/share/live_analysis_ros2/launch
[0.914s] running install_egg_info
[0.926s] removing '/home/burcu/ros2_ws/install/live_analysis_ros2/lib/python3.12/site-packages/live_analysis_ros2-0.1.0-py3.12.egg-info' (and everything under it)
[0.926s] Copying ../../build/live_analysis_ros2/live_analysis_ros2.egg-info to /home/burcu/ros2_ws/install/live_analysis_ros2/lib/python3.12/site-packages/live_analysis_ros2-0.1.0-py3.12.egg-info
[0.927s] running install_scripts
[1.010s] Installing analysis_node script to /home/burcu/ros2_ws/install/live_analysis_ros2/lib/live_analysis_ros2
[1.010s] Installing training_node script to /home/burcu/ros2_ws/install/live_analysis_ros2/lib/live_analysis_ros2
[1.010s] writing list of installed files to '/home/burcu/ros2_ws/build/live_analysis_ros2/install.log'
[1.032s] Invoked command in '/home/burcu/ros2_ws/src/live_analysis_ros2' returned '0': AMENT_PREFIX_PATH=/home/burcu/ros2_ws/install/live_analysis_interfaces:${AMENT_PREFIX_PATH} CMAKE_PREFIX_PATH=/home/burcu/ros2_ws/install/live_analysis_interfaces:${CMAKE_PREFIX_PATH} LD_LIBRARY_PATH=/home/burcu/ros2_ws/install/live_analysis_interfaces/lib:${LD_LIBRARY_PATH} PYTHONPATH=/home/burcu/ros2_ws/build/live_analysis_ros2/prefix_override:/usr/lib/python3/dist-packages/colcon_core/task/python/colcon_distutils_commands:/home/burcu/ros2_ws/install/live_analysis_ros2/lib/python3.12/site-packages:/home/burcu/ros2_ws/install/live_analysis_interfaces/lib/python3.12/site-packages:${PYTHONPATH} /usr/bin/python3 -W ignore:setup.py install is deprecated -W ignore:easy_install command is deprecated setup.py egg_info --egg-base ../../build/live_analysis_ros2 build --build-base /home/burcu/ros2_ws/build/live_analysis_ros2/build install --record /home/burcu/ros2_ws/build/live_analysis_ros2/install.log --single-version-externally-managed install_data
