[  2%] Built target live_analysis_interfaces__rosidl_generator_type_description
[  2%] Built target ament_cmake_python_copy_live_analysis_interfaces
[  4%] Built target live_analysis_interfaces__cpp
[ 22%] Built target live_analysis_interfaces__rosidl_generator_c
[ 31%] Built target live_analysis_interfaces__rosidl_typesupport_c
[ 40%] Built target live_analysis_interfaces__rosidl_typesupport_introspection_cpp
[ 50%] Built target live_analysis_interfaces__rosidl_typesupport_fastrtps_c
[ 65%] Built target live_analysis_interfaces__rosidl_typesupport_introspection_c
[ 68%] Built target live_analysis_interfaces__rosidl_typesupport_fastrtps_cpp
[ 77%] Built target live_analysis_interfaces__rosidl_typesupport_cpp
[ 77%] Built target live_analysis_interfaces
[ 79%] Built target live_analysis_interfaces__py
[ 86%] Built target live_analysis_interfaces__rosidl_generator_py
[ 90%] Built target live_analysis_interfaces_s__rosidl_typesupport_c
[ 95%] Built target live_analysis_interfaces_s__rosidl_typesupport_introspection_c
[100%] Built target live_analysis_interfaces_s__rosidl_typesupport_fastrtps_c
running egg_info
writing live_analysis_interfaces.egg-info/PKG-INFO
writing dependency_links to live_analysis_interfaces.egg-info/dependency_links.txt
writing top-level names to live_analysis_interfaces.egg-info/top_level.txt
reading manifest file 'live_analysis_interfaces.egg-info/SOURCES.txt'
writing manifest file 'live_analysis_interfaces.egg-info/SOURCES.txt'
[100%] Built target ament_cmake_python_build_live_analysis_interfaces_egg
-- Install configuration: ""
-- Up-to-date: /home/burcu/ros2_ws/install/live_analysis_interfaces/share/ament_index/resource_index/rosidl_interfaces/live_analysis_interfaces
-- Up-to-date: /home/burcu/ros2_ws/install/live_analysis_interfaces/share/live_analysis_interfaces/msg/TestModelMsg.json
-- Up-to-date: /home/burcu/ros2_ws/install/live_analysis_interfaces/share/live_analysis_interfaces/msg/TestResultMsg.json
-- Up-to-date: /home/burcu/ros2_ws/install/live_analysis_interfaces/include/live_analysis_interfaces/live_analysis_interfaces
-- Up-to-date: /home/burcu/ros2_ws/install/live_analysis_interfaces/include/live_analysis_interfaces/live_analysis_interfaces/msg
-- Up-to-date: /home/burcu/ros2_ws/install/live_analysis_interfaces/include/live_analysis_interfaces/live_analysis_interfaces/msg/rosidl_generator_c__visibility_control.h
-- Up-to-date: /home/burcu/ros2_ws/install/live_analysis_interfaces/include/live_analysis_interfaces/live_analysis_interfaces/msg/test_result_msg.h
-- Up-to-date: /home/burcu/ros2_ws/install/live_analysis_interfaces/include/live_analysis_interfaces/live_analysis_interfaces/msg/test_model_msg.h
-- Up-to-date: /home/burcu/ros2_ws/install/live_analysis_interfaces/include/live_analysis_interfaces/live_analysis_interfaces/msg/detail
-- Up-to-date: /home/burcu/ros2_ws/install/live_analysis_interfaces/include/live_analysis_interfaces/live_analysis_interfaces/msg/detail/test_model_msg__description.c
-- Up-to-date: /home/burcu/ros2_ws/install/live_analysis_interfaces/include/live_analysis_interfaces/live_analysis_interfaces/msg/detail/test_model_msg__functions.c
-- Up-to-date: /home/burcu/ros2_ws/install/live_analysis_interfaces/include/live_analysis_interfaces/live_analysis_interfaces/msg/detail/test_result_msg__struct.h
-- Up-to-date: /home/burcu/ros2_ws/install/live_analysis_interfaces/include/live_analysis_interfaces/live_analysis_interfaces/msg/detail/test_result_msg__description.c
-- Up-to-date: /home/burcu/ros2_ws/install/live_analysis_interfaces/include/live_analysis_interfaces/live_analysis_interfaces/msg/detail/test_result_msg__type_support.c
-- Up-to-date: /home/burcu/ros2_ws/install/live_analysis_interfaces/include/live_analysis_interfaces/live_analysis_interfaces/msg/detail/test_result_msg__type_support.h
-- Up-to-date: /home/burcu/ros2_ws/install/live_analysis_interfaces/include/live_analysis_interfaces/live_analysis_interfaces/msg/detail/test_model_msg__type_support.h
-- Up-to-date: /home/burcu/ros2_ws/install/live_analysis_interfaces/include/live_analysis_interfaces/live_analysis_interfaces/msg/detail/test_model_msg__functions.h
-- Up-to-date: /home/burcu/ros2_ws/install/live_analysis_interfaces/include/live_analysis_interfaces/live_analysis_interfaces/msg/detail/test_model_msg__type_support.c
-- Up-to-date: /home/burcu/ros2_ws/install/live_analysis_interfaces/include/live_analysis_interfaces/live_analysis_interfaces/msg/detail/test_result_msg__functions.c
-- Up-to-date: /home/burcu/ros2_ws/install/live_analysis_interfaces/include/live_analysis_interfaces/live_analysis_interfaces/msg/detail/test_result_msg__functions.h
-- Up-to-date: /home/burcu/ros2_ws/install/live_analysis_interfaces/include/live_analysis_interfaces/live_analysis_interfaces/msg/detail/test_model_msg__struct.h
-- Up-to-date: /home/burcu/ros2_ws/install/live_analysis_interfaces/share/live_analysis_interfaces/environment/library_path.sh
-- Up-to-date: /home/burcu/ros2_ws/install/live_analysis_interfaces/share/live_analysis_interfaces/environment/library_path.dsv
-- Up-to-date: /home/burcu/ros2_ws/install/live_analysis_interfaces/lib/liblive_analysis_interfaces__rosidl_generator_c.so
-- Up-to-date: /home/burcu/ros2_ws/install/live_analysis_interfaces/include/live_analysis_interfaces/live_analysis_interfaces
-- Up-to-date: /home/burcu/ros2_ws/install/live_analysis_interfaces/include/live_analysis_interfaces/live_analysis_interfaces/msg
-- Up-to-date: /home/burcu/ros2_ws/install/live_analysis_interfaces/include/live_analysis_interfaces/live_analysis_interfaces/msg/rosidl_typesupport_fastrtps_c__visibility_control.h
-- Up-to-date: /home/burcu/ros2_ws/install/live_analysis_interfaces/include/live_analysis_interfaces/live_analysis_interfaces/msg/detail
-- Up-to-date: /home/burcu/ros2_ws/install/live_analysis_interfaces/include/live_analysis_interfaces/live_analysis_interfaces/msg/detail/test_model_msg__rosidl_typesupport_fastrtps_c.h
-- Up-to-date: /home/burcu/ros2_ws/install/live_analysis_interfaces/include/live_analysis_interfaces/live_analysis_interfaces/msg/detail/test_result_msg__rosidl_typesupport_fastrtps_c.h
-- Up-to-date: /home/burcu/ros2_ws/install/live_analysis_interfaces/lib/liblive_analysis_interfaces__rosidl_typesupport_fastrtps_c.so
-- Up-to-date: /home/burcu/ros2_ws/install/live_analysis_interfaces/include/live_analysis_interfaces/live_analysis_interfaces
-- Up-to-date: /home/burcu/ros2_ws/install/live_analysis_interfaces/include/live_analysis_interfaces/live_analysis_interfaces/msg
-- Up-to-date: /home/burcu/ros2_ws/install/live_analysis_interfaces/include/live_analysis_interfaces/live_analysis_interfaces/msg/rosidl_typesupport_introspection_c__visibility_control.h
-- Up-to-date: /home/burcu/ros2_ws/install/live_analysis_interfaces/include/live_analysis_interfaces/live_analysis_interfaces/msg/detail
-- Up-to-date: /home/burcu/ros2_ws/install/live_analysis_interfaces/include/live_analysis_interfaces/live_analysis_interfaces/msg/detail/test_result_msg__type_support.c
-- Up-to-date: /home/burcu/ros2_ws/install/live_analysis_interfaces/include/live_analysis_interfaces/live_analysis_interfaces/msg/detail/test_result_msg__rosidl_typesupport_introspection_c.h
-- Up-to-date: /home/burcu/ros2_ws/install/live_analysis_interfaces/include/live_analysis_interfaces/live_analysis_interfaces/msg/detail/test_model_msg__type_support.c
-- Up-to-date: /home/burcu/ros2_ws/install/live_analysis_interfaces/include/live_analysis_interfaces/live_analysis_interfaces/msg/detail/test_model_msg__rosidl_typesupport_introspection_c.h
-- Up-to-date: /home/burcu/ros2_ws/install/live_analysis_interfaces/lib/liblive_analysis_interfaces__rosidl_typesupport_introspection_c.so
-- Up-to-date: /home/burcu/ros2_ws/install/live_analysis_interfaces/lib/liblive_analysis_interfaces__rosidl_typesupport_c.so
-- Up-to-date: /home/burcu/ros2_ws/install/live_analysis_interfaces/include/live_analysis_interfaces/live_analysis_interfaces
-- Up-to-date: /home/burcu/ros2_ws/install/live_analysis_interfaces/include/live_analysis_interfaces/live_analysis_interfaces/msg
-- Up-to-date: /home/burcu/ros2_ws/install/live_analysis_interfaces/include/live_analysis_interfaces/live_analysis_interfaces/msg/test_result_msg.hpp
-- Up-to-date: /home/burcu/ros2_ws/install/live_analysis_interfaces/include/live_analysis_interfaces/live_analysis_interfaces/msg/test_model_msg.hpp
-- Up-to-date: /home/burcu/ros2_ws/install/live_analysis_interfaces/include/live_analysis_interfaces/live_analysis_interfaces/msg/rosidl_generator_cpp__visibility_control.hpp
-- Up-to-date: /home/burcu/ros2_ws/install/live_analysis_interfaces/include/live_analysis_interfaces/live_analysis_interfaces/msg/detail
-- Up-to-date: /home/burcu/ros2_ws/install/live_analysis_interfaces/include/live_analysis_interfaces/live_analysis_interfaces/msg/detail/test_model_msg__struct.hpp
-- Up-to-date: /home/burcu/ros2_ws/install/live_analysis_interfaces/include/live_analysis_interfaces/live_analysis_interfaces/msg/detail/test_model_msg__traits.hpp
-- Up-to-date: /home/burcu/ros2_ws/install/live_analysis_interfaces/include/live_analysis_interfaces/live_analysis_interfaces/msg/detail/test_result_msg__struct.hpp
-- Up-to-date: /home/burcu/ros2_ws/install/live_analysis_interfaces/include/live_analysis_interfaces/live_analysis_interfaces/msg/detail/test_model_msg__type_support.hpp
-- Up-to-date: /home/burcu/ros2_ws/install/live_analysis_interfaces/include/live_analysis_interfaces/live_analysis_interfaces/msg/detail/test_model_msg__builder.hpp
-- Up-to-date: /home/burcu/ros2_ws/install/live_analysis_interfaces/include/live_analysis_interfaces/live_analysis_interfaces/msg/detail/test_result_msg__builder.hpp
-- Up-to-date: /home/burcu/ros2_ws/install/live_analysis_interfaces/include/live_analysis_interfaces/live_analysis_interfaces/msg/detail/test_result_msg__traits.hpp
-- Up-to-date: /home/burcu/ros2_ws/install/live_analysis_interfaces/include/live_analysis_interfaces/live_analysis_interfaces/msg/detail/test_result_msg__type_support.hpp
-- Up-to-date: /home/burcu/ros2_ws/install/live_analysis_interfaces/include/live_analysis_interfaces/live_analysis_interfaces
-- Up-to-date: /home/burcu/ros2_ws/install/live_analysis_interfaces/include/live_analysis_interfaces/live_analysis_interfaces/msg
-- Up-to-date: /home/burcu/ros2_ws/install/live_analysis_interfaces/include/live_analysis_interfaces/live_analysis_interfaces/msg/rosidl_typesupport_fastrtps_cpp__visibility_control.h
-- Up-to-date: /home/burcu/ros2_ws/install/live_analysis_interfaces/include/live_analysis_interfaces/live_analysis_interfaces/msg/detail
-- Up-to-date: /home/burcu/ros2_ws/install/live_analysis_interfaces/include/live_analysis_interfaces/live_analysis_interfaces/msg/detail/test_model_msg__rosidl_typesupport_fastrtps_cpp.hpp
-- Up-to-date: /home/burcu/ros2_ws/install/live_analysis_interfaces/include/live_analysis_interfaces/live_analysis_interfaces/msg/detail/dds_fastrtps
-- Up-to-date: /home/burcu/ros2_ws/install/live_analysis_interfaces/include/live_analysis_interfaces/live_analysis_interfaces/msg/detail/test_result_msg__rosidl_typesupport_fastrtps_cpp.hpp
-- Up-to-date: /home/burcu/ros2_ws/install/live_analysis_interfaces/lib/liblive_analysis_interfaces__rosidl_typesupport_fastrtps_cpp.so
-- Up-to-date: /home/burcu/ros2_ws/install/live_analysis_interfaces/include/live_analysis_interfaces/live_analysis_interfaces
-- Up-to-date: /home/burcu/ros2_ws/install/live_analysis_interfaces/include/live_analysis_interfaces/live_analysis_interfaces/msg
-- Up-to-date: /home/burcu/ros2_ws/install/live_analysis_interfaces/include/live_analysis_interfaces/live_analysis_interfaces/msg/detail
-- Up-to-date: /home/burcu/ros2_ws/install/live_analysis_interfaces/include/live_analysis_interfaces/live_analysis_interfaces/msg/detail/test_model_msg__type_support.cpp
-- Up-to-date: /home/burcu/ros2_ws/install/live_analysis_interfaces/include/live_analysis_interfaces/live_analysis_interfaces/msg/detail/test_result_msg__rosidl_typesupport_introspection_cpp.hpp
-- Up-to-date: /home/burcu/ros2_ws/install/live_analysis_interfaces/include/live_analysis_interfaces/live_analysis_interfaces/msg/detail/test_result_msg__type_support.cpp
-- Up-to-date: /home/burcu/ros2_ws/install/live_analysis_interfaces/include/live_analysis_interfaces/live_analysis_interfaces/msg/detail/test_model_msg__rosidl_typesupport_introspection_cpp.hpp
-- Up-to-date: /home/burcu/ros2_ws/install/live_analysis_interfaces/lib/liblive_analysis_interfaces__rosidl_typesupport_introspection_cpp.so
-- Up-to-date: /home/burcu/ros2_ws/install/live_analysis_interfaces/lib/liblive_analysis_interfaces__rosidl_typesupport_cpp.so
-- Up-to-date: /home/burcu/ros2_ws/install/live_analysis_interfaces/share/live_analysis_interfaces/environment/pythonpath.sh
-- Up-to-date: /home/burcu/ros2_ws/install/live_analysis_interfaces/share/live_analysis_interfaces/environment/pythonpath.dsv
-- Up-to-date: /home/burcu/ros2_ws/install/live_analysis_interfaces/lib/python3.12/site-packages/live_analysis_interfaces-0.1.0-py3.12.egg-info
-- Installing: /home/burcu/ros2_ws/install/live_analysis_interfaces/lib/python3.12/site-packages/live_analysis_interfaces-0.1.0-py3.12.egg-info/PKG-INFO
-- Installing: /home/burcu/ros2_ws/install/live_analysis_interfaces/lib/python3.12/site-packages/live_analysis_interfaces-0.1.0-py3.12.egg-info/SOURCES.txt
-- Installing: /home/burcu/ros2_ws/install/live_analysis_interfaces/lib/python3.12/site-packages/live_analysis_interfaces-0.1.0-py3.12.egg-info/dependency_links.txt
-- Installing: /home/burcu/ros2_ws/install/live_analysis_interfaces/lib/python3.12/site-packages/live_analysis_interfaces-0.1.0-py3.12.egg-info/top_level.txt
-- Up-to-date: /home/burcu/ros2_ws/install/live_analysis_interfaces/lib/python3.12/site-packages/live_analysis_interfaces
-- Up-to-date: /home/burcu/ros2_ws/install/live_analysis_interfaces/lib/python3.12/site-packages/live_analysis_interfaces/__init__.py
-- Up-to-date: /home/burcu/ros2_ws/install/live_analysis_interfaces/lib/python3.12/site-packages/live_analysis_interfaces/msg
-- Up-to-date: /home/burcu/ros2_ws/install/live_analysis_interfaces/lib/python3.12/site-packages/live_analysis_interfaces/msg/__init__.py
-- Up-to-date: /home/burcu/ros2_ws/install/live_analysis_interfaces/lib/python3.12/site-packages/live_analysis_interfaces/msg/_test_result_msg.py
-- Up-to-date: /home/burcu/ros2_ws/install/live_analysis_interfaces/lib/python3.12/site-packages/live_analysis_interfaces/msg/_test_result_msg_s.c
-- Up-to-date: /home/burcu/ros2_ws/install/live_analysis_interfaces/lib/python3.12/site-packages/live_analysis_interfaces/msg/_test_model_msg.py
-- Up-to-date: /home/burcu/ros2_ws/install/live_analysis_interfaces/lib/python3.12/site-packages/live_analysis_interfaces/msg/_test_model_msg_s.c
-- Up-to-date: /home/burcu/ros2_ws/install/live_analysis_interfaces/lib/python3.12/site-packages/live_analysis_interfaces/_live_analysis_interfaces_s.ep.rosidl_typesupport_c.c
-- Up-to-date: /home/burcu/ros2_ws/install/live_analysis_interfaces/lib/python3.12/site-packages/live_analysis_interfaces/_live_analysis_interfaces_s.ep.rosidl_typesupport_introspection_c.c
-- Up-to-date: /home/burcu/ros2_ws/install/live_analysis_interfaces/lib/python3.12/site-packages/live_analysis_interfaces/_live_analysis_interfaces_s.ep.rosidl_typesupport_fastrtps_c.c
-- Up-to-date: /home/burcu/ros2_ws/install/live_analysis_interfaces/lib/python3.12/site-packages/live_analysis_interfaces/live_analysis_interfaces_s__rosidl_typesupport_introspection_c.so
-- Up-to-date: /home/burcu/ros2_ws/install/live_analysis_interfaces/lib/python3.12/site-packages/live_analysis_interfaces/live_analysis_interfaces_s__rosidl_typesupport_fastrtps_c.so
-- Up-to-date: /home/burcu/ros2_ws/install/live_analysis_interfaces/lib/python3.12/site-packages/live_analysis_interfaces/live_analysis_interfaces_s__rosidl_typesupport_c.so
Listing '/home/burcu/ros2_ws/install/live_analysis_interfaces/lib/python3.12/site-packages/live_analysis_interfaces'...
Listing '/home/burcu/ros2_ws/install/live_analysis_interfaces/lib/python3.12/site-packages/live_analysis_interfaces/msg'...
-- Up-to-date: /home/burcu/ros2_ws/install/live_analysis_interfaces/lib/python3.12/site-packages/live_analysis_interfaces/live_analysis_interfaces_s__rosidl_typesupport_fastrtps_c.so
-- Up-to-date: /home/burcu/ros2_ws/install/live_analysis_interfaces/lib/python3.12/site-packages/live_analysis_interfaces/live_analysis_interfaces_s__rosidl_typesupport_introspection_c.so
-- Up-to-date: /home/burcu/ros2_ws/install/live_analysis_interfaces/lib/python3.12/site-packages/live_analysis_interfaces/live_analysis_interfaces_s__rosidl_typesupport_c.so
-- Up-to-date: /home/burcu/ros2_ws/install/live_analysis_interfaces/lib/liblive_analysis_interfaces__rosidl_generator_py.so
-- Up-to-date: /home/burcu/ros2_ws/install/live_analysis_interfaces/share/live_analysis_interfaces/msg/TestModelMsg.idl
-- Up-to-date: /home/burcu/ros2_ws/install/live_analysis_interfaces/share/live_analysis_interfaces/msg/TestResultMsg.idl
-- Up-to-date: /home/burcu/ros2_ws/install/live_analysis_interfaces/share/live_analysis_interfaces/msg/TestModelMsg.msg
-- Up-to-date: /home/burcu/ros2_ws/install/live_analysis_interfaces/share/live_analysis_interfaces/msg/TestResultMsg.msg
-- Up-to-date: /home/burcu/ros2_ws/install/live_analysis_interfaces/share/ament_index/resource_index/package_run_dependencies/live_analysis_interfaces
-- Up-to-date: /home/burcu/ros2_ws/install/live_analysis_interfaces/share/ament_index/resource_index/parent_prefix_path/live_analysis_interfaces
-- Up-to-date: /home/burcu/ros2_ws/install/live_analysis_interfaces/share/live_analysis_interfaces/environment/ament_prefix_path.sh
-- Up-to-date: /home/burcu/ros2_ws/install/live_analysis_interfaces/share/live_analysis_interfaces/environment/ament_prefix_path.dsv
-- Up-to-date: /home/burcu/ros2_ws/install/live_analysis_interfaces/share/live_analysis_interfaces/environment/path.sh
-- Up-to-date: /home/burcu/ros2_ws/install/live_analysis_interfaces/share/live_analysis_interfaces/environment/path.dsv
-- Up-to-date: /home/burcu/ros2_ws/install/live_analysis_interfaces/share/live_analysis_interfaces/local_setup.bash
-- Up-to-date: /home/burcu/ros2_ws/install/live_analysis_interfaces/share/live_analysis_interfaces/local_setup.sh
-- Up-to-date: /home/burcu/ros2_ws/install/live_analysis_interfaces/share/live_analysis_interfaces/local_setup.zsh
-- Up-to-date: /home/burcu/ros2_ws/install/live_analysis_interfaces/share/live_analysis_interfaces/local_setup.dsv
-- Installing: /home/burcu/ros2_ws/install/live_analysis_interfaces/share/live_analysis_interfaces/package.dsv
-- Up-to-date: /home/burcu/ros2_ws/install/live_analysis_interfaces/share/ament_index/resource_index/packages/live_analysis_interfaces
-- Up-to-date: /home/burcu/ros2_ws/install/live_analysis_interfaces/share/live_analysis_interfaces/cmake/export_live_analysis_interfaces__rosidl_generator_cExport.cmake
-- Up-to-date: /home/burcu/ros2_ws/install/live_analysis_interfaces/share/live_analysis_interfaces/cmake/export_live_analysis_interfaces__rosidl_generator_cExport-noconfig.cmake
-- Up-to-date: /home/burcu/ros2_ws/install/live_analysis_interfaces/share/live_analysis_interfaces/cmake/export_live_analysis_interfaces__rosidl_typesupport_fastrtps_cExport.cmake
-- Up-to-date: /home/burcu/ros2_ws/install/live_analysis_interfaces/share/live_analysis_interfaces/cmake/export_live_analysis_interfaces__rosidl_typesupport_fastrtps_cExport-noconfig.cmake
-- Up-to-date: /home/burcu/ros2_ws/install/live_analysis_interfaces/share/live_analysis_interfaces/cmake/live_analysis_interfaces__rosidl_typesupport_introspection_cExport.cmake
-- Up-to-date: /home/burcu/ros2_ws/install/live_analysis_interfaces/share/live_analysis_interfaces/cmake/live_analysis_interfaces__rosidl_typesupport_introspection_cExport-noconfig.cmake
-- Up-to-date: /home/burcu/ros2_ws/install/live_analysis_interfaces/share/live_analysis_interfaces/cmake/live_analysis_interfaces__rosidl_typesupport_cExport.cmake
-- Up-to-date: /home/burcu/ros2_ws/install/live_analysis_interfaces/share/live_analysis_interfaces/cmake/live_analysis_interfaces__rosidl_typesupport_cExport-noconfig.cmake
-- Up-to-date: /home/burcu/ros2_ws/install/live_analysis_interfaces/share/live_analysis_interfaces/cmake/export_live_analysis_interfaces__rosidl_generator_cppExport.cmake
-- Up-to-date: /home/burcu/ros2_ws/install/live_analysis_interfaces/share/live_analysis_interfaces/cmake/export_live_analysis_interfaces__rosidl_typesupport_fastrtps_cppExport.cmake
-- Up-to-date: /home/burcu/ros2_ws/install/live_analysis_interfaces/share/live_analysis_interfaces/cmake/export_live_analysis_interfaces__rosidl_typesupport_fastrtps_cppExport-noconfig.cmake
-- Up-to-date: /home/burcu/ros2_ws/install/live_analysis_interfaces/share/live_analysis_interfaces/cmake/live_analysis_interfaces__rosidl_typesupport_introspection_cppExport.cmake
-- Up-to-date: /home/burcu/ros2_ws/install/live_analysis_interfaces/share/live_analysis_interfaces/cmake/live_analysis_interfaces__rosidl_typesupport_introspection_cppExport-noconfig.cmake
-- Up-to-date: /home/burcu/ros2_ws/install/live_analysis_interfaces/share/live_analysis_interfaces/cmake/live_analysis_interfaces__rosidl_typesupport_cppExport.cmake
-- Up-to-date: /home/burcu/ros2_ws/install/live_analysis_interfaces/share/live_analysis_interfaces/cmake/live_analysis_interfaces__rosidl_typesupport_cppExport-noconfig.cmake
-- Up-to-date: /home/burcu/ros2_ws/install/live_analysis_interfaces/share/live_analysis_interfaces/cmake/export_live_analysis_interfaces__rosidl_generator_pyExport.cmake
-- Up-to-date: /home/burcu/ros2_ws/install/live_analysis_interfaces/share/live_analysis_interfaces/cmake/export_live_analysis_interfaces__rosidl_generator_pyExport-noconfig.cmake
-- Up-to-date: /home/burcu/ros2_ws/install/live_analysis_interfaces/share/live_analysis_interfaces/cmake/rosidl_cmake-extras.cmake
-- Up-to-date: /home/burcu/ros2_ws/install/live_analysis_interfaces/share/live_analysis_interfaces/cmake/ament_cmake_export_dependencies-extras.cmake
-- Up-to-date: /home/burcu/ros2_ws/install/live_analysis_interfaces/share/live_analysis_interfaces/cmake/ament_cmake_export_include_directories-extras.cmake
-- Up-to-date: /home/burcu/ros2_ws/install/live_analysis_interfaces/share/live_analysis_interfaces/cmake/ament_cmake_export_libraries-extras.cmake
-- Up-to-date: /home/burcu/ros2_ws/install/live_analysis_interfaces/share/live_analysis_interfaces/cmake/ament_cmake_export_targets-extras.cmake
-- Up-to-date: /home/burcu/ros2_ws/install/live_analysis_interfaces/share/live_analysis_interfaces/cmake/rosidl_cmake_export_typesupport_targets-extras.cmake
-- Up-to-date: /home/burcu/ros2_ws/install/live_analysis_interfaces/share/live_analysis_interfaces/cmake/rosidl_cmake_export_typesupport_libraries-extras.cmake
-- Up-to-date: /home/burcu/ros2_ws/install/live_analysis_interfaces/share/live_analysis_interfaces/cmake/live_analysis_interfacesConfig.cmake
-- Up-to-date: /home/burcu/ros2_ws/install/live_analysis_interfaces/share/live_analysis_interfaces/cmake/live_analysis_interfacesConfig-version.cmake
-- Up-to-date: /home/burcu/ros2_ws/install/live_analysis_interfaces/share/live_analysis_interfaces/package.xml
