[0.011s] Invoking command in '/home/burcu/ros2_ws/build/live_analysis_interfaces': CMAKE_PREFIX_PATH=${CMAKE_PREFIX_PATH}:/home/burcu/ros2_ws/install/live_analysis_ros2:/opt/ros/jazzy VIRTUAL_ENV_PROMPT=(ros2env) /usr/bin/cmake --build /home/burcu/ros2_ws/build/live_analysis_interfaces -- -j22 -l22
[0.067s] [  2%] Built target live_analysis_interfaces__rosidl_generator_type_description
[0.072s] [  2%] Built target ament_cmake_python_copy_live_analysis_interfaces
[0.082s] [  4%] Built target live_analysis_interfaces__cpp
[0.086s] [ 22%] Built target live_analysis_interfaces__rosidl_generator_c
[0.108s] [ 31%] Built target live_analysis_interfaces__rosidl_typesupport_c
[0.111s] [ 40%] Built target live_analysis_interfaces__rosidl_typesupport_introspection_cpp
[0.112s] [ 50%] Built target live_analysis_interfaces__rosidl_typesupport_fastrtps_c
[0.113s] [ 65%] Built target live_analysis_interfaces__rosidl_typesupport_introspection_c
[0.113s] [ 68%] Built target live_analysis_interfaces__rosidl_typesupport_fastrtps_cpp
[0.116s] [ 77%] Built target live_analysis_interfaces__rosidl_typesupport_cpp
[0.138s] [ 77%] Built target live_analysis_interfaces
[0.160s] [ 79%] Built target live_analysis_interfaces__py
[0.179s] [ 86%] Built target live_analysis_interfaces__rosidl_generator_py
[0.197s] [ 90%] Built target live_analysis_interfaces_s__rosidl_typesupport_c
[0.197s] [ 95%] Built target live_analysis_interfaces_s__rosidl_typesupport_introspection_c
[0.202s] [100%] Built target live_analysis_interfaces_s__rosidl_typesupport_fastrtps_c
[0.252s] running egg_info
[0.264s] writing live_analysis_interfaces.egg-info/PKG-INFO
[0.264s] writing dependency_links to live_analysis_interfaces.egg-info/dependency_links.txt
[0.264s] writing top-level names to live_analysis_interfaces.egg-info/top_level.txt
[0.297s] reading manifest file 'live_analysis_interfaces.egg-info/SOURCES.txt'
[0.297s] writing manifest file 'live_analysis_interfaces.egg-info/SOURCES.txt'
[0.318s] [100%] Built target ament_cmake_python_build_live_analysis_interfaces_egg
[0.328s] Invoked command in '/home/burcu/ros2_ws/build/live_analysis_interfaces' returned '0': CMAKE_PREFIX_PATH=${CMAKE_PREFIX_PATH}:/home/burcu/ros2_ws/install/live_analysis_ros2:/opt/ros/jazzy VIRTUAL_ENV_PROMPT=(ros2env) /usr/bin/cmake --build /home/burcu/ros2_ws/build/live_analysis_interfaces -- -j22 -l22
[0.329s] Invoking command in '/home/burcu/ros2_ws/build/live_analysis_interfaces': CMAKE_PREFIX_PATH=${CMAKE_PREFIX_PATH}:/home/burcu/ros2_ws/install/live_analysis_ros2:/opt/ros/jazzy VIRTUAL_ENV_PROMPT=(ros2env) /usr/bin/cmake --install /home/burcu/ros2_ws/build/live_analysis_interfaces
[0.335s] -- Install configuration: ""
[0.335s] -- Up-to-date: /home/burcu/ros2_ws/install/live_analysis_interfaces/share/ament_index/resource_index/rosidl_interfaces/live_analysis_interfaces
[0.335s] -- Up-to-date: /home/burcu/ros2_ws/install/live_analysis_interfaces/share/live_analysis_interfaces/msg/TestModelMsg.json
[0.335s] -- Up-to-date: /home/burcu/ros2_ws/install/live_analysis_interfaces/share/live_analysis_interfaces/msg/TestResultMsg.json
[0.335s] -- Up-to-date: /home/burcu/ros2_ws/install/live_analysis_interfaces/include/live_analysis_interfaces/live_analysis_interfaces
[0.335s] -- Up-to-date: /home/burcu/ros2_ws/install/live_analysis_interfaces/include/live_analysis_interfaces/live_analysis_interfaces/msg
[0.336s] -- Up-to-date: /home/burcu/ros2_ws/install/live_analysis_interfaces/include/live_analysis_interfaces/live_analysis_interfaces/msg/rosidl_generator_c__visibility_control.h
[0.336s] -- Up-to-date: /home/burcu/ros2_ws/install/live_analysis_interfaces/include/live_analysis_interfaces/live_analysis_interfaces/msg/test_result_msg.h
[0.336s] -- Up-to-date: /home/burcu/ros2_ws/install/live_analysis_interfaces/include/live_analysis_interfaces/live_analysis_interfaces/msg/test_model_msg.h
[0.336s] -- Up-to-date: /home/burcu/ros2_ws/install/live_analysis_interfaces/include/live_analysis_interfaces/live_analysis_interfaces/msg/detail
[0.336s] -- Up-to-date: /home/burcu/ros2_ws/install/live_analysis_interfaces/include/live_analysis_interfaces/live_analysis_interfaces/msg/detail/test_model_msg__description.c
[0.336s] -- Up-to-date: /home/burcu/ros2_ws/install/live_analysis_interfaces/include/live_analysis_interfaces/live_analysis_interfaces/msg/detail/test_model_msg__functions.c
[0.336s] -- Up-to-date: /home/burcu/ros2_ws/install/live_analysis_interfaces/include/live_analysis_interfaces/live_analysis_interfaces/msg/detail/test_result_msg__struct.h
[0.336s] -- Up-to-date: /home/burcu/ros2_ws/install/live_analysis_interfaces/include/live_analysis_interfaces/live_analysis_interfaces/msg/detail/test_result_msg__description.c
[0.336s] -- Up-to-date: /home/burcu/ros2_ws/install/live_analysis_interfaces/include/live_analysis_interfaces/live_analysis_interfaces/msg/detail/test_result_msg__type_support.c
[0.336s] -- Up-to-date: /home/burcu/ros2_ws/install/live_analysis_interfaces/include/live_analysis_interfaces/live_analysis_interfaces/msg/detail/test_result_msg__type_support.h
[0.336s] -- Up-to-date: /home/burcu/ros2_ws/install/live_analysis_interfaces/include/live_analysis_interfaces/live_analysis_interfaces/msg/detail/test_model_msg__type_support.h
[0.337s] -- Up-to-date: /home/burcu/ros2_ws/install/live_analysis_interfaces/include/live_analysis_interfaces/live_analysis_interfaces/msg/detail/test_model_msg__functions.h
[0.337s] -- Up-to-date: /home/burcu/ros2_ws/install/live_analysis_interfaces/include/live_analysis_interfaces/live_analysis_interfaces/msg/detail/test_model_msg__type_support.c
[0.337s] -- Up-to-date: /home/burcu/ros2_ws/install/live_analysis_interfaces/include/live_analysis_interfaces/live_analysis_interfaces/msg/detail/test_result_msg__functions.c
[0.337s] -- Up-to-date: /home/burcu/ros2_ws/install/live_analysis_interfaces/include/live_analysis_interfaces/live_analysis_interfaces/msg/detail/test_result_msg__functions.h
[0.337s] -- Up-to-date: /home/burcu/ros2_ws/install/live_analysis_interfaces/include/live_analysis_interfaces/live_analysis_interfaces/msg/detail/test_model_msg__struct.h
[0.337s] -- Up-to-date: /home/burcu/ros2_ws/install/live_analysis_interfaces/share/live_analysis_interfaces/environment/library_path.sh
[0.337s] -- Up-to-date: /home/burcu/ros2_ws/install/live_analysis_interfaces/share/live_analysis_interfaces/environment/library_path.dsv
[0.337s] -- Up-to-date: /home/burcu/ros2_ws/install/live_analysis_interfaces/lib/liblive_analysis_interfaces__rosidl_generator_c.so
[0.337s] -- Up-to-date: /home/burcu/ros2_ws/install/live_analysis_interfaces/include/live_analysis_interfaces/live_analysis_interfaces
[0.338s] -- Up-to-date: /home/burcu/ros2_ws/install/live_analysis_interfaces/include/live_analysis_interfaces/live_analysis_interfaces/msg
[0.338s] -- Up-to-date: /home/burcu/ros2_ws/install/live_analysis_interfaces/include/live_analysis_interfaces/live_analysis_interfaces/msg/rosidl_typesupport_fastrtps_c__visibility_control.h
[0.338s] -- Up-to-date: /home/burcu/ros2_ws/install/live_analysis_interfaces/include/live_analysis_interfaces/live_analysis_interfaces/msg/detail
[0.338s] -- Up-to-date: /home/burcu/ros2_ws/install/live_analysis_interfaces/include/live_analysis_interfaces/live_analysis_interfaces/msg/detail/test_model_msg__rosidl_typesupport_fastrtps_c.h
[0.338s] -- Up-to-date: /home/burcu/ros2_ws/install/live_analysis_interfaces/include/live_analysis_interfaces/live_analysis_interfaces/msg/detail/test_result_msg__rosidl_typesupport_fastrtps_c.h
[0.338s] -- Up-to-date: /home/burcu/ros2_ws/install/live_analysis_interfaces/lib/liblive_analysis_interfaces__rosidl_typesupport_fastrtps_c.so
[0.338s] -- Up-to-date: /home/burcu/ros2_ws/install/live_analysis_interfaces/include/live_analysis_interfaces/live_analysis_interfaces
[0.338s] -- Up-to-date: /home/burcu/ros2_ws/install/live_analysis_interfaces/include/live_analysis_interfaces/live_analysis_interfaces/msg
[0.338s] -- Up-to-date: /home/burcu/ros2_ws/install/live_analysis_interfaces/include/live_analysis_interfaces/live_analysis_interfaces/msg/rosidl_typesupport_introspection_c__visibility_control.h
[0.338s] -- Up-to-date: /home/burcu/ros2_ws/install/live_analysis_interfaces/include/live_analysis_interfaces/live_analysis_interfaces/msg/detail
[0.339s] -- Up-to-date: /home/burcu/ros2_ws/install/live_analysis_interfaces/include/live_analysis_interfaces/live_analysis_interfaces/msg/detail/test_result_msg__type_support.c
[0.339s] -- Up-to-date: /home/burcu/ros2_ws/install/live_analysis_interfaces/include/live_analysis_interfaces/live_analysis_interfaces/msg/detail/test_result_msg__rosidl_typesupport_introspection_c.h
[0.339s] -- Up-to-date: /home/burcu/ros2_ws/install/live_analysis_interfaces/include/live_analysis_interfaces/live_analysis_interfaces/msg/detail/test_model_msg__type_support.c
[0.339s] -- Up-to-date: /home/burcu/ros2_ws/install/live_analysis_interfaces/include/live_analysis_interfaces/live_analysis_interfaces/msg/detail/test_model_msg__rosidl_typesupport_introspection_c.h
[0.339s] -- Up-to-date: /home/burcu/ros2_ws/install/live_analysis_interfaces/lib/liblive_analysis_interfaces__rosidl_typesupport_introspection_c.so
[0.339s] -- Up-to-date: /home/burcu/ros2_ws/install/live_analysis_interfaces/lib/liblive_analysis_interfaces__rosidl_typesupport_c.so
[0.339s] -- Up-to-date: /home/burcu/ros2_ws/install/live_analysis_interfaces/include/live_analysis_interfaces/live_analysis_interfaces
[0.339s] -- Up-to-date: /home/burcu/ros2_ws/install/live_analysis_interfaces/include/live_analysis_interfaces/live_analysis_interfaces/msg
[0.339s] -- Up-to-date: /home/burcu/ros2_ws/install/live_analysis_interfaces/include/live_analysis_interfaces/live_analysis_interfaces/msg/test_result_msg.hpp
[0.340s] -- Up-to-date: /home/burcu/ros2_ws/install/live_analysis_interfaces/include/live_analysis_interfaces/live_analysis_interfaces/msg/test_model_msg.hpp
[0.340s] -- Up-to-date: /home/burcu/ros2_ws/install/live_analysis_interfaces/include/live_analysis_interfaces/live_analysis_interfaces/msg/rosidl_generator_cpp__visibility_control.hpp
[0.340s] -- Up-to-date: /home/burcu/ros2_ws/install/live_analysis_interfaces/include/live_analysis_interfaces/live_analysis_interfaces/msg/detail
[0.340s] -- Up-to-date: /home/burcu/ros2_ws/install/live_analysis_interfaces/include/live_analysis_interfaces/live_analysis_interfaces/msg/detail/test_model_msg__struct.hpp
[0.340s] -- Up-to-date: /home/burcu/ros2_ws/install/live_analysis_interfaces/include/live_analysis_interfaces/live_analysis_interfaces/msg/detail/test_model_msg__traits.hpp
[0.340s] -- Up-to-date: /home/burcu/ros2_ws/install/live_analysis_interfaces/include/live_analysis_interfaces/live_analysis_interfaces/msg/detail/test_result_msg__struct.hpp
[0.340s] -- Up-to-date: /home/burcu/ros2_ws/install/live_analysis_interfaces/include/live_analysis_interfaces/live_analysis_interfaces/msg/detail/test_model_msg__type_support.hpp
[0.340s] -- Up-to-date: /home/burcu/ros2_ws/install/live_analysis_interfaces/include/live_analysis_interfaces/live_analysis_interfaces/msg/detail/test_model_msg__builder.hpp
[0.340s] -- Up-to-date: /home/burcu/ros2_ws/install/live_analysis_interfaces/include/live_analysis_interfaces/live_analysis_interfaces/msg/detail/test_result_msg__builder.hpp
[0.340s] -- Up-to-date: /home/burcu/ros2_ws/install/live_analysis_interfaces/include/live_analysis_interfaces/live_analysis_interfaces/msg/detail/test_result_msg__traits.hpp
[0.341s] -- Up-to-date: /home/burcu/ros2_ws/install/live_analysis_interfaces/include/live_analysis_interfaces/live_analysis_interfaces/msg/detail/test_result_msg__type_support.hpp
[0.341s] -- Up-to-date: /home/burcu/ros2_ws/install/live_analysis_interfaces/include/live_analysis_interfaces/live_analysis_interfaces
[0.341s] -- Up-to-date: /home/burcu/ros2_ws/install/live_analysis_interfaces/include/live_analysis_interfaces/live_analysis_interfaces/msg
[0.341s] -- Up-to-date: /home/burcu/ros2_ws/install/live_analysis_interfaces/include/live_analysis_interfaces/live_analysis_interfaces/msg/rosidl_typesupport_fastrtps_cpp__visibility_control.h
[0.341s] -- Up-to-date: /home/burcu/ros2_ws/install/live_analysis_interfaces/include/live_analysis_interfaces/live_analysis_interfaces/msg/detail
[0.341s] -- Up-to-date: /home/burcu/ros2_ws/install/live_analysis_interfaces/include/live_analysis_interfaces/live_analysis_interfaces/msg/detail/test_model_msg__rosidl_typesupport_fastrtps_cpp.hpp
[0.341s] -- Up-to-date: /home/burcu/ros2_ws/install/live_analysis_interfaces/include/live_analysis_interfaces/live_analysis_interfaces/msg/detail/dds_fastrtps
[0.341s] -- Up-to-date: /home/burcu/ros2_ws/install/live_analysis_interfaces/include/live_analysis_interfaces/live_analysis_interfaces/msg/detail/test_result_msg__rosidl_typesupport_fastrtps_cpp.hpp
[0.341s] -- Up-to-date: /home/burcu/ros2_ws/install/live_analysis_interfaces/lib/liblive_analysis_interfaces__rosidl_typesupport_fastrtps_cpp.so
[0.341s] -- Up-to-date: /home/burcu/ros2_ws/install/live_analysis_interfaces/include/live_analysis_interfaces/live_analysis_interfaces
[0.342s] -- Up-to-date: /home/burcu/ros2_ws/install/live_analysis_interfaces/include/live_analysis_interfaces/live_analysis_interfaces/msg
[0.342s] -- Up-to-date: /home/burcu/ros2_ws/install/live_analysis_interfaces/include/live_analysis_interfaces/live_analysis_interfaces/msg/detail
[0.342s] -- Up-to-date: /home/burcu/ros2_ws/install/live_analysis_interfaces/include/live_analysis_interfaces/live_analysis_interfaces/msg/detail/test_model_msg__type_support.cpp
[0.342s] -- Up-to-date: /home/burcu/ros2_ws/install/live_analysis_interfaces/include/live_analysis_interfaces/live_analysis_interfaces/msg/detail/test_result_msg__rosidl_typesupport_introspection_cpp.hpp
[0.342s] -- Up-to-date: /home/burcu/ros2_ws/install/live_analysis_interfaces/include/live_analysis_interfaces/live_analysis_interfaces/msg/detail/test_result_msg__type_support.cpp
[0.342s] -- Up-to-date: /home/burcu/ros2_ws/install/live_analysis_interfaces/include/live_analysis_interfaces/live_analysis_interfaces/msg/detail/test_model_msg__rosidl_typesupport_introspection_cpp.hpp
[0.342s] -- Up-to-date: /home/burcu/ros2_ws/install/live_analysis_interfaces/lib/liblive_analysis_interfaces__rosidl_typesupport_introspection_cpp.so
[0.342s] -- Up-to-date: /home/burcu/ros2_ws/install/live_analysis_interfaces/lib/liblive_analysis_interfaces__rosidl_typesupport_cpp.so
[0.342s] -- Up-to-date: /home/burcu/ros2_ws/install/live_analysis_interfaces/share/live_analysis_interfaces/environment/pythonpath.sh
[0.342s] -- Up-to-date: /home/burcu/ros2_ws/install/live_analysis_interfaces/share/live_analysis_interfaces/environment/pythonpath.dsv
[0.342s] -- Up-to-date: /home/burcu/ros2_ws/install/live_analysis_interfaces/lib/python3.12/site-packages/live_analysis_interfaces-0.1.0-py3.12.egg-info
[0.342s] -- Installing: /home/burcu/ros2_ws/install/live_analysis_interfaces/lib/python3.12/site-packages/live_analysis_interfaces-0.1.0-py3.12.egg-info/PKG-INFO
[0.342s] -- Installing: /home/burcu/ros2_ws/install/live_analysis_interfaces/lib/python3.12/site-packages/live_analysis_interfaces-0.1.0-py3.12.egg-info/SOURCES.txt
[0.342s] -- Installing: /home/burcu/ros2_ws/install/live_analysis_interfaces/lib/python3.12/site-packages/live_analysis_interfaces-0.1.0-py3.12.egg-info/dependency_links.txt
[0.342s] -- Installing: /home/burcu/ros2_ws/install/live_analysis_interfaces/lib/python3.12/site-packages/live_analysis_interfaces-0.1.0-py3.12.egg-info/top_level.txt
[0.342s] -- Up-to-date: /home/burcu/ros2_ws/install/live_analysis_interfaces/lib/python3.12/site-packages/live_analysis_interfaces
[0.342s] -- Up-to-date: /home/burcu/ros2_ws/install/live_analysis_interfaces/lib/python3.12/site-packages/live_analysis_interfaces/__init__.py
[0.342s] -- Up-to-date: /home/burcu/ros2_ws/install/live_analysis_interfaces/lib/python3.12/site-packages/live_analysis_interfaces/msg
[0.342s] -- Up-to-date: /home/burcu/ros2_ws/install/live_analysis_interfaces/lib/python3.12/site-packages/live_analysis_interfaces/msg/__init__.py
[0.343s] -- Up-to-date: /home/burcu/ros2_ws/install/live_analysis_interfaces/lib/python3.12/site-packages/live_analysis_interfaces/msg/_test_result_msg.py
[0.343s] -- Up-to-date: /home/burcu/ros2_ws/install/live_analysis_interfaces/lib/python3.12/site-packages/live_analysis_interfaces/msg/_test_result_msg_s.c
[0.343s] -- Up-to-date: /home/burcu/ros2_ws/install/live_analysis_interfaces/lib/python3.12/site-packages/live_analysis_interfaces/msg/_test_model_msg.py
[0.343s] -- Up-to-date: /home/burcu/ros2_ws/install/live_analysis_interfaces/lib/python3.12/site-packages/live_analysis_interfaces/msg/_test_model_msg_s.c
[0.343s] -- Up-to-date: /home/burcu/ros2_ws/install/live_analysis_interfaces/lib/python3.12/site-packages/live_analysis_interfaces/_live_analysis_interfaces_s.ep.rosidl_typesupport_c.c
[0.343s] -- Up-to-date: /home/burcu/ros2_ws/install/live_analysis_interfaces/lib/python3.12/site-packages/live_analysis_interfaces/_live_analysis_interfaces_s.ep.rosidl_typesupport_introspection_c.c
[0.343s] -- Up-to-date: /home/burcu/ros2_ws/install/live_analysis_interfaces/lib/python3.12/site-packages/live_analysis_interfaces/_live_analysis_interfaces_s.ep.rosidl_typesupport_fastrtps_c.c
[0.343s] -- Up-to-date: /home/burcu/ros2_ws/install/live_analysis_interfaces/lib/python3.12/site-packages/live_analysis_interfaces/live_analysis_interfaces_s__rosidl_typesupport_introspection_c.so
[0.343s] -- Up-to-date: /home/burcu/ros2_ws/install/live_analysis_interfaces/lib/python3.12/site-packages/live_analysis_interfaces/live_analysis_interfaces_s__rosidl_typesupport_fastrtps_c.so
[0.343s] -- Up-to-date: /home/burcu/ros2_ws/install/live_analysis_interfaces/lib/python3.12/site-packages/live_analysis_interfaces/live_analysis_interfaces_s__rosidl_typesupport_c.so
[0.375s] Listing '/home/burcu/ros2_ws/install/live_analysis_interfaces/lib/python3.12/site-packages/live_analysis_interfaces'...
[0.375s] Listing '/home/burcu/ros2_ws/install/live_analysis_interfaces/lib/python3.12/site-packages/live_analysis_interfaces/msg'...
[0.378s] -- Up-to-date: /home/burcu/ros2_ws/install/live_analysis_interfaces/lib/python3.12/site-packages/live_analysis_interfaces/live_analysis_interfaces_s__rosidl_typesupport_fastrtps_c.so
[0.379s] -- Up-to-date: /home/burcu/ros2_ws/install/live_analysis_interfaces/lib/python3.12/site-packages/live_analysis_interfaces/live_analysis_interfaces_s__rosidl_typesupport_introspection_c.so
[0.379s] -- Up-to-date: /home/burcu/ros2_ws/install/live_analysis_interfaces/lib/python3.12/site-packages/live_analysis_interfaces/live_analysis_interfaces_s__rosidl_typesupport_c.so
[0.379s] -- Up-to-date: /home/burcu/ros2_ws/install/live_analysis_interfaces/lib/liblive_analysis_interfaces__rosidl_generator_py.so
[0.379s] -- Up-to-date: /home/burcu/ros2_ws/install/live_analysis_interfaces/share/live_analysis_interfaces/msg/TestModelMsg.idl
[0.379s] -- Up-to-date: /home/burcu/ros2_ws/install/live_analysis_interfaces/share/live_analysis_interfaces/msg/TestResultMsg.idl
[0.379s] -- Up-to-date: /home/burcu/ros2_ws/install/live_analysis_interfaces/share/live_analysis_interfaces/msg/TestModelMsg.msg
[0.380s] -- Up-to-date: /home/burcu/ros2_ws/install/live_analysis_interfaces/share/live_analysis_interfaces/msg/TestResultMsg.msg
[0.380s] -- Up-to-date: /home/burcu/ros2_ws/install/live_analysis_interfaces/share/ament_index/resource_index/package_run_dependencies/live_analysis_interfaces
[0.380s] -- Up-to-date: /home/burcu/ros2_ws/install/live_analysis_interfaces/share/ament_index/resource_index/parent_prefix_path/live_analysis_interfaces
[0.380s] -- Up-to-date: /home/burcu/ros2_ws/install/live_analysis_interfaces/share/live_analysis_interfaces/environment/ament_prefix_path.sh
[0.380s] -- Up-to-date: /home/burcu/ros2_ws/install/live_analysis_interfaces/share/live_analysis_interfaces/environment/ament_prefix_path.dsv
[0.380s] -- Up-to-date: /home/burcu/ros2_ws/install/live_analysis_interfaces/share/live_analysis_interfaces/environment/path.sh
[0.380s] -- Up-to-date: /home/burcu/ros2_ws/install/live_analysis_interfaces/share/live_analysis_interfaces/environment/path.dsv
[0.380s] -- Up-to-date: /home/burcu/ros2_ws/install/live_analysis_interfaces/share/live_analysis_interfaces/local_setup.bash
[0.380s] -- Up-to-date: /home/burcu/ros2_ws/install/live_analysis_interfaces/share/live_analysis_interfaces/local_setup.sh
[0.380s] -- Up-to-date: /home/burcu/ros2_ws/install/live_analysis_interfaces/share/live_analysis_interfaces/local_setup.zsh
[0.380s] -- Up-to-date: /home/burcu/ros2_ws/install/live_analysis_interfaces/share/live_analysis_interfaces/local_setup.dsv
[0.380s] -- Installing: /home/burcu/ros2_ws/install/live_analysis_interfaces/share/live_analysis_interfaces/package.dsv
[0.380s] -- Up-to-date: /home/burcu/ros2_ws/install/live_analysis_interfaces/share/ament_index/resource_index/packages/live_analysis_interfaces
[0.380s] -- Up-to-date: /home/burcu/ros2_ws/install/live_analysis_interfaces/share/live_analysis_interfaces/cmake/export_live_analysis_interfaces__rosidl_generator_cExport.cmake
[0.380s] -- Up-to-date: /home/burcu/ros2_ws/install/live_analysis_interfaces/share/live_analysis_interfaces/cmake/export_live_analysis_interfaces__rosidl_generator_cExport-noconfig.cmake
[0.381s] -- Up-to-date: /home/burcu/ros2_ws/install/live_analysis_interfaces/share/live_analysis_interfaces/cmake/export_live_analysis_interfaces__rosidl_typesupport_fastrtps_cExport.cmake
[0.381s] -- Up-to-date: /home/burcu/ros2_ws/install/live_analysis_interfaces/share/live_analysis_interfaces/cmake/export_live_analysis_interfaces__rosidl_typesupport_fastrtps_cExport-noconfig.cmake
[0.381s] -- Up-to-date: /home/burcu/ros2_ws/install/live_analysis_interfaces/share/live_analysis_interfaces/cmake/live_analysis_interfaces__rosidl_typesupport_introspection_cExport.cmake
[0.381s] -- Up-to-date: /home/burcu/ros2_ws/install/live_analysis_interfaces/share/live_analysis_interfaces/cmake/live_analysis_interfaces__rosidl_typesupport_introspection_cExport-noconfig.cmake
[0.381s] -- Up-to-date: /home/burcu/ros2_ws/install/live_analysis_interfaces/share/live_analysis_interfaces/cmake/live_analysis_interfaces__rosidl_typesupport_cExport.cmake
[0.381s] -- Up-to-date: /home/burcu/ros2_ws/install/live_analysis_interfaces/share/live_analysis_interfaces/cmake/live_analysis_interfaces__rosidl_typesupport_cExport-noconfig.cmake
[0.381s] -- Up-to-date: /home/burcu/ros2_ws/install/live_analysis_interfaces/share/live_analysis_interfaces/cmake/export_live_analysis_interfaces__rosidl_generator_cppExport.cmake
[0.381s] -- Up-to-date: /home/burcu/ros2_ws/install/live_analysis_interfaces/share/live_analysis_interfaces/cmake/export_live_analysis_interfaces__rosidl_typesupport_fastrtps_cppExport.cmake
[0.381s] -- Up-to-date: /home/burcu/ros2_ws/install/live_analysis_interfaces/share/live_analysis_interfaces/cmake/export_live_analysis_interfaces__rosidl_typesupport_fastrtps_cppExport-noconfig.cmake
[0.381s] -- Up-to-date: /home/burcu/ros2_ws/install/live_analysis_interfaces/share/live_analysis_interfaces/cmake/live_analysis_interfaces__rosidl_typesupport_introspection_cppExport.cmake
[0.381s] -- Up-to-date: /home/burcu/ros2_ws/install/live_analysis_interfaces/share/live_analysis_interfaces/cmake/live_analysis_interfaces__rosidl_typesupport_introspection_cppExport-noconfig.cmake
[0.381s] -- Up-to-date: /home/burcu/ros2_ws/install/live_analysis_interfaces/share/live_analysis_interfaces/cmake/live_analysis_interfaces__rosidl_typesupport_cppExport.cmake
[0.381s] -- Up-to-date: /home/burcu/ros2_ws/install/live_analysis_interfaces/share/live_analysis_interfaces/cmake/live_analysis_interfaces__rosidl_typesupport_cppExport-noconfig.cmake
[0.381s] -- Up-to-date: /home/burcu/ros2_ws/install/live_analysis_interfaces/share/live_analysis_interfaces/cmake/export_live_analysis_interfaces__rosidl_generator_pyExport.cmake
[0.381s] -- Up-to-date: /home/burcu/ros2_ws/install/live_analysis_interfaces/share/live_analysis_interfaces/cmake/export_live_analysis_interfaces__rosidl_generator_pyExport-noconfig.cmake
[0.381s] -- Up-to-date: /home/burcu/ros2_ws/install/live_analysis_interfaces/share/live_analysis_interfaces/cmake/rosidl_cmake-extras.cmake
[0.381s] -- Up-to-date: /home/burcu/ros2_ws/install/live_analysis_interfaces/share/live_analysis_interfaces/cmake/ament_cmake_export_dependencies-extras.cmake
[0.381s] -- Up-to-date: /home/burcu/ros2_ws/install/live_analysis_interfaces/share/live_analysis_interfaces/cmake/ament_cmake_export_include_directories-extras.cmake
[0.381s] -- Up-to-date: /home/burcu/ros2_ws/install/live_analysis_interfaces/share/live_analysis_interfaces/cmake/ament_cmake_export_libraries-extras.cmake
[0.381s] -- Up-to-date: /home/burcu/ros2_ws/install/live_analysis_interfaces/share/live_analysis_interfaces/cmake/ament_cmake_export_targets-extras.cmake
[0.382s] -- Up-to-date: /home/burcu/ros2_ws/install/live_analysis_interfaces/share/live_analysis_interfaces/cmake/rosidl_cmake_export_typesupport_targets-extras.cmake
[0.382s] -- Up-to-date: /home/burcu/ros2_ws/install/live_analysis_interfaces/share/live_analysis_interfaces/cmake/rosidl_cmake_export_typesupport_libraries-extras.cmake
[0.382s] -- Up-to-date: /home/burcu/ros2_ws/install/live_analysis_interfaces/share/live_analysis_interfaces/cmake/live_analysis_interfacesConfig.cmake
[0.382s] -- Up-to-date: /home/burcu/ros2_ws/install/live_analysis_interfaces/share/live_analysis_interfaces/cmake/live_analysis_interfacesConfig-version.cmake
[0.382s] -- Up-to-date: /home/burcu/ros2_ws/install/live_analysis_interfaces/share/live_analysis_interfaces/package.xml
[0.383s] Invoked command in '/home/burcu/ros2_ws/build/live_analysis_interfaces' returned '0': CMAKE_PREFIX_PATH=${CMAKE_PREFIX_PATH}:/home/burcu/ros2_ws/install/live_analysis_ros2:/opt/ros/jazzy VIRTUAL_ENV_PROMPT=(ros2env) /usr/bin/cmake --install /home/burcu/ros2_ws/build/live_analysis_interfaces
