[0.130s] DEBUG:colcon:Command line arguments: ['/usr/bin/colcon', 'build']
[0.130s] DEBUG:colcon:Parsed command line arguments: Namespace(log_base=None, log_level=None, verb_name='build', build_base='build', install_base='install', merge_install=False, symlink_install=False, test_result_base=None, continue_on_error=False, executor='parallel', parallel_workers=22, event_handlers=None, ignore_user_meta=False, metas=['./colcon.meta'], base_paths=['.'], packages_ignore=None, packages_ignore_regex=None, paths=None, packages_up_to=None, packages_up_to_regex=None, packages_above=None, packages_above_and_dependencies=None, packages_above_depth=None, packages_select_by_dep=None, packages_skip_by_dep=None, packages_skip_up_to=None, packages_select_build_failed=False, packages_skip_build_finished=False, packages_select_test_failures=False, packages_skip_test_passed=False, packages_select=None, packages_skip=None, packages_select_regex=None, packages_skip_regex=None, packages_start=None, packages_end=None, allow_overriding=[], cmake_args=None, cmake_target=None, cmake_target_skip_unavailable=False, cmake_clean_cache=False, cmake_clean_first=False, cmake_force_configure=False, ament_cmake_args=None, catkin_cmake_args=None, catkin_skip_building_tests=False, verb_parser=<colcon_defaults.argument_parser.defaults.DefaultArgumentsDecorator object at 0x7fe25fc67470>, verb_extension=<colcon_core.verb.build.BuildVerb object at 0x7fe25fc67140>, main=<bound method BuildVerb.main of <colcon_core.verb.build.BuildVerb object at 0x7fe25fc67140>>)
[0.167s] Level 1:colcon.colcon_core.package_discovery:discover_packages(colcon_meta) check parameters
[0.167s] Level 1:colcon.colcon_core.package_discovery:discover_packages(recursive) check parameters
[0.167s] Level 1:colcon.colcon_core.package_discovery:discover_packages(ignore) check parameters
[0.167s] Level 1:colcon.colcon_core.package_discovery:discover_packages(path) check parameters
[0.167s] Level 1:colcon.colcon_core.package_discovery:discover_packages(colcon_meta) discover
[0.168s] Level 1:colcon.colcon_core.package_discovery:discover_packages(recursive) discover
[0.168s] INFO:colcon.colcon_core.package_discovery:Crawling recursively for packages in '/home/burcu/ros2_ws'
[0.168s] Level 1:colcon.colcon_core.package_identification:_identify(.) by extensions ['ignore', 'ignore_ament_install']
[0.168s] Level 1:colcon.colcon_core.package_identification:_identify(.) by extension 'ignore'
[0.168s] Level 1:colcon.colcon_core.package_identification:_identify(.) by extension 'ignore_ament_install'
[0.168s] Level 1:colcon.colcon_core.package_identification:_identify(.) by extensions ['colcon_pkg']
[0.168s] Level 1:colcon.colcon_core.package_identification:_identify(.) by extension 'colcon_pkg'
[0.168s] Level 1:colcon.colcon_core.package_identification:_identify(.) by extensions ['colcon_meta']
[0.168s] Level 1:colcon.colcon_core.package_identification:_identify(.) by extension 'colcon_meta'
[0.168s] Level 1:colcon.colcon_core.package_identification:_identify(.) by extensions ['ros']
[0.168s] Level 1:colcon.colcon_core.package_identification:_identify(.) by extension 'ros'
[0.185s] Level 1:colcon.colcon_core.package_identification:_identify(.) by extensions ['cmake', 'python']
[0.185s] Level 1:colcon.colcon_core.package_identification:_identify(.) by extension 'cmake'
[0.185s] Level 1:colcon.colcon_core.package_identification:_identify(.) by extension 'python'
[0.185s] Level 1:colcon.colcon_core.package_identification:_identify(.) by extensions ['python_setup_py']
[0.185s] Level 1:colcon.colcon_core.package_identification:_identify(.) by extension 'python_setup_py'
[0.186s] Level 1:colcon.colcon_core.package_identification:_identify(build) by extensions ['ignore', 'ignore_ament_install']
[0.186s] Level 1:colcon.colcon_core.package_identification:_identify(build) by extension 'ignore'
[0.186s] Level 1:colcon.colcon_core.package_identification:_identify(build) ignored
[0.186s] Level 1:colcon.colcon_core.package_identification:_identify(install) by extensions ['ignore', 'ignore_ament_install']
[0.186s] Level 1:colcon.colcon_core.package_identification:_identify(install) by extension 'ignore'
[0.186s] Level 1:colcon.colcon_core.package_identification:_identify(install) ignored
[0.186s] Level 1:colcon.colcon_core.package_identification:_identify(log) by extensions ['ignore', 'ignore_ament_install']
[0.186s] Level 1:colcon.colcon_core.package_identification:_identify(log) by extension 'ignore'
[0.186s] Level 1:colcon.colcon_core.package_identification:_identify(log) ignored
[0.186s] Level 1:colcon.colcon_core.package_identification:_identify(src) by extensions ['ignore', 'ignore_ament_install']
[0.186s] Level 1:colcon.colcon_core.package_identification:_identify(src) by extension 'ignore'
[0.186s] Level 1:colcon.colcon_core.package_identification:_identify(src) by extension 'ignore_ament_install'
[0.186s] Level 1:colcon.colcon_core.package_identification:_identify(src) by extensions ['colcon_pkg']
[0.186s] Level 1:colcon.colcon_core.package_identification:_identify(src) by extension 'colcon_pkg'
[0.186s] Level 1:colcon.colcon_core.package_identification:_identify(src) by extensions ['colcon_meta']
[0.186s] Level 1:colcon.colcon_core.package_identification:_identify(src) by extension 'colcon_meta'
[0.186s] Level 1:colcon.colcon_core.package_identification:_identify(src) by extensions ['ros']
[0.186s] Level 1:colcon.colcon_core.package_identification:_identify(src) by extension 'ros'
[0.186s] Level 1:colcon.colcon_core.package_identification:_identify(src) by extensions ['cmake', 'python']
[0.186s] Level 1:colcon.colcon_core.package_identification:_identify(src) by extension 'cmake'
[0.186s] Level 1:colcon.colcon_core.package_identification:_identify(src) by extension 'python'
[0.186s] Level 1:colcon.colcon_core.package_identification:_identify(src) by extensions ['python_setup_py']
[0.186s] Level 1:colcon.colcon_core.package_identification:_identify(src) by extension 'python_setup_py'
[0.187s] Level 1:colcon.colcon_core.package_identification:_identify(src/build) by extensions ['ignore', 'ignore_ament_install']
[0.187s] Level 1:colcon.colcon_core.package_identification:_identify(src/build) by extension 'ignore'
[0.187s] Level 1:colcon.colcon_core.package_identification:_identify(src/build) ignored
[0.187s] Level 1:colcon.colcon_core.package_identification:_identify(src/install) by extensions ['ignore', 'ignore_ament_install']
[0.187s] Level 1:colcon.colcon_core.package_identification:_identify(src/install) by extension 'ignore'
[0.187s] Level 1:colcon.colcon_core.package_identification:_identify(src/install) ignored
[0.187s] Level 1:colcon.colcon_core.package_identification:_identify(src/live_analysis_ros2) by extensions ['ignore', 'ignore_ament_install']
[0.187s] Level 1:colcon.colcon_core.package_identification:_identify(src/live_analysis_ros2) by extension 'ignore'
[0.187s] Level 1:colcon.colcon_core.package_identification:_identify(src/live_analysis_ros2) by extension 'ignore_ament_install'
[0.187s] Level 1:colcon.colcon_core.package_identification:_identify(src/live_analysis_ros2) by extensions ['colcon_pkg']
[0.187s] Level 1:colcon.colcon_core.package_identification:_identify(src/live_analysis_ros2) by extension 'colcon_pkg'
[0.187s] Level 1:colcon.colcon_core.package_identification:_identify(src/live_analysis_ros2) by extensions ['colcon_meta']
[0.187s] Level 1:colcon.colcon_core.package_identification:_identify(src/live_analysis_ros2) by extension 'colcon_meta'
[0.187s] Level 1:colcon.colcon_core.package_identification:_identify(src/live_analysis_ros2) by extensions ['ros']
[0.187s] Level 1:colcon.colcon_core.package_identification:_identify(src/live_analysis_ros2) by extension 'ros'
[0.189s] DEBUG:colcon.colcon_core.package_identification:Package 'src/live_analysis_ros2' with type 'ros.ament_python' and name 'live_analysis_ros2'
[0.189s] Level 1:colcon.colcon_core.package_identification:_identify(src/liver_analysis_interfaces) by extensions ['ignore', 'ignore_ament_install']
[0.189s] Level 1:colcon.colcon_core.package_identification:_identify(src/liver_analysis_interfaces) by extension 'ignore'
[0.189s] Level 1:colcon.colcon_core.package_identification:_identify(src/liver_analysis_interfaces) by extension 'ignore_ament_install'
[0.189s] Level 1:colcon.colcon_core.package_identification:_identify(src/liver_analysis_interfaces) by extensions ['colcon_pkg']
[0.189s] Level 1:colcon.colcon_core.package_identification:_identify(src/liver_analysis_interfaces) by extension 'colcon_pkg'
[0.189s] Level 1:colcon.colcon_core.package_identification:_identify(src/liver_analysis_interfaces) by extensions ['colcon_meta']
[0.189s] Level 1:colcon.colcon_core.package_identification:_identify(src/liver_analysis_interfaces) by extension 'colcon_meta'
[0.189s] Level 1:colcon.colcon_core.package_identification:_identify(src/liver_analysis_interfaces) by extensions ['ros']
[0.189s] Level 1:colcon.colcon_core.package_identification:_identify(src/liver_analysis_interfaces) by extension 'ros'
[0.190s] DEBUG:colcon.colcon_core.package_identification:Package 'src/liver_analysis_interfaces' with type 'ros.ament_cmake' and name 'live_analysis_interfaces'
[0.190s] Level 1:colcon.colcon_core.package_identification:_identify(src/log) by extensions ['ignore', 'ignore_ament_install']
[0.190s] Level 1:colcon.colcon_core.package_identification:_identify(src/log) by extension 'ignore'
[0.190s] Level 1:colcon.colcon_core.package_identification:_identify(src/log) ignored
[0.190s] Level 1:colcon.colcon_core.package_identification:_identify(src/my_cpp_server_tools) by extensions ['ignore', 'ignore_ament_install']
[0.190s] Level 1:colcon.colcon_core.package_identification:_identify(src/my_cpp_server_tools) by extension 'ignore'
[0.190s] Level 1:colcon.colcon_core.package_identification:_identify(src/my_cpp_server_tools) by extension 'ignore_ament_install'
[0.190s] Level 1:colcon.colcon_core.package_identification:_identify(src/my_cpp_server_tools) by extensions ['colcon_pkg']
[0.190s] Level 1:colcon.colcon_core.package_identification:_identify(src/my_cpp_server_tools) by extension 'colcon_pkg'
[0.190s] Level 1:colcon.colcon_core.package_identification:_identify(src/my_cpp_server_tools) by extensions ['colcon_meta']
[0.190s] Level 1:colcon.colcon_core.package_identification:_identify(src/my_cpp_server_tools) by extension 'colcon_meta'
[0.190s] Level 1:colcon.colcon_core.package_identification:_identify(src/my_cpp_server_tools) by extensions ['ros']
[0.190s] Level 1:colcon.colcon_core.package_identification:_identify(src/my_cpp_server_tools) by extension 'ros'
[0.191s] DEBUG:colcon.colcon_core.package_identification:Package 'src/my_cpp_server_tools' with type 'ros.ament_cmake' and name 'my_cpp_server_tools'
[0.191s] Level 1:colcon.colcon_core.package_discovery:discover_packages(recursive) using defaults
[0.191s] Level 1:colcon.colcon_core.package_discovery:discover_packages(ignore) discover
[0.191s] Level 1:colcon.colcon_core.package_discovery:discover_packages(ignore) using defaults
[0.191s] Level 1:colcon.colcon_core.package_discovery:discover_packages(path) discover
[0.191s] Level 1:colcon.colcon_core.package_discovery:discover_packages(path) using defaults
[0.203s] Level 1:colcon.colcon_core.package_discovery:discover_packages(prefix_path) check parameters
[0.203s] Level 1:colcon.colcon_core.package_discovery:discover_packages(prefix_path) discover
[0.204s] DEBUG:colcon.colcon_installed_package_information.package_discovery:Found 3 installed packages in /home/burcu/ros2_ws/install
[0.205s] DEBUG:colcon.colcon_installed_package_information.package_discovery:Found 285 installed packages in /opt/ros/jazzy
[0.206s] Level 1:colcon.colcon_core.package_discovery:discover_packages(prefix_path) using defaults
[0.231s] Level 5:colcon.colcon_core.verb:set package 'live_analysis_interfaces' build argument 'cmake_args' from command line to 'None'
[0.231s] Level 5:colcon.colcon_core.verb:set package 'live_analysis_interfaces' build argument 'cmake_target' from command line to 'None'
[0.231s] Level 5:colcon.colcon_core.verb:set package 'live_analysis_interfaces' build argument 'cmake_target_skip_unavailable' from command line to 'False'
[0.231s] Level 5:colcon.colcon_core.verb:set package 'live_analysis_interfaces' build argument 'cmake_clean_cache' from command line to 'False'
[0.231s] Level 5:colcon.colcon_core.verb:set package 'live_analysis_interfaces' build argument 'cmake_clean_first' from command line to 'False'
[0.231s] Level 5:colcon.colcon_core.verb:set package 'live_analysis_interfaces' build argument 'cmake_force_configure' from command line to 'False'
[0.231s] Level 5:colcon.colcon_core.verb:set package 'live_analysis_interfaces' build argument 'ament_cmake_args' from command line to 'None'
[0.231s] Level 5:colcon.colcon_core.verb:set package 'live_analysis_interfaces' build argument 'catkin_cmake_args' from command line to 'None'
[0.231s] Level 5:colcon.colcon_core.verb:set package 'live_analysis_interfaces' build argument 'catkin_skip_building_tests' from command line to 'False'
[0.231s] DEBUG:colcon.colcon_core.verb:Building package 'live_analysis_interfaces' with the following arguments: {'ament_cmake_args': None, 'build_base': '/home/burcu/ros2_ws/build/live_analysis_interfaces', 'catkin_cmake_args': None, 'catkin_skip_building_tests': False, 'cmake_args': None, 'cmake_clean_cache': False, 'cmake_clean_first': False, 'cmake_force_configure': False, 'cmake_target': None, 'cmake_target_skip_unavailable': False, 'install_base': '/home/burcu/ros2_ws/install/live_analysis_interfaces', 'merge_install': False, 'path': '/home/burcu/ros2_ws/src/liver_analysis_interfaces', 'symlink_install': False, 'test_result_base': None}
[0.231s] Level 5:colcon.colcon_core.verb:set package 'my_cpp_server_tools' build argument 'cmake_args' from command line to 'None'
[0.231s] Level 5:colcon.colcon_core.verb:set package 'my_cpp_server_tools' build argument 'cmake_target' from command line to 'None'
[0.231s] Level 5:colcon.colcon_core.verb:set package 'my_cpp_server_tools' build argument 'cmake_target_skip_unavailable' from command line to 'False'
[0.231s] Level 5:colcon.colcon_core.verb:set package 'my_cpp_server_tools' build argument 'cmake_clean_cache' from command line to 'False'
[0.231s] Level 5:colcon.colcon_core.verb:set package 'my_cpp_server_tools' build argument 'cmake_clean_first' from command line to 'False'
[0.231s] Level 5:colcon.colcon_core.verb:set package 'my_cpp_server_tools' build argument 'cmake_force_configure' from command line to 'False'
[0.231s] Level 5:colcon.colcon_core.verb:set package 'my_cpp_server_tools' build argument 'ament_cmake_args' from command line to 'None'
[0.231s] Level 5:colcon.colcon_core.verb:set package 'my_cpp_server_tools' build argument 'catkin_cmake_args' from command line to 'None'
[0.231s] Level 5:colcon.colcon_core.verb:set package 'my_cpp_server_tools' build argument 'catkin_skip_building_tests' from command line to 'False'
[0.231s] DEBUG:colcon.colcon_core.verb:Building package 'my_cpp_server_tools' with the following arguments: {'ament_cmake_args': None, 'build_base': '/home/burcu/ros2_ws/build/my_cpp_server_tools', 'catkin_cmake_args': None, 'catkin_skip_building_tests': False, 'cmake_args': None, 'cmake_clean_cache': False, 'cmake_clean_first': False, 'cmake_force_configure': False, 'cmake_target': None, 'cmake_target_skip_unavailable': False, 'install_base': '/home/burcu/ros2_ws/install/my_cpp_server_tools', 'merge_install': False, 'path': '/home/burcu/ros2_ws/src/my_cpp_server_tools', 'symlink_install': False, 'test_result_base': None}
[0.231s] Level 5:colcon.colcon_core.verb:set package 'live_analysis_ros2' build argument 'cmake_args' from command line to 'None'
[0.232s] Level 5:colcon.colcon_core.verb:set package 'live_analysis_ros2' build argument 'cmake_target' from command line to 'None'
[0.232s] Level 5:colcon.colcon_core.verb:set package 'live_analysis_ros2' build argument 'cmake_target_skip_unavailable' from command line to 'False'
[0.232s] Level 5:colcon.colcon_core.verb:set package 'live_analysis_ros2' build argument 'cmake_clean_cache' from command line to 'False'
[0.232s] Level 5:colcon.colcon_core.verb:set package 'live_analysis_ros2' build argument 'cmake_clean_first' from command line to 'False'
[0.232s] Level 5:colcon.colcon_core.verb:set package 'live_analysis_ros2' build argument 'cmake_force_configure' from command line to 'False'
[0.232s] Level 5:colcon.colcon_core.verb:set package 'live_analysis_ros2' build argument 'ament_cmake_args' from command line to 'None'
[0.232s] Level 5:colcon.colcon_core.verb:set package 'live_analysis_ros2' build argument 'catkin_cmake_args' from command line to 'None'
[0.232s] Level 5:colcon.colcon_core.verb:set package 'live_analysis_ros2' build argument 'catkin_skip_building_tests' from command line to 'False'
[0.232s] DEBUG:colcon.colcon_core.verb:Building package 'live_analysis_ros2' with the following arguments: {'ament_cmake_args': None, 'build_base': '/home/burcu/ros2_ws/build/live_analysis_ros2', 'catkin_cmake_args': None, 'catkin_skip_building_tests': False, 'cmake_args': None, 'cmake_clean_cache': False, 'cmake_clean_first': False, 'cmake_force_configure': False, 'cmake_target': None, 'cmake_target_skip_unavailable': False, 'install_base': '/home/burcu/ros2_ws/install/live_analysis_ros2', 'merge_install': False, 'path': '/home/burcu/ros2_ws/src/live_analysis_ros2', 'symlink_install': False, 'test_result_base': None}
[0.232s] INFO:colcon.colcon_core.executor:Executing jobs using 'parallel' executor
[0.233s] DEBUG:colcon.colcon_parallel_executor.executor.parallel:run_until_complete
[0.233s] INFO:colcon.colcon_ros.task.ament_cmake.build:Building ROS package in '/home/burcu/ros2_ws/src/liver_analysis_interfaces' with build type 'ament_cmake'
[0.233s] INFO:colcon.colcon_cmake.task.cmake.build:Building CMake package in '/home/burcu/ros2_ws/src/liver_analysis_interfaces'
[0.235s] INFO:colcon.colcon_core.plugin_system:Skipping extension 'colcon_core.shell.bat': Not used on non-Windows systems
[0.235s] INFO:colcon.colcon_core.shell:Skip shell extension 'powershell' for command environment: Not usable outside of PowerShell
[0.236s] DEBUG:colcon.colcon_core.shell:Skip shell extension 'dsv' for command environment
[0.238s] INFO:colcon.colcon_ros.task.ament_cmake.build:Building ROS package in '/home/burcu/ros2_ws/src/my_cpp_server_tools' with build type 'ament_cmake'
[0.238s] INFO:colcon.colcon_cmake.task.cmake.build:Building CMake package in '/home/burcu/ros2_ws/src/my_cpp_server_tools'
[0.238s] INFO:colcon.colcon_core.shell:Skip shell extension 'powershell' for command environment: Not usable outside of PowerShell
[0.238s] DEBUG:colcon.colcon_core.shell:Skip shell extension 'dsv' for command environment
[0.244s] DEBUG:colcon.colcon_core.event_handler.log_command:Invoking command in '/home/burcu/ros2_ws/build/live_analysis_interfaces': CMAKE_PREFIX_PATH=${CMAKE_PREFIX_PATH}:/home/burcu/ros2_ws/install/live_analysis_ros2:/opt/ros/jazzy VIRTUAL_ENV_PROMPT=(ros2env) /usr/bin/cmake --build /home/burcu/ros2_ws/build/live_analysis_interfaces -- -j22 -l22
[0.248s] DEBUG:colcon.colcon_core.event_handler.log_command:Invoking command in '/home/burcu/ros2_ws/build/my_cpp_server_tools': CMAKE_PREFIX_PATH=${CMAKE_PREFIX_PATH}:/home/burcu/ros2_ws/install/live_analysis_ros2:/opt/ros/jazzy VIRTUAL_ENV_PROMPT=(ros2env) /usr/bin/cmake --build /home/burcu/ros2_ws/build/my_cpp_server_tools -- -j22 -l22
[0.304s] DEBUG:colcon.colcon_core.event_handler.log_command:Invoked command in '/home/burcu/ros2_ws/build/my_cpp_server_tools' returned '0': CMAKE_PREFIX_PATH=${CMAKE_PREFIX_PATH}:/home/burcu/ros2_ws/install/live_analysis_ros2:/opt/ros/jazzy VIRTUAL_ENV_PROMPT=(ros2env) /usr/bin/cmake --build /home/burcu/ros2_ws/build/my_cpp_server_tools -- -j22 -l22
[0.311s] DEBUG:colcon.colcon_core.event_handler.log_command:Invoking command in '/home/burcu/ros2_ws/build/my_cpp_server_tools': CMAKE_PREFIX_PATH=${CMAKE_PREFIX_PATH}:/home/burcu/ros2_ws/install/live_analysis_ros2:/opt/ros/jazzy VIRTUAL_ENV_PROMPT=(ros2env) /usr/bin/cmake --install /home/burcu/ros2_ws/build/my_cpp_server_tools
[0.320s] Level 1:colcon.colcon_core.environment:create_environment_scripts_only(my_cpp_server_tools)
[0.320s] DEBUG:colcon.colcon_core.event_handler.log_command:Invoked command in '/home/burcu/ros2_ws/build/my_cpp_server_tools' returned '0': CMAKE_PREFIX_PATH=${CMAKE_PREFIX_PATH}:/home/burcu/ros2_ws/install/live_analysis_ros2:/opt/ros/jazzy VIRTUAL_ENV_PROMPT=(ros2env) /usr/bin/cmake --install /home/burcu/ros2_ws/build/my_cpp_server_tools
[0.322s] Level 1:colcon.colcon_core.environment:checking '/home/burcu/ros2_ws/install/my_cpp_server_tools' for CMake module files
[0.322s] Level 1:colcon.colcon_core.environment:checking '/home/burcu/ros2_ws/install/my_cpp_server_tools' for CMake config files
[0.322s] Level 1:colcon.colcon_core.shell:create_environment_hook('my_cpp_server_tools', 'cmake_prefix_path')
[0.322s] INFO:colcon.colcon_core.shell:Creating environment hook '/home/burcu/ros2_ws/install/my_cpp_server_tools/share/my_cpp_server_tools/hook/cmake_prefix_path.ps1'
[0.323s] INFO:colcon.colcon_core.shell:Creating environment descriptor '/home/burcu/ros2_ws/install/my_cpp_server_tools/share/my_cpp_server_tools/hook/cmake_prefix_path.dsv'
[0.323s] INFO:colcon.colcon_core.shell:Creating environment hook '/home/burcu/ros2_ws/install/my_cpp_server_tools/share/my_cpp_server_tools/hook/cmake_prefix_path.sh'
[0.324s] Level 1:colcon.colcon_core.environment:checking '/home/burcu/ros2_ws/install/my_cpp_server_tools/lib'
[0.324s] Level 1:colcon.colcon_core.environment:checking '/home/burcu/ros2_ws/install/my_cpp_server_tools/bin'
[0.324s] Level 1:colcon.colcon_core.environment:checking '/home/burcu/ros2_ws/install/my_cpp_server_tools/lib/pkgconfig/my_cpp_server_tools.pc'
[0.324s] Level 1:colcon.colcon_core.environment:checking '/home/burcu/ros2_ws/install/my_cpp_server_tools/lib/python3.12/site-packages'
[0.324s] Level 1:colcon.colcon_core.environment:checking '/home/burcu/ros2_ws/install/my_cpp_server_tools/bin'
[0.324s] INFO:colcon.colcon_core.shell:Creating package script '/home/burcu/ros2_ws/install/my_cpp_server_tools/share/my_cpp_server_tools/package.ps1'
[0.325s] INFO:colcon.colcon_core.shell:Creating package descriptor '/home/burcu/ros2_ws/install/my_cpp_server_tools/share/my_cpp_server_tools/package.dsv'
[0.325s] INFO:colcon.colcon_core.shell:Creating package script '/home/burcu/ros2_ws/install/my_cpp_server_tools/share/my_cpp_server_tools/package.sh'
[0.325s] INFO:colcon.colcon_core.shell:Creating package script '/home/burcu/ros2_ws/install/my_cpp_server_tools/share/my_cpp_server_tools/package.bash'
[0.326s] INFO:colcon.colcon_core.shell:Creating package script '/home/burcu/ros2_ws/install/my_cpp_server_tools/share/my_cpp_server_tools/package.zsh'
[0.326s] Level 1:colcon.colcon_core.environment:create_file_with_runtime_dependencies(/home/burcu/ros2_ws/install/my_cpp_server_tools/share/colcon-core/packages/my_cpp_server_tools)
[0.327s] Level 1:colcon.colcon_core.environment:create_environment_scripts_only(my_cpp_server_tools)
[0.327s] Level 1:colcon.colcon_core.environment:checking '/home/burcu/ros2_ws/install/my_cpp_server_tools' for CMake module files
[0.327s] Level 1:colcon.colcon_core.environment:checking '/home/burcu/ros2_ws/install/my_cpp_server_tools' for CMake config files
[0.327s] Level 1:colcon.colcon_core.shell:create_environment_hook('my_cpp_server_tools', 'cmake_prefix_path')
[0.327s] INFO:colcon.colcon_core.shell:Creating environment hook '/home/burcu/ros2_ws/install/my_cpp_server_tools/share/my_cpp_server_tools/hook/cmake_prefix_path.ps1'
[0.328s] INFO:colcon.colcon_core.shell:Creating environment descriptor '/home/burcu/ros2_ws/install/my_cpp_server_tools/share/my_cpp_server_tools/hook/cmake_prefix_path.dsv'
[0.328s] INFO:colcon.colcon_core.shell:Creating environment hook '/home/burcu/ros2_ws/install/my_cpp_server_tools/share/my_cpp_server_tools/hook/cmake_prefix_path.sh'
[0.328s] Level 1:colcon.colcon_core.environment:checking '/home/burcu/ros2_ws/install/my_cpp_server_tools/lib'
[0.328s] Level 1:colcon.colcon_core.environment:checking '/home/burcu/ros2_ws/install/my_cpp_server_tools/bin'
[0.329s] Level 1:colcon.colcon_core.environment:checking '/home/burcu/ros2_ws/install/my_cpp_server_tools/lib/pkgconfig/my_cpp_server_tools.pc'
[0.329s] Level 1:colcon.colcon_core.environment:checking '/home/burcu/ros2_ws/install/my_cpp_server_tools/lib/python3.12/site-packages'
[0.329s] Level 1:colcon.colcon_core.environment:checking '/home/burcu/ros2_ws/install/my_cpp_server_tools/bin'
[0.329s] INFO:colcon.colcon_core.shell:Creating package script '/home/burcu/ros2_ws/install/my_cpp_server_tools/share/my_cpp_server_tools/package.ps1'
[0.329s] INFO:colcon.colcon_core.shell:Creating package descriptor '/home/burcu/ros2_ws/install/my_cpp_server_tools/share/my_cpp_server_tools/package.dsv'
[0.330s] INFO:colcon.colcon_core.shell:Creating package script '/home/burcu/ros2_ws/install/my_cpp_server_tools/share/my_cpp_server_tools/package.sh'
[0.330s] INFO:colcon.colcon_core.shell:Creating package script '/home/burcu/ros2_ws/install/my_cpp_server_tools/share/my_cpp_server_tools/package.bash'
[0.330s] INFO:colcon.colcon_core.shell:Creating package script '/home/burcu/ros2_ws/install/my_cpp_server_tools/share/my_cpp_server_tools/package.zsh'
[0.331s] Level 1:colcon.colcon_core.environment:create_file_with_runtime_dependencies(/home/burcu/ros2_ws/install/my_cpp_server_tools/share/colcon-core/packages/my_cpp_server_tools)
[7.369s] DEBUG:colcon.colcon_core.event_handler.log_command:Invoked command in '/home/burcu/ros2_ws/build/live_analysis_interfaces' returned '0': CMAKE_PREFIX_PATH=${CMAKE_PREFIX_PATH}:/home/burcu/ros2_ws/install/live_analysis_ros2:/opt/ros/jazzy VIRTUAL_ENV_PROMPT=(ros2env) /usr/bin/cmake --build /home/burcu/ros2_ws/build/live_analysis_interfaces -- -j22 -l22
[7.372s] DEBUG:colcon.colcon_core.event_handler.log_command:Invoking command in '/home/burcu/ros2_ws/build/live_analysis_interfaces': CMAKE_PREFIX_PATH=${CMAKE_PREFIX_PATH}:/home/burcu/ros2_ws/install/live_analysis_ros2:/opt/ros/jazzy VIRTUAL_ENV_PROMPT=(ros2env) /usr/bin/cmake --install /home/burcu/ros2_ws/build/live_analysis_interfaces
[7.503s] Level 1:colcon.colcon_core.environment:create_environment_scripts_only(live_analysis_interfaces)
[7.504s] Level 1:colcon.colcon_core.environment:checking '/home/burcu/ros2_ws/install/live_analysis_interfaces' for CMake module files
[7.505s] DEBUG:colcon.colcon_core.event_handler.log_command:Invoked command in '/home/burcu/ros2_ws/build/live_analysis_interfaces' returned '0': CMAKE_PREFIX_PATH=${CMAKE_PREFIX_PATH}:/home/burcu/ros2_ws/install/live_analysis_ros2:/opt/ros/jazzy VIRTUAL_ENV_PROMPT=(ros2env) /usr/bin/cmake --install /home/burcu/ros2_ws/build/live_analysis_interfaces
[7.505s] Level 1:colcon.colcon_core.environment:checking '/home/burcu/ros2_ws/install/live_analysis_interfaces' for CMake config files
[7.506s] Level 1:colcon.colcon_core.shell:create_environment_hook('live_analysis_interfaces', 'cmake_prefix_path')
[7.506s] INFO:colcon.colcon_core.shell:Creating environment hook '/home/burcu/ros2_ws/install/live_analysis_interfaces/share/live_analysis_interfaces/hook/cmake_prefix_path.ps1'
[7.507s] INFO:colcon.colcon_core.shell:Creating environment descriptor '/home/burcu/ros2_ws/install/live_analysis_interfaces/share/live_analysis_interfaces/hook/cmake_prefix_path.dsv'
[7.507s] INFO:colcon.colcon_core.shell:Creating environment hook '/home/burcu/ros2_ws/install/live_analysis_interfaces/share/live_analysis_interfaces/hook/cmake_prefix_path.sh'
[7.508s] Level 1:colcon.colcon_core.environment:checking '/home/burcu/ros2_ws/install/live_analysis_interfaces/lib'
[7.508s] Level 1:colcon.colcon_core.shell:create_environment_hook('live_analysis_interfaces', 'ld_library_path_lib')
[7.508s] INFO:colcon.colcon_core.shell:Creating environment hook '/home/burcu/ros2_ws/install/live_analysis_interfaces/share/live_analysis_interfaces/hook/ld_library_path_lib.ps1'
[7.509s] INFO:colcon.colcon_core.shell:Creating environment descriptor '/home/burcu/ros2_ws/install/live_analysis_interfaces/share/live_analysis_interfaces/hook/ld_library_path_lib.dsv'
[7.509s] INFO:colcon.colcon_core.shell:Creating environment hook '/home/burcu/ros2_ws/install/live_analysis_interfaces/share/live_analysis_interfaces/hook/ld_library_path_lib.sh'
[7.510s] Level 1:colcon.colcon_core.environment:checking '/home/burcu/ros2_ws/install/live_analysis_interfaces/bin'
[7.510s] Level 1:colcon.colcon_core.environment:checking '/home/burcu/ros2_ws/install/live_analysis_interfaces/lib/pkgconfig/live_analysis_interfaces.pc'
[7.510s] Level 1:colcon.colcon_core.environment:checking '/home/burcu/ros2_ws/install/live_analysis_interfaces/lib/python3.12/site-packages'
[7.511s] Level 1:colcon.colcon_core.shell:create_environment_hook('live_analysis_interfaces', 'pythonpath')
[7.511s] INFO:colcon.colcon_core.shell:Creating environment hook '/home/burcu/ros2_ws/install/live_analysis_interfaces/share/live_analysis_interfaces/hook/pythonpath.ps1'
[7.511s] INFO:colcon.colcon_core.shell:Creating environment descriptor '/home/burcu/ros2_ws/install/live_analysis_interfaces/share/live_analysis_interfaces/hook/pythonpath.dsv'
[7.512s] INFO:colcon.colcon_core.shell:Creating environment hook '/home/burcu/ros2_ws/install/live_analysis_interfaces/share/live_analysis_interfaces/hook/pythonpath.sh'
[7.513s] Level 1:colcon.colcon_core.environment:checking '/home/burcu/ros2_ws/install/live_analysis_interfaces/bin'
[7.513s] INFO:colcon.colcon_core.shell:Creating package script '/home/burcu/ros2_ws/install/live_analysis_interfaces/share/live_analysis_interfaces/package.ps1'
[7.514s] INFO:colcon.colcon_core.shell:Creating package descriptor '/home/burcu/ros2_ws/install/live_analysis_interfaces/share/live_analysis_interfaces/package.dsv'
[7.514s] INFO:colcon.colcon_core.shell:Creating package script '/home/burcu/ros2_ws/install/live_analysis_interfaces/share/live_analysis_interfaces/package.sh'
[7.515s] INFO:colcon.colcon_core.shell:Creating package script '/home/burcu/ros2_ws/install/live_analysis_interfaces/share/live_analysis_interfaces/package.bash'
[7.515s] INFO:colcon.colcon_core.shell:Creating package script '/home/burcu/ros2_ws/install/live_analysis_interfaces/share/live_analysis_interfaces/package.zsh'
[7.516s] Level 1:colcon.colcon_core.environment:create_file_with_runtime_dependencies(/home/burcu/ros2_ws/install/live_analysis_interfaces/share/colcon-core/packages/live_analysis_interfaces)
[7.517s] Level 1:colcon.colcon_core.environment:create_environment_scripts_only(live_analysis_interfaces)
[7.517s] Level 1:colcon.colcon_core.environment:checking '/home/burcu/ros2_ws/install/live_analysis_interfaces' for CMake module files
[7.518s] Level 1:colcon.colcon_core.environment:checking '/home/burcu/ros2_ws/install/live_analysis_interfaces' for CMake config files
[7.518s] Level 1:colcon.colcon_core.shell:create_environment_hook('live_analysis_interfaces', 'cmake_prefix_path')
[7.518s] INFO:colcon.colcon_core.shell:Creating environment hook '/home/burcu/ros2_ws/install/live_analysis_interfaces/share/live_analysis_interfaces/hook/cmake_prefix_path.ps1'
[7.519s] INFO:colcon.colcon_core.shell:Creating environment descriptor '/home/burcu/ros2_ws/install/live_analysis_interfaces/share/live_analysis_interfaces/hook/cmake_prefix_path.dsv'
[7.519s] INFO:colcon.colcon_core.shell:Creating environment hook '/home/burcu/ros2_ws/install/live_analysis_interfaces/share/live_analysis_interfaces/hook/cmake_prefix_path.sh'
[7.520s] Level 1:colcon.colcon_core.environment:checking '/home/burcu/ros2_ws/install/live_analysis_interfaces/lib'
[7.520s] Level 1:colcon.colcon_core.shell:create_environment_hook('live_analysis_interfaces', 'ld_library_path_lib')
[7.520s] INFO:colcon.colcon_core.shell:Creating environment hook '/home/burcu/ros2_ws/install/live_analysis_interfaces/share/live_analysis_interfaces/hook/ld_library_path_lib.ps1'
[7.521s] INFO:colcon.colcon_core.shell:Creating environment descriptor '/home/burcu/ros2_ws/install/live_analysis_interfaces/share/live_analysis_interfaces/hook/ld_library_path_lib.dsv'
[7.521s] INFO:colcon.colcon_core.shell:Creating environment hook '/home/burcu/ros2_ws/install/live_analysis_interfaces/share/live_analysis_interfaces/hook/ld_library_path_lib.sh'
[7.522s] Level 1:colcon.colcon_core.environment:checking '/home/burcu/ros2_ws/install/live_analysis_interfaces/bin'
[7.522s] Level 1:colcon.colcon_core.environment:checking '/home/burcu/ros2_ws/install/live_analysis_interfaces/lib/pkgconfig/live_analysis_interfaces.pc'
[7.522s] Level 1:colcon.colcon_core.environment:checking '/home/burcu/ros2_ws/install/live_analysis_interfaces/lib/python3.12/site-packages'
[7.522s] Level 1:colcon.colcon_core.shell:create_environment_hook('live_analysis_interfaces', 'pythonpath')
[7.523s] INFO:colcon.colcon_core.shell:Creating environment hook '/home/burcu/ros2_ws/install/live_analysis_interfaces/share/live_analysis_interfaces/hook/pythonpath.ps1'
[7.523s] INFO:colcon.colcon_core.shell:Creating environment descriptor '/home/burcu/ros2_ws/install/live_analysis_interfaces/share/live_analysis_interfaces/hook/pythonpath.dsv'
[7.524s] INFO:colcon.colcon_core.shell:Creating environment hook '/home/burcu/ros2_ws/install/live_analysis_interfaces/share/live_analysis_interfaces/hook/pythonpath.sh'
[7.524s] Level 1:colcon.colcon_core.environment:checking '/home/burcu/ros2_ws/install/live_analysis_interfaces/bin'
[7.525s] INFO:colcon.colcon_core.shell:Creating package script '/home/burcu/ros2_ws/install/live_analysis_interfaces/share/live_analysis_interfaces/package.ps1'
[7.525s] INFO:colcon.colcon_core.shell:Creating package descriptor '/home/burcu/ros2_ws/install/live_analysis_interfaces/share/live_analysis_interfaces/package.dsv'
[7.526s] INFO:colcon.colcon_core.shell:Creating package script '/home/burcu/ros2_ws/install/live_analysis_interfaces/share/live_analysis_interfaces/package.sh'
[7.527s] INFO:colcon.colcon_core.shell:Creating package script '/home/burcu/ros2_ws/install/live_analysis_interfaces/share/live_analysis_interfaces/package.bash'
[7.528s] INFO:colcon.colcon_core.shell:Creating package script '/home/burcu/ros2_ws/install/live_analysis_interfaces/share/live_analysis_interfaces/package.zsh'
[7.528s] Level 1:colcon.colcon_core.environment:create_file_with_runtime_dependencies(/home/burcu/ros2_ws/install/live_analysis_interfaces/share/colcon-core/packages/live_analysis_interfaces)
[7.529s] INFO:colcon.colcon_ros.task.ament_python.build:Building ROS package in '/home/burcu/ros2_ws/src/live_analysis_ros2' with build type 'ament_python'
[7.529s] Level 1:colcon.colcon_core.shell:create_environment_hook('live_analysis_ros2', 'ament_prefix_path')
[7.530s] INFO:colcon.colcon_core.shell:Creating environment hook '/home/burcu/ros2_ws/install/live_analysis_ros2/share/live_analysis_ros2/hook/ament_prefix_path.ps1'
[7.531s] INFO:colcon.colcon_core.shell:Creating environment descriptor '/home/burcu/ros2_ws/install/live_analysis_ros2/share/live_analysis_ros2/hook/ament_prefix_path.dsv'
[7.532s] INFO:colcon.colcon_core.shell:Creating environment hook '/home/burcu/ros2_ws/install/live_analysis_ros2/share/live_analysis_ros2/hook/ament_prefix_path.sh'
[7.532s] INFO:colcon.colcon_core.shell:Skip shell extension 'powershell' for command environment: Not usable outside of PowerShell
[7.532s] DEBUG:colcon.colcon_core.shell:Skip shell extension 'dsv' for command environment
[7.964s] WARNING:colcon.colcon_ros.task.ament_python.build:Package 'live_analysis_ros2' doesn't explicitly install a marker in the package index (colcon-ros currently does it implicitly but that fallback will be removed in the future)
[7.964s] INFO:colcon.colcon_core.task.python.build:Building Python package in '/home/burcu/ros2_ws/src/live_analysis_ros2'
[7.964s] INFO:colcon.colcon_core.shell:Skip shell extension 'powershell' for command environment: Not usable outside of PowerShell
[7.964s] DEBUG:colcon.colcon_core.shell:Skip shell extension 'dsv' for command environment
[8.709s] DEBUG:colcon.colcon_core.event_handler.log_command:Invoking command in '/home/burcu/ros2_ws/src/live_analysis_ros2': CMAKE_PREFIX_PATH=/home/burcu/ros2_ws/install/live_analysis_interfaces:/home/burcu/ros2_ws/install/my_cpp_server_tools:/opt/ros/jazzy/opt/gz_math_vendor:/opt/ros/jazzy/opt/gz_utils_vendor:/opt/ros/jazzy/opt/gz_cmake_vendor PYTHONPATH=/home/burcu/ros2_ws/build/live_analysis_ros2/prefix_override:/usr/lib/python3/dist-packages/colcon_core/task/python/colcon_distutils_commands:/home/burcu/ros2_ws/install/live_analysis_ros2/lib/python3.12/site-packages:/home/burcu/ros2_ws/install/live_analysis_interfaces/lib/python3.12/site-packages:/home/burcu/ros2_ws/install/live_analysis_ros2/lib/python3.12/site-packages:/opt/ros/jazzy/lib/python3.12/site-packages VIRTUAL_ENV_PROMPT=(ros2env) /usr/bin/python3 -W ignore:setup.py install is deprecated -W ignore:easy_install command is deprecated setup.py egg_info --egg-base ../../build/live_analysis_ros2 build --build-base /home/burcu/ros2_ws/build/live_analysis_ros2/build install --record /home/burcu/ros2_ws/build/live_analysis_ros2/install.log --single-version-externally-managed install_data
[9.249s] Level 1:colcon.colcon_core.environment:checking '/home/burcu/ros2_ws/install/live_analysis_ros2' for CMake module files
[9.250s] DEBUG:colcon.colcon_core.event_handler.log_command:Invoked command in '/home/burcu/ros2_ws/src/live_analysis_ros2' returned '0': CMAKE_PREFIX_PATH=/home/burcu/ros2_ws/install/live_analysis_interfaces:/home/burcu/ros2_ws/install/my_cpp_server_tools:/opt/ros/jazzy/opt/gz_math_vendor:/opt/ros/jazzy/opt/gz_utils_vendor:/opt/ros/jazzy/opt/gz_cmake_vendor PYTHONPATH=/home/burcu/ros2_ws/build/live_analysis_ros2/prefix_override:/usr/lib/python3/dist-packages/colcon_core/task/python/colcon_distutils_commands:/home/burcu/ros2_ws/install/live_analysis_ros2/lib/python3.12/site-packages:/home/burcu/ros2_ws/install/live_analysis_interfaces/lib/python3.12/site-packages:/home/burcu/ros2_ws/install/live_analysis_ros2/lib/python3.12/site-packages:/opt/ros/jazzy/lib/python3.12/site-packages VIRTUAL_ENV_PROMPT=(ros2env) /usr/bin/python3 -W ignore:setup.py install is deprecated -W ignore:easy_install command is deprecated setup.py egg_info --egg-base ../../build/live_analysis_ros2 build --build-base /home/burcu/ros2_ws/build/live_analysis_ros2/build install --record /home/burcu/ros2_ws/build/live_analysis_ros2/install.log --single-version-externally-managed install_data
[9.250s] Level 1:colcon.colcon_core.environment:checking '/home/burcu/ros2_ws/install/live_analysis_ros2' for CMake config files
[9.251s] Level 1:colcon.colcon_core.environment:checking '/home/burcu/ros2_ws/install/live_analysis_ros2/lib'
[9.251s] Level 1:colcon.colcon_core.environment:checking '/home/burcu/ros2_ws/install/live_analysis_ros2/bin'
[9.251s] Level 1:colcon.colcon_core.environment:checking '/home/burcu/ros2_ws/install/live_analysis_ros2/lib/pkgconfig/live_analysis_ros2.pc'
[9.251s] Level 1:colcon.colcon_core.environment:checking '/home/burcu/ros2_ws/install/live_analysis_ros2/lib/python3.12/site-packages'
[9.252s] Level 1:colcon.colcon_core.shell:create_environment_hook('live_analysis_ros2', 'pythonpath')
[9.252s] INFO:colcon.colcon_core.shell:Creating environment hook '/home/burcu/ros2_ws/install/live_analysis_ros2/share/live_analysis_ros2/hook/pythonpath.ps1'
[9.252s] INFO:colcon.colcon_core.shell:Creating environment descriptor '/home/burcu/ros2_ws/install/live_analysis_ros2/share/live_analysis_ros2/hook/pythonpath.dsv'
[9.253s] INFO:colcon.colcon_core.shell:Creating environment hook '/home/burcu/ros2_ws/install/live_analysis_ros2/share/live_analysis_ros2/hook/pythonpath.sh'
[9.253s] Level 1:colcon.colcon_core.environment:checking '/home/burcu/ros2_ws/install/live_analysis_ros2/bin'
[9.253s] Level 1:colcon.colcon_core.environment:create_environment_scripts_only(live_analysis_ros2)
[9.254s] INFO:colcon.colcon_core.shell:Creating package script '/home/burcu/ros2_ws/install/live_analysis_ros2/share/live_analysis_ros2/package.ps1'
[9.254s] INFO:colcon.colcon_core.shell:Creating package descriptor '/home/burcu/ros2_ws/install/live_analysis_ros2/share/live_analysis_ros2/package.dsv'
[9.255s] INFO:colcon.colcon_core.shell:Creating package script '/home/burcu/ros2_ws/install/live_analysis_ros2/share/live_analysis_ros2/package.sh'
[9.255s] INFO:colcon.colcon_core.shell:Creating package script '/home/burcu/ros2_ws/install/live_analysis_ros2/share/live_analysis_ros2/package.bash'
[9.255s] INFO:colcon.colcon_core.shell:Creating package script '/home/burcu/ros2_ws/install/live_analysis_ros2/share/live_analysis_ros2/package.zsh'
[9.256s] Level 1:colcon.colcon_core.environment:create_file_with_runtime_dependencies(/home/burcu/ros2_ws/install/live_analysis_ros2/share/colcon-core/packages/live_analysis_ros2)
[9.256s] DEBUG:colcon.colcon_parallel_executor.executor.parallel:closing loop
[9.257s] DEBUG:colcon.colcon_parallel_executor.executor.parallel:loop closed
[9.257s] DEBUG:colcon.colcon_parallel_executor.executor.parallel:run_until_complete finished with '0'
[9.257s] DEBUG:colcon.colcon_core.event_reactor:joining thread
[9.300s] INFO:colcon.colcon_core.plugin_system:Skipping extension 'colcon_notification.desktop_notification.notify_send': Could not find 'notify-send'
[9.300s] INFO:colcon.colcon_core.plugin_system:Skipping extension 'colcon_notification.desktop_notification.terminal_notifier': Not used on non-Darwin systems
[9.300s] INFO:colcon.colcon_core.plugin_system:Skipping extension 'colcon_notification.desktop_notification.win32': Not used on non-Windows systems
[9.300s] INFO:colcon.colcon_notification.desktop_notification:Sending desktop notification using 'notify2'
[9.301s] DEBUG:colcon.colcon_notification.desktop_notification.notify2:Failed to initialize notify2: org.freedesktop.DBus.Error.ServiceUnknown: The name org.freedesktop.Notifications was not provided by any .service files
[9.301s] DEBUG:colcon.colcon_core.event_reactor:joined thread
[9.302s] INFO:colcon.colcon_core.shell:Creating prefix script '/home/burcu/ros2_ws/install/local_setup.ps1'
[9.303s] INFO:colcon.colcon_core.shell:Creating prefix util module '/home/burcu/ros2_ws/install/_local_setup_util_ps1.py'
[9.304s] INFO:colcon.colcon_core.shell:Creating prefix chain script '/home/burcu/ros2_ws/install/setup.ps1'
[9.305s] INFO:colcon.colcon_core.shell:Creating prefix script '/home/burcu/ros2_ws/install/local_setup.sh'
[9.306s] INFO:colcon.colcon_core.shell:Creating prefix util module '/home/burcu/ros2_ws/install/_local_setup_util_sh.py'
[9.306s] INFO:colcon.colcon_core.shell:Creating prefix chain script '/home/burcu/ros2_ws/install/setup.sh'
[9.307s] INFO:colcon.colcon_core.shell:Creating prefix script '/home/burcu/ros2_ws/install/local_setup.bash'
[9.308s] INFO:colcon.colcon_core.shell:Creating prefix chain script '/home/burcu/ros2_ws/install/setup.bash'
[9.309s] INFO:colcon.colcon_core.shell:Creating prefix script '/home/burcu/ros2_ws/install/local_setup.zsh'
[9.310s] INFO:colcon.colcon_core.shell:Creating prefix chain script '/home/burcu/ros2_ws/install/setup.zsh'
